[2021-11-18 21:09:29,894] {processor.py:163} INFO - Started process (PID=313) to work on /home/airflow/.local/lib/python3.7/site-packages/airflow/example_dags/example_branch_labels.py
[2021-11-18 21:09:29,895] {processor.py:625} INFO - Processing file /home/airflow/.local/lib/python3.7/site-packages/airflow/example_dags/example_branch_labels.py for tasks to queue
[2021-11-18 21:09:29,896] {logging_mixin.py:109} INFO - [2021-11-18 21:09:29,896] {dagbag.py:500} INFO - Filling up the DagBag from /home/airflow/.local/lib/python3.7/site-packages/airflow/example_dags/example_branch_labels.py
[2021-11-18 21:09:29,944] {processor.py:637} INFO - DAG(s) dict_keys(['example_branch_labels']) retrieved from /home/airflow/.local/lib/python3.7/site-packages/airflow/example_dags/example_branch_labels.py
[2021-11-18 21:09:31,882] {logging_mixin.py:109} INFO - [2021-11-18 21:09:31,882] {providers_manager.py:156} WARNING - Exception when importing 'airflow.providers.google.leveldb.hooks.leveldb.LevelDBHook' from 'apache-airflow-providers-google' package: No module named 'plyvel'
[2021-11-18 21:09:32,401] {logging_mixin.py:109} INFO - [2021-11-18 21:09:32,401] {providers_manager.py:156} WARNING - Exception when importing 'airflow.providers.google.leveldb.hooks.leveldb.LevelDBHook' from 'apache-airflow-providers-google' package: No module named 'plyvel'
[2021-11-18 21:09:32,426] {logging_mixin.py:109} INFO - [2021-11-18 21:09:32,426] {manager.py:496} INFO - Created Permission View: can edit on DAG:example_branch_labels
[2021-11-18 21:09:32,435] {logging_mixin.py:109} INFO - [2021-11-18 21:09:32,435] {manager.py:496} INFO - Created Permission View: can read on DAG:example_branch_labels
[2021-11-18 21:09:32,436] {logging_mixin.py:109} INFO - [2021-11-18 21:09:32,435] {dag.py:2396} INFO - Sync 1 DAGs
[2021-11-18 21:09:32,447] {logging_mixin.py:109} INFO - [2021-11-18 21:09:32,446] {dag.py:2415} INFO - Creating ORM DAG for example_branch_labels
[2021-11-18 21:09:32,464] {logging_mixin.py:109} INFO - [2021-11-18 21:09:32,464] {dag.py:2928} INFO - Setting next_dagrun for example_branch_labels to 2021-11-17 00:00:00+00:00
[2021-11-18 21:09:32,499] {processor.py:171} INFO - Processing /home/airflow/.local/lib/python3.7/site-packages/airflow/example_dags/example_branch_labels.py took 2.609 seconds
[2021-11-18 21:10:03,215] {processor.py:163} INFO - Started process (PID=386) to work on /home/airflow/.local/lib/python3.7/site-packages/airflow/example_dags/example_branch_labels.py
[2021-11-18 21:10:03,267] {processor.py:625} INFO - Processing file /home/airflow/.local/lib/python3.7/site-packages/airflow/example_dags/example_branch_labels.py for tasks to queue
[2021-11-18 21:10:03,268] {logging_mixin.py:109} INFO - [2021-11-18 21:10:03,268] {dagbag.py:500} INFO - Filling up the DagBag from /home/airflow/.local/lib/python3.7/site-packages/airflow/example_dags/example_branch_labels.py
[2021-11-18 21:10:03,319] {processor.py:637} INFO - DAG(s) dict_keys(['example_branch_labels']) retrieved from /home/airflow/.local/lib/python3.7/site-packages/airflow/example_dags/example_branch_labels.py
[2021-11-18 21:10:03,335] {logging_mixin.py:109} INFO - [2021-11-18 21:10:03,335] {dag.py:2396} INFO - Sync 1 DAGs
[2021-11-18 21:10:03,366] {logging_mixin.py:109} INFO - [2021-11-18 21:10:03,366] {dag.py:2928} INFO - Setting next_dagrun for example_branch_labels to 2021-11-17 00:00:00+00:00
[2021-11-18 21:10:03,380] {processor.py:171} INFO - Processing /home/airflow/.local/lib/python3.7/site-packages/airflow/example_dags/example_branch_labels.py took 0.170 seconds
[2021-11-18 23:10:35,845] {processor.py:163} INFO - Started process (PID=66) to work on /home/airflow/.local/lib/python3.7/site-packages/airflow/example_dags/example_branch_labels.py
[2021-11-18 23:10:35,846] {processor.py:625} INFO - Processing file /home/airflow/.local/lib/python3.7/site-packages/airflow/example_dags/example_branch_labels.py for tasks to queue
[2021-11-18 23:10:35,847] {logging_mixin.py:109} INFO - [2021-11-18 23:10:35,847] {dagbag.py:500} INFO - Filling up the DagBag from /home/airflow/.local/lib/python3.7/site-packages/airflow/example_dags/example_branch_labels.py
[2021-11-18 23:10:35,876] {processor.py:637} INFO - DAG(s) dict_keys(['example_branch_labels']) retrieved from /home/airflow/.local/lib/python3.7/site-packages/airflow/example_dags/example_branch_labels.py
[2021-11-18 23:10:35,889] {logging_mixin.py:109} INFO - [2021-11-18 23:10:35,889] {dag.py:2396} INFO - Sync 1 DAGs
[2021-11-18 23:10:35,920] {logging_mixin.py:109} INFO - [2021-11-18 23:10:35,920] {dag.py:2928} INFO - Setting next_dagrun for example_branch_labels to 2021-11-17 00:00:00+00:00
[2021-11-18 23:10:35,957] {processor.py:171} INFO - Processing /home/airflow/.local/lib/python3.7/site-packages/airflow/example_dags/example_branch_labels.py took 0.115 seconds
[2021-11-18 23:11:08,303] {processor.py:163} INFO - Started process (PID=124) to work on /home/airflow/.local/lib/python3.7/site-packages/airflow/example_dags/example_branch_labels.py
[2021-11-18 23:11:08,313] {processor.py:625} INFO - Processing file /home/airflow/.local/lib/python3.7/site-packages/airflow/example_dags/example_branch_labels.py for tasks to queue
[2021-11-18 23:11:08,314] {logging_mixin.py:109} INFO - [2021-11-18 23:11:08,314] {dagbag.py:500} INFO - Filling up the DagBag from /home/airflow/.local/lib/python3.7/site-packages/airflow/example_dags/example_branch_labels.py
[2021-11-18 23:11:08,365] {processor.py:637} INFO - DAG(s) dict_keys(['example_branch_labels']) retrieved from /home/airflow/.local/lib/python3.7/site-packages/airflow/example_dags/example_branch_labels.py
[2021-11-18 23:11:08,380] {logging_mixin.py:109} INFO - [2021-11-18 23:11:08,379] {dag.py:2396} INFO - Sync 1 DAGs
[2021-11-18 23:11:08,405] {logging_mixin.py:109} INFO - [2021-11-18 23:11:08,405] {dag.py:2928} INFO - Setting next_dagrun for example_branch_labels to 2021-11-17 00:00:00+00:00
[2021-11-18 23:11:08,420] {processor.py:171} INFO - Processing /home/airflow/.local/lib/python3.7/site-packages/airflow/example_dags/example_branch_labels.py took 0.121 seconds
[2021-11-18 23:11:39,303] {processor.py:163} INFO - Started process (PID=175) to work on /home/airflow/.local/lib/python3.7/site-packages/airflow/example_dags/example_branch_labels.py
[2021-11-18 23:11:39,304] {processor.py:625} INFO - Processing file /home/airflow/.local/lib/python3.7/site-packages/airflow/example_dags/example_branch_labels.py for tasks to queue
[2021-11-18 23:11:39,305] {logging_mixin.py:109} INFO - [2021-11-18 23:11:39,305] {dagbag.py:500} INFO - Filling up the DagBag from /home/airflow/.local/lib/python3.7/site-packages/airflow/example_dags/example_branch_labels.py
[2021-11-18 23:11:39,335] {processor.py:637} INFO - DAG(s) dict_keys(['example_branch_labels']) retrieved from /home/airflow/.local/lib/python3.7/site-packages/airflow/example_dags/example_branch_labels.py
[2021-11-18 23:11:39,346] {logging_mixin.py:109} INFO - [2021-11-18 23:11:39,346] {dag.py:2396} INFO - Sync 1 DAGs
[2021-11-18 23:11:39,366] {logging_mixin.py:109} INFO - [2021-11-18 23:11:39,366] {dag.py:2928} INFO - Setting next_dagrun for example_branch_labels to 2021-11-17 00:00:00+00:00
[2021-11-18 23:11:39,378] {processor.py:171} INFO - Processing /home/airflow/.local/lib/python3.7/site-packages/airflow/example_dags/example_branch_labels.py took 0.078 seconds
[2021-11-18 23:12:11,288] {processor.py:163} INFO - Started process (PID=225) to work on /home/airflow/.local/lib/python3.7/site-packages/airflow/example_dags/example_branch_labels.py
[2021-11-18 23:12:11,290] {processor.py:625} INFO - Processing file /home/airflow/.local/lib/python3.7/site-packages/airflow/example_dags/example_branch_labels.py for tasks to queue
[2021-11-18 23:12:11,291] {logging_mixin.py:109} INFO - [2021-11-18 23:12:11,291] {dagbag.py:500} INFO - Filling up the DagBag from /home/airflow/.local/lib/python3.7/site-packages/airflow/example_dags/example_branch_labels.py
[2021-11-18 23:12:11,332] {processor.py:637} INFO - DAG(s) dict_keys(['example_branch_labels']) retrieved from /home/airflow/.local/lib/python3.7/site-packages/airflow/example_dags/example_branch_labels.py
[2021-11-18 23:12:11,348] {logging_mixin.py:109} INFO - [2021-11-18 23:12:11,347] {dag.py:2396} INFO - Sync 1 DAGs
[2021-11-18 23:12:11,373] {logging_mixin.py:109} INFO - [2021-11-18 23:12:11,372] {dag.py:2928} INFO - Setting next_dagrun for example_branch_labels to 2021-11-17 00:00:00+00:00
[2021-11-18 23:12:11,384] {processor.py:171} INFO - Processing /home/airflow/.local/lib/python3.7/site-packages/airflow/example_dags/example_branch_labels.py took 0.100 seconds
[2021-11-18 23:12:43,803] {processor.py:163} INFO - Started process (PID=283) to work on /home/airflow/.local/lib/python3.7/site-packages/airflow/example_dags/example_branch_labels.py
[2021-11-18 23:12:43,804] {processor.py:625} INFO - Processing file /home/airflow/.local/lib/python3.7/site-packages/airflow/example_dags/example_branch_labels.py for tasks to queue
[2021-11-18 23:12:43,805] {logging_mixin.py:109} INFO - [2021-11-18 23:12:43,805] {dagbag.py:500} INFO - Filling up the DagBag from /home/airflow/.local/lib/python3.7/site-packages/airflow/example_dags/example_branch_labels.py
[2021-11-18 23:12:43,828] {processor.py:637} INFO - DAG(s) dict_keys(['example_branch_labels']) retrieved from /home/airflow/.local/lib/python3.7/site-packages/airflow/example_dags/example_branch_labels.py
[2021-11-18 23:12:43,838] {logging_mixin.py:109} INFO - [2021-11-18 23:12:43,838] {dag.py:2396} INFO - Sync 1 DAGs
[2021-11-18 23:12:43,853] {logging_mixin.py:109} INFO - [2021-11-18 23:12:43,853] {dag.py:2928} INFO - Setting next_dagrun for example_branch_labels to 2021-11-17 00:00:00+00:00
[2021-11-18 23:12:43,862] {processor.py:171} INFO - Processing /home/airflow/.local/lib/python3.7/site-packages/airflow/example_dags/example_branch_labels.py took 0.062 seconds
[2021-11-18 23:13:14,493] {processor.py:163} INFO - Started process (PID=333) to work on /home/airflow/.local/lib/python3.7/site-packages/airflow/example_dags/example_branch_labels.py
[2021-11-18 23:13:14,495] {processor.py:625} INFO - Processing file /home/airflow/.local/lib/python3.7/site-packages/airflow/example_dags/example_branch_labels.py for tasks to queue
[2021-11-18 23:13:14,495] {logging_mixin.py:109} INFO - [2021-11-18 23:13:14,495] {dagbag.py:500} INFO - Filling up the DagBag from /home/airflow/.local/lib/python3.7/site-packages/airflow/example_dags/example_branch_labels.py
[2021-11-18 23:13:14,533] {processor.py:637} INFO - DAG(s) dict_keys(['example_branch_labels']) retrieved from /home/airflow/.local/lib/python3.7/site-packages/airflow/example_dags/example_branch_labels.py
[2021-11-18 23:13:14,549] {logging_mixin.py:109} INFO - [2021-11-18 23:13:14,548] {dag.py:2396} INFO - Sync 1 DAGs
[2021-11-18 23:13:14,573] {logging_mixin.py:109} INFO - [2021-11-18 23:13:14,573] {dag.py:2928} INFO - Setting next_dagrun for example_branch_labels to 2021-11-17 00:00:00+00:00
[2021-11-18 23:13:14,585] {processor.py:171} INFO - Processing /home/airflow/.local/lib/python3.7/site-packages/airflow/example_dags/example_branch_labels.py took 0.096 seconds
[2021-11-18 23:13:46,089] {processor.py:163} INFO - Started process (PID=392) to work on /home/airflow/.local/lib/python3.7/site-packages/airflow/example_dags/example_branch_labels.py
[2021-11-18 23:13:46,101] {processor.py:625} INFO - Processing file /home/airflow/.local/lib/python3.7/site-packages/airflow/example_dags/example_branch_labels.py for tasks to queue
[2021-11-18 23:13:46,102] {logging_mixin.py:109} INFO - [2021-11-18 23:13:46,102] {dagbag.py:500} INFO - Filling up the DagBag from /home/airflow/.local/lib/python3.7/site-packages/airflow/example_dags/example_branch_labels.py
[2021-11-18 23:13:46,125] {processor.py:637} INFO - DAG(s) dict_keys(['example_branch_labels']) retrieved from /home/airflow/.local/lib/python3.7/site-packages/airflow/example_dags/example_branch_labels.py
[2021-11-18 23:13:46,136] {logging_mixin.py:109} INFO - [2021-11-18 23:13:46,136] {dag.py:2396} INFO - Sync 1 DAGs
[2021-11-18 23:13:46,160] {logging_mixin.py:109} INFO - [2021-11-18 23:13:46,160] {dag.py:2928} INFO - Setting next_dagrun for example_branch_labels to 2021-11-17 00:00:00+00:00
[2021-11-18 23:13:46,171] {processor.py:171} INFO - Processing /home/airflow/.local/lib/python3.7/site-packages/airflow/example_dags/example_branch_labels.py took 0.085 seconds
[2021-11-18 23:14:16,895] {processor.py:163} INFO - Started process (PID=443) to work on /home/airflow/.local/lib/python3.7/site-packages/airflow/example_dags/example_branch_labels.py
[2021-11-18 23:14:16,910] {processor.py:625} INFO - Processing file /home/airflow/.local/lib/python3.7/site-packages/airflow/example_dags/example_branch_labels.py for tasks to queue
[2021-11-18 23:14:16,910] {logging_mixin.py:109} INFO - [2021-11-18 23:14:16,910] {dagbag.py:500} INFO - Filling up the DagBag from /home/airflow/.local/lib/python3.7/site-packages/airflow/example_dags/example_branch_labels.py
[2021-11-18 23:14:16,943] {processor.py:637} INFO - DAG(s) dict_keys(['example_branch_labels']) retrieved from /home/airflow/.local/lib/python3.7/site-packages/airflow/example_dags/example_branch_labels.py
[2021-11-18 23:14:16,957] {logging_mixin.py:109} INFO - [2021-11-18 23:14:16,957] {dag.py:2396} INFO - Sync 1 DAGs
[2021-11-18 23:14:16,983] {logging_mixin.py:109} INFO - [2021-11-18 23:14:16,983] {dag.py:2928} INFO - Setting next_dagrun for example_branch_labels to 2021-11-17 00:00:00+00:00
[2021-11-18 23:14:16,996] {processor.py:171} INFO - Processing /home/airflow/.local/lib/python3.7/site-packages/airflow/example_dags/example_branch_labels.py took 0.104 seconds
[2021-11-18 23:14:48,079] {processor.py:163} INFO - Started process (PID=501) to work on /home/airflow/.local/lib/python3.7/site-packages/airflow/example_dags/example_branch_labels.py
[2021-11-18 23:14:48,081] {processor.py:625} INFO - Processing file /home/airflow/.local/lib/python3.7/site-packages/airflow/example_dags/example_branch_labels.py for tasks to queue
[2021-11-18 23:14:48,082] {logging_mixin.py:109} INFO - [2021-11-18 23:14:48,082] {dagbag.py:500} INFO - Filling up the DagBag from /home/airflow/.local/lib/python3.7/site-packages/airflow/example_dags/example_branch_labels.py
[2021-11-18 23:14:48,117] {processor.py:637} INFO - DAG(s) dict_keys(['example_branch_labels']) retrieved from /home/airflow/.local/lib/python3.7/site-packages/airflow/example_dags/example_branch_labels.py
[2021-11-18 23:14:48,132] {logging_mixin.py:109} INFO - [2021-11-18 23:14:48,132] {dag.py:2396} INFO - Sync 1 DAGs
[2021-11-18 23:14:48,164] {logging_mixin.py:109} INFO - [2021-11-18 23:14:48,163] {dag.py:2928} INFO - Setting next_dagrun for example_branch_labels to 2021-11-17 00:00:00+00:00
[2021-11-18 23:14:48,177] {processor.py:171} INFO - Processing /home/airflow/.local/lib/python3.7/site-packages/airflow/example_dags/example_branch_labels.py took 0.102 seconds
[2021-11-18 23:15:18,623] {processor.py:163} INFO - Started process (PID=552) to work on /home/airflow/.local/lib/python3.7/site-packages/airflow/example_dags/example_branch_labels.py
[2021-11-18 23:15:18,625] {processor.py:625} INFO - Processing file /home/airflow/.local/lib/python3.7/site-packages/airflow/example_dags/example_branch_labels.py for tasks to queue
[2021-11-18 23:15:18,625] {logging_mixin.py:109} INFO - [2021-11-18 23:15:18,625] {dagbag.py:500} INFO - Filling up the DagBag from /home/airflow/.local/lib/python3.7/site-packages/airflow/example_dags/example_branch_labels.py
[2021-11-18 23:15:18,647] {processor.py:637} INFO - DAG(s) dict_keys(['example_branch_labels']) retrieved from /home/airflow/.local/lib/python3.7/site-packages/airflow/example_dags/example_branch_labels.py
[2021-11-18 23:15:18,656] {logging_mixin.py:109} INFO - [2021-11-18 23:15:18,656] {dag.py:2396} INFO - Sync 1 DAGs
[2021-11-18 23:15:18,673] {logging_mixin.py:109} INFO - [2021-11-18 23:15:18,673] {dag.py:2928} INFO - Setting next_dagrun for example_branch_labels to 2021-11-17 00:00:00+00:00
[2021-11-18 23:15:18,682] {processor.py:171} INFO - Processing /home/airflow/.local/lib/python3.7/site-packages/airflow/example_dags/example_branch_labels.py took 0.061 seconds
[2021-11-18 23:15:49,192] {processor.py:163} INFO - Started process (PID=603) to work on /home/airflow/.local/lib/python3.7/site-packages/airflow/example_dags/example_branch_labels.py
[2021-11-18 23:15:49,194] {processor.py:625} INFO - Processing file /home/airflow/.local/lib/python3.7/site-packages/airflow/example_dags/example_branch_labels.py for tasks to queue
[2021-11-18 23:15:49,194] {logging_mixin.py:109} INFO - [2021-11-18 23:15:49,194] {dagbag.py:500} INFO - Filling up the DagBag from /home/airflow/.local/lib/python3.7/site-packages/airflow/example_dags/example_branch_labels.py
[2021-11-18 23:15:49,216] {processor.py:637} INFO - DAG(s) dict_keys(['example_branch_labels']) retrieved from /home/airflow/.local/lib/python3.7/site-packages/airflow/example_dags/example_branch_labels.py
[2021-11-18 23:15:49,228] {logging_mixin.py:109} INFO - [2021-11-18 23:15:49,228] {dag.py:2396} INFO - Sync 1 DAGs
[2021-11-18 23:15:49,246] {logging_mixin.py:109} INFO - [2021-11-18 23:15:49,246] {dag.py:2928} INFO - Setting next_dagrun for example_branch_labels to 2021-11-17 00:00:00+00:00
[2021-11-18 23:15:49,256] {processor.py:171} INFO - Processing /home/airflow/.local/lib/python3.7/site-packages/airflow/example_dags/example_branch_labels.py took 0.066 seconds
[2021-11-18 23:16:20,965] {processor.py:163} INFO - Started process (PID=661) to work on /home/airflow/.local/lib/python3.7/site-packages/airflow/example_dags/example_branch_labels.py
[2021-11-18 23:16:20,979] {processor.py:625} INFO - Processing file /home/airflow/.local/lib/python3.7/site-packages/airflow/example_dags/example_branch_labels.py for tasks to queue
[2021-11-18 23:16:20,980] {logging_mixin.py:109} INFO - [2021-11-18 23:16:20,980] {dagbag.py:500} INFO - Filling up the DagBag from /home/airflow/.local/lib/python3.7/site-packages/airflow/example_dags/example_branch_labels.py
[2021-11-18 23:16:21,013] {processor.py:637} INFO - DAG(s) dict_keys(['example_branch_labels']) retrieved from /home/airflow/.local/lib/python3.7/site-packages/airflow/example_dags/example_branch_labels.py
[2021-11-18 23:16:21,025] {logging_mixin.py:109} INFO - [2021-11-18 23:16:21,025] {dag.py:2396} INFO - Sync 1 DAGs
[2021-11-18 23:16:21,045] {logging_mixin.py:109} INFO - [2021-11-18 23:16:21,045] {dag.py:2928} INFO - Setting next_dagrun for example_branch_labels to 2021-11-17 00:00:00+00:00
[2021-11-18 23:16:21,057] {processor.py:171} INFO - Processing /home/airflow/.local/lib/python3.7/site-packages/airflow/example_dags/example_branch_labels.py took 0.096 seconds
[2021-11-18 23:16:51,802] {processor.py:163} INFO - Started process (PID=711) to work on /home/airflow/.local/lib/python3.7/site-packages/airflow/example_dags/example_branch_labels.py
[2021-11-18 23:16:51,807] {processor.py:625} INFO - Processing file /home/airflow/.local/lib/python3.7/site-packages/airflow/example_dags/example_branch_labels.py for tasks to queue
[2021-11-18 23:16:51,807] {logging_mixin.py:109} INFO - [2021-11-18 23:16:51,807] {dagbag.py:500} INFO - Filling up the DagBag from /home/airflow/.local/lib/python3.7/site-packages/airflow/example_dags/example_branch_labels.py
[2021-11-18 23:16:51,833] {processor.py:637} INFO - DAG(s) dict_keys(['example_branch_labels']) retrieved from /home/airflow/.local/lib/python3.7/site-packages/airflow/example_dags/example_branch_labels.py
[2021-11-18 23:16:51,847] {logging_mixin.py:109} INFO - [2021-11-18 23:16:51,846] {dag.py:2396} INFO - Sync 1 DAGs
[2021-11-18 23:16:51,870] {logging_mixin.py:109} INFO - [2021-11-18 23:16:51,869] {dag.py:2928} INFO - Setting next_dagrun for example_branch_labels to 2021-11-17 00:00:00+00:00
[2021-11-18 23:16:51,881] {processor.py:171} INFO - Processing /home/airflow/.local/lib/python3.7/site-packages/airflow/example_dags/example_branch_labels.py took 0.082 seconds
[2021-11-18 23:17:23,959] {processor.py:163} INFO - Started process (PID=761) to work on /home/airflow/.local/lib/python3.7/site-packages/airflow/example_dags/example_branch_labels.py
[2021-11-18 23:17:23,968] {processor.py:625} INFO - Processing file /home/airflow/.local/lib/python3.7/site-packages/airflow/example_dags/example_branch_labels.py for tasks to queue
[2021-11-18 23:17:23,969] {logging_mixin.py:109} INFO - [2021-11-18 23:17:23,969] {dagbag.py:500} INFO - Filling up the DagBag from /home/airflow/.local/lib/python3.7/site-packages/airflow/example_dags/example_branch_labels.py
[2021-11-18 23:17:24,003] {processor.py:637} INFO - DAG(s) dict_keys(['example_branch_labels']) retrieved from /home/airflow/.local/lib/python3.7/site-packages/airflow/example_dags/example_branch_labels.py
[2021-11-18 23:17:24,016] {logging_mixin.py:109} INFO - [2021-11-18 23:17:24,016] {dag.py:2396} INFO - Sync 1 DAGs
[2021-11-18 23:17:24,038] {logging_mixin.py:109} INFO - [2021-11-18 23:17:24,038] {dag.py:2928} INFO - Setting next_dagrun for example_branch_labels to 2021-11-17 00:00:00+00:00
[2021-11-18 23:17:24,048] {processor.py:171} INFO - Processing /home/airflow/.local/lib/python3.7/site-packages/airflow/example_dags/example_branch_labels.py took 0.093 seconds
