[2021-11-18 21:08:55,222] {processor.py:163} INFO - Started process (PID=81) to work on /home/airflow/.local/lib/python3.7/site-packages/airflow/example_dags/example_skip_dag.py
[2021-11-18 21:08:55,223] {processor.py:625} INFO - Processing file /home/airflow/.local/lib/python3.7/site-packages/airflow/example_dags/example_skip_dag.py for tasks to queue
[2021-11-18 21:08:55,224] {logging_mixin.py:109} INFO - [2021-11-18 21:08:55,224] {dagbag.py:500} INFO - Filling up the DagBag from /home/airflow/.local/lib/python3.7/site-packages/airflow/example_dags/example_skip_dag.py
[2021-11-18 21:08:55,258] {processor.py:637} INFO - DAG(s) dict_keys(['example_skip_dag']) retrieved from /home/airflow/.local/lib/python3.7/site-packages/airflow/example_dags/example_skip_dag.py
[2021-11-18 21:08:57,910] {logging_mixin.py:109} INFO - [2021-11-18 21:08:57,909] {providers_manager.py:156} WARNING - Exception when importing 'airflow.providers.google.leveldb.hooks.leveldb.LevelDBHook' from 'apache-airflow-providers-google' package: No module named 'plyvel'
[2021-11-18 21:08:58,959] {logging_mixin.py:109} INFO - [2021-11-18 21:08:58,958] {providers_manager.py:156} WARNING - Exception when importing 'airflow.providers.google.leveldb.hooks.leveldb.LevelDBHook' from 'apache-airflow-providers-google' package: No module named 'plyvel'
[2021-11-18 21:08:59,088] {logging_mixin.py:109} INFO - [2021-11-18 21:08:59,087] {manager.py:496} INFO - Created Permission View: can edit on DAG:example_skip_dag
[2021-11-18 21:08:59,115] {logging_mixin.py:109} INFO - [2021-11-18 21:08:59,114] {manager.py:496} INFO - Created Permission View: can read on DAG:example_skip_dag
[2021-11-18 21:08:59,115] {logging_mixin.py:109} INFO - [2021-11-18 21:08:59,115] {dag.py:2396} INFO - Sync 1 DAGs
[2021-11-18 21:08:59,129] {logging_mixin.py:109} INFO - [2021-11-18 21:08:59,128] {dag.py:2415} INFO - Creating ORM DAG for example_skip_dag
[2021-11-18 21:08:59,147] {logging_mixin.py:109} INFO - [2021-11-18 21:08:59,147] {dag.py:2928} INFO - Setting next_dagrun for example_skip_dag to 2021-11-17T21:08:59.146121+00:00
[2021-11-18 21:08:59,213] {processor.py:171} INFO - Processing /home/airflow/.local/lib/python3.7/site-packages/airflow/example_dags/example_skip_dag.py took 3.995 seconds
[2021-11-18 21:09:34,985] {processor.py:163} INFO - Started process (PID=346) to work on /home/airflow/.local/lib/python3.7/site-packages/airflow/example_dags/example_skip_dag.py
[2021-11-18 21:09:35,283] {processor.py:625} INFO - Processing file /home/airflow/.local/lib/python3.7/site-packages/airflow/example_dags/example_skip_dag.py for tasks to queue
[2021-11-18 21:09:35,284] {logging_mixin.py:109} INFO - [2021-11-18 21:09:35,284] {dagbag.py:500} INFO - Filling up the DagBag from /home/airflow/.local/lib/python3.7/site-packages/airflow/example_dags/example_skip_dag.py
[2021-11-18 21:09:35,322] {processor.py:637} INFO - DAG(s) dict_keys(['example_skip_dag']) retrieved from /home/airflow/.local/lib/python3.7/site-packages/airflow/example_dags/example_skip_dag.py
[2021-11-18 21:09:35,339] {logging_mixin.py:109} INFO - [2021-11-18 21:09:35,339] {dag.py:2396} INFO - Sync 1 DAGs
[2021-11-18 21:09:35,366] {logging_mixin.py:109} INFO - [2021-11-18 21:09:35,365] {dag.py:2928} INFO - Setting next_dagrun for example_skip_dag to 2021-11-17T21:09:35.365374+00:00
[2021-11-18 21:09:35,381] {processor.py:171} INFO - Processing /home/airflow/.local/lib/python3.7/site-packages/airflow/example_dags/example_skip_dag.py took 0.400 seconds
[2021-11-18 21:10:06,155] {processor.py:163} INFO - Started process (PID=403) to work on /home/airflow/.local/lib/python3.7/site-packages/airflow/example_dags/example_skip_dag.py
[2021-11-18 21:10:06,238] {processor.py:625} INFO - Processing file /home/airflow/.local/lib/python3.7/site-packages/airflow/example_dags/example_skip_dag.py for tasks to queue
[2021-11-18 21:10:06,238] {logging_mixin.py:109} INFO - [2021-11-18 21:10:06,238] {dagbag.py:500} INFO - Filling up the DagBag from /home/airflow/.local/lib/python3.7/site-packages/airflow/example_dags/example_skip_dag.py
[2021-11-18 21:10:06,269] {processor.py:637} INFO - DAG(s) dict_keys(['example_skip_dag']) retrieved from /home/airflow/.local/lib/python3.7/site-packages/airflow/example_dags/example_skip_dag.py
[2021-11-18 21:10:06,285] {logging_mixin.py:109} INFO - [2021-11-18 21:10:06,285] {dag.py:2396} INFO - Sync 1 DAGs
[2021-11-18 21:10:06,320] {logging_mixin.py:109} INFO - [2021-11-18 21:10:06,320] {dag.py:2928} INFO - Setting next_dagrun for example_skip_dag to 2021-11-17T21:10:06.320234+00:00
[2021-11-18 21:10:06,336] {processor.py:171} INFO - Processing /home/airflow/.local/lib/python3.7/site-packages/airflow/example_dags/example_skip_dag.py took 0.184 seconds
[2021-11-18 23:10:33,412] {processor.py:163} INFO - Started process (PID=42) to work on /home/airflow/.local/lib/python3.7/site-packages/airflow/example_dags/example_skip_dag.py
[2021-11-18 23:10:33,414] {processor.py:625} INFO - Processing file /home/airflow/.local/lib/python3.7/site-packages/airflow/example_dags/example_skip_dag.py for tasks to queue
[2021-11-18 23:10:33,415] {logging_mixin.py:109} INFO - [2021-11-18 23:10:33,415] {dagbag.py:500} INFO - Filling up the DagBag from /home/airflow/.local/lib/python3.7/site-packages/airflow/example_dags/example_skip_dag.py
[2021-11-18 23:10:33,443] {processor.py:637} INFO - DAG(s) dict_keys(['example_skip_dag']) retrieved from /home/airflow/.local/lib/python3.7/site-packages/airflow/example_dags/example_skip_dag.py
[2021-11-18 23:10:33,456] {logging_mixin.py:109} INFO - [2021-11-18 23:10:33,456] {dag.py:2396} INFO - Sync 1 DAGs
[2021-11-18 23:10:33,477] {logging_mixin.py:109} INFO - [2021-11-18 23:10:33,477] {dag.py:2928} INFO - Setting next_dagrun for example_skip_dag to 2021-11-17T23:10:33.476772+00:00
[2021-11-18 23:10:33,490] {processor.py:171} INFO - Processing /home/airflow/.local/lib/python3.7/site-packages/airflow/example_dags/example_skip_dag.py took 0.081 seconds
[2021-11-18 23:11:04,791] {processor.py:163} INFO - Started process (PID=92) to work on /home/airflow/.local/lib/python3.7/site-packages/airflow/example_dags/example_skip_dag.py
[2021-11-18 23:11:04,934] {processor.py:625} INFO - Processing file /home/airflow/.local/lib/python3.7/site-packages/airflow/example_dags/example_skip_dag.py for tasks to queue
[2021-11-18 23:11:04,937] {logging_mixin.py:109} INFO - [2021-11-18 23:11:04,937] {dagbag.py:500} INFO - Filling up the DagBag from /home/airflow/.local/lib/python3.7/site-packages/airflow/example_dags/example_skip_dag.py
[2021-11-18 23:11:04,987] {processor.py:637} INFO - DAG(s) dict_keys(['example_skip_dag']) retrieved from /home/airflow/.local/lib/python3.7/site-packages/airflow/example_dags/example_skip_dag.py
[2021-11-18 23:11:05,003] {logging_mixin.py:109} INFO - [2021-11-18 23:11:05,003] {dag.py:2396} INFO - Sync 1 DAGs
[2021-11-18 23:11:05,026] {logging_mixin.py:109} INFO - [2021-11-18 23:11:05,026] {dag.py:2928} INFO - Setting next_dagrun for example_skip_dag to 2021-11-17T23:11:05.025856+00:00
[2021-11-18 23:11:05,041] {processor.py:171} INFO - Processing /home/airflow/.local/lib/python3.7/site-packages/airflow/example_dags/example_skip_dag.py took 0.253 seconds
[2021-11-18 23:11:35,568] {processor.py:163} INFO - Started process (PID=151) to work on /home/airflow/.local/lib/python3.7/site-packages/airflow/example_dags/example_skip_dag.py
[2021-11-18 23:11:36,503] {processor.py:625} INFO - Processing file /home/airflow/.local/lib/python3.7/site-packages/airflow/example_dags/example_skip_dag.py for tasks to queue
[2021-11-18 23:11:36,505] {logging_mixin.py:109} INFO - [2021-11-18 23:11:36,505] {dagbag.py:500} INFO - Filling up the DagBag from /home/airflow/.local/lib/python3.7/site-packages/airflow/example_dags/example_skip_dag.py
[2021-11-18 23:11:36,533] {processor.py:637} INFO - DAG(s) dict_keys(['example_skip_dag']) retrieved from /home/airflow/.local/lib/python3.7/site-packages/airflow/example_dags/example_skip_dag.py
[2021-11-18 23:11:36,546] {logging_mixin.py:109} INFO - [2021-11-18 23:11:36,546] {dag.py:2396} INFO - Sync 1 DAGs
[2021-11-18 23:11:36,564] {logging_mixin.py:109} INFO - [2021-11-18 23:11:36,564] {dag.py:2928} INFO - Setting next_dagrun for example_skip_dag to 2021-11-17T23:11:36.563721+00:00
[2021-11-18 23:11:36,578] {processor.py:171} INFO - Processing /home/airflow/.local/lib/python3.7/site-packages/airflow/example_dags/example_skip_dag.py took 1.013 seconds
[2021-11-18 23:12:07,163] {processor.py:163} INFO - Started process (PID=201) to work on /home/airflow/.local/lib/python3.7/site-packages/airflow/example_dags/example_skip_dag.py
[2021-11-18 23:12:07,165] {processor.py:625} INFO - Processing file /home/airflow/.local/lib/python3.7/site-packages/airflow/example_dags/example_skip_dag.py for tasks to queue
[2021-11-18 23:12:07,165] {logging_mixin.py:109} INFO - [2021-11-18 23:12:07,165] {dagbag.py:500} INFO - Filling up the DagBag from /home/airflow/.local/lib/python3.7/site-packages/airflow/example_dags/example_skip_dag.py
[2021-11-18 23:12:07,188] {processor.py:637} INFO - DAG(s) dict_keys(['example_skip_dag']) retrieved from /home/airflow/.local/lib/python3.7/site-packages/airflow/example_dags/example_skip_dag.py
[2021-11-18 23:12:07,202] {logging_mixin.py:109} INFO - [2021-11-18 23:12:07,202] {dag.py:2396} INFO - Sync 1 DAGs
[2021-11-18 23:12:07,221] {logging_mixin.py:109} INFO - [2021-11-18 23:12:07,221] {dag.py:2928} INFO - Setting next_dagrun for example_skip_dag to 2021-11-17T23:12:07.221233+00:00
[2021-11-18 23:12:07,235] {processor.py:171} INFO - Processing /home/airflow/.local/lib/python3.7/site-packages/airflow/example_dags/example_skip_dag.py took 0.074 seconds
[2021-11-18 23:12:37,506] {processor.py:163} INFO - Started process (PID=251) to work on /home/airflow/.local/lib/python3.7/site-packages/airflow/example_dags/example_skip_dag.py
[2021-11-18 23:12:38,329] {processor.py:625} INFO - Processing file /home/airflow/.local/lib/python3.7/site-packages/airflow/example_dags/example_skip_dag.py for tasks to queue
[2021-11-18 23:12:38,330] {logging_mixin.py:109} INFO - [2021-11-18 23:12:38,330] {dagbag.py:500} INFO - Filling up the DagBag from /home/airflow/.local/lib/python3.7/site-packages/airflow/example_dags/example_skip_dag.py
[2021-11-18 23:12:38,363] {processor.py:637} INFO - DAG(s) dict_keys(['example_skip_dag']) retrieved from /home/airflow/.local/lib/python3.7/site-packages/airflow/example_dags/example_skip_dag.py
[2021-11-18 23:12:38,378] {logging_mixin.py:109} INFO - [2021-11-18 23:12:38,378] {dag.py:2396} INFO - Sync 1 DAGs
[2021-11-18 23:12:38,402] {logging_mixin.py:109} INFO - [2021-11-18 23:12:38,401] {dag.py:2928} INFO - Setting next_dagrun for example_skip_dag to 2021-11-17T23:12:38.401570+00:00
[2021-11-18 23:12:38,416] {processor.py:171} INFO - Processing /home/airflow/.local/lib/python3.7/site-packages/airflow/example_dags/example_skip_dag.py took 0.919 seconds
[2021-11-18 23:13:08,871] {processor.py:163} INFO - Started process (PID=309) to work on /home/airflow/.local/lib/python3.7/site-packages/airflow/example_dags/example_skip_dag.py
[2021-11-18 23:13:08,872] {processor.py:625} INFO - Processing file /home/airflow/.local/lib/python3.7/site-packages/airflow/example_dags/example_skip_dag.py for tasks to queue
[2021-11-18 23:13:08,873] {logging_mixin.py:109} INFO - [2021-11-18 23:13:08,873] {dagbag.py:500} INFO - Filling up the DagBag from /home/airflow/.local/lib/python3.7/site-packages/airflow/example_dags/example_skip_dag.py
[2021-11-18 23:13:08,898] {processor.py:637} INFO - DAG(s) dict_keys(['example_skip_dag']) retrieved from /home/airflow/.local/lib/python3.7/site-packages/airflow/example_dags/example_skip_dag.py
[2021-11-18 23:13:08,909] {logging_mixin.py:109} INFO - [2021-11-18 23:13:08,909] {dag.py:2396} INFO - Sync 1 DAGs
[2021-11-18 23:13:08,924] {logging_mixin.py:109} INFO - [2021-11-18 23:13:08,924] {dag.py:2928} INFO - Setting next_dagrun for example_skip_dag to 2021-11-17T23:13:08.924384+00:00
[2021-11-18 23:13:08,938] {processor.py:171} INFO - Processing /home/airflow/.local/lib/python3.7/site-packages/airflow/example_dags/example_skip_dag.py took 0.071 seconds
[2021-11-18 23:13:39,269] {processor.py:163} INFO - Started process (PID=360) to work on /home/airflow/.local/lib/python3.7/site-packages/airflow/example_dags/example_skip_dag.py
[2021-11-18 23:13:39,301] {processor.py:625} INFO - Processing file /home/airflow/.local/lib/python3.7/site-packages/airflow/example_dags/example_skip_dag.py for tasks to queue
[2021-11-18 23:13:39,302] {logging_mixin.py:109} INFO - [2021-11-18 23:13:39,302] {dagbag.py:500} INFO - Filling up the DagBag from /home/airflow/.local/lib/python3.7/site-packages/airflow/example_dags/example_skip_dag.py
[2021-11-18 23:13:39,332] {processor.py:637} INFO - DAG(s) dict_keys(['example_skip_dag']) retrieved from /home/airflow/.local/lib/python3.7/site-packages/airflow/example_dags/example_skip_dag.py
[2021-11-18 23:13:39,343] {logging_mixin.py:109} INFO - [2021-11-18 23:13:39,343] {dag.py:2396} INFO - Sync 1 DAGs
[2021-11-18 23:13:39,364] {logging_mixin.py:109} INFO - [2021-11-18 23:13:39,364] {dag.py:2928} INFO - Setting next_dagrun for example_skip_dag to 2021-11-17T23:13:39.364163+00:00
[2021-11-18 23:13:39,378] {processor.py:171} INFO - Processing /home/airflow/.local/lib/python3.7/site-packages/airflow/example_dags/example_skip_dag.py took 0.112 seconds
[2021-11-18 23:14:10,194] {processor.py:163} INFO - Started process (PID=419) to work on /home/airflow/.local/lib/python3.7/site-packages/airflow/example_dags/example_skip_dag.py
[2021-11-18 23:14:10,196] {processor.py:625} INFO - Processing file /home/airflow/.local/lib/python3.7/site-packages/airflow/example_dags/example_skip_dag.py for tasks to queue
[2021-11-18 23:14:10,197] {logging_mixin.py:109} INFO - [2021-11-18 23:14:10,196] {dagbag.py:500} INFO - Filling up the DagBag from /home/airflow/.local/lib/python3.7/site-packages/airflow/example_dags/example_skip_dag.py
[2021-11-18 23:14:10,241] {processor.py:637} INFO - DAG(s) dict_keys(['example_skip_dag']) retrieved from /home/airflow/.local/lib/python3.7/site-packages/airflow/example_dags/example_skip_dag.py
[2021-11-18 23:14:10,264] {logging_mixin.py:109} INFO - [2021-11-18 23:14:10,264] {dag.py:2396} INFO - Sync 1 DAGs
[2021-11-18 23:14:10,299] {logging_mixin.py:109} INFO - [2021-11-18 23:14:10,298] {dag.py:2928} INFO - Setting next_dagrun for example_skip_dag to 2021-11-17T23:14:10.298534+00:00
[2021-11-18 23:14:10,324] {processor.py:171} INFO - Processing /home/airflow/.local/lib/python3.7/site-packages/airflow/example_dags/example_skip_dag.py took 0.134 seconds
[2021-11-18 23:14:40,494] {processor.py:163} INFO - Started process (PID=469) to work on /home/airflow/.local/lib/python3.7/site-packages/airflow/example_dags/example_skip_dag.py
[2021-11-18 23:14:40,496] {processor.py:625} INFO - Processing file /home/airflow/.local/lib/python3.7/site-packages/airflow/example_dags/example_skip_dag.py for tasks to queue
[2021-11-18 23:14:40,497] {logging_mixin.py:109} INFO - [2021-11-18 23:14:40,497] {dagbag.py:500} INFO - Filling up the DagBag from /home/airflow/.local/lib/python3.7/site-packages/airflow/example_dags/example_skip_dag.py
[2021-11-18 23:14:40,529] {processor.py:637} INFO - DAG(s) dict_keys(['example_skip_dag']) retrieved from /home/airflow/.local/lib/python3.7/site-packages/airflow/example_dags/example_skip_dag.py
[2021-11-18 23:14:40,542] {logging_mixin.py:109} INFO - [2021-11-18 23:14:40,541] {dag.py:2396} INFO - Sync 1 DAGs
[2021-11-18 23:14:40,559] {logging_mixin.py:109} INFO - [2021-11-18 23:14:40,559] {dag.py:2928} INFO - Setting next_dagrun for example_skip_dag to 2021-11-17T23:14:40.559079+00:00
[2021-11-18 23:14:40,569] {processor.py:171} INFO - Processing /home/airflow/.local/lib/python3.7/site-packages/airflow/example_dags/example_skip_dag.py took 0.078 seconds
[2021-11-18 23:15:10,776] {processor.py:163} INFO - Started process (PID=520) to work on /home/airflow/.local/lib/python3.7/site-packages/airflow/example_dags/example_skip_dag.py
[2021-11-18 23:15:10,898] {processor.py:625} INFO - Processing file /home/airflow/.local/lib/python3.7/site-packages/airflow/example_dags/example_skip_dag.py for tasks to queue
[2021-11-18 23:15:10,899] {logging_mixin.py:109} INFO - [2021-11-18 23:15:10,899] {dagbag.py:500} INFO - Filling up the DagBag from /home/airflow/.local/lib/python3.7/site-packages/airflow/example_dags/example_skip_dag.py
[2021-11-18 23:15:10,934] {processor.py:637} INFO - DAG(s) dict_keys(['example_skip_dag']) retrieved from /home/airflow/.local/lib/python3.7/site-packages/airflow/example_dags/example_skip_dag.py
[2021-11-18 23:15:10,951] {logging_mixin.py:109} INFO - [2021-11-18 23:15:10,951] {dag.py:2396} INFO - Sync 1 DAGs
[2021-11-18 23:15:10,973] {logging_mixin.py:109} INFO - [2021-11-18 23:15:10,973] {dag.py:2928} INFO - Setting next_dagrun for example_skip_dag to 2021-11-17T23:15:10.973286+00:00
[2021-11-18 23:15:10,990] {processor.py:171} INFO - Processing /home/airflow/.local/lib/python3.7/site-packages/airflow/example_dags/example_skip_dag.py took 0.220 seconds
[2021-11-18 23:15:41,482] {processor.py:163} INFO - Started process (PID=579) to work on /home/airflow/.local/lib/python3.7/site-packages/airflow/example_dags/example_skip_dag.py
[2021-11-18 23:15:42,604] {processor.py:625} INFO - Processing file /home/airflow/.local/lib/python3.7/site-packages/airflow/example_dags/example_skip_dag.py for tasks to queue
[2021-11-18 23:15:42,604] {logging_mixin.py:109} INFO - [2021-11-18 23:15:42,604] {dagbag.py:500} INFO - Filling up the DagBag from /home/airflow/.local/lib/python3.7/site-packages/airflow/example_dags/example_skip_dag.py
[2021-11-18 23:15:42,633] {processor.py:637} INFO - DAG(s) dict_keys(['example_skip_dag']) retrieved from /home/airflow/.local/lib/python3.7/site-packages/airflow/example_dags/example_skip_dag.py
[2021-11-18 23:15:42,648] {logging_mixin.py:109} INFO - [2021-11-18 23:15:42,648] {dag.py:2396} INFO - Sync 1 DAGs
[2021-11-18 23:15:42,672] {logging_mixin.py:109} INFO - [2021-11-18 23:15:42,672] {dag.py:2928} INFO - Setting next_dagrun for example_skip_dag to 2021-11-17T23:15:42.671898+00:00
[2021-11-18 23:15:42,693] {processor.py:171} INFO - Processing /home/airflow/.local/lib/python3.7/site-packages/airflow/example_dags/example_skip_dag.py took 1.214 seconds
[2021-11-18 23:16:13,069] {processor.py:163} INFO - Started process (PID=629) to work on /home/airflow/.local/lib/python3.7/site-packages/airflow/example_dags/example_skip_dag.py
[2021-11-18 23:16:13,213] {processor.py:625} INFO - Processing file /home/airflow/.local/lib/python3.7/site-packages/airflow/example_dags/example_skip_dag.py for tasks to queue
[2021-11-18 23:16:13,214] {logging_mixin.py:109} INFO - [2021-11-18 23:16:13,214] {dagbag.py:500} INFO - Filling up the DagBag from /home/airflow/.local/lib/python3.7/site-packages/airflow/example_dags/example_skip_dag.py
[2021-11-18 23:16:13,269] {processor.py:637} INFO - DAG(s) dict_keys(['example_skip_dag']) retrieved from /home/airflow/.local/lib/python3.7/site-packages/airflow/example_dags/example_skip_dag.py
[2021-11-18 23:16:13,287] {logging_mixin.py:109} INFO - [2021-11-18 23:16:13,287] {dag.py:2396} INFO - Sync 1 DAGs
[2021-11-18 23:16:13,317] {logging_mixin.py:109} INFO - [2021-11-18 23:16:13,316] {dag.py:2928} INFO - Setting next_dagrun for example_skip_dag to 2021-11-17T23:16:13.316449+00:00
[2021-11-18 23:16:13,338] {processor.py:171} INFO - Processing /home/airflow/.local/lib/python3.7/site-packages/airflow/example_dags/example_skip_dag.py took 0.275 seconds
[2021-11-18 23:16:43,959] {processor.py:163} INFO - Started process (PID=679) to work on /home/airflow/.local/lib/python3.7/site-packages/airflow/example_dags/example_skip_dag.py
[2021-11-18 23:16:44,059] {processor.py:625} INFO - Processing file /home/airflow/.local/lib/python3.7/site-packages/airflow/example_dags/example_skip_dag.py for tasks to queue
[2021-11-18 23:16:44,061] {logging_mixin.py:109} INFO - [2021-11-18 23:16:44,061] {dagbag.py:500} INFO - Filling up the DagBag from /home/airflow/.local/lib/python3.7/site-packages/airflow/example_dags/example_skip_dag.py
[2021-11-18 23:16:44,103] {processor.py:637} INFO - DAG(s) dict_keys(['example_skip_dag']) retrieved from /home/airflow/.local/lib/python3.7/site-packages/airflow/example_dags/example_skip_dag.py
[2021-11-18 23:16:44,115] {logging_mixin.py:109} INFO - [2021-11-18 23:16:44,115] {dag.py:2396} INFO - Sync 1 DAGs
[2021-11-18 23:16:44,132] {logging_mixin.py:109} INFO - [2021-11-18 23:16:44,132] {dag.py:2928} INFO - Setting next_dagrun for example_skip_dag to 2021-11-17T23:16:44.131862+00:00
[2021-11-18 23:16:44,145] {processor.py:171} INFO - Processing /home/airflow/.local/lib/python3.7/site-packages/airflow/example_dags/example_skip_dag.py took 0.190 seconds
[2021-11-18 23:17:14,647] {processor.py:163} INFO - Started process (PID=737) to work on /home/airflow/.local/lib/python3.7/site-packages/airflow/example_dags/example_skip_dag.py
[2021-11-18 23:17:14,787] {processor.py:625} INFO - Processing file /home/airflow/.local/lib/python3.7/site-packages/airflow/example_dags/example_skip_dag.py for tasks to queue
[2021-11-18 23:17:14,788] {logging_mixin.py:109} INFO - [2021-11-18 23:17:14,788] {dagbag.py:500} INFO - Filling up the DagBag from /home/airflow/.local/lib/python3.7/site-packages/airflow/example_dags/example_skip_dag.py
[2021-11-18 23:17:14,811] {processor.py:637} INFO - DAG(s) dict_keys(['example_skip_dag']) retrieved from /home/airflow/.local/lib/python3.7/site-packages/airflow/example_dags/example_skip_dag.py
[2021-11-18 23:17:14,821] {logging_mixin.py:109} INFO - [2021-11-18 23:17:14,821] {dag.py:2396} INFO - Sync 1 DAGs
[2021-11-18 23:17:14,836] {logging_mixin.py:109} INFO - [2021-11-18 23:17:14,836] {dag.py:2928} INFO - Setting next_dagrun for example_skip_dag to 2021-11-17T23:17:14.835913+00:00
[2021-11-18 23:17:14,934] {processor.py:171} INFO - Processing /home/airflow/.local/lib/python3.7/site-packages/airflow/example_dags/example_skip_dag.py took 0.291 seconds
