[2021-11-18 21:08:45,872] {processor.py:163} INFO - Started process (PID=37) to work on /home/airflow/.local/lib/python3.7/site-packages/airflow/example_dags/example_nested_branch_dag.py
[2021-11-18 21:08:45,873] {processor.py:625} INFO - Processing file /home/airflow/.local/lib/python3.7/site-packages/airflow/example_dags/example_nested_branch_dag.py for tasks to queue
[2021-11-18 21:08:45,874] {logging_mixin.py:109} INFO - [2021-11-18 21:08:45,874] {dagbag.py:500} INFO - Filling up the DagBag from /home/airflow/.local/lib/python3.7/site-packages/airflow/example_dags/example_nested_branch_dag.py
[2021-11-18 21:08:45,927] {processor.py:637} INFO - DAG(s) dict_keys(['example_nested_branch_dag']) retrieved from /home/airflow/.local/lib/python3.7/site-packages/airflow/example_dags/example_nested_branch_dag.py
[2021-11-18 21:08:51,031] {logging_mixin.py:109} INFO - [2021-11-18 21:08:51,031] {providers_manager.py:156} WARNING - Exception when importing 'airflow.providers.google.leveldb.hooks.leveldb.LevelDBHook' from 'apache-airflow-providers-google' package: No module named 'plyvel'
[2021-11-18 21:08:52,378] {logging_mixin.py:109} INFO - [2021-11-18 21:08:52,378] {providers_manager.py:156} WARNING - Exception when importing 'airflow.providers.google.leveldb.hooks.leveldb.LevelDBHook' from 'apache-airflow-providers-google' package: No module named 'plyvel'
[2021-11-18 21:08:52,400] {logging_mixin.py:109} INFO - [2021-11-18 21:08:52,399] {manager.py:496} INFO - Created Permission View: can edit on DAG:example_nested_branch_dag
[2021-11-18 21:08:52,408] {logging_mixin.py:109} INFO - [2021-11-18 21:08:52,408] {manager.py:496} INFO - Created Permission View: can read on DAG:example_nested_branch_dag
[2021-11-18 21:08:52,408] {logging_mixin.py:109} INFO - [2021-11-18 21:08:52,408] {dag.py:2396} INFO - Sync 1 DAGs
[2021-11-18 21:08:52,415] {logging_mixin.py:109} INFO - [2021-11-18 21:08:52,415] {dag.py:2415} INFO - Creating ORM DAG for example_nested_branch_dag
[2021-11-18 21:08:52,425] {logging_mixin.py:109} INFO - [2021-11-18 21:08:52,425] {dag.py:2928} INFO - Setting next_dagrun for example_nested_branch_dag to 2021-11-17 00:00:00+00:00
[2021-11-18 21:08:52,438] {processor.py:171} INFO - Processing /home/airflow/.local/lib/python3.7/site-packages/airflow/example_dags/example_nested_branch_dag.py took 6.570 seconds
[2021-11-18 21:09:33,819] {processor.py:163} INFO - Started process (PID=342) to work on /home/airflow/.local/lib/python3.7/site-packages/airflow/example_dags/example_nested_branch_dag.py
[2021-11-18 21:09:33,843] {processor.py:625} INFO - Processing file /home/airflow/.local/lib/python3.7/site-packages/airflow/example_dags/example_nested_branch_dag.py for tasks to queue
[2021-11-18 21:09:33,844] {logging_mixin.py:109} INFO - [2021-11-18 21:09:33,844] {dagbag.py:500} INFO - Filling up the DagBag from /home/airflow/.local/lib/python3.7/site-packages/airflow/example_dags/example_nested_branch_dag.py
[2021-11-18 21:09:33,868] {processor.py:637} INFO - DAG(s) dict_keys(['example_nested_branch_dag']) retrieved from /home/airflow/.local/lib/python3.7/site-packages/airflow/example_dags/example_nested_branch_dag.py
[2021-11-18 21:09:33,877] {logging_mixin.py:109} INFO - [2021-11-18 21:09:33,877] {dag.py:2396} INFO - Sync 1 DAGs
[2021-11-18 21:09:33,893] {logging_mixin.py:109} INFO - [2021-11-18 21:09:33,893] {dag.py:2928} INFO - Setting next_dagrun for example_nested_branch_dag to 2021-11-17 00:00:00+00:00
[2021-11-18 21:09:33,903] {processor.py:171} INFO - Processing /home/airflow/.local/lib/python3.7/site-packages/airflow/example_dags/example_nested_branch_dag.py took 0.088 seconds
[2021-11-18 21:10:04,352] {processor.py:163} INFO - Started process (PID=392) to work on /home/airflow/.local/lib/python3.7/site-packages/airflow/example_dags/example_nested_branch_dag.py
[2021-11-18 21:10:04,356] {processor.py:625} INFO - Processing file /home/airflow/.local/lib/python3.7/site-packages/airflow/example_dags/example_nested_branch_dag.py for tasks to queue
[2021-11-18 21:10:04,357] {logging_mixin.py:109} INFO - [2021-11-18 21:10:04,356] {dagbag.py:500} INFO - Filling up the DagBag from /home/airflow/.local/lib/python3.7/site-packages/airflow/example_dags/example_nested_branch_dag.py
[2021-11-18 21:10:04,396] {processor.py:637} INFO - DAG(s) dict_keys(['example_nested_branch_dag']) retrieved from /home/airflow/.local/lib/python3.7/site-packages/airflow/example_dags/example_nested_branch_dag.py
[2021-11-18 21:10:04,408] {logging_mixin.py:109} INFO - [2021-11-18 21:10:04,408] {dag.py:2396} INFO - Sync 1 DAGs
[2021-11-18 21:10:04,433] {logging_mixin.py:109} INFO - [2021-11-18 21:10:04,433] {dag.py:2928} INFO - Setting next_dagrun for example_nested_branch_dag to 2021-11-17 00:00:00+00:00
[2021-11-18 21:10:04,447] {processor.py:171} INFO - Processing /home/airflow/.local/lib/python3.7/site-packages/airflow/example_dags/example_nested_branch_dag.py took 0.105 seconds
