[2021-11-18 21:09:24,581] {processor.py:163} INFO - Started process (PID=269) to work on /home/airflow/.local/lib/python3.7/site-packages/airflow/example_dags/example_short_circuit_operator.py
[2021-11-18 21:09:24,582] {processor.py:625} INFO - Processing file /home/airflow/.local/lib/python3.7/site-packages/airflow/example_dags/example_short_circuit_operator.py for tasks to queue
[2021-11-18 21:09:24,582] {logging_mixin.py:109} INFO - [2021-11-18 21:09:24,582] {dagbag.py:500} INFO - Filling up the DagBag from /home/airflow/.local/lib/python3.7/site-packages/airflow/example_dags/example_short_circuit_operator.py
[2021-11-18 21:09:24,606] {processor.py:637} INFO - DAG(s) dict_keys(['example_short_circuit_operator']) retrieved from /home/airflow/.local/lib/python3.7/site-packages/airflow/example_dags/example_short_circuit_operator.py
[2021-11-18 21:09:26,401] {logging_mixin.py:109} INFO - [2021-11-18 21:09:26,400] {providers_manager.py:156} WARNING - Exception when importing 'airflow.providers.google.leveldb.hooks.leveldb.LevelDBHook' from 'apache-airflow-providers-google' package: No module named 'plyvel'
[2021-11-18 21:09:26,958] {logging_mixin.py:109} INFO - [2021-11-18 21:09:26,957] {providers_manager.py:156} WARNING - Exception when importing 'airflow.providers.google.leveldb.hooks.leveldb.LevelDBHook' from 'apache-airflow-providers-google' package: No module named 'plyvel'
[2021-11-18 21:09:27,320] {logging_mixin.py:109} INFO - [2021-11-18 21:09:27,320] {manager.py:496} INFO - Created Permission View: can edit on DAG:example_short_circuit_operator
[2021-11-18 21:09:27,332] {logging_mixin.py:109} INFO - [2021-11-18 21:09:27,332] {manager.py:496} INFO - Created Permission View: can read on DAG:example_short_circuit_operator
[2021-11-18 21:09:27,333] {logging_mixin.py:109} INFO - [2021-11-18 21:09:27,332] {dag.py:2396} INFO - Sync 1 DAGs
[2021-11-18 21:09:27,344] {logging_mixin.py:109} INFO - [2021-11-18 21:09:27,343] {dag.py:2415} INFO - Creating ORM DAG for example_short_circuit_operator
[2021-11-18 21:09:27,356] {logging_mixin.py:109} INFO - [2021-11-18 21:09:27,355] {dag.py:2928} INFO - Setting next_dagrun for example_short_circuit_operator to 2021-11-17T21:09:27.355269+00:00
[2021-11-18 21:09:27,377] {processor.py:171} INFO - Processing /home/airflow/.local/lib/python3.7/site-packages/airflow/example_dags/example_short_circuit_operator.py took 2.799 seconds
[2021-11-18 21:09:58,085] {processor.py:163} INFO - Started process (PID=382) to work on /home/airflow/.local/lib/python3.7/site-packages/airflow/example_dags/example_short_circuit_operator.py
[2021-11-18 21:09:58,086] {processor.py:625} INFO - Processing file /home/airflow/.local/lib/python3.7/site-packages/airflow/example_dags/example_short_circuit_operator.py for tasks to queue
[2021-11-18 21:09:58,087] {logging_mixin.py:109} INFO - [2021-11-18 21:09:58,086] {dagbag.py:500} INFO - Filling up the DagBag from /home/airflow/.local/lib/python3.7/site-packages/airflow/example_dags/example_short_circuit_operator.py
[2021-11-18 21:09:58,113] {processor.py:637} INFO - DAG(s) dict_keys(['example_short_circuit_operator']) retrieved from /home/airflow/.local/lib/python3.7/site-packages/airflow/example_dags/example_short_circuit_operator.py
[2021-11-18 21:09:58,123] {logging_mixin.py:109} INFO - [2021-11-18 21:09:58,123] {dag.py:2396} INFO - Sync 1 DAGs
[2021-11-18 21:09:58,141] {logging_mixin.py:109} INFO - [2021-11-18 21:09:58,141] {dag.py:2928} INFO - Setting next_dagrun for example_short_circuit_operator to 2021-11-17T21:09:58.141498+00:00
[2021-11-18 21:09:58,152] {processor.py:171} INFO - Processing /home/airflow/.local/lib/python3.7/site-packages/airflow/example_dags/example_short_circuit_operator.py took 0.070 seconds
[2021-11-18 23:10:35,512] {processor.py:163} INFO - Started process (PID=62) to work on /home/airflow/.local/lib/python3.7/site-packages/airflow/example_dags/example_short_circuit_operator.py
[2021-11-18 23:10:35,513] {processor.py:625} INFO - Processing file /home/airflow/.local/lib/python3.7/site-packages/airflow/example_dags/example_short_circuit_operator.py for tasks to queue
[2021-11-18 23:10:35,514] {logging_mixin.py:109} INFO - [2021-11-18 23:10:35,514] {dagbag.py:500} INFO - Filling up the DagBag from /home/airflow/.local/lib/python3.7/site-packages/airflow/example_dags/example_short_circuit_operator.py
[2021-11-18 23:10:35,561] {processor.py:637} INFO - DAG(s) dict_keys(['example_short_circuit_operator']) retrieved from /home/airflow/.local/lib/python3.7/site-packages/airflow/example_dags/example_short_circuit_operator.py
[2021-11-18 23:10:35,577] {logging_mixin.py:109} INFO - [2021-11-18 23:10:35,577] {dag.py:2396} INFO - Sync 1 DAGs
[2021-11-18 23:10:35,603] {logging_mixin.py:109} INFO - [2021-11-18 23:10:35,603] {dag.py:2928} INFO - Setting next_dagrun for example_short_circuit_operator to 2021-11-17T23:10:35.603154+00:00
[2021-11-18 23:10:35,619] {processor.py:171} INFO - Processing /home/airflow/.local/lib/python3.7/site-packages/airflow/example_dags/example_short_circuit_operator.py took 0.112 seconds
[2021-11-18 23:11:07,671] {processor.py:163} INFO - Started process (PID=120) to work on /home/airflow/.local/lib/python3.7/site-packages/airflow/example_dags/example_short_circuit_operator.py
[2021-11-18 23:11:07,731] {processor.py:625} INFO - Processing file /home/airflow/.local/lib/python3.7/site-packages/airflow/example_dags/example_short_circuit_operator.py for tasks to queue
[2021-11-18 23:11:07,732] {logging_mixin.py:109} INFO - [2021-11-18 23:11:07,732] {dagbag.py:500} INFO - Filling up the DagBag from /home/airflow/.local/lib/python3.7/site-packages/airflow/example_dags/example_short_circuit_operator.py
[2021-11-18 23:11:07,773] {processor.py:637} INFO - DAG(s) dict_keys(['example_short_circuit_operator']) retrieved from /home/airflow/.local/lib/python3.7/site-packages/airflow/example_dags/example_short_circuit_operator.py
[2021-11-18 23:11:07,787] {logging_mixin.py:109} INFO - [2021-11-18 23:11:07,787] {dag.py:2396} INFO - Sync 1 DAGs
[2021-11-18 23:11:07,817] {logging_mixin.py:109} INFO - [2021-11-18 23:11:07,817] {dag.py:2928} INFO - Setting next_dagrun for example_short_circuit_operator to 2021-11-17T23:11:07.816587+00:00
[2021-11-18 23:11:07,845] {processor.py:171} INFO - Processing /home/airflow/.local/lib/python3.7/site-packages/airflow/example_dags/example_short_circuit_operator.py took 0.176 seconds
[2021-11-18 23:11:38,851] {processor.py:163} INFO - Started process (PID=170) to work on /home/airflow/.local/lib/python3.7/site-packages/airflow/example_dags/example_short_circuit_operator.py
[2021-11-18 23:11:38,852] {processor.py:625} INFO - Processing file /home/airflow/.local/lib/python3.7/site-packages/airflow/example_dags/example_short_circuit_operator.py for tasks to queue
[2021-11-18 23:11:38,853] {logging_mixin.py:109} INFO - [2021-11-18 23:11:38,853] {dagbag.py:500} INFO - Filling up the DagBag from /home/airflow/.local/lib/python3.7/site-packages/airflow/example_dags/example_short_circuit_operator.py
[2021-11-18 23:11:38,891] {processor.py:637} INFO - DAG(s) dict_keys(['example_short_circuit_operator']) retrieved from /home/airflow/.local/lib/python3.7/site-packages/airflow/example_dags/example_short_circuit_operator.py
[2021-11-18 23:11:38,906] {logging_mixin.py:109} INFO - [2021-11-18 23:11:38,906] {dag.py:2396} INFO - Sync 1 DAGs
[2021-11-18 23:11:38,930] {logging_mixin.py:109} INFO - [2021-11-18 23:11:38,930] {dag.py:2928} INFO - Setting next_dagrun for example_short_circuit_operator to 2021-11-17T23:11:38.929337+00:00
[2021-11-18 23:11:38,949] {processor.py:171} INFO - Processing /home/airflow/.local/lib/python3.7/site-packages/airflow/example_dags/example_short_circuit_operator.py took 0.103 seconds
[2021-11-18 23:12:10,339] {processor.py:163} INFO - Started process (PID=220) to work on /home/airflow/.local/lib/python3.7/site-packages/airflow/example_dags/example_short_circuit_operator.py
[2021-11-18 23:12:10,360] {processor.py:625} INFO - Processing file /home/airflow/.local/lib/python3.7/site-packages/airflow/example_dags/example_short_circuit_operator.py for tasks to queue
[2021-11-18 23:12:10,361] {logging_mixin.py:109} INFO - [2021-11-18 23:12:10,361] {dagbag.py:500} INFO - Filling up the DagBag from /home/airflow/.local/lib/python3.7/site-packages/airflow/example_dags/example_short_circuit_operator.py
[2021-11-18 23:12:10,397] {processor.py:637} INFO - DAG(s) dict_keys(['example_short_circuit_operator']) retrieved from /home/airflow/.local/lib/python3.7/site-packages/airflow/example_dags/example_short_circuit_operator.py
[2021-11-18 23:12:10,411] {logging_mixin.py:109} INFO - [2021-11-18 23:12:10,411] {dag.py:2396} INFO - Sync 1 DAGs
[2021-11-18 23:12:10,433] {logging_mixin.py:109} INFO - [2021-11-18 23:12:10,433] {dag.py:2928} INFO - Setting next_dagrun for example_short_circuit_operator to 2021-11-17T23:12:10.433483+00:00
[2021-11-18 23:12:10,449] {processor.py:171} INFO - Processing /home/airflow/.local/lib/python3.7/site-packages/airflow/example_dags/example_short_circuit_operator.py took 0.114 seconds
[2021-11-18 23:12:42,263] {processor.py:163} INFO - Started process (PID=278) to work on /home/airflow/.local/lib/python3.7/site-packages/airflow/example_dags/example_short_circuit_operator.py
[2021-11-18 23:12:43,148] {processor.py:625} INFO - Processing file /home/airflow/.local/lib/python3.7/site-packages/airflow/example_dags/example_short_circuit_operator.py for tasks to queue
[2021-11-18 23:12:43,149] {logging_mixin.py:109} INFO - [2021-11-18 23:12:43,149] {dagbag.py:500} INFO - Filling up the DagBag from /home/airflow/.local/lib/python3.7/site-packages/airflow/example_dags/example_short_circuit_operator.py
[2021-11-18 23:12:43,192] {processor.py:637} INFO - DAG(s) dict_keys(['example_short_circuit_operator']) retrieved from /home/airflow/.local/lib/python3.7/site-packages/airflow/example_dags/example_short_circuit_operator.py
[2021-11-18 23:12:43,212] {logging_mixin.py:109} INFO - [2021-11-18 23:12:43,211] {dag.py:2396} INFO - Sync 1 DAGs
[2021-11-18 23:12:43,240] {logging_mixin.py:109} INFO - [2021-11-18 23:12:43,240] {dag.py:2928} INFO - Setting next_dagrun for example_short_circuit_operator to 2021-11-17T23:12:43.239663+00:00
[2021-11-18 23:12:43,259] {processor.py:171} INFO - Processing /home/airflow/.local/lib/python3.7/site-packages/airflow/example_dags/example_short_circuit_operator.py took 1.000 seconds
[2021-11-18 23:13:14,092] {processor.py:163} INFO - Started process (PID=329) to work on /home/airflow/.local/lib/python3.7/site-packages/airflow/example_dags/example_short_circuit_operator.py
[2021-11-18 23:13:14,096] {processor.py:625} INFO - Processing file /home/airflow/.local/lib/python3.7/site-packages/airflow/example_dags/example_short_circuit_operator.py for tasks to queue
[2021-11-18 23:13:14,098] {logging_mixin.py:109} INFO - [2021-11-18 23:13:14,097] {dagbag.py:500} INFO - Filling up the DagBag from /home/airflow/.local/lib/python3.7/site-packages/airflow/example_dags/example_short_circuit_operator.py
[2021-11-18 23:13:14,129] {processor.py:637} INFO - DAG(s) dict_keys(['example_short_circuit_operator']) retrieved from /home/airflow/.local/lib/python3.7/site-packages/airflow/example_dags/example_short_circuit_operator.py
[2021-11-18 23:13:14,141] {logging_mixin.py:109} INFO - [2021-11-18 23:13:14,141] {dag.py:2396} INFO - Sync 1 DAGs
[2021-11-18 23:13:14,160] {logging_mixin.py:109} INFO - [2021-11-18 23:13:14,160] {dag.py:2928} INFO - Setting next_dagrun for example_short_circuit_operator to 2021-11-17T23:13:14.159970+00:00
[2021-11-18 23:13:14,175] {processor.py:171} INFO - Processing /home/airflow/.local/lib/python3.7/site-packages/airflow/example_dags/example_short_circuit_operator.py took 0.093 seconds
[2021-11-18 23:13:45,152] {processor.py:163} INFO - Started process (PID=388) to work on /home/airflow/.local/lib/python3.7/site-packages/airflow/example_dags/example_short_circuit_operator.py
[2021-11-18 23:13:45,900] {processor.py:625} INFO - Processing file /home/airflow/.local/lib/python3.7/site-packages/airflow/example_dags/example_short_circuit_operator.py for tasks to queue
[2021-11-18 23:13:45,902] {logging_mixin.py:109} INFO - [2021-11-18 23:13:45,901] {dagbag.py:500} INFO - Filling up the DagBag from /home/airflow/.local/lib/python3.7/site-packages/airflow/example_dags/example_short_circuit_operator.py
[2021-11-18 23:13:45,937] {processor.py:637} INFO - DAG(s) dict_keys(['example_short_circuit_operator']) retrieved from /home/airflow/.local/lib/python3.7/site-packages/airflow/example_dags/example_short_circuit_operator.py
[2021-11-18 23:13:45,953] {logging_mixin.py:109} INFO - [2021-11-18 23:13:45,953] {dag.py:2396} INFO - Sync 1 DAGs
[2021-11-18 23:13:45,974] {logging_mixin.py:109} INFO - [2021-11-18 23:13:45,973] {dag.py:2928} INFO - Setting next_dagrun for example_short_circuit_operator to 2021-11-17T23:13:45.973589+00:00
[2021-11-18 23:13:45,989] {processor.py:171} INFO - Processing /home/airflow/.local/lib/python3.7/site-packages/airflow/example_dags/example_short_circuit_operator.py took 0.842 seconds
[2021-11-18 23:14:16,183] {processor.py:163} INFO - Started process (PID=439) to work on /home/airflow/.local/lib/python3.7/site-packages/airflow/example_dags/example_short_circuit_operator.py
[2021-11-18 23:14:16,443] {processor.py:625} INFO - Processing file /home/airflow/.local/lib/python3.7/site-packages/airflow/example_dags/example_short_circuit_operator.py for tasks to queue
[2021-11-18 23:14:16,444] {logging_mixin.py:109} INFO - [2021-11-18 23:14:16,444] {dagbag.py:500} INFO - Filling up the DagBag from /home/airflow/.local/lib/python3.7/site-packages/airflow/example_dags/example_short_circuit_operator.py
[2021-11-18 23:14:16,486] {processor.py:637} INFO - DAG(s) dict_keys(['example_short_circuit_operator']) retrieved from /home/airflow/.local/lib/python3.7/site-packages/airflow/example_dags/example_short_circuit_operator.py
[2021-11-18 23:14:16,502] {logging_mixin.py:109} INFO - [2021-11-18 23:14:16,502] {dag.py:2396} INFO - Sync 1 DAGs
[2021-11-18 23:14:16,524] {logging_mixin.py:109} INFO - [2021-11-18 23:14:16,524] {dag.py:2928} INFO - Setting next_dagrun for example_short_circuit_operator to 2021-11-17T23:14:16.524071+00:00
[2021-11-18 23:14:16,542] {processor.py:171} INFO - Processing /home/airflow/.local/lib/python3.7/site-packages/airflow/example_dags/example_short_circuit_operator.py took 0.362 seconds
[2021-11-18 23:14:46,604] {processor.py:163} INFO - Started process (PID=488) to work on /home/airflow/.local/lib/python3.7/site-packages/airflow/example_dags/example_short_circuit_operator.py
[2021-11-18 23:14:46,605] {processor.py:625} INFO - Processing file /home/airflow/.local/lib/python3.7/site-packages/airflow/example_dags/example_short_circuit_operator.py for tasks to queue
[2021-11-18 23:14:46,606] {logging_mixin.py:109} INFO - [2021-11-18 23:14:46,606] {dagbag.py:500} INFO - Filling up the DagBag from /home/airflow/.local/lib/python3.7/site-packages/airflow/example_dags/example_short_circuit_operator.py
[2021-11-18 23:14:46,636] {processor.py:637} INFO - DAG(s) dict_keys(['example_short_circuit_operator']) retrieved from /home/airflow/.local/lib/python3.7/site-packages/airflow/example_dags/example_short_circuit_operator.py
[2021-11-18 23:14:46,648] {logging_mixin.py:109} INFO - [2021-11-18 23:14:46,648] {dag.py:2396} INFO - Sync 1 DAGs
[2021-11-18 23:14:46,666] {logging_mixin.py:109} INFO - [2021-11-18 23:14:46,665] {dag.py:2928} INFO - Setting next_dagrun for example_short_circuit_operator to 2021-11-17T23:14:46.665558+00:00
[2021-11-18 23:14:46,675] {processor.py:171} INFO - Processing /home/airflow/.local/lib/python3.7/site-packages/airflow/example_dags/example_short_circuit_operator.py took 0.074 seconds
[2021-11-18 23:15:17,996] {processor.py:163} INFO - Started process (PID=547) to work on /home/airflow/.local/lib/python3.7/site-packages/airflow/example_dags/example_short_circuit_operator.py
[2021-11-18 23:15:18,176] {processor.py:625} INFO - Processing file /home/airflow/.local/lib/python3.7/site-packages/airflow/example_dags/example_short_circuit_operator.py for tasks to queue
[2021-11-18 23:15:18,178] {logging_mixin.py:109} INFO - [2021-11-18 23:15:18,177] {dagbag.py:500} INFO - Filling up the DagBag from /home/airflow/.local/lib/python3.7/site-packages/airflow/example_dags/example_short_circuit_operator.py
[2021-11-18 23:15:18,267] {processor.py:637} INFO - DAG(s) dict_keys(['example_short_circuit_operator']) retrieved from /home/airflow/.local/lib/python3.7/site-packages/airflow/example_dags/example_short_circuit_operator.py
[2021-11-18 23:15:18,286] {logging_mixin.py:109} INFO - [2021-11-18 23:15:18,286] {dag.py:2396} INFO - Sync 1 DAGs
[2021-11-18 23:15:18,305] {logging_mixin.py:109} INFO - [2021-11-18 23:15:18,305] {dag.py:2928} INFO - Setting next_dagrun for example_short_circuit_operator to 2021-11-17T23:15:18.304920+00:00
[2021-11-18 23:15:18,314] {processor.py:171} INFO - Processing /home/airflow/.local/lib/python3.7/site-packages/airflow/example_dags/example_short_circuit_operator.py took 0.321 seconds
[2021-11-18 23:15:48,766] {processor.py:163} INFO - Started process (PID=598) to work on /home/airflow/.local/lib/python3.7/site-packages/airflow/example_dags/example_short_circuit_operator.py
[2021-11-18 23:15:48,777] {processor.py:625} INFO - Processing file /home/airflow/.local/lib/python3.7/site-packages/airflow/example_dags/example_short_circuit_operator.py for tasks to queue
[2021-11-18 23:15:48,777] {logging_mixin.py:109} INFO - [2021-11-18 23:15:48,777] {dagbag.py:500} INFO - Filling up the DagBag from /home/airflow/.local/lib/python3.7/site-packages/airflow/example_dags/example_short_circuit_operator.py
[2021-11-18 23:15:48,800] {processor.py:637} INFO - DAG(s) dict_keys(['example_short_circuit_operator']) retrieved from /home/airflow/.local/lib/python3.7/site-packages/airflow/example_dags/example_short_circuit_operator.py
[2021-11-18 23:15:48,809] {logging_mixin.py:109} INFO - [2021-11-18 23:15:48,809] {dag.py:2396} INFO - Sync 1 DAGs
[2021-11-18 23:15:48,826] {logging_mixin.py:109} INFO - [2021-11-18 23:15:48,826] {dag.py:2928} INFO - Setting next_dagrun for example_short_circuit_operator to 2021-11-17T23:15:48.825776+00:00
[2021-11-18 23:15:48,836] {processor.py:171} INFO - Processing /home/airflow/.local/lib/python3.7/site-packages/airflow/example_dags/example_short_circuit_operator.py took 0.073 seconds
[2021-11-18 23:16:20,434] {processor.py:163} INFO - Started process (PID=654) to work on /home/airflow/.local/lib/python3.7/site-packages/airflow/example_dags/example_short_circuit_operator.py
[2021-11-18 23:16:20,445] {processor.py:625} INFO - Processing file /home/airflow/.local/lib/python3.7/site-packages/airflow/example_dags/example_short_circuit_operator.py for tasks to queue
[2021-11-18 23:16:20,447] {logging_mixin.py:109} INFO - [2021-11-18 23:16:20,446] {dagbag.py:500} INFO - Filling up the DagBag from /home/airflow/.local/lib/python3.7/site-packages/airflow/example_dags/example_short_circuit_operator.py
[2021-11-18 23:16:20,489] {processor.py:637} INFO - DAG(s) dict_keys(['example_short_circuit_operator']) retrieved from /home/airflow/.local/lib/python3.7/site-packages/airflow/example_dags/example_short_circuit_operator.py
[2021-11-18 23:16:20,508] {logging_mixin.py:109} INFO - [2021-11-18 23:16:20,508] {dag.py:2396} INFO - Sync 1 DAGs
[2021-11-18 23:16:20,541] {logging_mixin.py:109} INFO - [2021-11-18 23:16:20,541] {dag.py:2928} INFO - Setting next_dagrun for example_short_circuit_operator to 2021-11-17T23:16:20.541184+00:00
[2021-11-18 23:16:20,563] {processor.py:171} INFO - Processing /home/airflow/.local/lib/python3.7/site-packages/airflow/example_dags/example_short_circuit_operator.py took 0.136 seconds
[2021-11-18 23:16:51,069] {processor.py:163} INFO - Started process (PID=706) to work on /home/airflow/.local/lib/python3.7/site-packages/airflow/example_dags/example_short_circuit_operator.py
[2021-11-18 23:16:51,147] {processor.py:625} INFO - Processing file /home/airflow/.local/lib/python3.7/site-packages/airflow/example_dags/example_short_circuit_operator.py for tasks to queue
[2021-11-18 23:16:51,148] {logging_mixin.py:109} INFO - [2021-11-18 23:16:51,148] {dagbag.py:500} INFO - Filling up the DagBag from /home/airflow/.local/lib/python3.7/site-packages/airflow/example_dags/example_short_circuit_operator.py
[2021-11-18 23:16:51,177] {processor.py:637} INFO - DAG(s) dict_keys(['example_short_circuit_operator']) retrieved from /home/airflow/.local/lib/python3.7/site-packages/airflow/example_dags/example_short_circuit_operator.py
[2021-11-18 23:16:51,190] {logging_mixin.py:109} INFO - [2021-11-18 23:16:51,190] {dag.py:2396} INFO - Sync 1 DAGs
[2021-11-18 23:16:51,211] {logging_mixin.py:109} INFO - [2021-11-18 23:16:51,211] {dag.py:2928} INFO - Setting next_dagrun for example_short_circuit_operator to 2021-11-17T23:16:51.210802+00:00
[2021-11-18 23:16:51,300] {processor.py:171} INFO - Processing /home/airflow/.local/lib/python3.7/site-packages/airflow/example_dags/example_short_circuit_operator.py took 0.235 seconds
[2021-11-18 23:17:23,354] {processor.py:163} INFO - Started process (PID=757) to work on /home/airflow/.local/lib/python3.7/site-packages/airflow/example_dags/example_short_circuit_operator.py
[2021-11-18 23:17:23,356] {processor.py:625} INFO - Processing file /home/airflow/.local/lib/python3.7/site-packages/airflow/example_dags/example_short_circuit_operator.py for tasks to queue
[2021-11-18 23:17:23,357] {logging_mixin.py:109} INFO - [2021-11-18 23:17:23,357] {dagbag.py:500} INFO - Filling up the DagBag from /home/airflow/.local/lib/python3.7/site-packages/airflow/example_dags/example_short_circuit_operator.py
[2021-11-18 23:17:23,397] {processor.py:637} INFO - DAG(s) dict_keys(['example_short_circuit_operator']) retrieved from /home/airflow/.local/lib/python3.7/site-packages/airflow/example_dags/example_short_circuit_operator.py
[2021-11-18 23:17:23,412] {logging_mixin.py:109} INFO - [2021-11-18 23:17:23,412] {dag.py:2396} INFO - Sync 1 DAGs
[2021-11-18 23:17:23,514] {logging_mixin.py:109} INFO - [2021-11-18 23:17:23,514] {dag.py:2928} INFO - Setting next_dagrun for example_short_circuit_operator to 2021-11-17T23:17:23.514593+00:00
[2021-11-18 23:17:23,530] {processor.py:171} INFO - Processing /home/airflow/.local/lib/python3.7/site-packages/airflow/example_dags/example_short_circuit_operator.py took 0.181 seconds
