[2021-11-18 21:08:55,230] {processor.py:163} INFO - Started process (PID=82) to work on /home/airflow/.local/lib/python3.7/site-packages/airflow/example_dags/example_branch_operator.py
[2021-11-18 21:08:55,232] {processor.py:625} INFO - Processing file /home/airflow/.local/lib/python3.7/site-packages/airflow/example_dags/example_branch_operator.py for tasks to queue
[2021-11-18 21:08:55,232] {logging_mixin.py:109} INFO - [2021-11-18 21:08:55,232] {dagbag.py:500} INFO - Filling up the DagBag from /home/airflow/.local/lib/python3.7/site-packages/airflow/example_dags/example_branch_operator.py
[2021-11-18 21:08:55,274] {processor.py:637} INFO - DAG(s) dict_keys(['example_branch_operator']) retrieved from /home/airflow/.local/lib/python3.7/site-packages/airflow/example_dags/example_branch_operator.py
[2021-11-18 21:08:57,925] {logging_mixin.py:109} INFO - [2021-11-18 21:08:57,925] {providers_manager.py:156} WARNING - Exception when importing 'airflow.providers.google.leveldb.hooks.leveldb.LevelDBHook' from 'apache-airflow-providers-google' package: No module named 'plyvel'
[2021-11-18 21:08:58,933] {logging_mixin.py:109} INFO - [2021-11-18 21:08:58,933] {providers_manager.py:156} WARNING - Exception when importing 'airflow.providers.google.leveldb.hooks.leveldb.LevelDBHook' from 'apache-airflow-providers-google' package: No module named 'plyvel'
[2021-11-18 21:08:59,091] {logging_mixin.py:109} INFO - [2021-11-18 21:08:59,091] {manager.py:496} INFO - Created Permission View: can edit on DAG:example_branch_operator
[2021-11-18 21:08:59,111] {logging_mixin.py:109} INFO - [2021-11-18 21:08:59,111] {manager.py:496} INFO - Created Permission View: can read on DAG:example_branch_operator
[2021-11-18 21:08:59,112] {logging_mixin.py:109} INFO - [2021-11-18 21:08:59,111] {dag.py:2396} INFO - Sync 1 DAGs
[2021-11-18 21:08:59,137] {logging_mixin.py:109} INFO - [2021-11-18 21:08:59,137] {dag.py:2415} INFO - Creating ORM DAG for example_branch_operator
[2021-11-18 21:08:59,168] {logging_mixin.py:109} INFO - [2021-11-18 21:08:59,168] {dag.py:2928} INFO - Setting next_dagrun for example_branch_operator to 2021-11-17 00:00:00+00:00
[2021-11-18 21:08:59,256] {processor.py:171} INFO - Processing /home/airflow/.local/lib/python3.7/site-packages/airflow/example_dags/example_branch_operator.py took 4.030 seconds
[2021-11-18 21:09:35,324] {processor.py:163} INFO - Started process (PID=347) to work on /home/airflow/.local/lib/python3.7/site-packages/airflow/example_dags/example_branch_operator.py
[2021-11-18 21:09:35,326] {processor.py:625} INFO - Processing file /home/airflow/.local/lib/python3.7/site-packages/airflow/example_dags/example_branch_operator.py for tasks to queue
[2021-11-18 21:09:35,326] {logging_mixin.py:109} INFO - [2021-11-18 21:09:35,326] {dagbag.py:500} INFO - Filling up the DagBag from /home/airflow/.local/lib/python3.7/site-packages/airflow/example_dags/example_branch_operator.py
[2021-11-18 21:09:35,358] {processor.py:637} INFO - DAG(s) dict_keys(['example_branch_operator']) retrieved from /home/airflow/.local/lib/python3.7/site-packages/airflow/example_dags/example_branch_operator.py
[2021-11-18 21:09:35,381] {logging_mixin.py:109} INFO - [2021-11-18 21:09:35,381] {dag.py:2396} INFO - Sync 1 DAGs
[2021-11-18 21:09:35,428] {logging_mixin.py:109} INFO - [2021-11-18 21:09:35,428] {dag.py:2928} INFO - Setting next_dagrun for example_branch_operator to 2021-11-17 00:00:00+00:00
[2021-11-18 21:09:35,455] {processor.py:171} INFO - Processing /home/airflow/.local/lib/python3.7/site-packages/airflow/example_dags/example_branch_operator.py took 0.134 seconds
[2021-11-18 21:10:06,393] {processor.py:163} INFO - Started process (PID=404) to work on /home/airflow/.local/lib/python3.7/site-packages/airflow/example_dags/example_branch_operator.py
[2021-11-18 21:10:06,398] {processor.py:625} INFO - Processing file /home/airflow/.local/lib/python3.7/site-packages/airflow/example_dags/example_branch_operator.py for tasks to queue
[2021-11-18 21:10:06,399] {logging_mixin.py:109} INFO - [2021-11-18 21:10:06,399] {dagbag.py:500} INFO - Filling up the DagBag from /home/airflow/.local/lib/python3.7/site-packages/airflow/example_dags/example_branch_operator.py
[2021-11-18 21:10:06,465] {processor.py:637} INFO - DAG(s) dict_keys(['example_branch_operator']) retrieved from /home/airflow/.local/lib/python3.7/site-packages/airflow/example_dags/example_branch_operator.py
[2021-11-18 21:10:06,488] {logging_mixin.py:109} INFO - [2021-11-18 21:10:06,488] {dag.py:2396} INFO - Sync 1 DAGs
[2021-11-18 21:10:06,520] {logging_mixin.py:109} INFO - [2021-11-18 21:10:06,520] {dag.py:2928} INFO - Setting next_dagrun for example_branch_operator to 2021-11-17 00:00:00+00:00
[2021-11-18 21:10:06,533] {processor.py:171} INFO - Processing /home/airflow/.local/lib/python3.7/site-packages/airflow/example_dags/example_branch_operator.py took 0.146 seconds
