[2021-11-18 21:08:59,346] {processor.py:163} INFO - Started process (PID=99) to work on /home/airflow/.local/lib/python3.7/site-packages/airflow/example_dags/example_external_task_marker_dag.py
[2021-11-18 21:08:59,348] {processor.py:625} INFO - Processing file /home/airflow/.local/lib/python3.7/site-packages/airflow/example_dags/example_external_task_marker_dag.py for tasks to queue
[2021-11-18 21:08:59,358] {logging_mixin.py:109} INFO - [2021-11-18 21:08:59,358] {dagbag.py:500} INFO - Filling up the DagBag from /home/airflow/.local/lib/python3.7/site-packages/airflow/example_dags/example_external_task_marker_dag.py
[2021-11-18 21:08:59,469] {processor.py:637} INFO - DAG(s) dict_keys(['example_external_task_marker_parent', 'example_external_task_marker_child']) retrieved from /home/airflow/.local/lib/python3.7/site-packages/airflow/example_dags/example_external_task_marker_dag.py
[2021-11-18 21:09:02,755] {logging_mixin.py:109} INFO - [2021-11-18 21:09:02,755] {providers_manager.py:156} WARNING - Exception when importing 'airflow.providers.google.leveldb.hooks.leveldb.LevelDBHook' from 'apache-airflow-providers-google' package: No module named 'plyvel'
[2021-11-18 21:09:03,624] {logging_mixin.py:109} INFO - [2021-11-18 21:09:03,624] {providers_manager.py:156} WARNING - Exception when importing 'airflow.providers.google.leveldb.hooks.leveldb.LevelDBHook' from 'apache-airflow-providers-google' package: No module named 'plyvel'
[2021-11-18 21:09:03,751] {logging_mixin.py:109} INFO - [2021-11-18 21:09:03,751] {manager.py:496} INFO - Created Permission View: can edit on DAG:example_external_task_marker_parent
[2021-11-18 21:09:03,768] {logging_mixin.py:109} INFO - [2021-11-18 21:09:03,768] {manager.py:496} INFO - Created Permission View: can read on DAG:example_external_task_marker_parent
[2021-11-18 21:09:03,817] {logging_mixin.py:109} INFO - [2021-11-18 21:09:03,817] {manager.py:496} INFO - Created Permission View: can edit on DAG:example_external_task_marker_child
[2021-11-18 21:09:03,836] {logging_mixin.py:109} INFO - [2021-11-18 21:09:03,835] {manager.py:496} INFO - Created Permission View: can read on DAG:example_external_task_marker_child
[2021-11-18 21:09:03,836] {logging_mixin.py:109} INFO - [2021-11-18 21:09:03,836] {dag.py:2396} INFO - Sync 2 DAGs
[2021-11-18 21:09:03,848] {logging_mixin.py:109} INFO - [2021-11-18 21:09:03,847] {dag.py:2415} INFO - Creating ORM DAG for example_external_task_marker_child
[2021-11-18 21:09:03,849] {logging_mixin.py:109} INFO - [2021-11-18 21:09:03,849] {dag.py:2415} INFO - Creating ORM DAG for example_external_task_marker_parent
[2021-11-18 21:09:03,865] {logging_mixin.py:109} INFO - [2021-11-18 21:09:03,865] {dag.py:2928} INFO - Setting next_dagrun for example_external_task_marker_child to None
[2021-11-18 21:09:03,865] {logging_mixin.py:109} INFO - [2021-11-18 21:09:03,865] {dag.py:2928} INFO - Setting next_dagrun for example_external_task_marker_parent to None
[2021-11-18 21:09:03,884] {processor.py:171} INFO - Processing /home/airflow/.local/lib/python3.7/site-packages/airflow/example_dags/example_external_task_marker_dag.py took 4.564 seconds
[2021-11-18 21:09:35,405] {processor.py:163} INFO - Started process (PID=348) to work on /home/airflow/.local/lib/python3.7/site-packages/airflow/example_dags/example_external_task_marker_dag.py
[2021-11-18 21:09:35,417] {processor.py:625} INFO - Processing file /home/airflow/.local/lib/python3.7/site-packages/airflow/example_dags/example_external_task_marker_dag.py for tasks to queue
[2021-11-18 21:09:35,418] {logging_mixin.py:109} INFO - [2021-11-18 21:09:35,418] {dagbag.py:500} INFO - Filling up the DagBag from /home/airflow/.local/lib/python3.7/site-packages/airflow/example_dags/example_external_task_marker_dag.py
[2021-11-18 21:09:35,471] {processor.py:637} INFO - DAG(s) dict_keys(['example_external_task_marker_parent', 'example_external_task_marker_child']) retrieved from /home/airflow/.local/lib/python3.7/site-packages/airflow/example_dags/example_external_task_marker_dag.py
[2021-11-18 21:09:35,497] {logging_mixin.py:109} INFO - [2021-11-18 21:09:35,497] {dag.py:2396} INFO - Sync 2 DAGs
[2021-11-18 21:09:35,528] {logging_mixin.py:109} INFO - [2021-11-18 21:09:35,528] {dag.py:2928} INFO - Setting next_dagrun for example_external_task_marker_child to None
[2021-11-18 21:09:35,754] {logging_mixin.py:109} INFO - [2021-11-18 21:09:35,754] {dag.py:2928} INFO - Setting next_dagrun for example_external_task_marker_parent to None
[2021-11-18 21:09:35,788] {processor.py:171} INFO - Processing /home/airflow/.local/lib/python3.7/site-packages/airflow/example_dags/example_external_task_marker_dag.py took 0.389 seconds
[2021-11-18 21:10:06,550] {processor.py:163} INFO - Started process (PID=405) to work on /home/airflow/.local/lib/python3.7/site-packages/airflow/example_dags/example_external_task_marker_dag.py
[2021-11-18 21:10:06,569] {processor.py:625} INFO - Processing file /home/airflow/.local/lib/python3.7/site-packages/airflow/example_dags/example_external_task_marker_dag.py for tasks to queue
[2021-11-18 21:10:06,570] {logging_mixin.py:109} INFO - [2021-11-18 21:10:06,569] {dagbag.py:500} INFO - Filling up the DagBag from /home/airflow/.local/lib/python3.7/site-packages/airflow/example_dags/example_external_task_marker_dag.py
[2021-11-18 21:10:06,593] {processor.py:637} INFO - DAG(s) dict_keys(['example_external_task_marker_parent', 'example_external_task_marker_child']) retrieved from /home/airflow/.local/lib/python3.7/site-packages/airflow/example_dags/example_external_task_marker_dag.py
[2021-11-18 21:10:06,606] {logging_mixin.py:109} INFO - [2021-11-18 21:10:06,606] {dag.py:2396} INFO - Sync 2 DAGs
[2021-11-18 21:10:06,623] {logging_mixin.py:109} INFO - [2021-11-18 21:10:06,623] {dag.py:2928} INFO - Setting next_dagrun for example_external_task_marker_child to None
[2021-11-18 21:10:06,624] {logging_mixin.py:109} INFO - [2021-11-18 21:10:06,624] {dag.py:2928} INFO - Setting next_dagrun for example_external_task_marker_parent to None
[2021-11-18 21:10:06,636] {processor.py:171} INFO - Processing /home/airflow/.local/lib/python3.7/site-packages/airflow/example_dags/example_external_task_marker_dag.py took 0.089 seconds
