[2021-11-18 21:09:20,861] {processor.py:163} INFO - Started process (PID=241) to work on /home/airflow/.local/lib/python3.7/site-packages/airflow/example_dags/example_task_group_decorator.py
[2021-11-18 21:09:20,863] {processor.py:625} INFO - Processing file /home/airflow/.local/lib/python3.7/site-packages/airflow/example_dags/example_task_group_decorator.py for tasks to queue
[2021-11-18 21:09:20,863] {logging_mixin.py:109} INFO - [2021-11-18 21:09:20,863] {dagbag.py:500} INFO - Filling up the DagBag from /home/airflow/.local/lib/python3.7/site-packages/airflow/example_dags/example_task_group_decorator.py
[2021-11-18 21:09:20,907] {processor.py:637} INFO - DAG(s) dict_keys(['example_task_group_decorator']) retrieved from /home/airflow/.local/lib/python3.7/site-packages/airflow/example_dags/example_task_group_decorator.py
[2021-11-18 21:09:22,383] {logging_mixin.py:109} INFO - [2021-11-18 21:09:22,383] {providers_manager.py:156} WARNING - Exception when importing 'airflow.providers.google.leveldb.hooks.leveldb.LevelDBHook' from 'apache-airflow-providers-google' package: No module named 'plyvel'
[2021-11-18 21:09:22,735] {logging_mixin.py:109} INFO - [2021-11-18 21:09:22,735] {providers_manager.py:156} WARNING - Exception when importing 'airflow.providers.google.leveldb.hooks.leveldb.LevelDBHook' from 'apache-airflow-providers-google' package: No module named 'plyvel'
[2021-11-18 21:09:22,973] {logging_mixin.py:109} INFO - [2021-11-18 21:09:22,973] {manager.py:496} INFO - Created Permission View: can edit on DAG:example_task_group_decorator
[2021-11-18 21:09:22,985] {logging_mixin.py:109} INFO - [2021-11-18 21:09:22,984] {manager.py:496} INFO - Created Permission View: can read on DAG:example_task_group_decorator
[2021-11-18 21:09:22,986] {logging_mixin.py:109} INFO - [2021-11-18 21:09:22,985] {dag.py:2396} INFO - Sync 1 DAGs
[2021-11-18 21:09:22,998] {logging_mixin.py:109} INFO - [2021-11-18 21:09:22,998] {dag.py:2415} INFO - Creating ORM DAG for example_task_group_decorator
[2021-11-18 21:09:23,010] {logging_mixin.py:109} INFO - [2021-11-18 21:09:23,010] {dag.py:2928} INFO - Setting next_dagrun for example_task_group_decorator to 2021-11-17T21:09:23.010023+00:00
[2021-11-18 21:09:23,028] {processor.py:171} INFO - Processing /home/airflow/.local/lib/python3.7/site-packages/airflow/example_dags/example_task_group_decorator.py took 2.170 seconds
[2021-11-18 21:09:53,622] {processor.py:163} INFO - Started process (PID=379) to work on /home/airflow/.local/lib/python3.7/site-packages/airflow/example_dags/example_task_group_decorator.py
[2021-11-18 21:09:53,623] {processor.py:625} INFO - Processing file /home/airflow/.local/lib/python3.7/site-packages/airflow/example_dags/example_task_group_decorator.py for tasks to queue
[2021-11-18 21:09:53,951] {logging_mixin.py:109} INFO - [2021-11-18 21:09:53,951] {dagbag.py:500} INFO - Filling up the DagBag from /home/airflow/.local/lib/python3.7/site-packages/airflow/example_dags/example_task_group_decorator.py
[2021-11-18 21:09:53,989] {processor.py:637} INFO - DAG(s) dict_keys(['example_task_group_decorator']) retrieved from /home/airflow/.local/lib/python3.7/site-packages/airflow/example_dags/example_task_group_decorator.py
[2021-11-18 21:09:54,309] {logging_mixin.py:109} INFO - [2021-11-18 21:09:54,308] {dag.py:2396} INFO - Sync 1 DAGs
[2021-11-18 21:09:54,322] {logging_mixin.py:109} INFO - [2021-11-18 21:09:54,322] {dag.py:2928} INFO - Setting next_dagrun for example_task_group_decorator to 2021-11-17T21:09:54.322078+00:00
[2021-11-18 21:09:54,333] {processor.py:171} INFO - Processing /home/airflow/.local/lib/python3.7/site-packages/airflow/example_dags/example_task_group_decorator.py took 0.714 seconds
[2021-11-18 23:10:34,923] {processor.py:163} INFO - Started process (PID=59) to work on /home/airflow/.local/lib/python3.7/site-packages/airflow/example_dags/example_task_group_decorator.py
[2021-11-18 23:10:34,924] {processor.py:625} INFO - Processing file /home/airflow/.local/lib/python3.7/site-packages/airflow/example_dags/example_task_group_decorator.py for tasks to queue
[2021-11-18 23:10:34,925] {logging_mixin.py:109} INFO - [2021-11-18 23:10:34,924] {dagbag.py:500} INFO - Filling up the DagBag from /home/airflow/.local/lib/python3.7/site-packages/airflow/example_dags/example_task_group_decorator.py
[2021-11-18 23:10:34,981] {processor.py:637} INFO - DAG(s) dict_keys(['example_task_group_decorator']) retrieved from /home/airflow/.local/lib/python3.7/site-packages/airflow/example_dags/example_task_group_decorator.py
[2021-11-18 23:10:35,428] {logging_mixin.py:109} INFO - [2021-11-18 23:10:35,428] {dag.py:2396} INFO - Sync 1 DAGs
[2021-11-18 23:10:35,463] {logging_mixin.py:109} INFO - [2021-11-18 23:10:35,462] {dag.py:2928} INFO - Setting next_dagrun for example_task_group_decorator to 2021-11-17T23:10:35.462499+00:00
[2021-11-18 23:10:35,481] {processor.py:171} INFO - Processing /home/airflow/.local/lib/python3.7/site-packages/airflow/example_dags/example_task_group_decorator.py took 0.561 seconds
[2021-11-18 23:11:07,054] {processor.py:163} INFO - Started process (PID=117) to work on /home/airflow/.local/lib/python3.7/site-packages/airflow/example_dags/example_task_group_decorator.py
[2021-11-18 23:11:07,057] {processor.py:625} INFO - Processing file /home/airflow/.local/lib/python3.7/site-packages/airflow/example_dags/example_task_group_decorator.py for tasks to queue
[2021-11-18 23:11:07,058] {logging_mixin.py:109} INFO - [2021-11-18 23:11:07,057] {dagbag.py:500} INFO - Filling up the DagBag from /home/airflow/.local/lib/python3.7/site-packages/airflow/example_dags/example_task_group_decorator.py
[2021-11-18 23:11:07,127] {processor.py:637} INFO - DAG(s) dict_keys(['example_task_group_decorator']) retrieved from /home/airflow/.local/lib/python3.7/site-packages/airflow/example_dags/example_task_group_decorator.py
[2021-11-18 23:11:07,573] {logging_mixin.py:109} INFO - [2021-11-18 23:11:07,573] {dag.py:2396} INFO - Sync 1 DAGs
[2021-11-18 23:11:07,601] {logging_mixin.py:109} INFO - [2021-11-18 23:11:07,601] {dag.py:2928} INFO - Setting next_dagrun for example_task_group_decorator to 2021-11-17T23:11:07.601555+00:00
[2021-11-18 23:11:07,617] {processor.py:171} INFO - Processing /home/airflow/.local/lib/python3.7/site-packages/airflow/example_dags/example_task_group_decorator.py took 0.567 seconds
[2021-11-18 23:11:38,262] {processor.py:163} INFO - Started process (PID=168) to work on /home/airflow/.local/lib/python3.7/site-packages/airflow/example_dags/example_task_group_decorator.py
[2021-11-18 23:11:38,396] {processor.py:625} INFO - Processing file /home/airflow/.local/lib/python3.7/site-packages/airflow/example_dags/example_task_group_decorator.py for tasks to queue
[2021-11-18 23:11:38,397] {logging_mixin.py:109} INFO - [2021-11-18 23:11:38,397] {dagbag.py:500} INFO - Filling up the DagBag from /home/airflow/.local/lib/python3.7/site-packages/airflow/example_dags/example_task_group_decorator.py
[2021-11-18 23:11:38,463] {processor.py:637} INFO - DAG(s) dict_keys(['example_task_group_decorator']) retrieved from /home/airflow/.local/lib/python3.7/site-packages/airflow/example_dags/example_task_group_decorator.py
[2021-11-18 23:11:38,773] {logging_mixin.py:109} INFO - [2021-11-18 23:11:38,773] {dag.py:2396} INFO - Sync 1 DAGs
[2021-11-18 23:11:38,800] {logging_mixin.py:109} INFO - [2021-11-18 23:11:38,799] {dag.py:2928} INFO - Setting next_dagrun for example_task_group_decorator to 2021-11-17T23:11:38.799369+00:00
[2021-11-18 23:11:38,820] {processor.py:171} INFO - Processing /home/airflow/.local/lib/python3.7/site-packages/airflow/example_dags/example_task_group_decorator.py took 0.563 seconds
[2021-11-18 23:12:09,239] {processor.py:163} INFO - Started process (PID=218) to work on /home/airflow/.local/lib/python3.7/site-packages/airflow/example_dags/example_task_group_decorator.py
[2021-11-18 23:12:09,858] {processor.py:625} INFO - Processing file /home/airflow/.local/lib/python3.7/site-packages/airflow/example_dags/example_task_group_decorator.py for tasks to queue
[2021-11-18 23:12:09,859] {logging_mixin.py:109} INFO - [2021-11-18 23:12:09,859] {dagbag.py:500} INFO - Filling up the DagBag from /home/airflow/.local/lib/python3.7/site-packages/airflow/example_dags/example_task_group_decorator.py
[2021-11-18 23:12:09,935] {processor.py:637} INFO - DAG(s) dict_keys(['example_task_group_decorator']) retrieved from /home/airflow/.local/lib/python3.7/site-packages/airflow/example_dags/example_task_group_decorator.py
[2021-11-18 23:12:10,256] {logging_mixin.py:109} INFO - [2021-11-18 23:12:10,256] {dag.py:2396} INFO - Sync 1 DAGs
[2021-11-18 23:12:10,273] {logging_mixin.py:109} INFO - [2021-11-18 23:12:10,273] {dag.py:2928} INFO - Setting next_dagrun for example_task_group_decorator to 2021-11-17T23:12:10.272880+00:00
[2021-11-18 23:12:10,290] {processor.py:171} INFO - Processing /home/airflow/.local/lib/python3.7/site-packages/airflow/example_dags/example_task_group_decorator.py took 1.057 seconds
[2021-11-18 23:12:41,184] {processor.py:163} INFO - Started process (PID=276) to work on /home/airflow/.local/lib/python3.7/site-packages/airflow/example_dags/example_task_group_decorator.py
[2021-11-18 23:12:41,186] {processor.py:625} INFO - Processing file /home/airflow/.local/lib/python3.7/site-packages/airflow/example_dags/example_task_group_decorator.py for tasks to queue
[2021-11-18 23:12:41,187] {logging_mixin.py:109} INFO - [2021-11-18 23:12:41,187] {dagbag.py:500} INFO - Filling up the DagBag from /home/airflow/.local/lib/python3.7/site-packages/airflow/example_dags/example_task_group_decorator.py
[2021-11-18 23:12:41,238] {processor.py:637} INFO - DAG(s) dict_keys(['example_task_group_decorator']) retrieved from /home/airflow/.local/lib/python3.7/site-packages/airflow/example_dags/example_task_group_decorator.py
[2021-11-18 23:12:41,602] {logging_mixin.py:109} INFO - [2021-11-18 23:12:41,602] {dag.py:2396} INFO - Sync 1 DAGs
[2021-11-18 23:12:41,621] {logging_mixin.py:109} INFO - [2021-11-18 23:12:41,621] {dag.py:2928} INFO - Setting next_dagrun for example_task_group_decorator to 2021-11-17T23:12:41.621554+00:00
[2021-11-18 23:12:41,639] {processor.py:171} INFO - Processing /home/airflow/.local/lib/python3.7/site-packages/airflow/example_dags/example_task_group_decorator.py took 0.459 seconds
[2021-11-18 23:13:11,671] {processor.py:163} INFO - Started process (PID=326) to work on /home/airflow/.local/lib/python3.7/site-packages/airflow/example_dags/example_task_group_decorator.py
[2021-11-18 23:13:11,673] {processor.py:625} INFO - Processing file /home/airflow/.local/lib/python3.7/site-packages/airflow/example_dags/example_task_group_decorator.py for tasks to queue
[2021-11-18 23:13:11,673] {logging_mixin.py:109} INFO - [2021-11-18 23:13:11,673] {dagbag.py:500} INFO - Filling up the DagBag from /home/airflow/.local/lib/python3.7/site-packages/airflow/example_dags/example_task_group_decorator.py
[2021-11-18 23:13:11,724] {processor.py:637} INFO - DAG(s) dict_keys(['example_task_group_decorator']) retrieved from /home/airflow/.local/lib/python3.7/site-packages/airflow/example_dags/example_task_group_decorator.py
[2021-11-18 23:13:12,019] {logging_mixin.py:109} INFO - [2021-11-18 23:13:12,019] {dag.py:2396} INFO - Sync 1 DAGs
[2021-11-18 23:13:12,033] {logging_mixin.py:109} INFO - [2021-11-18 23:13:12,033] {dag.py:2928} INFO - Setting next_dagrun for example_task_group_decorator to 2021-11-17T23:13:12.033054+00:00
[2021-11-18 23:13:12,044] {processor.py:171} INFO - Processing /home/airflow/.local/lib/python3.7/site-packages/airflow/example_dags/example_task_group_decorator.py took 0.377 seconds
[2021-11-18 23:13:42,532] {processor.py:163} INFO - Started process (PID=385) to work on /home/airflow/.local/lib/python3.7/site-packages/airflow/example_dags/example_task_group_decorator.py
[2021-11-18 23:13:42,655] {processor.py:625} INFO - Processing file /home/airflow/.local/lib/python3.7/site-packages/airflow/example_dags/example_task_group_decorator.py for tasks to queue
[2021-11-18 23:13:42,656] {logging_mixin.py:109} INFO - [2021-11-18 23:13:42,656] {dagbag.py:500} INFO - Filling up the DagBag from /home/airflow/.local/lib/python3.7/site-packages/airflow/example_dags/example_task_group_decorator.py
[2021-11-18 23:13:42,716] {processor.py:637} INFO - DAG(s) dict_keys(['example_task_group_decorator']) retrieved from /home/airflow/.local/lib/python3.7/site-packages/airflow/example_dags/example_task_group_decorator.py
[2021-11-18 23:13:43,073] {logging_mixin.py:109} INFO - [2021-11-18 23:13:43,073] {dag.py:2396} INFO - Sync 1 DAGs
[2021-11-18 23:13:43,091] {logging_mixin.py:109} INFO - [2021-11-18 23:13:43,091] {dag.py:2928} INFO - Setting next_dagrun for example_task_group_decorator to 2021-11-17T23:13:43.091077+00:00
[2021-11-18 23:13:43,112] {processor.py:171} INFO - Processing /home/airflow/.local/lib/python3.7/site-packages/airflow/example_dags/example_task_group_decorator.py took 0.584 seconds
[2021-11-18 23:14:13,365] {processor.py:163} INFO - Started process (PID=436) to work on /home/airflow/.local/lib/python3.7/site-packages/airflow/example_dags/example_task_group_decorator.py
[2021-11-18 23:14:14,692] {processor.py:625} INFO - Processing file /home/airflow/.local/lib/python3.7/site-packages/airflow/example_dags/example_task_group_decorator.py for tasks to queue
[2021-11-18 23:14:14,693] {logging_mixin.py:109} INFO - [2021-11-18 23:14:14,692] {dagbag.py:500} INFO - Filling up the DagBag from /home/airflow/.local/lib/python3.7/site-packages/airflow/example_dags/example_task_group_decorator.py
[2021-11-18 23:14:14,753] {processor.py:637} INFO - DAG(s) dict_keys(['example_task_group_decorator']) retrieved from /home/airflow/.local/lib/python3.7/site-packages/airflow/example_dags/example_task_group_decorator.py
[2021-11-18 23:14:15,125] {logging_mixin.py:109} INFO - [2021-11-18 23:14:15,125] {dag.py:2396} INFO - Sync 1 DAGs
[2021-11-18 23:14:15,139] {logging_mixin.py:109} INFO - [2021-11-18 23:14:15,139] {dag.py:2928} INFO - Setting next_dagrun for example_task_group_decorator to 2021-11-17T23:14:15.138791+00:00
[2021-11-18 23:14:15,153] {processor.py:171} INFO - Processing /home/airflow/.local/lib/python3.7/site-packages/airflow/example_dags/example_task_group_decorator.py took 1.796 seconds
[2021-11-18 23:14:46,105] {processor.py:163} INFO - Started process (PID=486) to work on /home/airflow/.local/lib/python3.7/site-packages/airflow/example_dags/example_task_group_decorator.py
[2021-11-18 23:14:46,106] {processor.py:625} INFO - Processing file /home/airflow/.local/lib/python3.7/site-packages/airflow/example_dags/example_task_group_decorator.py for tasks to queue
[2021-11-18 23:14:46,106] {logging_mixin.py:109} INFO - [2021-11-18 23:14:46,106] {dagbag.py:500} INFO - Filling up the DagBag from /home/airflow/.local/lib/python3.7/site-packages/airflow/example_dags/example_task_group_decorator.py
[2021-11-18 23:14:46,172] {processor.py:637} INFO - DAG(s) dict_keys(['example_task_group_decorator']) retrieved from /home/airflow/.local/lib/python3.7/site-packages/airflow/example_dags/example_task_group_decorator.py
[2021-11-18 23:14:46,558] {logging_mixin.py:109} INFO - [2021-11-18 23:14:46,557] {dag.py:2396} INFO - Sync 1 DAGs
[2021-11-18 23:14:46,572] {logging_mixin.py:109} INFO - [2021-11-18 23:14:46,572] {dag.py:2928} INFO - Setting next_dagrun for example_task_group_decorator to 2021-11-17T23:14:46.572551+00:00
[2021-11-18 23:14:46,585] {processor.py:171} INFO - Processing /home/airflow/.local/lib/python3.7/site-packages/airflow/example_dags/example_task_group_decorator.py took 0.485 seconds
[2021-11-18 23:15:17,498] {processor.py:163} INFO - Started process (PID=545) to work on /home/airflow/.local/lib/python3.7/site-packages/airflow/example_dags/example_task_group_decorator.py
[2021-11-18 23:15:17,515] {processor.py:625} INFO - Processing file /home/airflow/.local/lib/python3.7/site-packages/airflow/example_dags/example_task_group_decorator.py for tasks to queue
[2021-11-18 23:15:17,517] {logging_mixin.py:109} INFO - [2021-11-18 23:15:17,517] {dagbag.py:500} INFO - Filling up the DagBag from /home/airflow/.local/lib/python3.7/site-packages/airflow/example_dags/example_task_group_decorator.py
[2021-11-18 23:15:17,583] {processor.py:637} INFO - DAG(s) dict_keys(['example_task_group_decorator']) retrieved from /home/airflow/.local/lib/python3.7/site-packages/airflow/example_dags/example_task_group_decorator.py
[2021-11-18 23:15:17,921] {logging_mixin.py:109} INFO - [2021-11-18 23:15:17,921] {dag.py:2396} INFO - Sync 1 DAGs
[2021-11-18 23:15:17,951] {logging_mixin.py:109} INFO - [2021-11-18 23:15:17,951] {dag.py:2928} INFO - Setting next_dagrun for example_task_group_decorator to 2021-11-17T23:15:17.950771+00:00
[2021-11-18 23:15:17,972] {processor.py:171} INFO - Processing /home/airflow/.local/lib/python3.7/site-packages/airflow/example_dags/example_task_group_decorator.py took 0.482 seconds
[2021-11-18 23:15:48,417] {processor.py:163} INFO - Started process (PID=596) to work on /home/airflow/.local/lib/python3.7/site-packages/airflow/example_dags/example_task_group_decorator.py
[2021-11-18 23:15:48,524] {processor.py:625} INFO - Processing file /home/airflow/.local/lib/python3.7/site-packages/airflow/example_dags/example_task_group_decorator.py for tasks to queue
[2021-11-18 23:15:48,525] {logging_mixin.py:109} INFO - [2021-11-18 23:15:48,525] {dagbag.py:500} INFO - Filling up the DagBag from /home/airflow/.local/lib/python3.7/site-packages/airflow/example_dags/example_task_group_decorator.py
[2021-11-18 23:15:48,569] {processor.py:637} INFO - DAG(s) dict_keys(['example_task_group_decorator']) retrieved from /home/airflow/.local/lib/python3.7/site-packages/airflow/example_dags/example_task_group_decorator.py
[2021-11-18 23:15:48,873] {logging_mixin.py:109} INFO - [2021-11-18 23:15:48,873] {dag.py:2396} INFO - Sync 1 DAGs
[2021-11-18 23:15:48,887] {logging_mixin.py:109} INFO - [2021-11-18 23:15:48,887] {dag.py:2928} INFO - Setting next_dagrun for example_task_group_decorator to 2021-11-17T23:15:48.887358+00:00
[2021-11-18 23:15:48,899] {processor.py:171} INFO - Processing /home/airflow/.local/lib/python3.7/site-packages/airflow/example_dags/example_task_group_decorator.py took 0.485 seconds
[2021-11-18 23:16:19,136] {processor.py:163} INFO - Started process (PID=646) to work on /home/airflow/.local/lib/python3.7/site-packages/airflow/example_dags/example_task_group_decorator.py
[2021-11-18 23:16:19,823] {processor.py:625} INFO - Processing file /home/airflow/.local/lib/python3.7/site-packages/airflow/example_dags/example_task_group_decorator.py for tasks to queue
[2021-11-18 23:16:19,824] {logging_mixin.py:109} INFO - [2021-11-18 23:16:19,824] {dagbag.py:500} INFO - Filling up the DagBag from /home/airflow/.local/lib/python3.7/site-packages/airflow/example_dags/example_task_group_decorator.py
[2021-11-18 23:16:19,896] {processor.py:637} INFO - DAG(s) dict_keys(['example_task_group_decorator']) retrieved from /home/airflow/.local/lib/python3.7/site-packages/airflow/example_dags/example_task_group_decorator.py
[2021-11-18 23:16:20,556] {logging_mixin.py:109} INFO - [2021-11-18 23:16:20,555] {dag.py:2396} INFO - Sync 1 DAGs
[2021-11-18 23:16:20,588] {logging_mixin.py:109} INFO - [2021-11-18 23:16:20,588] {dag.py:2928} INFO - Setting next_dagrun for example_task_group_decorator to 2021-11-17T23:16:20.587597+00:00
[2021-11-18 23:16:20,610] {processor.py:171} INFO - Processing /home/airflow/.local/lib/python3.7/site-packages/airflow/example_dags/example_task_group_decorator.py took 1.479 seconds
[2021-11-18 23:16:50,944] {processor.py:163} INFO - Started process (PID=705) to work on /home/airflow/.local/lib/python3.7/site-packages/airflow/example_dags/example_task_group_decorator.py
[2021-11-18 23:16:51,037] {processor.py:625} INFO - Processing file /home/airflow/.local/lib/python3.7/site-packages/airflow/example_dags/example_task_group_decorator.py for tasks to queue
[2021-11-18 23:16:51,037] {logging_mixin.py:109} INFO - [2021-11-18 23:16:51,037] {dagbag.py:500} INFO - Filling up the DagBag from /home/airflow/.local/lib/python3.7/site-packages/airflow/example_dags/example_task_group_decorator.py
[2021-11-18 23:16:51,087] {processor.py:637} INFO - DAG(s) dict_keys(['example_task_group_decorator']) retrieved from /home/airflow/.local/lib/python3.7/site-packages/airflow/example_dags/example_task_group_decorator.py
[2021-11-18 23:16:51,403] {logging_mixin.py:109} INFO - [2021-11-18 23:16:51,402] {dag.py:2396} INFO - Sync 1 DAGs
[2021-11-18 23:16:51,416] {logging_mixin.py:109} INFO - [2021-11-18 23:16:51,416] {dag.py:2928} INFO - Setting next_dagrun for example_task_group_decorator to 2021-11-17T23:16:51.416075+00:00
[2021-11-18 23:16:51,428] {processor.py:171} INFO - Processing /home/airflow/.local/lib/python3.7/site-packages/airflow/example_dags/example_task_group_decorator.py took 0.488 seconds
[2021-11-18 23:17:21,966] {processor.py:163} INFO - Started process (PID=754) to work on /home/airflow/.local/lib/python3.7/site-packages/airflow/example_dags/example_task_group_decorator.py
[2021-11-18 23:17:22,707] {processor.py:625} INFO - Processing file /home/airflow/.local/lib/python3.7/site-packages/airflow/example_dags/example_task_group_decorator.py for tasks to queue
[2021-11-18 23:17:22,710] {logging_mixin.py:109} INFO - [2021-11-18 23:17:22,710] {dagbag.py:500} INFO - Filling up the DagBag from /home/airflow/.local/lib/python3.7/site-packages/airflow/example_dags/example_task_group_decorator.py
[2021-11-18 23:17:22,763] {processor.py:637} INFO - DAG(s) dict_keys(['example_task_group_decorator']) retrieved from /home/airflow/.local/lib/python3.7/site-packages/airflow/example_dags/example_task_group_decorator.py
[2021-11-18 23:17:23,179] {logging_mixin.py:109} INFO - [2021-11-18 23:17:23,179] {dag.py:2396} INFO - Sync 1 DAGs
[2021-11-18 23:17:23,197] {logging_mixin.py:109} INFO - [2021-11-18 23:17:23,197] {dag.py:2928} INFO - Setting next_dagrun for example_task_group_decorator to 2021-11-17T23:17:23.197022+00:00
[2021-11-18 23:17:23,218] {processor.py:171} INFO - Processing /home/airflow/.local/lib/python3.7/site-packages/airflow/example_dags/example_task_group_decorator.py took 1.258 seconds
