[2021-11-18 21:09:17,686] {processor.py:163} INFO - Started process (PID=215) to work on /home/airflow/.local/lib/python3.7/site-packages/airflow/example_dags/example_xcomargs.py
[2021-11-18 21:09:17,688] {processor.py:625} INFO - Processing file /home/airflow/.local/lib/python3.7/site-packages/airflow/example_dags/example_xcomargs.py for tasks to queue
[2021-11-18 21:09:17,689] {logging_mixin.py:109} INFO - [2021-11-18 21:09:17,689] {dagbag.py:500} INFO - Filling up the DagBag from /home/airflow/.local/lib/python3.7/site-packages/airflow/example_dags/example_xcomargs.py
[2021-11-18 21:09:17,741] {processor.py:637} INFO - DAG(s) dict_keys(['example_xcom_args', 'example_xcom_args_with_operators']) retrieved from /home/airflow/.local/lib/python3.7/site-packages/airflow/example_dags/example_xcomargs.py
[2021-11-18 21:09:19,319] {logging_mixin.py:109} INFO - [2021-11-18 21:09:19,319] {providers_manager.py:156} WARNING - Exception when importing 'airflow.providers.google.leveldb.hooks.leveldb.LevelDBHook' from 'apache-airflow-providers-google' package: No module named 'plyvel'
[2021-11-18 21:09:20,047] {logging_mixin.py:109} INFO - [2021-11-18 21:09:20,047] {providers_manager.py:156} WARNING - Exception when importing 'airflow.providers.google.leveldb.hooks.leveldb.LevelDBHook' from 'apache-airflow-providers-google' package: No module named 'plyvel'
[2021-11-18 21:09:20,068] {logging_mixin.py:109} INFO - [2021-11-18 21:09:20,068] {manager.py:496} INFO - Created Permission View: can edit on DAG:example_xcom_args
[2021-11-18 21:09:20,078] {logging_mixin.py:109} INFO - [2021-11-18 21:09:20,077] {manager.py:496} INFO - Created Permission View: can read on DAG:example_xcom_args
[2021-11-18 21:09:20,101] {logging_mixin.py:109} INFO - [2021-11-18 21:09:20,101] {manager.py:496} INFO - Created Permission View: can edit on DAG:example_xcom_args_with_operators
[2021-11-18 21:09:20,112] {logging_mixin.py:109} INFO - [2021-11-18 21:09:20,111] {manager.py:496} INFO - Created Permission View: can read on DAG:example_xcom_args_with_operators
[2021-11-18 21:09:20,112] {logging_mixin.py:109} INFO - [2021-11-18 21:09:20,112] {dag.py:2396} INFO - Sync 2 DAGs
[2021-11-18 21:09:20,122] {logging_mixin.py:109} INFO - [2021-11-18 21:09:20,122] {dag.py:2415} INFO - Creating ORM DAG for example_xcom_args
[2021-11-18 21:09:20,123] {logging_mixin.py:109} INFO - [2021-11-18 21:09:20,123] {dag.py:2415} INFO - Creating ORM DAG for example_xcom_args_with_operators
[2021-11-18 21:09:20,132] {logging_mixin.py:109} INFO - [2021-11-18 21:09:20,132] {dag.py:2928} INFO - Setting next_dagrun for example_xcom_args to None
[2021-11-18 21:09:20,133] {logging_mixin.py:109} INFO - [2021-11-18 21:09:20,133] {dag.py:2928} INFO - Setting next_dagrun for example_xcom_args_with_operators to None
[2021-11-18 21:09:20,147] {processor.py:171} INFO - Processing /home/airflow/.local/lib/python3.7/site-packages/airflow/example_dags/example_xcomargs.py took 2.465 seconds
[2021-11-18 21:09:51,008] {processor.py:163} INFO - Started process (PID=368) to work on /home/airflow/.local/lib/python3.7/site-packages/airflow/example_dags/example_xcomargs.py
[2021-11-18 21:09:51,040] {processor.py:625} INFO - Processing file /home/airflow/.local/lib/python3.7/site-packages/airflow/example_dags/example_xcomargs.py for tasks to queue
[2021-11-18 21:09:51,040] {logging_mixin.py:109} INFO - [2021-11-18 21:09:51,040] {dagbag.py:500} INFO - Filling up the DagBag from /home/airflow/.local/lib/python3.7/site-packages/airflow/example_dags/example_xcomargs.py
[2021-11-18 21:09:51,076] {processor.py:637} INFO - DAG(s) dict_keys(['example_xcom_args', 'example_xcom_args_with_operators']) retrieved from /home/airflow/.local/lib/python3.7/site-packages/airflow/example_dags/example_xcomargs.py
[2021-11-18 21:09:51,529] {logging_mixin.py:109} INFO - [2021-11-18 21:09:51,528] {dag.py:2396} INFO - Sync 2 DAGs
[2021-11-18 21:09:51,558] {logging_mixin.py:109} INFO - [2021-11-18 21:09:51,558] {dag.py:2928} INFO - Setting next_dagrun for example_xcom_args to None
[2021-11-18 21:09:51,558] {logging_mixin.py:109} INFO - [2021-11-18 21:09:51,558] {dag.py:2928} INFO - Setting next_dagrun for example_xcom_args_with_operators to None
[2021-11-18 21:09:51,589] {processor.py:171} INFO - Processing /home/airflow/.local/lib/python3.7/site-packages/airflow/example_dags/example_xcomargs.py took 0.585 seconds
[2021-11-18 23:10:34,629] {processor.py:163} INFO - Started process (PID=56) to work on /home/airflow/.local/lib/python3.7/site-packages/airflow/example_dags/example_xcomargs.py
[2021-11-18 23:10:34,631] {processor.py:625} INFO - Processing file /home/airflow/.local/lib/python3.7/site-packages/airflow/example_dags/example_xcomargs.py for tasks to queue
[2021-11-18 23:10:34,632] {logging_mixin.py:109} INFO - [2021-11-18 23:10:34,632] {dagbag.py:500} INFO - Filling up the DagBag from /home/airflow/.local/lib/python3.7/site-packages/airflow/example_dags/example_xcomargs.py
[2021-11-18 23:10:34,676] {processor.py:637} INFO - DAG(s) dict_keys(['example_xcom_args', 'example_xcom_args_with_operators']) retrieved from /home/airflow/.local/lib/python3.7/site-packages/airflow/example_dags/example_xcomargs.py
[2021-11-18 23:10:35,080] {logging_mixin.py:109} INFO - [2021-11-18 23:10:35,080] {dag.py:2396} INFO - Sync 2 DAGs
[2021-11-18 23:10:35,099] {logging_mixin.py:109} INFO - [2021-11-18 23:10:35,099] {dag.py:2928} INFO - Setting next_dagrun for example_xcom_args to None
[2021-11-18 23:10:35,100] {logging_mixin.py:109} INFO - [2021-11-18 23:10:35,100] {dag.py:2928} INFO - Setting next_dagrun for example_xcom_args_with_operators to None
[2021-11-18 23:10:35,117] {processor.py:171} INFO - Processing /home/airflow/.local/lib/python3.7/site-packages/airflow/example_dags/example_xcomargs.py took 0.491 seconds
[2021-11-18 23:11:06,495] {processor.py:163} INFO - Started process (PID=114) to work on /home/airflow/.local/lib/python3.7/site-packages/airflow/example_dags/example_xcomargs.py
[2021-11-18 23:11:06,500] {processor.py:625} INFO - Processing file /home/airflow/.local/lib/python3.7/site-packages/airflow/example_dags/example_xcomargs.py for tasks to queue
[2021-11-18 23:11:06,501] {logging_mixin.py:109} INFO - [2021-11-18 23:11:06,501] {dagbag.py:500} INFO - Filling up the DagBag from /home/airflow/.local/lib/python3.7/site-packages/airflow/example_dags/example_xcomargs.py
[2021-11-18 23:11:06,565] {processor.py:637} INFO - DAG(s) dict_keys(['example_xcom_args', 'example_xcom_args_with_operators']) retrieved from /home/airflow/.local/lib/python3.7/site-packages/airflow/example_dags/example_xcomargs.py
[2021-11-18 23:11:07,204] {logging_mixin.py:109} INFO - [2021-11-18 23:11:07,204] {dag.py:2396} INFO - Sync 2 DAGs
[2021-11-18 23:11:07,306] {logging_mixin.py:109} INFO - [2021-11-18 23:11:07,306] {dag.py:2928} INFO - Setting next_dagrun for example_xcom_args to None
[2021-11-18 23:11:07,306] {logging_mixin.py:109} INFO - [2021-11-18 23:11:07,306] {dag.py:2928} INFO - Setting next_dagrun for example_xcom_args_with_operators to None
[2021-11-18 23:11:07,328] {processor.py:171} INFO - Processing /home/airflow/.local/lib/python3.7/site-packages/airflow/example_dags/example_xcomargs.py took 0.837 seconds
[2021-11-18 23:11:38,256] {processor.py:163} INFO - Started process (PID=167) to work on /home/airflow/.local/lib/python3.7/site-packages/airflow/example_dags/example_xcomargs.py
[2021-11-18 23:11:38,392] {processor.py:625} INFO - Processing file /home/airflow/.local/lib/python3.7/site-packages/airflow/example_dags/example_xcomargs.py for tasks to queue
[2021-11-18 23:11:38,393] {logging_mixin.py:109} INFO - [2021-11-18 23:11:38,393] {dagbag.py:500} INFO - Filling up the DagBag from /home/airflow/.local/lib/python3.7/site-packages/airflow/example_dags/example_xcomargs.py
[2021-11-18 23:11:38,445] {processor.py:637} INFO - DAG(s) dict_keys(['example_xcom_args', 'example_xcom_args_with_operators']) retrieved from /home/airflow/.local/lib/python3.7/site-packages/airflow/example_dags/example_xcomargs.py
[2021-11-18 23:11:38,757] {logging_mixin.py:109} INFO - [2021-11-18 23:11:38,757] {dag.py:2396} INFO - Sync 2 DAGs
[2021-11-18 23:11:38,779] {logging_mixin.py:109} INFO - [2021-11-18 23:11:38,779] {dag.py:2928} INFO - Setting next_dagrun for example_xcom_args to None
[2021-11-18 23:11:38,779] {logging_mixin.py:109} INFO - [2021-11-18 23:11:38,779] {dag.py:2928} INFO - Setting next_dagrun for example_xcom_args_with_operators to None
[2021-11-18 23:11:38,800] {processor.py:171} INFO - Processing /home/airflow/.local/lib/python3.7/site-packages/airflow/example_dags/example_xcomargs.py took 0.547 seconds
[2021-11-18 23:12:09,231] {processor.py:163} INFO - Started process (PID=217) to work on /home/airflow/.local/lib/python3.7/site-packages/airflow/example_dags/example_xcomargs.py
[2021-11-18 23:12:09,857] {processor.py:625} INFO - Processing file /home/airflow/.local/lib/python3.7/site-packages/airflow/example_dags/example_xcomargs.py for tasks to queue
[2021-11-18 23:12:09,859] {logging_mixin.py:109} INFO - [2021-11-18 23:12:09,859] {dagbag.py:500} INFO - Filling up the DagBag from /home/airflow/.local/lib/python3.7/site-packages/airflow/example_dags/example_xcomargs.py
[2021-11-18 23:12:09,918] {processor.py:637} INFO - DAG(s) dict_keys(['example_xcom_args', 'example_xcom_args_with_operators']) retrieved from /home/airflow/.local/lib/python3.7/site-packages/airflow/example_dags/example_xcomargs.py
[2021-11-18 23:12:10,246] {logging_mixin.py:109} INFO - [2021-11-18 23:12:10,246] {dag.py:2396} INFO - Sync 2 DAGs
[2021-11-18 23:12:10,262] {logging_mixin.py:109} INFO - [2021-11-18 23:12:10,262] {dag.py:2928} INFO - Setting next_dagrun for example_xcom_args to None
[2021-11-18 23:12:10,263] {logging_mixin.py:109} INFO - [2021-11-18 23:12:10,263] {dag.py:2928} INFO - Setting next_dagrun for example_xcom_args_with_operators to None
[2021-11-18 23:12:10,282] {processor.py:171} INFO - Processing /home/airflow/.local/lib/python3.7/site-packages/airflow/example_dags/example_xcomargs.py took 1.058 seconds
[2021-11-18 23:12:41,179] {processor.py:163} INFO - Started process (PID=275) to work on /home/airflow/.local/lib/python3.7/site-packages/airflow/example_dags/example_xcomargs.py
[2021-11-18 23:12:41,181] {processor.py:625} INFO - Processing file /home/airflow/.local/lib/python3.7/site-packages/airflow/example_dags/example_xcomargs.py for tasks to queue
[2021-11-18 23:12:41,182] {logging_mixin.py:109} INFO - [2021-11-18 23:12:41,182] {dagbag.py:500} INFO - Filling up the DagBag from /home/airflow/.local/lib/python3.7/site-packages/airflow/example_dags/example_xcomargs.py
[2021-11-18 23:12:41,228] {processor.py:637} INFO - DAG(s) dict_keys(['example_xcom_args', 'example_xcom_args_with_operators']) retrieved from /home/airflow/.local/lib/python3.7/site-packages/airflow/example_dags/example_xcomargs.py
[2021-11-18 23:12:41,597] {logging_mixin.py:109} INFO - [2021-11-18 23:12:41,597] {dag.py:2396} INFO - Sync 2 DAGs
[2021-11-18 23:12:41,614] {logging_mixin.py:109} INFO - [2021-11-18 23:12:41,614] {dag.py:2928} INFO - Setting next_dagrun for example_xcom_args to None
[2021-11-18 23:12:41,614] {logging_mixin.py:109} INFO - [2021-11-18 23:12:41,614] {dag.py:2928} INFO - Setting next_dagrun for example_xcom_args_with_operators to None
[2021-11-18 23:12:41,634] {processor.py:171} INFO - Processing /home/airflow/.local/lib/python3.7/site-packages/airflow/example_dags/example_xcomargs.py took 0.461 seconds
[2021-11-18 23:13:11,665] {processor.py:163} INFO - Started process (PID=325) to work on /home/airflow/.local/lib/python3.7/site-packages/airflow/example_dags/example_xcomargs.py
[2021-11-18 23:13:11,667] {processor.py:625} INFO - Processing file /home/airflow/.local/lib/python3.7/site-packages/airflow/example_dags/example_xcomargs.py for tasks to queue
[2021-11-18 23:13:11,667] {logging_mixin.py:109} INFO - [2021-11-18 23:13:11,667] {dagbag.py:500} INFO - Filling up the DagBag from /home/airflow/.local/lib/python3.7/site-packages/airflow/example_dags/example_xcomargs.py
[2021-11-18 23:13:11,700] {processor.py:637} INFO - DAG(s) dict_keys(['example_xcom_args', 'example_xcom_args_with_operators']) retrieved from /home/airflow/.local/lib/python3.7/site-packages/airflow/example_dags/example_xcomargs.py
[2021-11-18 23:13:11,998] {logging_mixin.py:109} INFO - [2021-11-18 23:13:11,998] {dag.py:2396} INFO - Sync 2 DAGs
[2021-11-18 23:13:12,013] {logging_mixin.py:109} INFO - [2021-11-18 23:13:12,013] {dag.py:2928} INFO - Setting next_dagrun for example_xcom_args to None
[2021-11-18 23:13:12,014] {logging_mixin.py:109} INFO - [2021-11-18 23:13:12,014] {dag.py:2928} INFO - Setting next_dagrun for example_xcom_args_with_operators to None
[2021-11-18 23:13:12,028] {processor.py:171} INFO - Processing /home/airflow/.local/lib/python3.7/site-packages/airflow/example_dags/example_xcomargs.py took 0.365 seconds
[2021-11-18 23:13:42,526] {processor.py:163} INFO - Started process (PID=384) to work on /home/airflow/.local/lib/python3.7/site-packages/airflow/example_dags/example_xcomargs.py
[2021-11-18 23:13:42,528] {processor.py:625} INFO - Processing file /home/airflow/.local/lib/python3.7/site-packages/airflow/example_dags/example_xcomargs.py for tasks to queue
[2021-11-18 23:13:42,529] {logging_mixin.py:109} INFO - [2021-11-18 23:13:42,529] {dagbag.py:500} INFO - Filling up the DagBag from /home/airflow/.local/lib/python3.7/site-packages/airflow/example_dags/example_xcomargs.py
[2021-11-18 23:13:42,558] {processor.py:637} INFO - DAG(s) dict_keys(['example_xcom_args', 'example_xcom_args_with_operators']) retrieved from /home/airflow/.local/lib/python3.7/site-packages/airflow/example_dags/example_xcomargs.py
[2021-11-18 23:13:42,897] {logging_mixin.py:109} INFO - [2021-11-18 23:13:42,897] {dag.py:2396} INFO - Sync 2 DAGs
[2021-11-18 23:13:42,912] {logging_mixin.py:109} INFO - [2021-11-18 23:13:42,912] {dag.py:2928} INFO - Setting next_dagrun for example_xcom_args to None
[2021-11-18 23:13:42,913] {logging_mixin.py:109} INFO - [2021-11-18 23:13:42,913] {dag.py:2928} INFO - Setting next_dagrun for example_xcom_args_with_operators to None
[2021-11-18 23:13:42,928] {processor.py:171} INFO - Processing /home/airflow/.local/lib/python3.7/site-packages/airflow/example_dags/example_xcomargs.py took 0.405 seconds
[2021-11-18 23:14:13,357] {processor.py:163} INFO - Started process (PID=435) to work on /home/airflow/.local/lib/python3.7/site-packages/airflow/example_dags/example_xcomargs.py
[2021-11-18 23:14:14,691] {processor.py:625} INFO - Processing file /home/airflow/.local/lib/python3.7/site-packages/airflow/example_dags/example_xcomargs.py for tasks to queue
[2021-11-18 23:14:14,692] {logging_mixin.py:109} INFO - [2021-11-18 23:14:14,692] {dagbag.py:500} INFO - Filling up the DagBag from /home/airflow/.local/lib/python3.7/site-packages/airflow/example_dags/example_xcomargs.py
[2021-11-18 23:14:14,736] {processor.py:637} INFO - DAG(s) dict_keys(['example_xcom_args', 'example_xcom_args_with_operators']) retrieved from /home/airflow/.local/lib/python3.7/site-packages/airflow/example_dags/example_xcomargs.py
[2021-11-18 23:14:15,114] {logging_mixin.py:109} INFO - [2021-11-18 23:14:15,114] {dag.py:2396} INFO - Sync 2 DAGs
[2021-11-18 23:14:15,126] {logging_mixin.py:109} INFO - [2021-11-18 23:14:15,126] {dag.py:2928} INFO - Setting next_dagrun for example_xcom_args to None
[2021-11-18 23:14:15,127] {logging_mixin.py:109} INFO - [2021-11-18 23:14:15,127] {dag.py:2928} INFO - Setting next_dagrun for example_xcom_args_with_operators to None
[2021-11-18 23:14:15,142] {processor.py:171} INFO - Processing /home/airflow/.local/lib/python3.7/site-packages/airflow/example_dags/example_xcomargs.py took 1.793 seconds
[2021-11-18 23:14:46,098] {processor.py:163} INFO - Started process (PID=485) to work on /home/airflow/.local/lib/python3.7/site-packages/airflow/example_dags/example_xcomargs.py
[2021-11-18 23:14:46,101] {processor.py:625} INFO - Processing file /home/airflow/.local/lib/python3.7/site-packages/airflow/example_dags/example_xcomargs.py for tasks to queue
[2021-11-18 23:14:46,102] {logging_mixin.py:109} INFO - [2021-11-18 23:14:46,101] {dagbag.py:500} INFO - Filling up the DagBag from /home/airflow/.local/lib/python3.7/site-packages/airflow/example_dags/example_xcomargs.py
[2021-11-18 23:14:46,153] {processor.py:637} INFO - DAG(s) dict_keys(['example_xcom_args', 'example_xcom_args_with_operators']) retrieved from /home/airflow/.local/lib/python3.7/site-packages/airflow/example_dags/example_xcomargs.py
[2021-11-18 23:14:46,535] {logging_mixin.py:109} INFO - [2021-11-18 23:14:46,535] {dag.py:2396} INFO - Sync 2 DAGs
[2021-11-18 23:14:46,552] {logging_mixin.py:109} INFO - [2021-11-18 23:14:46,552] {dag.py:2928} INFO - Setting next_dagrun for example_xcom_args to None
[2021-11-18 23:14:46,552] {logging_mixin.py:109} INFO - [2021-11-18 23:14:46,552] {dag.py:2928} INFO - Setting next_dagrun for example_xcom_args_with_operators to None
[2021-11-18 23:14:46,568] {processor.py:171} INFO - Processing /home/airflow/.local/lib/python3.7/site-packages/airflow/example_dags/example_xcomargs.py took 0.475 seconds
[2021-11-18 23:15:17,489] {processor.py:163} INFO - Started process (PID=544) to work on /home/airflow/.local/lib/python3.7/site-packages/airflow/example_dags/example_xcomargs.py
[2021-11-18 23:15:17,505] {processor.py:625} INFO - Processing file /home/airflow/.local/lib/python3.7/site-packages/airflow/example_dags/example_xcomargs.py for tasks to queue
[2021-11-18 23:15:17,507] {logging_mixin.py:109} INFO - [2021-11-18 23:15:17,507] {dagbag.py:500} INFO - Filling up the DagBag from /home/airflow/.local/lib/python3.7/site-packages/airflow/example_dags/example_xcomargs.py
[2021-11-18 23:15:17,571] {processor.py:637} INFO - DAG(s) dict_keys(['example_xcom_args', 'example_xcom_args_with_operators']) retrieved from /home/airflow/.local/lib/python3.7/site-packages/airflow/example_dags/example_xcomargs.py
[2021-11-18 23:15:17,897] {logging_mixin.py:109} INFO - [2021-11-18 23:15:17,897] {dag.py:2396} INFO - Sync 2 DAGs
[2021-11-18 23:15:17,918] {logging_mixin.py:109} INFO - [2021-11-18 23:15:17,918] {dag.py:2928} INFO - Setting next_dagrun for example_xcom_args to None
[2021-11-18 23:15:17,919] {logging_mixin.py:109} INFO - [2021-11-18 23:15:17,919] {dag.py:2928} INFO - Setting next_dagrun for example_xcom_args_with_operators to None
[2021-11-18 23:15:17,946] {processor.py:171} INFO - Processing /home/airflow/.local/lib/python3.7/site-packages/airflow/example_dags/example_xcomargs.py took 0.465 seconds
[2021-11-18 23:15:48,413] {processor.py:163} INFO - Started process (PID=595) to work on /home/airflow/.local/lib/python3.7/site-packages/airflow/example_dags/example_xcomargs.py
[2021-11-18 23:15:48,425] {processor.py:625} INFO - Processing file /home/airflow/.local/lib/python3.7/site-packages/airflow/example_dags/example_xcomargs.py for tasks to queue
[2021-11-18 23:15:48,426] {logging_mixin.py:109} INFO - [2021-11-18 23:15:48,426] {dagbag.py:500} INFO - Filling up the DagBag from /home/airflow/.local/lib/python3.7/site-packages/airflow/example_dags/example_xcomargs.py
[2021-11-18 23:15:48,459] {processor.py:637} INFO - DAG(s) dict_keys(['example_xcom_args', 'example_xcom_args_with_operators']) retrieved from /home/airflow/.local/lib/python3.7/site-packages/airflow/example_dags/example_xcomargs.py
[2021-11-18 23:15:48,471] {logging_mixin.py:109} INFO - [2021-11-18 23:15:48,471] {dag.py:2396} INFO - Sync 2 DAGs
[2021-11-18 23:15:48,485] {logging_mixin.py:109} INFO - [2021-11-18 23:15:48,485] {dag.py:2928} INFO - Setting next_dagrun for example_xcom_args to None
[2021-11-18 23:15:48,485] {logging_mixin.py:109} INFO - [2021-11-18 23:15:48,485] {dag.py:2928} INFO - Setting next_dagrun for example_xcom_args_with_operators to None
[2021-11-18 23:15:48,568] {processor.py:171} INFO - Processing /home/airflow/.local/lib/python3.7/site-packages/airflow/example_dags/example_xcomargs.py took 0.158 seconds
[2021-11-18 23:16:19,128] {processor.py:163} INFO - Started process (PID=645) to work on /home/airflow/.local/lib/python3.7/site-packages/airflow/example_dags/example_xcomargs.py
[2021-11-18 23:16:19,684] {processor.py:625} INFO - Processing file /home/airflow/.local/lib/python3.7/site-packages/airflow/example_dags/example_xcomargs.py for tasks to queue
[2021-11-18 23:16:19,685] {logging_mixin.py:109} INFO - [2021-11-18 23:16:19,685] {dagbag.py:500} INFO - Filling up the DagBag from /home/airflow/.local/lib/python3.7/site-packages/airflow/example_dags/example_xcomargs.py
[2021-11-18 23:16:19,734] {processor.py:637} INFO - DAG(s) dict_keys(['example_xcom_args', 'example_xcom_args_with_operators']) retrieved from /home/airflow/.local/lib/python3.7/site-packages/airflow/example_dags/example_xcomargs.py
[2021-11-18 23:16:19,758] {logging_mixin.py:109} INFO - [2021-11-18 23:16:19,757] {dag.py:2396} INFO - Sync 2 DAGs
[2021-11-18 23:16:19,922] {logging_mixin.py:109} INFO - [2021-11-18 23:16:19,922] {dag.py:2928} INFO - Setting next_dagrun for example_xcom_args to None
[2021-11-18 23:16:19,923] {logging_mixin.py:109} INFO - [2021-11-18 23:16:19,923] {dag.py:2928} INFO - Setting next_dagrun for example_xcom_args_with_operators to None
[2021-11-18 23:16:19,956] {processor.py:171} INFO - Processing /home/airflow/.local/lib/python3.7/site-packages/airflow/example_dags/example_xcomargs.py took 0.835 seconds
[2021-11-18 23:16:50,578] {processor.py:163} INFO - Started process (PID=703) to work on /home/airflow/.local/lib/python3.7/site-packages/airflow/example_dags/example_xcomargs.py
[2021-11-18 23:16:50,588] {processor.py:625} INFO - Processing file /home/airflow/.local/lib/python3.7/site-packages/airflow/example_dags/example_xcomargs.py for tasks to queue
[2021-11-18 23:16:50,590] {logging_mixin.py:109} INFO - [2021-11-18 23:16:50,590] {dagbag.py:500} INFO - Filling up the DagBag from /home/airflow/.local/lib/python3.7/site-packages/airflow/example_dags/example_xcomargs.py
[2021-11-18 23:16:50,628] {processor.py:637} INFO - DAG(s) dict_keys(['example_xcom_args', 'example_xcom_args_with_operators']) retrieved from /home/airflow/.local/lib/python3.7/site-packages/airflow/example_dags/example_xcomargs.py
[2021-11-18 23:16:51,018] {logging_mixin.py:109} INFO - [2021-11-18 23:16:51,018] {dag.py:2396} INFO - Sync 2 DAGs
[2021-11-18 23:16:51,033] {logging_mixin.py:109} INFO - [2021-11-18 23:16:51,032] {dag.py:2928} INFO - Setting next_dagrun for example_xcom_args to None
[2021-11-18 23:16:51,033] {logging_mixin.py:109} INFO - [2021-11-18 23:16:51,033] {dag.py:2928} INFO - Setting next_dagrun for example_xcom_args_with_operators to None
[2021-11-18 23:16:51,048] {processor.py:171} INFO - Processing /home/airflow/.local/lib/python3.7/site-packages/airflow/example_dags/example_xcomargs.py took 0.478 seconds
[2021-11-18 23:17:21,960] {processor.py:163} INFO - Started process (PID=753) to work on /home/airflow/.local/lib/python3.7/site-packages/airflow/example_dags/example_xcomargs.py
[2021-11-18 23:17:22,707] {processor.py:625} INFO - Processing file /home/airflow/.local/lib/python3.7/site-packages/airflow/example_dags/example_xcomargs.py for tasks to queue
[2021-11-18 23:17:22,710] {logging_mixin.py:109} INFO - [2021-11-18 23:17:22,710] {dagbag.py:500} INFO - Filling up the DagBag from /home/airflow/.local/lib/python3.7/site-packages/airflow/example_dags/example_xcomargs.py
[2021-11-18 23:17:22,753] {processor.py:637} INFO - DAG(s) dict_keys(['example_xcom_args', 'example_xcom_args_with_operators']) retrieved from /home/airflow/.local/lib/python3.7/site-packages/airflow/example_dags/example_xcomargs.py
[2021-11-18 23:17:22,770] {logging_mixin.py:109} INFO - [2021-11-18 23:17:22,769] {dag.py:2396} INFO - Sync 2 DAGs
[2021-11-18 23:17:22,926] {logging_mixin.py:109} INFO - [2021-11-18 23:17:22,926] {dag.py:2928} INFO - Setting next_dagrun for example_xcom_args to None
[2021-11-18 23:17:22,927] {logging_mixin.py:109} INFO - [2021-11-18 23:17:22,927] {dag.py:2928} INFO - Setting next_dagrun for example_xcom_args_with_operators to None
[2021-11-18 23:17:22,955] {processor.py:171} INFO - Processing /home/airflow/.local/lib/python3.7/site-packages/airflow/example_dags/example_xcomargs.py took 1.001 seconds
