[2021-11-18 21:08:52,459] {processor.py:163} INFO - Started process (PID=55) to work on /home/airflow/.local/lib/python3.7/site-packages/airflow/example_dags/example_time_delta_sensor_async.py
[2021-11-18 21:08:52,459] {processor.py:625} INFO - Processing file /home/airflow/.local/lib/python3.7/site-packages/airflow/example_dags/example_time_delta_sensor_async.py for tasks to queue
[2021-11-18 21:08:52,460] {logging_mixin.py:109} INFO - [2021-11-18 21:08:52,460] {dagbag.py:500} INFO - Filling up the DagBag from /home/airflow/.local/lib/python3.7/site-packages/airflow/example_dags/example_time_delta_sensor_async.py
[2021-11-18 21:08:52,487] {processor.py:637} INFO - DAG(s) dict_keys(['example_time_delta_sensor_async']) retrieved from /home/airflow/.local/lib/python3.7/site-packages/airflow/example_dags/example_time_delta_sensor_async.py
[2021-11-18 21:08:54,437] {logging_mixin.py:109} INFO - [2021-11-18 21:08:54,437] {providers_manager.py:156} WARNING - Exception when importing 'airflow.providers.google.leveldb.hooks.leveldb.LevelDBHook' from 'apache-airflow-providers-google' package: No module named 'plyvel'
[2021-11-18 21:08:55,090] {logging_mixin.py:109} INFO - [2021-11-18 21:08:55,090] {providers_manager.py:156} WARNING - Exception when importing 'airflow.providers.google.leveldb.hooks.leveldb.LevelDBHook' from 'apache-airflow-providers-google' package: No module named 'plyvel'
[2021-11-18 21:08:55,132] {logging_mixin.py:109} INFO - [2021-11-18 21:08:55,132] {manager.py:496} INFO - Created Permission View: can edit on DAG:example_time_delta_sensor_async
[2021-11-18 21:08:55,147] {logging_mixin.py:109} INFO - [2021-11-18 21:08:55,146] {manager.py:496} INFO - Created Permission View: can read on DAG:example_time_delta_sensor_async
[2021-11-18 21:08:55,147] {logging_mixin.py:109} INFO - [2021-11-18 21:08:55,147] {dag.py:2396} INFO - Sync 1 DAGs
[2021-11-18 21:08:55,159] {logging_mixin.py:109} INFO - [2021-11-18 21:08:55,159] {dag.py:2415} INFO - Creating ORM DAG for example_time_delta_sensor_async
[2021-11-18 21:08:55,173] {logging_mixin.py:109} INFO - [2021-11-18 21:08:55,173] {dag.py:2928} INFO - Setting next_dagrun for example_time_delta_sensor_async to None
[2021-11-18 21:08:55,192] {processor.py:171} INFO - Processing /home/airflow/.local/lib/python3.7/site-packages/airflow/example_dags/example_time_delta_sensor_async.py took 2.737 seconds
[2021-11-18 21:09:34,542] {processor.py:163} INFO - Started process (PID=344) to work on /home/airflow/.local/lib/python3.7/site-packages/airflow/example_dags/example_time_delta_sensor_async.py
[2021-11-18 21:09:34,551] {processor.py:625} INFO - Processing file /home/airflow/.local/lib/python3.7/site-packages/airflow/example_dags/example_time_delta_sensor_async.py for tasks to queue
[2021-11-18 21:09:34,552] {logging_mixin.py:109} INFO - [2021-11-18 21:09:34,551] {dagbag.py:500} INFO - Filling up the DagBag from /home/airflow/.local/lib/python3.7/site-packages/airflow/example_dags/example_time_delta_sensor_async.py
[2021-11-18 21:09:34,573] {processor.py:637} INFO - DAG(s) dict_keys(['example_time_delta_sensor_async']) retrieved from /home/airflow/.local/lib/python3.7/site-packages/airflow/example_dags/example_time_delta_sensor_async.py
[2021-11-18 21:09:34,582] {logging_mixin.py:109} INFO - [2021-11-18 21:09:34,581] {dag.py:2396} INFO - Sync 1 DAGs
[2021-11-18 21:09:34,596] {logging_mixin.py:109} INFO - [2021-11-18 21:09:34,596] {dag.py:2928} INFO - Setting next_dagrun for example_time_delta_sensor_async to None
[2021-11-18 21:09:34,606] {processor.py:171} INFO - Processing /home/airflow/.local/lib/python3.7/site-packages/airflow/example_dags/example_time_delta_sensor_async.py took 0.066 seconds
[2021-11-18 21:10:04,829] {processor.py:163} INFO - Started process (PID=400) to work on /home/airflow/.local/lib/python3.7/site-packages/airflow/example_dags/example_time_delta_sensor_async.py
[2021-11-18 21:10:05,060] {processor.py:625} INFO - Processing file /home/airflow/.local/lib/python3.7/site-packages/airflow/example_dags/example_time_delta_sensor_async.py for tasks to queue
[2021-11-18 21:10:05,061] {logging_mixin.py:109} INFO - [2021-11-18 21:10:05,061] {dagbag.py:500} INFO - Filling up the DagBag from /home/airflow/.local/lib/python3.7/site-packages/airflow/example_dags/example_time_delta_sensor_async.py
[2021-11-18 21:10:05,086] {processor.py:637} INFO - DAG(s) dict_keys(['example_time_delta_sensor_async']) retrieved from /home/airflow/.local/lib/python3.7/site-packages/airflow/example_dags/example_time_delta_sensor_async.py
[2021-11-18 21:10:05,097] {logging_mixin.py:109} INFO - [2021-11-18 21:10:05,096] {dag.py:2396} INFO - Sync 1 DAGs
[2021-11-18 21:10:05,116] {logging_mixin.py:109} INFO - [2021-11-18 21:10:05,116] {dag.py:2928} INFO - Setting next_dagrun for example_time_delta_sensor_async to None
[2021-11-18 21:10:05,131] {processor.py:171} INFO - Processing /home/airflow/.local/lib/python3.7/site-packages/airflow/example_dags/example_time_delta_sensor_async.py took 0.308 seconds
