[2021-11-18 21:08:59,868] {processor.py:163} INFO - Started process (PID=100) to work on /home/airflow/.local/lib/python3.7/site-packages/airflow/example_dags/example_branch_day_of_week_operator.py
[2021-11-18 21:08:59,870] {processor.py:625} INFO - Processing file /home/airflow/.local/lib/python3.7/site-packages/airflow/example_dags/example_branch_day_of_week_operator.py for tasks to queue
[2021-11-18 21:08:59,871] {logging_mixin.py:109} INFO - [2021-11-18 21:08:59,871] {dagbag.py:500} INFO - Filling up the DagBag from /home/airflow/.local/lib/python3.7/site-packages/airflow/example_dags/example_branch_day_of_week_operator.py
[2021-11-18 21:08:59,929] {processor.py:637} INFO - DAG(s) dict_keys(['example_weekday_branch_operator']) retrieved from /home/airflow/.local/lib/python3.7/site-packages/airflow/example_dags/example_branch_day_of_week_operator.py
[2021-11-18 21:09:02,761] {logging_mixin.py:109} INFO - [2021-11-18 21:09:02,761] {providers_manager.py:156} WARNING - Exception when importing 'airflow.providers.google.leveldb.hooks.leveldb.LevelDBHook' from 'apache-airflow-providers-google' package: No module named 'plyvel'
[2021-11-18 21:09:03,624] {logging_mixin.py:109} INFO - [2021-11-18 21:09:03,624] {providers_manager.py:156} WARNING - Exception when importing 'airflow.providers.google.leveldb.hooks.leveldb.LevelDBHook' from 'apache-airflow-providers-google' package: No module named 'plyvel'
[2021-11-18 21:09:03,748] {logging_mixin.py:109} INFO - [2021-11-18 21:09:03,747] {manager.py:496} INFO - Created Permission View: can edit on DAG:example_weekday_branch_operator
[2021-11-18 21:09:03,763] {logging_mixin.py:109} INFO - [2021-11-18 21:09:03,763] {manager.py:496} INFO - Created Permission View: can read on DAG:example_weekday_branch_operator
[2021-11-18 21:09:03,764] {logging_mixin.py:109} INFO - [2021-11-18 21:09:03,763] {dag.py:2396} INFO - Sync 1 DAGs
[2021-11-18 21:09:03,779] {logging_mixin.py:109} INFO - [2021-11-18 21:09:03,778] {dag.py:2415} INFO - Creating ORM DAG for example_weekday_branch_operator
[2021-11-18 21:09:03,799] {logging_mixin.py:109} INFO - [2021-11-18 21:09:03,799] {dag.py:2928} INFO - Setting next_dagrun for example_weekday_branch_operator to 2021-11-17 00:00:00+00:00
[2021-11-18 21:09:03,833] {processor.py:171} INFO - Processing /home/airflow/.local/lib/python3.7/site-packages/airflow/example_dags/example_branch_day_of_week_operator.py took 3.969 seconds
[2021-11-18 21:09:35,487] {processor.py:163} INFO - Started process (PID=349) to work on /home/airflow/.local/lib/python3.7/site-packages/airflow/example_dags/example_branch_day_of_week_operator.py
[2021-11-18 21:09:35,489] {processor.py:625} INFO - Processing file /home/airflow/.local/lib/python3.7/site-packages/airflow/example_dags/example_branch_day_of_week_operator.py for tasks to queue
[2021-11-18 21:09:35,490] {logging_mixin.py:109} INFO - [2021-11-18 21:09:35,490] {dagbag.py:500} INFO - Filling up the DagBag from /home/airflow/.local/lib/python3.7/site-packages/airflow/example_dags/example_branch_day_of_week_operator.py
[2021-11-18 21:09:35,532] {processor.py:637} INFO - DAG(s) dict_keys(['example_weekday_branch_operator']) retrieved from /home/airflow/.local/lib/python3.7/site-packages/airflow/example_dags/example_branch_day_of_week_operator.py
[2021-11-18 21:09:35,788] {logging_mixin.py:109} INFO - [2021-11-18 21:09:35,787] {dag.py:2396} INFO - Sync 1 DAGs
[2021-11-18 21:09:35,880] {logging_mixin.py:109} INFO - [2021-11-18 21:09:35,879] {dag.py:2928} INFO - Setting next_dagrun for example_weekday_branch_operator to 2021-11-17 00:00:00+00:00
[2021-11-18 21:09:35,905] {processor.py:171} INFO - Processing /home/airflow/.local/lib/python3.7/site-packages/airflow/example_dags/example_branch_day_of_week_operator.py took 0.422 seconds
[2021-11-18 21:10:06,654] {processor.py:163} INFO - Started process (PID=406) to work on /home/airflow/.local/lib/python3.7/site-packages/airflow/example_dags/example_branch_day_of_week_operator.py
[2021-11-18 21:10:06,656] {processor.py:625} INFO - Processing file /home/airflow/.local/lib/python3.7/site-packages/airflow/example_dags/example_branch_day_of_week_operator.py for tasks to queue
[2021-11-18 21:10:06,657] {logging_mixin.py:109} INFO - [2021-11-18 21:10:06,657] {dagbag.py:500} INFO - Filling up the DagBag from /home/airflow/.local/lib/python3.7/site-packages/airflow/example_dags/example_branch_day_of_week_operator.py
[2021-11-18 21:10:06,691] {processor.py:637} INFO - DAG(s) dict_keys(['example_weekday_branch_operator']) retrieved from /home/airflow/.local/lib/python3.7/site-packages/airflow/example_dags/example_branch_day_of_week_operator.py
[2021-11-18 21:10:07,077] {logging_mixin.py:109} INFO - [2021-11-18 21:10:07,076] {dag.py:2396} INFO - Sync 1 DAGs
[2021-11-18 21:10:07,106] {logging_mixin.py:109} INFO - [2021-11-18 21:10:07,106] {dag.py:2928} INFO - Setting next_dagrun for example_weekday_branch_operator to 2021-11-17 00:00:00+00:00
[2021-11-18 21:10:07,121] {processor.py:171} INFO - Processing /home/airflow/.local/lib/python3.7/site-packages/airflow/example_dags/example_branch_day_of_week_operator.py took 0.470 seconds
[2021-11-18 23:10:33,809] {processor.py:163} INFO - Started process (PID=45) to work on /home/airflow/.local/lib/python3.7/site-packages/airflow/example_dags/example_branch_day_of_week_operator.py
[2021-11-18 23:10:33,833] {processor.py:625} INFO - Processing file /home/airflow/.local/lib/python3.7/site-packages/airflow/example_dags/example_branch_day_of_week_operator.py for tasks to queue
[2021-11-18 23:10:33,834] {logging_mixin.py:109} INFO - [2021-11-18 23:10:33,834] {dagbag.py:500} INFO - Filling up the DagBag from /home/airflow/.local/lib/python3.7/site-packages/airflow/example_dags/example_branch_day_of_week_operator.py
[2021-11-18 23:10:33,873] {processor.py:637} INFO - DAG(s) dict_keys(['example_weekday_branch_operator']) retrieved from /home/airflow/.local/lib/python3.7/site-packages/airflow/example_dags/example_branch_day_of_week_operator.py
[2021-11-18 23:10:33,888] {logging_mixin.py:109} INFO - [2021-11-18 23:10:33,888] {dag.py:2396} INFO - Sync 1 DAGs
[2021-11-18 23:10:33,917] {logging_mixin.py:109} INFO - [2021-11-18 23:10:33,917] {dag.py:2928} INFO - Setting next_dagrun for example_weekday_branch_operator to 2021-11-17 00:00:00+00:00
[2021-11-18 23:10:33,945] {processor.py:171} INFO - Processing /home/airflow/.local/lib/python3.7/site-packages/airflow/example_dags/example_branch_day_of_week_operator.py took 0.140 seconds
[2021-11-18 23:11:05,355] {processor.py:163} INFO - Started process (PID=95) to work on /home/airflow/.local/lib/python3.7/site-packages/airflow/example_dags/example_branch_day_of_week_operator.py
[2021-11-18 23:11:05,869] {processor.py:625} INFO - Processing file /home/airflow/.local/lib/python3.7/site-packages/airflow/example_dags/example_branch_day_of_week_operator.py for tasks to queue
[2021-11-18 23:11:05,870] {logging_mixin.py:109} INFO - [2021-11-18 23:11:05,870] {dagbag.py:500} INFO - Filling up the DagBag from /home/airflow/.local/lib/python3.7/site-packages/airflow/example_dags/example_branch_day_of_week_operator.py
[2021-11-18 23:11:05,927] {processor.py:637} INFO - DAG(s) dict_keys(['example_weekday_branch_operator']) retrieved from /home/airflow/.local/lib/python3.7/site-packages/airflow/example_dags/example_branch_day_of_week_operator.py
[2021-11-18 23:11:05,945] {logging_mixin.py:109} INFO - [2021-11-18 23:11:05,944] {dag.py:2396} INFO - Sync 1 DAGs
[2021-11-18 23:11:05,977] {logging_mixin.py:109} INFO - [2021-11-18 23:11:05,977] {dag.py:2928} INFO - Setting next_dagrun for example_weekday_branch_operator to 2021-11-17 00:00:00+00:00
[2021-11-18 23:11:05,992] {processor.py:171} INFO - Processing /home/airflow/.local/lib/python3.7/site-packages/airflow/example_dags/example_branch_day_of_week_operator.py took 0.640 seconds
[2021-11-18 23:11:36,674] {processor.py:163} INFO - Started process (PID=154) to work on /home/airflow/.local/lib/python3.7/site-packages/airflow/example_dags/example_branch_day_of_week_operator.py
[2021-11-18 23:11:36,676] {processor.py:625} INFO - Processing file /home/airflow/.local/lib/python3.7/site-packages/airflow/example_dags/example_branch_day_of_week_operator.py for tasks to queue
[2021-11-18 23:11:36,676] {logging_mixin.py:109} INFO - [2021-11-18 23:11:36,676] {dagbag.py:500} INFO - Filling up the DagBag from /home/airflow/.local/lib/python3.7/site-packages/airflow/example_dags/example_branch_day_of_week_operator.py
[2021-11-18 23:11:36,702] {processor.py:637} INFO - DAG(s) dict_keys(['example_weekday_branch_operator']) retrieved from /home/airflow/.local/lib/python3.7/site-packages/airflow/example_dags/example_branch_day_of_week_operator.py
[2021-11-18 23:11:36,713] {logging_mixin.py:109} INFO - [2021-11-18 23:11:36,713] {dag.py:2396} INFO - Sync 1 DAGs
[2021-11-18 23:11:36,738] {logging_mixin.py:109} INFO - [2021-11-18 23:11:36,737] {dag.py:2928} INFO - Setting next_dagrun for example_weekday_branch_operator to 2021-11-17 00:00:00+00:00
[2021-11-18 23:11:36,746] {processor.py:171} INFO - Processing /home/airflow/.local/lib/python3.7/site-packages/airflow/example_dags/example_branch_day_of_week_operator.py took 0.074 seconds
[2021-11-18 23:12:07,329] {processor.py:163} INFO - Started process (PID=204) to work on /home/airflow/.local/lib/python3.7/site-packages/airflow/example_dags/example_branch_day_of_week_operator.py
[2021-11-18 23:12:07,331] {processor.py:625} INFO - Processing file /home/airflow/.local/lib/python3.7/site-packages/airflow/example_dags/example_branch_day_of_week_operator.py for tasks to queue
[2021-11-18 23:12:07,331] {logging_mixin.py:109} INFO - [2021-11-18 23:12:07,331] {dagbag.py:500} INFO - Filling up the DagBag from /home/airflow/.local/lib/python3.7/site-packages/airflow/example_dags/example_branch_day_of_week_operator.py
[2021-11-18 23:12:07,361] {processor.py:637} INFO - DAG(s) dict_keys(['example_weekday_branch_operator']) retrieved from /home/airflow/.local/lib/python3.7/site-packages/airflow/example_dags/example_branch_day_of_week_operator.py
[2021-11-18 23:12:07,373] {logging_mixin.py:109} INFO - [2021-11-18 23:12:07,373] {dag.py:2396} INFO - Sync 1 DAGs
[2021-11-18 23:12:07,395] {logging_mixin.py:109} INFO - [2021-11-18 23:12:07,395] {dag.py:2928} INFO - Setting next_dagrun for example_weekday_branch_operator to 2021-11-17 00:00:00+00:00
[2021-11-18 23:12:07,408] {processor.py:171} INFO - Processing /home/airflow/.local/lib/python3.7/site-packages/airflow/example_dags/example_branch_day_of_week_operator.py took 0.083 seconds
[2021-11-18 23:12:38,535] {processor.py:163} INFO - Started process (PID=262) to work on /home/airflow/.local/lib/python3.7/site-packages/airflow/example_dags/example_branch_day_of_week_operator.py
[2021-11-18 23:12:38,559] {processor.py:625} INFO - Processing file /home/airflow/.local/lib/python3.7/site-packages/airflow/example_dags/example_branch_day_of_week_operator.py for tasks to queue
[2021-11-18 23:12:38,560] {logging_mixin.py:109} INFO - [2021-11-18 23:12:38,559] {dagbag.py:500} INFO - Filling up the DagBag from /home/airflow/.local/lib/python3.7/site-packages/airflow/example_dags/example_branch_day_of_week_operator.py
[2021-11-18 23:12:38,586] {processor.py:637} INFO - DAG(s) dict_keys(['example_weekday_branch_operator']) retrieved from /home/airflow/.local/lib/python3.7/site-packages/airflow/example_dags/example_branch_day_of_week_operator.py
[2021-11-18 23:12:38,599] {logging_mixin.py:109} INFO - [2021-11-18 23:12:38,599] {dag.py:2396} INFO - Sync 1 DAGs
[2021-11-18 23:12:38,623] {logging_mixin.py:109} INFO - [2021-11-18 23:12:38,623] {dag.py:2928} INFO - Setting next_dagrun for example_weekday_branch_operator to 2021-11-17 00:00:00+00:00
[2021-11-18 23:12:38,635] {processor.py:171} INFO - Processing /home/airflow/.local/lib/python3.7/site-packages/airflow/example_dags/example_branch_day_of_week_operator.py took 0.103 seconds
[2021-11-18 23:13:08,966] {processor.py:163} INFO - Started process (PID=312) to work on /home/airflow/.local/lib/python3.7/site-packages/airflow/example_dags/example_branch_day_of_week_operator.py
[2021-11-18 23:13:08,968] {processor.py:625} INFO - Processing file /home/airflow/.local/lib/python3.7/site-packages/airflow/example_dags/example_branch_day_of_week_operator.py for tasks to queue
[2021-11-18 23:13:08,969] {logging_mixin.py:109} INFO - [2021-11-18 23:13:08,969] {dagbag.py:500} INFO - Filling up the DagBag from /home/airflow/.local/lib/python3.7/site-packages/airflow/example_dags/example_branch_day_of_week_operator.py
[2021-11-18 23:13:08,994] {processor.py:637} INFO - DAG(s) dict_keys(['example_weekday_branch_operator']) retrieved from /home/airflow/.local/lib/python3.7/site-packages/airflow/example_dags/example_branch_day_of_week_operator.py
[2021-11-18 23:13:09,003] {logging_mixin.py:109} INFO - [2021-11-18 23:13:09,003] {dag.py:2396} INFO - Sync 1 DAGs
[2021-11-18 23:13:09,021] {logging_mixin.py:109} INFO - [2021-11-18 23:13:09,021] {dag.py:2928} INFO - Setting next_dagrun for example_weekday_branch_operator to 2021-11-17 00:00:00+00:00
[2021-11-18 23:13:09,032] {processor.py:171} INFO - Processing /home/airflow/.local/lib/python3.7/site-packages/airflow/example_dags/example_branch_day_of_week_operator.py took 0.068 seconds
[2021-11-18 23:13:39,510] {processor.py:163} INFO - Started process (PID=363) to work on /home/airflow/.local/lib/python3.7/site-packages/airflow/example_dags/example_branch_day_of_week_operator.py
[2021-11-18 23:13:39,521] {processor.py:625} INFO - Processing file /home/airflow/.local/lib/python3.7/site-packages/airflow/example_dags/example_branch_day_of_week_operator.py for tasks to queue
[2021-11-18 23:13:39,522] {logging_mixin.py:109} INFO - [2021-11-18 23:13:39,522] {dagbag.py:500} INFO - Filling up the DagBag from /home/airflow/.local/lib/python3.7/site-packages/airflow/example_dags/example_branch_day_of_week_operator.py
[2021-11-18 23:13:39,553] {processor.py:637} INFO - DAG(s) dict_keys(['example_weekday_branch_operator']) retrieved from /home/airflow/.local/lib/python3.7/site-packages/airflow/example_dags/example_branch_day_of_week_operator.py
[2021-11-18 23:13:39,562] {logging_mixin.py:109} INFO - [2021-11-18 23:13:39,562] {dag.py:2396} INFO - Sync 1 DAGs
[2021-11-18 23:13:39,580] {logging_mixin.py:109} INFO - [2021-11-18 23:13:39,580] {dag.py:2928} INFO - Setting next_dagrun for example_weekday_branch_operator to 2021-11-17 00:00:00+00:00
[2021-11-18 23:13:39,591] {processor.py:171} INFO - Processing /home/airflow/.local/lib/python3.7/site-packages/airflow/example_dags/example_branch_day_of_week_operator.py took 0.084 seconds
[2021-11-18 23:14:10,396] {processor.py:163} INFO - Started process (PID=422) to work on /home/airflow/.local/lib/python3.7/site-packages/airflow/example_dags/example_branch_day_of_week_operator.py
[2021-11-18 23:14:10,399] {processor.py:625} INFO - Processing file /home/airflow/.local/lib/python3.7/site-packages/airflow/example_dags/example_branch_day_of_week_operator.py for tasks to queue
[2021-11-18 23:14:10,400] {logging_mixin.py:109} INFO - [2021-11-18 23:14:10,399] {dagbag.py:500} INFO - Filling up the DagBag from /home/airflow/.local/lib/python3.7/site-packages/airflow/example_dags/example_branch_day_of_week_operator.py
[2021-11-18 23:14:10,446] {processor.py:637} INFO - DAG(s) dict_keys(['example_weekday_branch_operator']) retrieved from /home/airflow/.local/lib/python3.7/site-packages/airflow/example_dags/example_branch_day_of_week_operator.py
[2021-11-18 23:14:10,463] {logging_mixin.py:109} INFO - [2021-11-18 23:14:10,463] {dag.py:2396} INFO - Sync 1 DAGs
[2021-11-18 23:14:10,498] {logging_mixin.py:109} INFO - [2021-11-18 23:14:10,498] {dag.py:2928} INFO - Setting next_dagrun for example_weekday_branch_operator to 2021-11-17 00:00:00+00:00
[2021-11-18 23:14:10,523] {processor.py:171} INFO - Processing /home/airflow/.local/lib/python3.7/site-packages/airflow/example_dags/example_branch_day_of_week_operator.py took 0.134 seconds
[2021-11-18 23:14:40,594] {processor.py:163} INFO - Started process (PID=472) to work on /home/airflow/.local/lib/python3.7/site-packages/airflow/example_dags/example_branch_day_of_week_operator.py
[2021-11-18 23:14:40,595] {processor.py:625} INFO - Processing file /home/airflow/.local/lib/python3.7/site-packages/airflow/example_dags/example_branch_day_of_week_operator.py for tasks to queue
[2021-11-18 23:14:40,596] {logging_mixin.py:109} INFO - [2021-11-18 23:14:40,595] {dagbag.py:500} INFO - Filling up the DagBag from /home/airflow/.local/lib/python3.7/site-packages/airflow/example_dags/example_branch_day_of_week_operator.py
[2021-11-18 23:14:40,621] {processor.py:637} INFO - DAG(s) dict_keys(['example_weekday_branch_operator']) retrieved from /home/airflow/.local/lib/python3.7/site-packages/airflow/example_dags/example_branch_day_of_week_operator.py
[2021-11-18 23:14:40,630] {logging_mixin.py:109} INFO - [2021-11-18 23:14:40,630] {dag.py:2396} INFO - Sync 1 DAGs
[2021-11-18 23:14:40,646] {logging_mixin.py:109} INFO - [2021-11-18 23:14:40,646] {dag.py:2928} INFO - Setting next_dagrun for example_weekday_branch_operator to 2021-11-17 00:00:00+00:00
[2021-11-18 23:14:40,655] {processor.py:171} INFO - Processing /home/airflow/.local/lib/python3.7/site-packages/airflow/example_dags/example_branch_day_of_week_operator.py took 0.064 seconds
[2021-11-18 23:15:11,208] {processor.py:163} INFO - Started process (PID=523) to work on /home/airflow/.local/lib/python3.7/site-packages/airflow/example_dags/example_branch_day_of_week_operator.py
[2021-11-18 23:15:11,210] {processor.py:625} INFO - Processing file /home/airflow/.local/lib/python3.7/site-packages/airflow/example_dags/example_branch_day_of_week_operator.py for tasks to queue
[2021-11-18 23:15:11,210] {logging_mixin.py:109} INFO - [2021-11-18 23:15:11,210] {dagbag.py:500} INFO - Filling up the DagBag from /home/airflow/.local/lib/python3.7/site-packages/airflow/example_dags/example_branch_day_of_week_operator.py
[2021-11-18 23:15:11,237] {processor.py:637} INFO - DAG(s) dict_keys(['example_weekday_branch_operator']) retrieved from /home/airflow/.local/lib/python3.7/site-packages/airflow/example_dags/example_branch_day_of_week_operator.py
[2021-11-18 23:15:11,247] {logging_mixin.py:109} INFO - [2021-11-18 23:15:11,247] {dag.py:2396} INFO - Sync 1 DAGs
[2021-11-18 23:15:11,266] {logging_mixin.py:109} INFO - [2021-11-18 23:15:11,266] {dag.py:2928} INFO - Setting next_dagrun for example_weekday_branch_operator to 2021-11-17 00:00:00+00:00
[2021-11-18 23:15:11,282] {processor.py:171} INFO - Processing /home/airflow/.local/lib/python3.7/site-packages/airflow/example_dags/example_branch_day_of_week_operator.py took 0.077 seconds
[2021-11-18 23:15:43,342] {processor.py:163} INFO - Started process (PID=582) to work on /home/airflow/.local/lib/python3.7/site-packages/airflow/example_dags/example_branch_day_of_week_operator.py
[2021-11-18 23:15:43,483] {processor.py:625} INFO - Processing file /home/airflow/.local/lib/python3.7/site-packages/airflow/example_dags/example_branch_day_of_week_operator.py for tasks to queue
[2021-11-18 23:15:43,484] {logging_mixin.py:109} INFO - [2021-11-18 23:15:43,484] {dagbag.py:500} INFO - Filling up the DagBag from /home/airflow/.local/lib/python3.7/site-packages/airflow/example_dags/example_branch_day_of_week_operator.py
[2021-11-18 23:15:43,507] {processor.py:637} INFO - DAG(s) dict_keys(['example_weekday_branch_operator']) retrieved from /home/airflow/.local/lib/python3.7/site-packages/airflow/example_dags/example_branch_day_of_week_operator.py
[2021-11-18 23:15:43,516] {logging_mixin.py:109} INFO - [2021-11-18 23:15:43,516] {dag.py:2396} INFO - Sync 1 DAGs
[2021-11-18 23:15:43,660] {logging_mixin.py:109} INFO - [2021-11-18 23:15:43,660] {dag.py:2928} INFO - Setting next_dagrun for example_weekday_branch_operator to 2021-11-17 00:00:00+00:00
[2021-11-18 23:15:43,672] {processor.py:171} INFO - Processing /home/airflow/.local/lib/python3.7/site-packages/airflow/example_dags/example_branch_day_of_week_operator.py took 0.335 seconds
[2021-11-18 23:16:13,895] {processor.py:163} INFO - Started process (PID=632) to work on /home/airflow/.local/lib/python3.7/site-packages/airflow/example_dags/example_branch_day_of_week_operator.py
[2021-11-18 23:16:13,932] {processor.py:625} INFO - Processing file /home/airflow/.local/lib/python3.7/site-packages/airflow/example_dags/example_branch_day_of_week_operator.py for tasks to queue
[2021-11-18 23:16:13,933] {logging_mixin.py:109} INFO - [2021-11-18 23:16:13,933] {dagbag.py:500} INFO - Filling up the DagBag from /home/airflow/.local/lib/python3.7/site-packages/airflow/example_dags/example_branch_day_of_week_operator.py
[2021-11-18 23:16:13,968] {processor.py:637} INFO - DAG(s) dict_keys(['example_weekday_branch_operator']) retrieved from /home/airflow/.local/lib/python3.7/site-packages/airflow/example_dags/example_branch_day_of_week_operator.py
[2021-11-18 23:16:13,979] {logging_mixin.py:109} INFO - [2021-11-18 23:16:13,979] {dag.py:2396} INFO - Sync 1 DAGs
[2021-11-18 23:16:13,999] {logging_mixin.py:109} INFO - [2021-11-18 23:16:13,999] {dag.py:2928} INFO - Setting next_dagrun for example_weekday_branch_operator to 2021-11-17 00:00:00+00:00
[2021-11-18 23:16:14,012] {processor.py:171} INFO - Processing /home/airflow/.local/lib/python3.7/site-packages/airflow/example_dags/example_branch_day_of_week_operator.py took 0.123 seconds
[2021-11-18 23:16:44,506] {processor.py:163} INFO - Started process (PID=682) to work on /home/airflow/.local/lib/python3.7/site-packages/airflow/example_dags/example_branch_day_of_week_operator.py
[2021-11-18 23:16:44,508] {processor.py:625} INFO - Processing file /home/airflow/.local/lib/python3.7/site-packages/airflow/example_dags/example_branch_day_of_week_operator.py for tasks to queue
[2021-11-18 23:16:44,509] {logging_mixin.py:109} INFO - [2021-11-18 23:16:44,508] {dagbag.py:500} INFO - Filling up the DagBag from /home/airflow/.local/lib/python3.7/site-packages/airflow/example_dags/example_branch_day_of_week_operator.py
[2021-11-18 23:16:44,539] {processor.py:637} INFO - DAG(s) dict_keys(['example_weekday_branch_operator']) retrieved from /home/airflow/.local/lib/python3.7/site-packages/airflow/example_dags/example_branch_day_of_week_operator.py
[2021-11-18 23:16:44,550] {logging_mixin.py:109} INFO - [2021-11-18 23:16:44,550] {dag.py:2396} INFO - Sync 1 DAGs
[2021-11-18 23:16:44,570] {logging_mixin.py:109} INFO - [2021-11-18 23:16:44,570] {dag.py:2928} INFO - Setting next_dagrun for example_weekday_branch_operator to 2021-11-17 00:00:00+00:00
[2021-11-18 23:16:44,657] {processor.py:171} INFO - Processing /home/airflow/.local/lib/python3.7/site-packages/airflow/example_dags/example_branch_day_of_week_operator.py took 0.154 seconds
[2021-11-18 23:17:15,281] {processor.py:163} INFO - Started process (PID=740) to work on /home/airflow/.local/lib/python3.7/site-packages/airflow/example_dags/example_branch_day_of_week_operator.py
[2021-11-18 23:17:15,283] {processor.py:625} INFO - Processing file /home/airflow/.local/lib/python3.7/site-packages/airflow/example_dags/example_branch_day_of_week_operator.py for tasks to queue
[2021-11-18 23:17:15,283] {logging_mixin.py:109} INFO - [2021-11-18 23:17:15,283] {dagbag.py:500} INFO - Filling up the DagBag from /home/airflow/.local/lib/python3.7/site-packages/airflow/example_dags/example_branch_day_of_week_operator.py
[2021-11-18 23:17:15,318] {processor.py:637} INFO - DAG(s) dict_keys(['example_weekday_branch_operator']) retrieved from /home/airflow/.local/lib/python3.7/site-packages/airflow/example_dags/example_branch_day_of_week_operator.py
[2021-11-18 23:17:15,332] {logging_mixin.py:109} INFO - [2021-11-18 23:17:15,332] {dag.py:2396} INFO - Sync 1 DAGs
[2021-11-18 23:17:15,357] {logging_mixin.py:109} INFO - [2021-11-18 23:17:15,357] {dag.py:2928} INFO - Setting next_dagrun for example_weekday_branch_operator to 2021-11-17 00:00:00+00:00
[2021-11-18 23:17:15,472] {processor.py:171} INFO - Processing /home/airflow/.local/lib/python3.7/site-packages/airflow/example_dags/example_branch_day_of_week_operator.py took 0.195 seconds
