[2021-11-18 21:09:27,410] {processor.py:163} INFO - Started process (PID=295) to work on /home/airflow/.local/lib/python3.7/site-packages/airflow/example_dags/example_latest_only.py
[2021-11-18 21:09:27,412] {processor.py:625} INFO - Processing file /home/airflow/.local/lib/python3.7/site-packages/airflow/example_dags/example_latest_only.py for tasks to queue
[2021-11-18 21:09:27,413] {logging_mixin.py:109} INFO - [2021-11-18 21:09:27,413] {dagbag.py:500} INFO - Filling up the DagBag from /home/airflow/.local/lib/python3.7/site-packages/airflow/example_dags/example_latest_only.py
[2021-11-18 21:09:27,447] {processor.py:637} INFO - DAG(s) dict_keys(['latest_only']) retrieved from /home/airflow/.local/lib/python3.7/site-packages/airflow/example_dags/example_latest_only.py
[2021-11-18 21:09:29,405] {logging_mixin.py:109} INFO - [2021-11-18 21:09:29,405] {providers_manager.py:156} WARNING - Exception when importing 'airflow.providers.google.leveldb.hooks.leveldb.LevelDBHook' from 'apache-airflow-providers-google' package: No module named 'plyvel'
[2021-11-18 21:09:29,762] {logging_mixin.py:109} INFO - [2021-11-18 21:09:29,762] {providers_manager.py:156} WARNING - Exception when importing 'airflow.providers.google.leveldb.hooks.leveldb.LevelDBHook' from 'apache-airflow-providers-google' package: No module named 'plyvel'
[2021-11-18 21:09:29,793] {logging_mixin.py:109} INFO - [2021-11-18 21:09:29,792] {manager.py:496} INFO - Created Permission View: can edit on DAG:latest_only
[2021-11-18 21:09:29,805] {logging_mixin.py:109} INFO - [2021-11-18 21:09:29,805] {manager.py:496} INFO - Created Permission View: can read on DAG:latest_only
[2021-11-18 21:09:29,806] {logging_mixin.py:109} INFO - [2021-11-18 21:09:29,805] {dag.py:2396} INFO - Sync 1 DAGs
[2021-11-18 21:09:29,817] {logging_mixin.py:109} INFO - [2021-11-18 21:09:29,817] {dag.py:2415} INFO - Creating ORM DAG for latest_only
[2021-11-18 21:09:29,830] {logging_mixin.py:109} INFO - [2021-11-18 21:09:29,829] {dag.py:2928} INFO - Setting next_dagrun for latest_only to 2021-11-18T17:09:29.829775+00:00
[2021-11-18 21:09:29,849] {processor.py:171} INFO - Processing /home/airflow/.local/lib/python3.7/site-packages/airflow/example_dags/example_latest_only.py took 2.442 seconds
[2021-11-18 21:10:00,189] {processor.py:163} INFO - Started process (PID=384) to work on /home/airflow/.local/lib/python3.7/site-packages/airflow/example_dags/example_latest_only.py
[2021-11-18 21:10:00,326] {processor.py:625} INFO - Processing file /home/airflow/.local/lib/python3.7/site-packages/airflow/example_dags/example_latest_only.py for tasks to queue
[2021-11-18 21:10:00,328] {logging_mixin.py:109} INFO - [2021-11-18 21:10:00,328] {dagbag.py:500} INFO - Filling up the DagBag from /home/airflow/.local/lib/python3.7/site-packages/airflow/example_dags/example_latest_only.py
[2021-11-18 21:10:00,405] {processor.py:637} INFO - DAG(s) dict_keys(['latest_only']) retrieved from /home/airflow/.local/lib/python3.7/site-packages/airflow/example_dags/example_latest_only.py
[2021-11-18 21:10:00,419] {logging_mixin.py:109} INFO - [2021-11-18 21:10:00,418] {dag.py:2396} INFO - Sync 1 DAGs
[2021-11-18 21:10:00,436] {logging_mixin.py:109} INFO - [2021-11-18 21:10:00,436] {dag.py:2928} INFO - Setting next_dagrun for latest_only to 2021-11-18T17:10:00.436051+00:00
[2021-11-18 21:10:00,445] {processor.py:171} INFO - Processing /home/airflow/.local/lib/python3.7/site-packages/airflow/example_dags/example_latest_only.py took 0.261 seconds
[2021-11-18 23:10:35,754] {processor.py:163} INFO - Started process (PID=64) to work on /home/airflow/.local/lib/python3.7/site-packages/airflow/example_dags/example_latest_only.py
[2021-11-18 23:10:35,755] {processor.py:625} INFO - Processing file /home/airflow/.local/lib/python3.7/site-packages/airflow/example_dags/example_latest_only.py for tasks to queue
[2021-11-18 23:10:35,756] {logging_mixin.py:109} INFO - [2021-11-18 23:10:35,756] {dagbag.py:500} INFO - Filling up the DagBag from /home/airflow/.local/lib/python3.7/site-packages/airflow/example_dags/example_latest_only.py
[2021-11-18 23:10:35,781] {processor.py:637} INFO - DAG(s) dict_keys(['latest_only']) retrieved from /home/airflow/.local/lib/python3.7/site-packages/airflow/example_dags/example_latest_only.py
[2021-11-18 23:10:35,794] {logging_mixin.py:109} INFO - [2021-11-18 23:10:35,794] {dag.py:2396} INFO - Sync 1 DAGs
[2021-11-18 23:10:35,816] {logging_mixin.py:109} INFO - [2021-11-18 23:10:35,816] {dag.py:2928} INFO - Setting next_dagrun for latest_only to 2021-11-18T19:10:35.815694+00:00
[2021-11-18 23:10:35,828] {processor.py:171} INFO - Processing /home/airflow/.local/lib/python3.7/site-packages/airflow/example_dags/example_latest_only.py took 0.077 seconds
[2021-11-18 23:11:08,100] {processor.py:163} INFO - Started process (PID=122) to work on /home/airflow/.local/lib/python3.7/site-packages/airflow/example_dags/example_latest_only.py
[2021-11-18 23:11:08,121] {processor.py:625} INFO - Processing file /home/airflow/.local/lib/python3.7/site-packages/airflow/example_dags/example_latest_only.py for tasks to queue
[2021-11-18 23:11:08,123] {logging_mixin.py:109} INFO - [2021-11-18 23:11:08,123] {dagbag.py:500} INFO - Filling up the DagBag from /home/airflow/.local/lib/python3.7/site-packages/airflow/example_dags/example_latest_only.py
[2021-11-18 23:11:08,166] {processor.py:637} INFO - DAG(s) dict_keys(['latest_only']) retrieved from /home/airflow/.local/lib/python3.7/site-packages/airflow/example_dags/example_latest_only.py
[2021-11-18 23:11:08,182] {logging_mixin.py:109} INFO - [2021-11-18 23:11:08,182] {dag.py:2396} INFO - Sync 1 DAGs
[2021-11-18 23:11:08,208] {logging_mixin.py:109} INFO - [2021-11-18 23:11:08,208] {dag.py:2928} INFO - Setting next_dagrun for latest_only to 2021-11-18T19:11:08.207906+00:00
[2021-11-18 23:11:08,223] {processor.py:171} INFO - Processing /home/airflow/.local/lib/python3.7/site-packages/airflow/example_dags/example_latest_only.py took 0.128 seconds
[2021-11-18 23:11:39,093] {processor.py:163} INFO - Started process (PID=172) to work on /home/airflow/.local/lib/python3.7/site-packages/airflow/example_dags/example_latest_only.py
[2021-11-18 23:11:39,103] {processor.py:625} INFO - Processing file /home/airflow/.local/lib/python3.7/site-packages/airflow/example_dags/example_latest_only.py for tasks to queue
[2021-11-18 23:11:39,104] {logging_mixin.py:109} INFO - [2021-11-18 23:11:39,104] {dagbag.py:500} INFO - Filling up the DagBag from /home/airflow/.local/lib/python3.7/site-packages/airflow/example_dags/example_latest_only.py
[2021-11-18 23:11:39,131] {processor.py:637} INFO - DAG(s) dict_keys(['latest_only']) retrieved from /home/airflow/.local/lib/python3.7/site-packages/airflow/example_dags/example_latest_only.py
[2021-11-18 23:11:39,142] {logging_mixin.py:109} INFO - [2021-11-18 23:11:39,142] {dag.py:2396} INFO - Sync 1 DAGs
[2021-11-18 23:11:39,161] {logging_mixin.py:109} INFO - [2021-11-18 23:11:39,161] {dag.py:2928} INFO - Setting next_dagrun for latest_only to 2021-11-18T19:11:39.161609+00:00
[2021-11-18 23:11:39,171] {processor.py:171} INFO - Processing /home/airflow/.local/lib/python3.7/site-packages/airflow/example_dags/example_latest_only.py took 0.080 seconds
[2021-11-18 23:12:10,467] {processor.py:163} INFO - Started process (PID=222) to work on /home/airflow/.local/lib/python3.7/site-packages/airflow/example_dags/example_latest_only.py
[2021-11-18 23:12:11,008] {processor.py:625} INFO - Processing file /home/airflow/.local/lib/python3.7/site-packages/airflow/example_dags/example_latest_only.py for tasks to queue
[2021-11-18 23:12:11,010] {logging_mixin.py:109} INFO - [2021-11-18 23:12:11,010] {dagbag.py:500} INFO - Filling up the DagBag from /home/airflow/.local/lib/python3.7/site-packages/airflow/example_dags/example_latest_only.py
[2021-11-18 23:12:11,059] {processor.py:637} INFO - DAG(s) dict_keys(['latest_only']) retrieved from /home/airflow/.local/lib/python3.7/site-packages/airflow/example_dags/example_latest_only.py
[2021-11-18 23:12:11,074] {logging_mixin.py:109} INFO - [2021-11-18 23:12:11,074] {dag.py:2396} INFO - Sync 1 DAGs
[2021-11-18 23:12:11,103] {logging_mixin.py:109} INFO - [2021-11-18 23:12:11,103] {dag.py:2928} INFO - Setting next_dagrun for latest_only to 2021-11-18T19:12:11.103041+00:00
[2021-11-18 23:12:11,133] {processor.py:171} INFO - Processing /home/airflow/.local/lib/python3.7/site-packages/airflow/example_dags/example_latest_only.py took 0.669 seconds
[2021-11-18 23:12:42,298] {processor.py:163} INFO - Started process (PID=279) to work on /home/airflow/.local/lib/python3.7/site-packages/airflow/example_dags/example_latest_only.py
[2021-11-18 23:12:43,149] {processor.py:625} INFO - Processing file /home/airflow/.local/lib/python3.7/site-packages/airflow/example_dags/example_latest_only.py for tasks to queue
[2021-11-18 23:12:43,150] {logging_mixin.py:109} INFO - [2021-11-18 23:12:43,150] {dagbag.py:500} INFO - Filling up the DagBag from /home/airflow/.local/lib/python3.7/site-packages/airflow/example_dags/example_latest_only.py
[2021-11-18 23:12:43,188] {processor.py:637} INFO - DAG(s) dict_keys(['latest_only']) retrieved from /home/airflow/.local/lib/python3.7/site-packages/airflow/example_dags/example_latest_only.py
[2021-11-18 23:12:43,205] {logging_mixin.py:109} INFO - [2021-11-18 23:12:43,205] {dag.py:2396} INFO - Sync 1 DAGs
[2021-11-18 23:12:43,234] {logging_mixin.py:109} INFO - [2021-11-18 23:12:43,234] {dag.py:2928} INFO - Setting next_dagrun for latest_only to 2021-11-18T19:12:43.233770+00:00
[2021-11-18 23:12:43,257] {processor.py:171} INFO - Processing /home/airflow/.local/lib/python3.7/site-packages/airflow/example_dags/example_latest_only.py took 0.962 seconds
[2021-11-18 23:13:14,295] {processor.py:163} INFO - Started process (PID=331) to work on /home/airflow/.local/lib/python3.7/site-packages/airflow/example_dags/example_latest_only.py
[2021-11-18 23:13:14,296] {processor.py:625} INFO - Processing file /home/airflow/.local/lib/python3.7/site-packages/airflow/example_dags/example_latest_only.py for tasks to queue
[2021-11-18 23:13:14,297] {logging_mixin.py:109} INFO - [2021-11-18 23:13:14,297] {dagbag.py:500} INFO - Filling up the DagBag from /home/airflow/.local/lib/python3.7/site-packages/airflow/example_dags/example_latest_only.py
[2021-11-18 23:13:14,318] {processor.py:637} INFO - DAG(s) dict_keys(['latest_only']) retrieved from /home/airflow/.local/lib/python3.7/site-packages/airflow/example_dags/example_latest_only.py
[2021-11-18 23:13:14,327] {logging_mixin.py:109} INFO - [2021-11-18 23:13:14,327] {dag.py:2396} INFO - Sync 1 DAGs
[2021-11-18 23:13:14,342] {logging_mixin.py:109} INFO - [2021-11-18 23:13:14,342] {dag.py:2928} INFO - Setting next_dagrun for latest_only to 2021-11-18T19:13:14.342067+00:00
[2021-11-18 23:13:14,353] {processor.py:171} INFO - Processing /home/airflow/.local/lib/python3.7/site-packages/airflow/example_dags/example_latest_only.py took 0.061 seconds
[2021-11-18 23:13:46,003] {processor.py:163} INFO - Started process (PID=390) to work on /home/airflow/.local/lib/python3.7/site-packages/airflow/example_dags/example_latest_only.py
[2021-11-18 23:13:46,017] {processor.py:625} INFO - Processing file /home/airflow/.local/lib/python3.7/site-packages/airflow/example_dags/example_latest_only.py for tasks to queue
[2021-11-18 23:13:46,018] {logging_mixin.py:109} INFO - [2021-11-18 23:13:46,018] {dagbag.py:500} INFO - Filling up the DagBag from /home/airflow/.local/lib/python3.7/site-packages/airflow/example_dags/example_latest_only.py
[2021-11-18 23:13:46,042] {processor.py:637} INFO - DAG(s) dict_keys(['latest_only']) retrieved from /home/airflow/.local/lib/python3.7/site-packages/airflow/example_dags/example_latest_only.py
[2021-11-18 23:13:46,051] {logging_mixin.py:109} INFO - [2021-11-18 23:13:46,051] {dag.py:2396} INFO - Sync 1 DAGs
[2021-11-18 23:13:46,066] {logging_mixin.py:109} INFO - [2021-11-18 23:13:46,066] {dag.py:2928} INFO - Setting next_dagrun for latest_only to 2021-11-18T19:13:46.065881+00:00
[2021-11-18 23:13:46,075] {processor.py:171} INFO - Processing /home/airflow/.local/lib/python3.7/site-packages/airflow/example_dags/example_latest_only.py took 0.076 seconds
[2021-11-18 23:14:16,718] {processor.py:163} INFO - Started process (PID=441) to work on /home/airflow/.local/lib/python3.7/site-packages/airflow/example_dags/example_latest_only.py
[2021-11-18 23:14:16,720] {processor.py:625} INFO - Processing file /home/airflow/.local/lib/python3.7/site-packages/airflow/example_dags/example_latest_only.py for tasks to queue
[2021-11-18 23:14:16,720] {logging_mixin.py:109} INFO - [2021-11-18 23:14:16,720] {dagbag.py:500} INFO - Filling up the DagBag from /home/airflow/.local/lib/python3.7/site-packages/airflow/example_dags/example_latest_only.py
[2021-11-18 23:14:16,750] {processor.py:637} INFO - DAG(s) dict_keys(['latest_only']) retrieved from /home/airflow/.local/lib/python3.7/site-packages/airflow/example_dags/example_latest_only.py
[2021-11-18 23:14:16,760] {logging_mixin.py:109} INFO - [2021-11-18 23:14:16,760] {dag.py:2396} INFO - Sync 1 DAGs
[2021-11-18 23:14:16,775] {logging_mixin.py:109} INFO - [2021-11-18 23:14:16,775] {dag.py:2928} INFO - Setting next_dagrun for latest_only to 2021-11-18T19:14:16.775030+00:00
[2021-11-18 23:14:16,784] {processor.py:171} INFO - Processing /home/airflow/.local/lib/python3.7/site-packages/airflow/example_dags/example_latest_only.py took 0.068 seconds
[2021-11-18 23:14:47,852] {processor.py:163} INFO - Started process (PID=499) to work on /home/airflow/.local/lib/python3.7/site-packages/airflow/example_dags/example_latest_only.py
[2021-11-18 23:14:47,853] {processor.py:625} INFO - Processing file /home/airflow/.local/lib/python3.7/site-packages/airflow/example_dags/example_latest_only.py for tasks to queue
[2021-11-18 23:14:47,854] {logging_mixin.py:109} INFO - [2021-11-18 23:14:47,854] {dagbag.py:500} INFO - Filling up the DagBag from /home/airflow/.local/lib/python3.7/site-packages/airflow/example_dags/example_latest_only.py
[2021-11-18 23:14:47,880] {processor.py:637} INFO - DAG(s) dict_keys(['latest_only']) retrieved from /home/airflow/.local/lib/python3.7/site-packages/airflow/example_dags/example_latest_only.py
[2021-11-18 23:14:47,890] {logging_mixin.py:109} INFO - [2021-11-18 23:14:47,890] {dag.py:2396} INFO - Sync 1 DAGs
[2021-11-18 23:14:47,909] {logging_mixin.py:109} INFO - [2021-11-18 23:14:47,909] {dag.py:2928} INFO - Setting next_dagrun for latest_only to 2021-11-18T19:14:47.908827+00:00
[2021-11-18 23:14:47,920] {processor.py:171} INFO - Processing /home/airflow/.local/lib/python3.7/site-packages/airflow/example_dags/example_latest_only.py took 0.072 seconds
[2021-11-18 23:15:18,479] {processor.py:163} INFO - Started process (PID=550) to work on /home/airflow/.local/lib/python3.7/site-packages/airflow/example_dags/example_latest_only.py
[2021-11-18 23:15:18,481] {processor.py:625} INFO - Processing file /home/airflow/.local/lib/python3.7/site-packages/airflow/example_dags/example_latest_only.py for tasks to queue
[2021-11-18 23:15:18,482] {logging_mixin.py:109} INFO - [2021-11-18 23:15:18,482] {dagbag.py:500} INFO - Filling up the DagBag from /home/airflow/.local/lib/python3.7/site-packages/airflow/example_dags/example_latest_only.py
[2021-11-18 23:15:18,504] {processor.py:637} INFO - DAG(s) dict_keys(['latest_only']) retrieved from /home/airflow/.local/lib/python3.7/site-packages/airflow/example_dags/example_latest_only.py
[2021-11-18 23:15:18,513] {logging_mixin.py:109} INFO - [2021-11-18 23:15:18,513] {dag.py:2396} INFO - Sync 1 DAGs
[2021-11-18 23:15:18,527] {logging_mixin.py:109} INFO - [2021-11-18 23:15:18,527] {dag.py:2928} INFO - Setting next_dagrun for latest_only to 2021-11-18T19:15:18.527209+00:00
[2021-11-18 23:15:18,537] {processor.py:171} INFO - Processing /home/airflow/.local/lib/python3.7/site-packages/airflow/example_dags/example_latest_only.py took 0.060 seconds
[2021-11-18 23:15:49,031] {processor.py:163} INFO - Started process (PID=601) to work on /home/airflow/.local/lib/python3.7/site-packages/airflow/example_dags/example_latest_only.py
[2021-11-18 23:15:49,034] {processor.py:625} INFO - Processing file /home/airflow/.local/lib/python3.7/site-packages/airflow/example_dags/example_latest_only.py for tasks to queue
[2021-11-18 23:15:49,035] {logging_mixin.py:109} INFO - [2021-11-18 23:15:49,035] {dagbag.py:500} INFO - Filling up the DagBag from /home/airflow/.local/lib/python3.7/site-packages/airflow/example_dags/example_latest_only.py
[2021-11-18 23:15:49,057] {processor.py:637} INFO - DAG(s) dict_keys(['latest_only']) retrieved from /home/airflow/.local/lib/python3.7/site-packages/airflow/example_dags/example_latest_only.py
[2021-11-18 23:15:49,068] {logging_mixin.py:109} INFO - [2021-11-18 23:15:49,068] {dag.py:2396} INFO - Sync 1 DAGs
[2021-11-18 23:15:49,087] {logging_mixin.py:109} INFO - [2021-11-18 23:15:49,087] {dag.py:2928} INFO - Setting next_dagrun for latest_only to 2021-11-18T19:15:49.087042+00:00
[2021-11-18 23:15:49,098] {processor.py:171} INFO - Processing /home/airflow/.local/lib/python3.7/site-packages/airflow/example_dags/example_latest_only.py took 0.070 seconds
[2021-11-18 23:16:20,635] {processor.py:163} INFO - Started process (PID=658) to work on /home/airflow/.local/lib/python3.7/site-packages/airflow/example_dags/example_latest_only.py
[2021-11-18 23:16:20,636] {processor.py:625} INFO - Processing file /home/airflow/.local/lib/python3.7/site-packages/airflow/example_dags/example_latest_only.py for tasks to queue
[2021-11-18 23:16:20,637] {logging_mixin.py:109} INFO - [2021-11-18 23:16:20,637] {dagbag.py:500} INFO - Filling up the DagBag from /home/airflow/.local/lib/python3.7/site-packages/airflow/example_dags/example_latest_only.py
[2021-11-18 23:16:20,664] {processor.py:637} INFO - DAG(s) dict_keys(['latest_only']) retrieved from /home/airflow/.local/lib/python3.7/site-packages/airflow/example_dags/example_latest_only.py
[2021-11-18 23:16:20,674] {logging_mixin.py:109} INFO - [2021-11-18 23:16:20,674] {dag.py:2396} INFO - Sync 1 DAGs
[2021-11-18 23:16:20,694] {logging_mixin.py:109} INFO - [2021-11-18 23:16:20,694] {dag.py:2928} INFO - Setting next_dagrun for latest_only to 2021-11-18T19:16:20.694274+00:00
[2021-11-18 23:16:20,704] {processor.py:171} INFO - Processing /home/airflow/.local/lib/python3.7/site-packages/airflow/example_dags/example_latest_only.py took 0.073 seconds
[2021-11-18 23:16:51,655] {processor.py:163} INFO - Started process (PID=709) to work on /home/airflow/.local/lib/python3.7/site-packages/airflow/example_dags/example_latest_only.py
[2021-11-18 23:16:51,669] {processor.py:625} INFO - Processing file /home/airflow/.local/lib/python3.7/site-packages/airflow/example_dags/example_latest_only.py for tasks to queue
[2021-11-18 23:16:51,670] {logging_mixin.py:109} INFO - [2021-11-18 23:16:51,670] {dagbag.py:500} INFO - Filling up the DagBag from /home/airflow/.local/lib/python3.7/site-packages/airflow/example_dags/example_latest_only.py
[2021-11-18 23:16:51,691] {processor.py:637} INFO - DAG(s) dict_keys(['latest_only']) retrieved from /home/airflow/.local/lib/python3.7/site-packages/airflow/example_dags/example_latest_only.py
[2021-11-18 23:16:51,700] {logging_mixin.py:109} INFO - [2021-11-18 23:16:51,700] {dag.py:2396} INFO - Sync 1 DAGs
[2021-11-18 23:16:51,716] {logging_mixin.py:109} INFO - [2021-11-18 23:16:51,716] {dag.py:2928} INFO - Setting next_dagrun for latest_only to 2021-11-18T19:16:51.715931+00:00
[2021-11-18 23:16:51,731] {processor.py:171} INFO - Processing /home/airflow/.local/lib/python3.7/site-packages/airflow/example_dags/example_latest_only.py took 0.078 seconds
[2021-11-18 23:17:23,710] {processor.py:163} INFO - Started process (PID=759) to work on /home/airflow/.local/lib/python3.7/site-packages/airflow/example_dags/example_latest_only.py
[2021-11-18 23:17:23,715] {processor.py:625} INFO - Processing file /home/airflow/.local/lib/python3.7/site-packages/airflow/example_dags/example_latest_only.py for tasks to queue
[2021-11-18 23:17:23,715] {logging_mixin.py:109} INFO - [2021-11-18 23:17:23,715] {dagbag.py:500} INFO - Filling up the DagBag from /home/airflow/.local/lib/python3.7/site-packages/airflow/example_dags/example_latest_only.py
[2021-11-18 23:17:23,742] {processor.py:637} INFO - DAG(s) dict_keys(['latest_only']) retrieved from /home/airflow/.local/lib/python3.7/site-packages/airflow/example_dags/example_latest_only.py
[2021-11-18 23:17:23,753] {logging_mixin.py:109} INFO - [2021-11-18 23:17:23,753] {dag.py:2396} INFO - Sync 1 DAGs
[2021-11-18 23:17:23,783] {logging_mixin.py:109} INFO - [2021-11-18 23:17:23,783] {dag.py:2928} INFO - Setting next_dagrun for latest_only to 2021-11-18T19:17:23.782681+00:00
[2021-11-18 23:17:23,929] {processor.py:171} INFO - Processing /home/airflow/.local/lib/python3.7/site-packages/airflow/example_dags/example_latest_only.py took 0.223 seconds
