[2021-11-18 21:09:09,097] {processor.py:163} INFO - Started process (PID=153) to work on /home/airflow/.local/lib/python3.7/site-packages/airflow/example_dags/example_kubernetes_executor_config.py
[2021-11-18 21:09:09,098] {processor.py:625} INFO - Processing file /home/airflow/.local/lib/python3.7/site-packages/airflow/example_dags/example_kubernetes_executor_config.py for tasks to queue
[2021-11-18 21:09:09,099] {logging_mixin.py:109} INFO - [2021-11-18 21:09:09,099] {dagbag.py:500} INFO - Filling up the DagBag from /home/airflow/.local/lib/python3.7/site-packages/airflow/example_dags/example_kubernetes_executor_config.py
[2021-11-18 21:09:09,125] {processor.py:637} INFO - DAG(s) dict_keys(['example_kubernetes_executor_config']) retrieved from /home/airflow/.local/lib/python3.7/site-packages/airflow/example_dags/example_kubernetes_executor_config.py
[2021-11-18 21:09:11,089] {logging_mixin.py:109} INFO - [2021-11-18 21:09:11,089] {providers_manager.py:156} WARNING - Exception when importing 'airflow.providers.google.leveldb.hooks.leveldb.LevelDBHook' from 'apache-airflow-providers-google' package: No module named 'plyvel'
[2021-11-18 21:09:11,550] {logging_mixin.py:109} INFO - [2021-11-18 21:09:11,550] {providers_manager.py:156} WARNING - Exception when importing 'airflow.providers.google.leveldb.hooks.leveldb.LevelDBHook' from 'apache-airflow-providers-google' package: No module named 'plyvel'
[2021-11-18 21:09:11,578] {logging_mixin.py:109} INFO - [2021-11-18 21:09:11,578] {manager.py:496} INFO - Created Permission View: can edit on DAG:example_kubernetes_executor_config
[2021-11-18 21:09:11,587] {logging_mixin.py:109} INFO - [2021-11-18 21:09:11,587] {manager.py:496} INFO - Created Permission View: can read on DAG:example_kubernetes_executor_config
[2021-11-18 21:09:11,588] {logging_mixin.py:109} INFO - [2021-11-18 21:09:11,587] {dag.py:2396} INFO - Sync 1 DAGs
[2021-11-18 21:09:11,597] {logging_mixin.py:109} INFO - [2021-11-18 21:09:11,597] {dag.py:2415} INFO - Creating ORM DAG for example_kubernetes_executor_config
[2021-11-18 21:09:11,607] {logging_mixin.py:109} INFO - [2021-11-18 21:09:11,607] {dag.py:2928} INFO - Setting next_dagrun for example_kubernetes_executor_config to None
[2021-11-18 21:09:11,619] {processor.py:171} INFO - Processing /home/airflow/.local/lib/python3.7/site-packages/airflow/example_dags/example_kubernetes_executor_config.py took 2.525 seconds
[2021-11-18 21:09:42,054] {processor.py:163} INFO - Started process (PID=362) to work on /home/airflow/.local/lib/python3.7/site-packages/airflow/example_dags/example_kubernetes_executor_config.py
[2021-11-18 21:09:42,056] {processor.py:625} INFO - Processing file /home/airflow/.local/lib/python3.7/site-packages/airflow/example_dags/example_kubernetes_executor_config.py for tasks to queue
[2021-11-18 21:09:42,056] {logging_mixin.py:109} INFO - [2021-11-18 21:09:42,056] {dagbag.py:500} INFO - Filling up the DagBag from /home/airflow/.local/lib/python3.7/site-packages/airflow/example_dags/example_kubernetes_executor_config.py
[2021-11-18 21:09:42,083] {processor.py:637} INFO - DAG(s) dict_keys(['example_kubernetes_executor_config']) retrieved from /home/airflow/.local/lib/python3.7/site-packages/airflow/example_dags/example_kubernetes_executor_config.py
[2021-11-18 21:09:42,096] {logging_mixin.py:109} INFO - [2021-11-18 21:09:42,096] {dag.py:2396} INFO - Sync 1 DAGs
[2021-11-18 21:09:42,110] {logging_mixin.py:109} INFO - [2021-11-18 21:09:42,110] {dag.py:2928} INFO - Setting next_dagrun for example_kubernetes_executor_config to None
[2021-11-18 21:09:42,118] {processor.py:171} INFO - Processing /home/airflow/.local/lib/python3.7/site-packages/airflow/example_dags/example_kubernetes_executor_config.py took 0.068 seconds
[2021-11-18 21:10:12,435] {processor.py:163} INFO - Started process (PID=411) to work on /home/airflow/.local/lib/python3.7/site-packages/airflow/example_dags/example_kubernetes_executor_config.py
[2021-11-18 21:10:12,442] {processor.py:625} INFO - Processing file /home/airflow/.local/lib/python3.7/site-packages/airflow/example_dags/example_kubernetes_executor_config.py for tasks to queue
[2021-11-18 21:10:12,443] {logging_mixin.py:109} INFO - [2021-11-18 21:10:12,443] {dagbag.py:500} INFO - Filling up the DagBag from /home/airflow/.local/lib/python3.7/site-packages/airflow/example_dags/example_kubernetes_executor_config.py
[2021-11-18 21:10:12,474] {processor.py:637} INFO - DAG(s) dict_keys(['example_kubernetes_executor_config']) retrieved from /home/airflow/.local/lib/python3.7/site-packages/airflow/example_dags/example_kubernetes_executor_config.py
[2021-11-18 21:10:12,489] {logging_mixin.py:109} INFO - [2021-11-18 21:10:12,489] {dag.py:2396} INFO - Sync 1 DAGs
[2021-11-18 21:10:12,509] {logging_mixin.py:109} INFO - [2021-11-18 21:10:12,509] {dag.py:2928} INFO - Setting next_dagrun for example_kubernetes_executor_config to None
[2021-11-18 21:10:12,526] {processor.py:171} INFO - Processing /home/airflow/.local/lib/python3.7/site-packages/airflow/example_dags/example_kubernetes_executor_config.py took 0.095 seconds
[2021-11-18 23:10:34,187] {processor.py:163} INFO - Started process (PID=50) to work on /home/airflow/.local/lib/python3.7/site-packages/airflow/example_dags/example_kubernetes_executor_config.py
[2021-11-18 23:10:34,190] {processor.py:625} INFO - Processing file /home/airflow/.local/lib/python3.7/site-packages/airflow/example_dags/example_kubernetes_executor_config.py for tasks to queue
[2021-11-18 23:10:34,191] {logging_mixin.py:109} INFO - [2021-11-18 23:10:34,191] {dagbag.py:500} INFO - Filling up the DagBag from /home/airflow/.local/lib/python3.7/site-packages/airflow/example_dags/example_kubernetes_executor_config.py
[2021-11-18 23:10:34,260] {processor.py:637} INFO - DAG(s) dict_keys(['example_kubernetes_executor_config']) retrieved from /home/airflow/.local/lib/python3.7/site-packages/airflow/example_dags/example_kubernetes_executor_config.py
[2021-11-18 23:10:34,285] {logging_mixin.py:109} INFO - [2021-11-18 23:10:34,285] {dag.py:2396} INFO - Sync 1 DAGs
[2021-11-18 23:10:34,317] {logging_mixin.py:109} INFO - [2021-11-18 23:10:34,317] {dag.py:2928} INFO - Setting next_dagrun for example_kubernetes_executor_config to None
[2021-11-18 23:10:34,343] {processor.py:171} INFO - Processing /home/airflow/.local/lib/python3.7/site-packages/airflow/example_dags/example_kubernetes_executor_config.py took 0.160 seconds
[2021-11-18 23:11:06,186] {processor.py:163} INFO - Started process (PID=108) to work on /home/airflow/.local/lib/python3.7/site-packages/airflow/example_dags/example_kubernetes_executor_config.py
[2021-11-18 23:11:06,188] {processor.py:625} INFO - Processing file /home/airflow/.local/lib/python3.7/site-packages/airflow/example_dags/example_kubernetes_executor_config.py for tasks to queue
[2021-11-18 23:11:06,188] {logging_mixin.py:109} INFO - [2021-11-18 23:11:06,188] {dagbag.py:500} INFO - Filling up the DagBag from /home/airflow/.local/lib/python3.7/site-packages/airflow/example_dags/example_kubernetes_executor_config.py
[2021-11-18 23:11:06,215] {processor.py:637} INFO - DAG(s) dict_keys(['example_kubernetes_executor_config']) retrieved from /home/airflow/.local/lib/python3.7/site-packages/airflow/example_dags/example_kubernetes_executor_config.py
[2021-11-18 23:11:06,227] {logging_mixin.py:109} INFO - [2021-11-18 23:11:06,227] {dag.py:2396} INFO - Sync 1 DAGs
[2021-11-18 23:11:06,243] {logging_mixin.py:109} INFO - [2021-11-18 23:11:06,243] {dag.py:2928} INFO - Setting next_dagrun for example_kubernetes_executor_config to None
[2021-11-18 23:11:06,254] {processor.py:171} INFO - Processing /home/airflow/.local/lib/python3.7/site-packages/airflow/example_dags/example_kubernetes_executor_config.py took 0.071 seconds
[2021-11-18 23:11:36,914] {processor.py:163} INFO - Started process (PID=159) to work on /home/airflow/.local/lib/python3.7/site-packages/airflow/example_dags/example_kubernetes_executor_config.py
[2021-11-18 23:11:36,915] {processor.py:625} INFO - Processing file /home/airflow/.local/lib/python3.7/site-packages/airflow/example_dags/example_kubernetes_executor_config.py for tasks to queue
[2021-11-18 23:11:36,916] {logging_mixin.py:109} INFO - [2021-11-18 23:11:36,916] {dagbag.py:500} INFO - Filling up the DagBag from /home/airflow/.local/lib/python3.7/site-packages/airflow/example_dags/example_kubernetes_executor_config.py
[2021-11-18 23:11:36,945] {processor.py:637} INFO - DAG(s) dict_keys(['example_kubernetes_executor_config']) retrieved from /home/airflow/.local/lib/python3.7/site-packages/airflow/example_dags/example_kubernetes_executor_config.py
[2021-11-18 23:11:36,957] {logging_mixin.py:109} INFO - [2021-11-18 23:11:36,956] {dag.py:2396} INFO - Sync 1 DAGs
[2021-11-18 23:11:36,971] {logging_mixin.py:109} INFO - [2021-11-18 23:11:36,970] {dag.py:2928} INFO - Setting next_dagrun for example_kubernetes_executor_config to None
[2021-11-18 23:11:36,980] {processor.py:171} INFO - Processing /home/airflow/.local/lib/python3.7/site-packages/airflow/example_dags/example_kubernetes_executor_config.py took 0.068 seconds
[2021-11-18 23:12:07,892] {processor.py:163} INFO - Started process (PID=209) to work on /home/airflow/.local/lib/python3.7/site-packages/airflow/example_dags/example_kubernetes_executor_config.py
[2021-11-18 23:12:07,893] {processor.py:625} INFO - Processing file /home/airflow/.local/lib/python3.7/site-packages/airflow/example_dags/example_kubernetes_executor_config.py for tasks to queue
[2021-11-18 23:12:07,893] {logging_mixin.py:109} INFO - [2021-11-18 23:12:07,893] {dagbag.py:500} INFO - Filling up the DagBag from /home/airflow/.local/lib/python3.7/site-packages/airflow/example_dags/example_kubernetes_executor_config.py
[2021-11-18 23:12:07,916] {processor.py:637} INFO - DAG(s) dict_keys(['example_kubernetes_executor_config']) retrieved from /home/airflow/.local/lib/python3.7/site-packages/airflow/example_dags/example_kubernetes_executor_config.py
[2021-11-18 23:12:07,928] {logging_mixin.py:109} INFO - [2021-11-18 23:12:07,928] {dag.py:2396} INFO - Sync 1 DAGs
[2021-11-18 23:12:07,943] {logging_mixin.py:109} INFO - [2021-11-18 23:12:07,943] {dag.py:2928} INFO - Setting next_dagrun for example_kubernetes_executor_config to None
[2021-11-18 23:12:07,953] {processor.py:171} INFO - Processing /home/airflow/.local/lib/python3.7/site-packages/airflow/example_dags/example_kubernetes_executor_config.py took 0.064 seconds
[2021-11-18 23:12:38,746] {processor.py:163} INFO - Started process (PID=267) to work on /home/airflow/.local/lib/python3.7/site-packages/airflow/example_dags/example_kubernetes_executor_config.py
[2021-11-18 23:12:38,747] {processor.py:625} INFO - Processing file /home/airflow/.local/lib/python3.7/site-packages/airflow/example_dags/example_kubernetes_executor_config.py for tasks to queue
[2021-11-18 23:12:38,748] {logging_mixin.py:109} INFO - [2021-11-18 23:12:38,748] {dagbag.py:500} INFO - Filling up the DagBag from /home/airflow/.local/lib/python3.7/site-packages/airflow/example_dags/example_kubernetes_executor_config.py
[2021-11-18 23:12:38,778] {processor.py:637} INFO - DAG(s) dict_keys(['example_kubernetes_executor_config']) retrieved from /home/airflow/.local/lib/python3.7/site-packages/airflow/example_dags/example_kubernetes_executor_config.py
[2021-11-18 23:12:38,791] {logging_mixin.py:109} INFO - [2021-11-18 23:12:38,791] {dag.py:2396} INFO - Sync 1 DAGs
[2021-11-18 23:12:38,814] {logging_mixin.py:109} INFO - [2021-11-18 23:12:38,814] {dag.py:2928} INFO - Setting next_dagrun for example_kubernetes_executor_config to None
[2021-11-18 23:12:38,827] {processor.py:171} INFO - Processing /home/airflow/.local/lib/python3.7/site-packages/airflow/example_dags/example_kubernetes_executor_config.py took 0.084 seconds
[2021-11-18 23:13:09,222] {processor.py:163} INFO - Started process (PID=317) to work on /home/airflow/.local/lib/python3.7/site-packages/airflow/example_dags/example_kubernetes_executor_config.py
[2021-11-18 23:13:09,224] {processor.py:625} INFO - Processing file /home/airflow/.local/lib/python3.7/site-packages/airflow/example_dags/example_kubernetes_executor_config.py for tasks to queue
[2021-11-18 23:13:09,225] {logging_mixin.py:109} INFO - [2021-11-18 23:13:09,225] {dagbag.py:500} INFO - Filling up the DagBag from /home/airflow/.local/lib/python3.7/site-packages/airflow/example_dags/example_kubernetes_executor_config.py
[2021-11-18 23:13:09,266] {processor.py:637} INFO - DAG(s) dict_keys(['example_kubernetes_executor_config']) retrieved from /home/airflow/.local/lib/python3.7/site-packages/airflow/example_dags/example_kubernetes_executor_config.py
[2021-11-18 23:13:09,293] {logging_mixin.py:109} INFO - [2021-11-18 23:13:09,292] {dag.py:2396} INFO - Sync 1 DAGs
[2021-11-18 23:13:09,323] {logging_mixin.py:109} INFO - [2021-11-18 23:13:09,323] {dag.py:2928} INFO - Setting next_dagrun for example_kubernetes_executor_config to None
[2021-11-18 23:13:09,341] {processor.py:171} INFO - Processing /home/airflow/.local/lib/python3.7/site-packages/airflow/example_dags/example_kubernetes_executor_config.py took 0.126 seconds
[2021-11-18 23:13:40,019] {processor.py:163} INFO - Started process (PID=368) to work on /home/airflow/.local/lib/python3.7/site-packages/airflow/example_dags/example_kubernetes_executor_config.py
[2021-11-18 23:13:40,031] {processor.py:625} INFO - Processing file /home/airflow/.local/lib/python3.7/site-packages/airflow/example_dags/example_kubernetes_executor_config.py for tasks to queue
[2021-11-18 23:13:40,033] {logging_mixin.py:109} INFO - [2021-11-18 23:13:40,033] {dagbag.py:500} INFO - Filling up the DagBag from /home/airflow/.local/lib/python3.7/site-packages/airflow/example_dags/example_kubernetes_executor_config.py
[2021-11-18 23:13:40,061] {processor.py:637} INFO - DAG(s) dict_keys(['example_kubernetes_executor_config']) retrieved from /home/airflow/.local/lib/python3.7/site-packages/airflow/example_dags/example_kubernetes_executor_config.py
[2021-11-18 23:13:40,078] {logging_mixin.py:109} INFO - [2021-11-18 23:13:40,077] {dag.py:2396} INFO - Sync 1 DAGs
[2021-11-18 23:13:40,098] {logging_mixin.py:109} INFO - [2021-11-18 23:13:40,098] {dag.py:2928} INFO - Setting next_dagrun for example_kubernetes_executor_config to None
[2021-11-18 23:13:40,108] {processor.py:171} INFO - Processing /home/airflow/.local/lib/python3.7/site-packages/airflow/example_dags/example_kubernetes_executor_config.py took 0.092 seconds
[2021-11-18 23:14:10,886] {processor.py:163} INFO - Started process (PID=427) to work on /home/airflow/.local/lib/python3.7/site-packages/airflow/example_dags/example_kubernetes_executor_config.py
[2021-11-18 23:14:10,887] {processor.py:625} INFO - Processing file /home/airflow/.local/lib/python3.7/site-packages/airflow/example_dags/example_kubernetes_executor_config.py for tasks to queue
[2021-11-18 23:14:10,888] {logging_mixin.py:109} INFO - [2021-11-18 23:14:10,888] {dagbag.py:500} INFO - Filling up the DagBag from /home/airflow/.local/lib/python3.7/site-packages/airflow/example_dags/example_kubernetes_executor_config.py
[2021-11-18 23:14:10,938] {processor.py:637} INFO - DAG(s) dict_keys(['example_kubernetes_executor_config']) retrieved from /home/airflow/.local/lib/python3.7/site-packages/airflow/example_dags/example_kubernetes_executor_config.py
[2021-11-18 23:14:10,958] {logging_mixin.py:109} INFO - [2021-11-18 23:14:10,958] {dag.py:2396} INFO - Sync 1 DAGs
[2021-11-18 23:14:10,993] {logging_mixin.py:109} INFO - [2021-11-18 23:14:10,992] {dag.py:2928} INFO - Setting next_dagrun for example_kubernetes_executor_config to None
[2021-11-18 23:14:11,009] {processor.py:171} INFO - Processing /home/airflow/.local/lib/python3.7/site-packages/airflow/example_dags/example_kubernetes_executor_config.py took 0.127 seconds
[2021-11-18 23:14:42,647] {processor.py:163} INFO - Started process (PID=477) to work on /home/airflow/.local/lib/python3.7/site-packages/airflow/example_dags/example_kubernetes_executor_config.py
[2021-11-18 23:14:42,649] {processor.py:625} INFO - Processing file /home/airflow/.local/lib/python3.7/site-packages/airflow/example_dags/example_kubernetes_executor_config.py for tasks to queue
[2021-11-18 23:14:42,650] {logging_mixin.py:109} INFO - [2021-11-18 23:14:42,649] {dagbag.py:500} INFO - Filling up the DagBag from /home/airflow/.local/lib/python3.7/site-packages/airflow/example_dags/example_kubernetes_executor_config.py
[2021-11-18 23:14:42,688] {processor.py:637} INFO - DAG(s) dict_keys(['example_kubernetes_executor_config']) retrieved from /home/airflow/.local/lib/python3.7/site-packages/airflow/example_dags/example_kubernetes_executor_config.py
[2021-11-18 23:14:42,703] {logging_mixin.py:109} INFO - [2021-11-18 23:14:42,702] {dag.py:2396} INFO - Sync 1 DAGs
[2021-11-18 23:14:42,721] {logging_mixin.py:109} INFO - [2021-11-18 23:14:42,720] {dag.py:2928} INFO - Setting next_dagrun for example_kubernetes_executor_config to None
[2021-11-18 23:14:42,734] {processor.py:171} INFO - Processing /home/airflow/.local/lib/python3.7/site-packages/airflow/example_dags/example_kubernetes_executor_config.py took 0.089 seconds
[2021-11-18 23:15:12,791] {processor.py:163} INFO - Started process (PID=528) to work on /home/airflow/.local/lib/python3.7/site-packages/airflow/example_dags/example_kubernetes_executor_config.py
[2021-11-18 23:15:12,796] {processor.py:625} INFO - Processing file /home/airflow/.local/lib/python3.7/site-packages/airflow/example_dags/example_kubernetes_executor_config.py for tasks to queue
[2021-11-18 23:15:12,797] {logging_mixin.py:109} INFO - [2021-11-18 23:15:12,797] {dagbag.py:500} INFO - Filling up the DagBag from /home/airflow/.local/lib/python3.7/site-packages/airflow/example_dags/example_kubernetes_executor_config.py
[2021-11-18 23:15:12,831] {processor.py:637} INFO - DAG(s) dict_keys(['example_kubernetes_executor_config']) retrieved from /home/airflow/.local/lib/python3.7/site-packages/airflow/example_dags/example_kubernetes_executor_config.py
[2021-11-18 23:15:12,847] {logging_mixin.py:109} INFO - [2021-11-18 23:15:12,847] {dag.py:2396} INFO - Sync 1 DAGs
[2021-11-18 23:15:12,863] {logging_mixin.py:109} INFO - [2021-11-18 23:15:12,863] {dag.py:2928} INFO - Setting next_dagrun for example_kubernetes_executor_config to None
[2021-11-18 23:15:12,874] {processor.py:171} INFO - Processing /home/airflow/.local/lib/python3.7/site-packages/airflow/example_dags/example_kubernetes_executor_config.py took 0.086 seconds
[2021-11-18 23:15:43,969] {processor.py:163} INFO - Started process (PID=587) to work on /home/airflow/.local/lib/python3.7/site-packages/airflow/example_dags/example_kubernetes_executor_config.py
[2021-11-18 23:15:43,981] {processor.py:625} INFO - Processing file /home/airflow/.local/lib/python3.7/site-packages/airflow/example_dags/example_kubernetes_executor_config.py for tasks to queue
[2021-11-18 23:15:43,982] {logging_mixin.py:109} INFO - [2021-11-18 23:15:43,982] {dagbag.py:500} INFO - Filling up the DagBag from /home/airflow/.local/lib/python3.7/site-packages/airflow/example_dags/example_kubernetes_executor_config.py
[2021-11-18 23:15:44,006] {processor.py:637} INFO - DAG(s) dict_keys(['example_kubernetes_executor_config']) retrieved from /home/airflow/.local/lib/python3.7/site-packages/airflow/example_dags/example_kubernetes_executor_config.py
[2021-11-18 23:15:44,018] {logging_mixin.py:109} INFO - [2021-11-18 23:15:44,018] {dag.py:2396} INFO - Sync 1 DAGs
[2021-11-18 23:15:44,035] {logging_mixin.py:109} INFO - [2021-11-18 23:15:44,035] {dag.py:2928} INFO - Setting next_dagrun for example_kubernetes_executor_config to None
[2021-11-18 23:15:44,044] {processor.py:171} INFO - Processing /home/airflow/.local/lib/python3.7/site-packages/airflow/example_dags/example_kubernetes_executor_config.py took 0.078 seconds
[2021-11-18 23:16:15,612] {processor.py:163} INFO - Started process (PID=637) to work on /home/airflow/.local/lib/python3.7/site-packages/airflow/example_dags/example_kubernetes_executor_config.py
[2021-11-18 23:16:15,621] {processor.py:625} INFO - Processing file /home/airflow/.local/lib/python3.7/site-packages/airflow/example_dags/example_kubernetes_executor_config.py for tasks to queue
[2021-11-18 23:16:15,622] {logging_mixin.py:109} INFO - [2021-11-18 23:16:15,622] {dagbag.py:500} INFO - Filling up the DagBag from /home/airflow/.local/lib/python3.7/site-packages/airflow/example_dags/example_kubernetes_executor_config.py
[2021-11-18 23:16:15,646] {processor.py:637} INFO - DAG(s) dict_keys(['example_kubernetes_executor_config']) retrieved from /home/airflow/.local/lib/python3.7/site-packages/airflow/example_dags/example_kubernetes_executor_config.py
[2021-11-18 23:16:15,656] {logging_mixin.py:109} INFO - [2021-11-18 23:16:15,656] {dag.py:2396} INFO - Sync 1 DAGs
[2021-11-18 23:16:15,670] {logging_mixin.py:109} INFO - [2021-11-18 23:16:15,670] {dag.py:2928} INFO - Setting next_dagrun for example_kubernetes_executor_config to None
[2021-11-18 23:16:15,679] {processor.py:171} INFO - Processing /home/airflow/.local/lib/python3.7/site-packages/airflow/example_dags/example_kubernetes_executor_config.py took 0.069 seconds
[2021-11-18 23:16:45,882] {processor.py:163} INFO - Started process (PID=687) to work on /home/airflow/.local/lib/python3.7/site-packages/airflow/example_dags/example_kubernetes_executor_config.py
[2021-11-18 23:16:45,884] {processor.py:625} INFO - Processing file /home/airflow/.local/lib/python3.7/site-packages/airflow/example_dags/example_kubernetes_executor_config.py for tasks to queue
[2021-11-18 23:16:45,884] {logging_mixin.py:109} INFO - [2021-11-18 23:16:45,884] {dagbag.py:500} INFO - Filling up the DagBag from /home/airflow/.local/lib/python3.7/site-packages/airflow/example_dags/example_kubernetes_executor_config.py
[2021-11-18 23:16:45,913] {processor.py:637} INFO - DAG(s) dict_keys(['example_kubernetes_executor_config']) retrieved from /home/airflow/.local/lib/python3.7/site-packages/airflow/example_dags/example_kubernetes_executor_config.py
[2021-11-18 23:16:45,930] {logging_mixin.py:109} INFO - [2021-11-18 23:16:45,930] {dag.py:2396} INFO - Sync 1 DAGs
[2021-11-18 23:16:46,042] {logging_mixin.py:109} INFO - [2021-11-18 23:16:46,042] {dag.py:2928} INFO - Setting next_dagrun for example_kubernetes_executor_config to None
[2021-11-18 23:16:46,053] {processor.py:171} INFO - Processing /home/airflow/.local/lib/python3.7/site-packages/airflow/example_dags/example_kubernetes_executor_config.py took 0.173 seconds
[2021-11-18 23:17:16,785] {processor.py:163} INFO - Started process (PID=745) to work on /home/airflow/.local/lib/python3.7/site-packages/airflow/example_dags/example_kubernetes_executor_config.py
[2021-11-18 23:17:16,787] {processor.py:625} INFO - Processing file /home/airflow/.local/lib/python3.7/site-packages/airflow/example_dags/example_kubernetes_executor_config.py for tasks to queue
[2021-11-18 23:17:16,787] {logging_mixin.py:109} INFO - [2021-11-18 23:17:16,787] {dagbag.py:500} INFO - Filling up the DagBag from /home/airflow/.local/lib/python3.7/site-packages/airflow/example_dags/example_kubernetes_executor_config.py
[2021-11-18 23:17:16,817] {processor.py:637} INFO - DAG(s) dict_keys(['example_kubernetes_executor_config']) retrieved from /home/airflow/.local/lib/python3.7/site-packages/airflow/example_dags/example_kubernetes_executor_config.py
[2021-11-18 23:17:16,838] {logging_mixin.py:109} INFO - [2021-11-18 23:17:16,838] {dag.py:2396} INFO - Sync 1 DAGs
[2021-11-18 23:17:17,006] {logging_mixin.py:109} INFO - [2021-11-18 23:17:17,005] {dag.py:2928} INFO - Setting next_dagrun for example_kubernetes_executor_config to None
[2021-11-18 23:17:17,046] {processor.py:171} INFO - Processing /home/airflow/.local/lib/python3.7/site-packages/airflow/example_dags/example_kubernetes_executor_config.py took 0.264 seconds
