[2021-11-18 21:09:23,054] {processor.py:163} INFO - Started process (PID=259) to work on /home/airflow/.local/lib/python3.7/site-packages/airflow/example_dags/example_dag_decorator.py
[2021-11-18 21:09:23,055] {processor.py:625} INFO - Processing file /home/airflow/.local/lib/python3.7/site-packages/airflow/example_dags/example_dag_decorator.py for tasks to queue
[2021-11-18 21:09:23,055] {logging_mixin.py:109} INFO - [2021-11-18 21:09:23,055] {dagbag.py:500} INFO - Filling up the DagBag from /home/airflow/.local/lib/python3.7/site-packages/airflow/example_dags/example_dag_decorator.py
[2021-11-18 21:09:23,090] {processor.py:637} INFO - DAG(s) dict_keys(['example_dag_decorator']) retrieved from /home/airflow/.local/lib/python3.7/site-packages/airflow/example_dags/example_dag_decorator.py
[2021-11-18 21:09:24,564] {logging_mixin.py:109} INFO - [2021-11-18 21:09:24,564] {providers_manager.py:156} WARNING - Exception when importing 'airflow.providers.google.leveldb.hooks.leveldb.LevelDBHook' from 'apache-airflow-providers-google' package: No module named 'plyvel'
[2021-11-18 21:09:24,948] {logging_mixin.py:109} INFO - [2021-11-18 21:09:24,948] {providers_manager.py:156} WARNING - Exception when importing 'airflow.providers.google.leveldb.hooks.leveldb.LevelDBHook' from 'apache-airflow-providers-google' package: No module named 'plyvel'
[2021-11-18 21:09:25,107] {logging_mixin.py:109} INFO - [2021-11-18 21:09:25,107] {manager.py:496} INFO - Created Permission View: can edit on DAG:example_dag_decorator
[2021-11-18 21:09:25,122] {logging_mixin.py:109} INFO - [2021-11-18 21:09:25,122] {manager.py:496} INFO - Created Permission View: can read on DAG:example_dag_decorator
[2021-11-18 21:09:25,123] {logging_mixin.py:109} INFO - [2021-11-18 21:09:25,122] {dag.py:2396} INFO - Sync 1 DAGs
[2021-11-18 21:09:25,138] {logging_mixin.py:109} INFO - [2021-11-18 21:09:25,138] {dag.py:2415} INFO - Creating ORM DAG for example_dag_decorator
[2021-11-18 21:09:25,150] {logging_mixin.py:109} INFO - [2021-11-18 21:09:25,150] {dag.py:2928} INFO - Setting next_dagrun for example_dag_decorator to None
[2021-11-18 21:09:25,167] {processor.py:171} INFO - Processing /home/airflow/.local/lib/python3.7/site-packages/airflow/example_dags/example_dag_decorator.py took 2.117 seconds
[2021-11-18 21:09:55,713] {processor.py:163} INFO - Started process (PID=381) to work on /home/airflow/.local/lib/python3.7/site-packages/airflow/example_dags/example_dag_decorator.py
[2021-11-18 21:09:55,767] {processor.py:625} INFO - Processing file /home/airflow/.local/lib/python3.7/site-packages/airflow/example_dags/example_dag_decorator.py for tasks to queue
[2021-11-18 21:09:55,770] {logging_mixin.py:109} INFO - [2021-11-18 21:09:55,769] {dagbag.py:500} INFO - Filling up the DagBag from /home/airflow/.local/lib/python3.7/site-packages/airflow/example_dags/example_dag_decorator.py
[2021-11-18 21:09:55,826] {processor.py:637} INFO - DAG(s) dict_keys(['example_dag_decorator']) retrieved from /home/airflow/.local/lib/python3.7/site-packages/airflow/example_dags/example_dag_decorator.py
[2021-11-18 21:09:56,115] {logging_mixin.py:109} INFO - [2021-11-18 21:09:56,115] {dag.py:2396} INFO - Sync 1 DAGs
[2021-11-18 21:09:56,127] {logging_mixin.py:109} INFO - [2021-11-18 21:09:56,127] {dag.py:2928} INFO - Setting next_dagrun for example_dag_decorator to None
[2021-11-18 21:09:56,136] {processor.py:171} INFO - Processing /home/airflow/.local/lib/python3.7/site-packages/airflow/example_dags/example_dag_decorator.py took 0.426 seconds
[2021-11-18 23:10:35,267] {processor.py:163} INFO - Started process (PID=61) to work on /home/airflow/.local/lib/python3.7/site-packages/airflow/example_dags/example_dag_decorator.py
[2021-11-18 23:10:35,271] {processor.py:625} INFO - Processing file /home/airflow/.local/lib/python3.7/site-packages/airflow/example_dags/example_dag_decorator.py for tasks to queue
[2021-11-18 23:10:35,272] {logging_mixin.py:109} INFO - [2021-11-18 23:10:35,272] {dagbag.py:500} INFO - Filling up the DagBag from /home/airflow/.local/lib/python3.7/site-packages/airflow/example_dags/example_dag_decorator.py
[2021-11-18 23:10:35,328] {processor.py:637} INFO - DAG(s) dict_keys(['example_dag_decorator']) retrieved from /home/airflow/.local/lib/python3.7/site-packages/airflow/example_dags/example_dag_decorator.py
[2021-11-18 23:10:35,710] {logging_mixin.py:109} INFO - [2021-11-18 23:10:35,710] {dag.py:2396} INFO - Sync 1 DAGs
[2021-11-18 23:10:35,731] {logging_mixin.py:109} INFO - [2021-11-18 23:10:35,730] {dag.py:2928} INFO - Setting next_dagrun for example_dag_decorator to None
[2021-11-18 23:10:35,744] {processor.py:171} INFO - Processing /home/airflow/.local/lib/python3.7/site-packages/airflow/example_dags/example_dag_decorator.py took 0.481 seconds
[2021-11-18 23:11:07,639] {processor.py:163} INFO - Started process (PID=119) to work on /home/airflow/.local/lib/python3.7/site-packages/airflow/example_dags/example_dag_decorator.py
[2021-11-18 23:11:07,731] {processor.py:625} INFO - Processing file /home/airflow/.local/lib/python3.7/site-packages/airflow/example_dags/example_dag_decorator.py for tasks to queue
[2021-11-18 23:11:07,732] {logging_mixin.py:109} INFO - [2021-11-18 23:11:07,732] {dagbag.py:500} INFO - Filling up the DagBag from /home/airflow/.local/lib/python3.7/site-packages/airflow/example_dags/example_dag_decorator.py
[2021-11-18 23:11:07,785] {processor.py:637} INFO - DAG(s) dict_keys(['example_dag_decorator']) retrieved from /home/airflow/.local/lib/python3.7/site-packages/airflow/example_dags/example_dag_decorator.py
[2021-11-18 23:11:08,250] {logging_mixin.py:109} INFO - [2021-11-18 23:11:08,250] {dag.py:2396} INFO - Sync 1 DAGs
[2021-11-18 23:11:08,264] {logging_mixin.py:109} INFO - [2021-11-18 23:11:08,264] {dag.py:2928} INFO - Setting next_dagrun for example_dag_decorator to None
[2021-11-18 23:11:08,275] {processor.py:171} INFO - Processing /home/airflow/.local/lib/python3.7/site-packages/airflow/example_dags/example_dag_decorator.py took 0.639 seconds
[2021-11-18 23:11:39,187] {processor.py:163} INFO - Started process (PID=173) to work on /home/airflow/.local/lib/python3.7/site-packages/airflow/example_dags/example_dag_decorator.py
[2021-11-18 23:11:39,188] {processor.py:625} INFO - Processing file /home/airflow/.local/lib/python3.7/site-packages/airflow/example_dags/example_dag_decorator.py for tasks to queue
[2021-11-18 23:11:39,189] {logging_mixin.py:109} INFO - [2021-11-18 23:11:39,189] {dagbag.py:500} INFO - Filling up the DagBag from /home/airflow/.local/lib/python3.7/site-packages/airflow/example_dags/example_dag_decorator.py
[2021-11-18 23:11:39,230] {processor.py:637} INFO - DAG(s) dict_keys(['example_dag_decorator']) retrieved from /home/airflow/.local/lib/python3.7/site-packages/airflow/example_dags/example_dag_decorator.py
[2021-11-18 23:11:39,538] {logging_mixin.py:109} INFO - [2021-11-18 23:11:39,538] {dag.py:2396} INFO - Sync 1 DAGs
[2021-11-18 23:11:39,553] {logging_mixin.py:109} INFO - [2021-11-18 23:11:39,553] {dag.py:2928} INFO - Setting next_dagrun for example_dag_decorator to None
[2021-11-18 23:11:39,563] {processor.py:171} INFO - Processing /home/airflow/.local/lib/python3.7/site-packages/airflow/example_dags/example_dag_decorator.py took 0.380 seconds
[2021-11-18 23:12:11,166] {processor.py:163} INFO - Started process (PID=223) to work on /home/airflow/.local/lib/python3.7/site-packages/airflow/example_dags/example_dag_decorator.py
[2021-11-18 23:12:11,168] {processor.py:625} INFO - Processing file /home/airflow/.local/lib/python3.7/site-packages/airflow/example_dags/example_dag_decorator.py for tasks to queue
[2021-11-18 23:12:11,169] {logging_mixin.py:109} INFO - [2021-11-18 23:12:11,168] {dagbag.py:500} INFO - Filling up the DagBag from /home/airflow/.local/lib/python3.7/site-packages/airflow/example_dags/example_dag_decorator.py
[2021-11-18 23:12:11,210] {processor.py:637} INFO - DAG(s) dict_keys(['example_dag_decorator']) retrieved from /home/airflow/.local/lib/python3.7/site-packages/airflow/example_dags/example_dag_decorator.py
[2021-11-18 23:12:11,537] {logging_mixin.py:109} INFO - [2021-11-18 23:12:11,536] {dag.py:2396} INFO - Sync 1 DAGs
[2021-11-18 23:12:11,553] {logging_mixin.py:109} INFO - [2021-11-18 23:12:11,553] {dag.py:2928} INFO - Setting next_dagrun for example_dag_decorator to None
[2021-11-18 23:12:11,565] {processor.py:171} INFO - Processing /home/airflow/.local/lib/python3.7/site-packages/airflow/example_dags/example_dag_decorator.py took 0.403 seconds
[2021-11-18 23:12:43,273] {processor.py:163} INFO - Started process (PID=280) to work on /home/airflow/.local/lib/python3.7/site-packages/airflow/example_dags/example_dag_decorator.py
[2021-11-18 23:12:43,275] {processor.py:625} INFO - Processing file /home/airflow/.local/lib/python3.7/site-packages/airflow/example_dags/example_dag_decorator.py for tasks to queue
[2021-11-18 23:12:43,275] {logging_mixin.py:109} INFO - [2021-11-18 23:12:43,275] {dagbag.py:500} INFO - Filling up the DagBag from /home/airflow/.local/lib/python3.7/site-packages/airflow/example_dags/example_dag_decorator.py
[2021-11-18 23:12:43,315] {processor.py:637} INFO - DAG(s) dict_keys(['example_dag_decorator']) retrieved from /home/airflow/.local/lib/python3.7/site-packages/airflow/example_dags/example_dag_decorator.py
[2021-11-18 23:12:43,653] {logging_mixin.py:109} INFO - [2021-11-18 23:12:43,653] {dag.py:2396} INFO - Sync 1 DAGs
[2021-11-18 23:12:43,670] {logging_mixin.py:109} INFO - [2021-11-18 23:12:43,670] {dag.py:2928} INFO - Setting next_dagrun for example_dag_decorator to None
[2021-11-18 23:12:43,689] {processor.py:171} INFO - Processing /home/airflow/.local/lib/python3.7/site-packages/airflow/example_dags/example_dag_decorator.py took 0.418 seconds
[2021-11-18 23:13:14,081] {processor.py:163} INFO - Started process (PID=328) to work on /home/airflow/.local/lib/python3.7/site-packages/airflow/example_dags/example_dag_decorator.py
[2021-11-18 23:13:14,085] {processor.py:625} INFO - Processing file /home/airflow/.local/lib/python3.7/site-packages/airflow/example_dags/example_dag_decorator.py for tasks to queue
[2021-11-18 23:13:14,086] {logging_mixin.py:109} INFO - [2021-11-18 23:13:14,086] {dagbag.py:500} INFO - Filling up the DagBag from /home/airflow/.local/lib/python3.7/site-packages/airflow/example_dags/example_dag_decorator.py
[2021-11-18 23:13:14,129] {processor.py:637} INFO - DAG(s) dict_keys(['example_dag_decorator']) retrieved from /home/airflow/.local/lib/python3.7/site-packages/airflow/example_dags/example_dag_decorator.py
[2021-11-18 23:13:14,453] {logging_mixin.py:109} INFO - [2021-11-18 23:13:14,453] {dag.py:2396} INFO - Sync 1 DAGs
[2021-11-18 23:13:14,473] {logging_mixin.py:109} INFO - [2021-11-18 23:13:14,473] {dag.py:2928} INFO - Setting next_dagrun for example_dag_decorator to None
[2021-11-18 23:13:14,491] {processor.py:171} INFO - Processing /home/airflow/.local/lib/python3.7/site-packages/airflow/example_dags/example_dag_decorator.py took 0.417 seconds
[2021-11-18 23:13:45,145] {processor.py:163} INFO - Started process (PID=387) to work on /home/airflow/.local/lib/python3.7/site-packages/airflow/example_dags/example_dag_decorator.py
[2021-11-18 23:13:45,147] {processor.py:625} INFO - Processing file /home/airflow/.local/lib/python3.7/site-packages/airflow/example_dags/example_dag_decorator.py for tasks to queue
[2021-11-18 23:13:45,148] {logging_mixin.py:109} INFO - [2021-11-18 23:13:45,148] {dagbag.py:500} INFO - Filling up the DagBag from /home/airflow/.local/lib/python3.7/site-packages/airflow/example_dags/example_dag_decorator.py
[2021-11-18 23:13:45,185] {processor.py:637} INFO - DAG(s) dict_keys(['example_dag_decorator']) retrieved from /home/airflow/.local/lib/python3.7/site-packages/airflow/example_dags/example_dag_decorator.py
[2021-11-18 23:13:45,446] {logging_mixin.py:109} INFO - [2021-11-18 23:13:45,446] {dag.py:2396} INFO - Sync 1 DAGs
[2021-11-18 23:13:45,457] {logging_mixin.py:109} INFO - [2021-11-18 23:13:45,457] {dag.py:2928} INFO - Setting next_dagrun for example_dag_decorator to None
[2021-11-18 23:13:45,476] {processor.py:171} INFO - Processing /home/airflow/.local/lib/python3.7/site-packages/airflow/example_dags/example_dag_decorator.py took 0.334 seconds
[2021-11-18 23:14:16,178] {processor.py:163} INFO - Started process (PID=438) to work on /home/airflow/.local/lib/python3.7/site-packages/airflow/example_dags/example_dag_decorator.py
[2021-11-18 23:14:16,455] {processor.py:625} INFO - Processing file /home/airflow/.local/lib/python3.7/site-packages/airflow/example_dags/example_dag_decorator.py for tasks to queue
[2021-11-18 23:14:16,457] {logging_mixin.py:109} INFO - [2021-11-18 23:14:16,457] {dagbag.py:500} INFO - Filling up the DagBag from /home/airflow/.local/lib/python3.7/site-packages/airflow/example_dags/example_dag_decorator.py
[2021-11-18 23:14:16,509] {processor.py:637} INFO - DAG(s) dict_keys(['example_dag_decorator']) retrieved from /home/airflow/.local/lib/python3.7/site-packages/airflow/example_dags/example_dag_decorator.py
[2021-11-18 23:14:16,856] {logging_mixin.py:109} INFO - [2021-11-18 23:14:16,856] {dag.py:2396} INFO - Sync 1 DAGs
[2021-11-18 23:14:16,870] {logging_mixin.py:109} INFO - [2021-11-18 23:14:16,870] {dag.py:2928} INFO - Setting next_dagrun for example_dag_decorator to None
[2021-11-18 23:14:16,882] {processor.py:171} INFO - Processing /home/airflow/.local/lib/python3.7/site-packages/airflow/example_dags/example_dag_decorator.py took 0.707 seconds
[2021-11-18 23:14:47,698] {processor.py:163} INFO - Started process (PID=497) to work on /home/airflow/.local/lib/python3.7/site-packages/airflow/example_dags/example_dag_decorator.py
[2021-11-18 23:14:47,700] {processor.py:625} INFO - Processing file /home/airflow/.local/lib/python3.7/site-packages/airflow/example_dags/example_dag_decorator.py for tasks to queue
[2021-11-18 23:14:47,700] {logging_mixin.py:109} INFO - [2021-11-18 23:14:47,700] {dagbag.py:500} INFO - Filling up the DagBag from /home/airflow/.local/lib/python3.7/site-packages/airflow/example_dags/example_dag_decorator.py
[2021-11-18 23:14:47,740] {processor.py:637} INFO - DAG(s) dict_keys(['example_dag_decorator']) retrieved from /home/airflow/.local/lib/python3.7/site-packages/airflow/example_dags/example_dag_decorator.py
[2021-11-18 23:14:48,126] {logging_mixin.py:109} INFO - [2021-11-18 23:14:48,126] {dag.py:2396} INFO - Sync 1 DAGs
[2021-11-18 23:14:48,153] {logging_mixin.py:109} INFO - [2021-11-18 23:14:48,152] {dag.py:2928} INFO - Setting next_dagrun for example_dag_decorator to None
[2021-11-18 23:14:48,168] {processor.py:171} INFO - Processing /home/airflow/.local/lib/python3.7/site-packages/airflow/example_dags/example_dag_decorator.py took 0.473 seconds
[2021-11-18 23:15:18,330] {processor.py:163} INFO - Started process (PID=548) to work on /home/airflow/.local/lib/python3.7/site-packages/airflow/example_dags/example_dag_decorator.py
[2021-11-18 23:15:18,332] {processor.py:625} INFO - Processing file /home/airflow/.local/lib/python3.7/site-packages/airflow/example_dags/example_dag_decorator.py for tasks to queue
[2021-11-18 23:15:18,332] {logging_mixin.py:109} INFO - [2021-11-18 23:15:18,332] {dagbag.py:500} INFO - Filling up the DagBag from /home/airflow/.local/lib/python3.7/site-packages/airflow/example_dags/example_dag_decorator.py
[2021-11-18 23:15:18,366] {processor.py:637} INFO - DAG(s) dict_keys(['example_dag_decorator']) retrieved from /home/airflow/.local/lib/python3.7/site-packages/airflow/example_dags/example_dag_decorator.py
[2021-11-18 23:15:18,648] {logging_mixin.py:109} INFO - [2021-11-18 23:15:18,648] {dag.py:2396} INFO - Sync 1 DAGs
[2021-11-18 23:15:18,662] {logging_mixin.py:109} INFO - [2021-11-18 23:15:18,661] {dag.py:2928} INFO - Setting next_dagrun for example_dag_decorator to None
[2021-11-18 23:15:18,672] {processor.py:171} INFO - Processing /home/airflow/.local/lib/python3.7/site-packages/airflow/example_dags/example_dag_decorator.py took 0.345 seconds
[2021-11-18 23:15:48,851] {processor.py:163} INFO - Started process (PID=599) to work on /home/airflow/.local/lib/python3.7/site-packages/airflow/example_dags/example_dag_decorator.py
[2021-11-18 23:15:48,852] {processor.py:625} INFO - Processing file /home/airflow/.local/lib/python3.7/site-packages/airflow/example_dags/example_dag_decorator.py for tasks to queue
[2021-11-18 23:15:48,853] {logging_mixin.py:109} INFO - [2021-11-18 23:15:48,853] {dagbag.py:500} INFO - Filling up the DagBag from /home/airflow/.local/lib/python3.7/site-packages/airflow/example_dags/example_dag_decorator.py
[2021-11-18 23:15:48,880] {processor.py:637} INFO - DAG(s) dict_keys(['example_dag_decorator']) retrieved from /home/airflow/.local/lib/python3.7/site-packages/airflow/example_dags/example_dag_decorator.py
[2021-11-18 23:15:49,183] {logging_mixin.py:109} INFO - [2021-11-18 23:15:49,183] {dag.py:2396} INFO - Sync 1 DAGs
[2021-11-18 23:15:49,197] {logging_mixin.py:109} INFO - [2021-11-18 23:15:49,197] {dag.py:2928} INFO - Setting next_dagrun for example_dag_decorator to None
[2021-11-18 23:15:49,209] {processor.py:171} INFO - Processing /home/airflow/.local/lib/python3.7/site-packages/airflow/example_dags/example_dag_decorator.py took 0.361 seconds
[2021-11-18 23:16:20,721] {processor.py:163} INFO - Started process (PID=659) to work on /home/airflow/.local/lib/python3.7/site-packages/airflow/example_dags/example_dag_decorator.py
[2021-11-18 23:16:20,730] {processor.py:625} INFO - Processing file /home/airflow/.local/lib/python3.7/site-packages/airflow/example_dags/example_dag_decorator.py for tasks to queue
[2021-11-18 23:16:20,731] {logging_mixin.py:109} INFO - [2021-11-18 23:16:20,731] {dagbag.py:500} INFO - Filling up the DagBag from /home/airflow/.local/lib/python3.7/site-packages/airflow/example_dags/example_dag_decorator.py
[2021-11-18 23:16:20,800] {processor.py:637} INFO - DAG(s) dict_keys(['example_dag_decorator']) retrieved from /home/airflow/.local/lib/python3.7/site-packages/airflow/example_dags/example_dag_decorator.py
[2021-11-18 23:16:21,182] {logging_mixin.py:109} INFO - [2021-11-18 23:16:21,182] {dag.py:2396} INFO - Sync 1 DAGs
[2021-11-18 23:16:21,205] {logging_mixin.py:109} INFO - [2021-11-18 23:16:21,204] {dag.py:2928} INFO - Setting next_dagrun for example_dag_decorator to None
[2021-11-18 23:16:21,221] {processor.py:171} INFO - Processing /home/airflow/.local/lib/python3.7/site-packages/airflow/example_dags/example_dag_decorator.py took 0.504 seconds
[2021-11-18 23:16:51,317] {processor.py:163} INFO - Started process (PID=707) to work on /home/airflow/.local/lib/python3.7/site-packages/airflow/example_dags/example_dag_decorator.py
[2021-11-18 23:16:51,422] {processor.py:625} INFO - Processing file /home/airflow/.local/lib/python3.7/site-packages/airflow/example_dags/example_dag_decorator.py for tasks to queue
[2021-11-18 23:16:51,423] {logging_mixin.py:109} INFO - [2021-11-18 23:16:51,423] {dagbag.py:500} INFO - Filling up the DagBag from /home/airflow/.local/lib/python3.7/site-packages/airflow/example_dags/example_dag_decorator.py
[2021-11-18 23:16:51,458] {processor.py:637} INFO - DAG(s) dict_keys(['example_dag_decorator']) retrieved from /home/airflow/.local/lib/python3.7/site-packages/airflow/example_dags/example_dag_decorator.py
[2021-11-18 23:16:51,758] {logging_mixin.py:109} INFO - [2021-11-18 23:16:51,758] {dag.py:2396} INFO - Sync 1 DAGs
[2021-11-18 23:16:51,773] {logging_mixin.py:109} INFO - [2021-11-18 23:16:51,773] {dag.py:2928} INFO - Setting next_dagrun for example_dag_decorator to None
[2021-11-18 23:16:51,784] {processor.py:171} INFO - Processing /home/airflow/.local/lib/python3.7/site-packages/airflow/example_dags/example_dag_decorator.py took 0.470 seconds
[2021-11-18 23:17:23,248] {processor.py:163} INFO - Started process (PID=756) to work on /home/airflow/.local/lib/python3.7/site-packages/airflow/example_dags/example_dag_decorator.py
[2021-11-18 23:17:23,254] {processor.py:625} INFO - Processing file /home/airflow/.local/lib/python3.7/site-packages/airflow/example_dags/example_dag_decorator.py for tasks to queue
[2021-11-18 23:17:23,255] {logging_mixin.py:109} INFO - [2021-11-18 23:17:23,255] {dagbag.py:500} INFO - Filling up the DagBag from /home/airflow/.local/lib/python3.7/site-packages/airflow/example_dags/example_dag_decorator.py
[2021-11-18 23:17:23,314] {processor.py:637} INFO - DAG(s) dict_keys(['example_dag_decorator']) retrieved from /home/airflow/.local/lib/python3.7/site-packages/airflow/example_dags/example_dag_decorator.py
[2021-11-18 23:17:23,643] {logging_mixin.py:109} INFO - [2021-11-18 23:17:23,643] {dag.py:2396} INFO - Sync 1 DAGs
[2021-11-18 23:17:23,660] {logging_mixin.py:109} INFO - [2021-11-18 23:17:23,660] {dag.py:2928} INFO - Setting next_dagrun for example_dag_decorator to None
[2021-11-18 23:17:23,674] {processor.py:171} INFO - Processing /home/airflow/.local/lib/python3.7/site-packages/airflow/example_dags/example_dag_decorator.py took 0.433 seconds
