[2021-11-18 21:09:30,763] {processor.py:163} INFO - Started process (PID=321) to work on /home/airflow/.local/lib/python3.7/site-packages/airflow/example_dags/example_xcom.py
[2021-11-18 21:09:30,765] {processor.py:625} INFO - Processing file /home/airflow/.local/lib/python3.7/site-packages/airflow/example_dags/example_xcom.py for tasks to queue
[2021-11-18 21:09:30,767] {logging_mixin.py:109} INFO - [2021-11-18 21:09:30,766] {dagbag.py:500} INFO - Filling up the DagBag from /home/airflow/.local/lib/python3.7/site-packages/airflow/example_dags/example_xcom.py
[2021-11-18 21:09:30,824] {processor.py:637} INFO - DAG(s) dict_keys(['example_xcom']) retrieved from /home/airflow/.local/lib/python3.7/site-packages/airflow/example_dags/example_xcom.py
[2021-11-18 21:09:32,750] {logging_mixin.py:109} INFO - [2021-11-18 21:09:32,749] {providers_manager.py:156} WARNING - Exception when importing 'airflow.providers.google.leveldb.hooks.leveldb.LevelDBHook' from 'apache-airflow-providers-google' package: No module named 'plyvel'
[2021-11-18 21:09:33,435] {logging_mixin.py:109} INFO - [2021-11-18 21:09:33,435] {providers_manager.py:156} WARNING - Exception when importing 'airflow.providers.google.leveldb.hooks.leveldb.LevelDBHook' from 'apache-airflow-providers-google' package: No module named 'plyvel'
[2021-11-18 21:09:33,462] {logging_mixin.py:109} INFO - [2021-11-18 21:09:33,462] {manager.py:496} INFO - Created Permission View: can edit on DAG:example_xcom
[2021-11-18 21:09:33,685] {logging_mixin.py:109} INFO - [2021-11-18 21:09:33,685] {manager.py:496} INFO - Created Permission View: can read on DAG:example_xcom
[2021-11-18 21:09:33,685] {logging_mixin.py:109} INFO - [2021-11-18 21:09:33,685] {dag.py:2396} INFO - Sync 1 DAGs
[2021-11-18 21:09:33,694] {logging_mixin.py:109} INFO - [2021-11-18 21:09:33,694] {dag.py:2415} INFO - Creating ORM DAG for example_xcom
[2021-11-18 21:09:33,702] {logging_mixin.py:109} INFO - [2021-11-18 21:09:33,702] {dag.py:2928} INFO - Setting next_dagrun for example_xcom to 2021-01-01T00:00:00+00:00
[2021-11-18 21:09:33,718] {processor.py:171} INFO - Processing /home/airflow/.local/lib/python3.7/site-packages/airflow/example_dags/example_xcom.py took 2.960 seconds
[2021-11-18 21:10:04,356] {processor.py:163} INFO - Started process (PID=393) to work on /home/airflow/.local/lib/python3.7/site-packages/airflow/example_dags/example_xcom.py
[2021-11-18 21:10:04,357] {processor.py:625} INFO - Processing file /home/airflow/.local/lib/python3.7/site-packages/airflow/example_dags/example_xcom.py for tasks to queue
[2021-11-18 21:10:04,358] {logging_mixin.py:109} INFO - [2021-11-18 21:10:04,358] {dagbag.py:500} INFO - Filling up the DagBag from /home/airflow/.local/lib/python3.7/site-packages/airflow/example_dags/example_xcom.py
[2021-11-18 21:10:04,395] {processor.py:637} INFO - DAG(s) dict_keys(['example_xcom']) retrieved from /home/airflow/.local/lib/python3.7/site-packages/airflow/example_dags/example_xcom.py
[2021-11-18 21:10:04,764] {logging_mixin.py:109} INFO - [2021-11-18 21:10:04,763] {dag.py:2396} INFO - Sync 1 DAGs
[2021-11-18 21:10:04,783] {logging_mixin.py:109} INFO - [2021-11-18 21:10:04,783] {dag.py:2928} INFO - Setting next_dagrun for example_xcom to 2021-01-01T00:00:00+00:00
[2021-11-18 21:10:04,802] {processor.py:171} INFO - Processing /home/airflow/.local/lib/python3.7/site-packages/airflow/example_dags/example_xcom.py took 0.450 seconds
[2021-11-18 23:10:35,856] {processor.py:163} INFO - Started process (PID=67) to work on /home/airflow/.local/lib/python3.7/site-packages/airflow/example_dags/example_xcom.py
[2021-11-18 23:10:35,857] {processor.py:625} INFO - Processing file /home/airflow/.local/lib/python3.7/site-packages/airflow/example_dags/example_xcom.py for tasks to queue
[2021-11-18 23:10:35,858] {logging_mixin.py:109} INFO - [2021-11-18 23:10:35,858] {dagbag.py:500} INFO - Filling up the DagBag from /home/airflow/.local/lib/python3.7/site-packages/airflow/example_dags/example_xcom.py
[2021-11-18 23:10:35,889] {processor.py:637} INFO - DAG(s) dict_keys(['example_xcom']) retrieved from /home/airflow/.local/lib/python3.7/site-packages/airflow/example_dags/example_xcom.py
[2021-11-18 23:10:36,317] {logging_mixin.py:109} INFO - [2021-11-18 23:10:36,317] {dag.py:2396} INFO - Sync 1 DAGs
[2021-11-18 23:10:36,340] {logging_mixin.py:109} INFO - [2021-11-18 23:10:36,340] {dag.py:2928} INFO - Setting next_dagrun for example_xcom to 2021-01-01T00:00:00+00:00
[2021-11-18 23:10:36,356] {processor.py:171} INFO - Processing /home/airflow/.local/lib/python3.7/site-packages/airflow/example_dags/example_xcom.py took 0.503 seconds
[2021-11-18 23:11:08,576] {processor.py:163} INFO - Started process (PID=128) to work on /home/airflow/.local/lib/python3.7/site-packages/airflow/example_dags/example_xcom.py
[2021-11-18 23:11:08,578] {processor.py:625} INFO - Processing file /home/airflow/.local/lib/python3.7/site-packages/airflow/example_dags/example_xcom.py for tasks to queue
[2021-11-18 23:11:08,579] {logging_mixin.py:109} INFO - [2021-11-18 23:11:08,579] {dagbag.py:500} INFO - Filling up the DagBag from /home/airflow/.local/lib/python3.7/site-packages/airflow/example_dags/example_xcom.py
[2021-11-18 23:11:08,615] {processor.py:637} INFO - DAG(s) dict_keys(['example_xcom']) retrieved from /home/airflow/.local/lib/python3.7/site-packages/airflow/example_dags/example_xcom.py
[2021-11-18 23:11:09,070] {logging_mixin.py:109} INFO - [2021-11-18 23:11:09,070] {dag.py:2396} INFO - Sync 1 DAGs
[2021-11-18 23:11:09,086] {logging_mixin.py:109} INFO - [2021-11-18 23:11:09,086] {dag.py:2928} INFO - Setting next_dagrun for example_xcom to 2021-01-01T00:00:00+00:00
[2021-11-18 23:11:09,100] {processor.py:171} INFO - Processing /home/airflow/.local/lib/python3.7/site-packages/airflow/example_dags/example_xcom.py took 0.527 seconds
[2021-11-18 23:11:39,395] {processor.py:163} INFO - Started process (PID=176) to work on /home/airflow/.local/lib/python3.7/site-packages/airflow/example_dags/example_xcom.py
[2021-11-18 23:11:39,397] {processor.py:625} INFO - Processing file /home/airflow/.local/lib/python3.7/site-packages/airflow/example_dags/example_xcom.py for tasks to queue
[2021-11-18 23:11:39,397] {logging_mixin.py:109} INFO - [2021-11-18 23:11:39,397] {dagbag.py:500} INFO - Filling up the DagBag from /home/airflow/.local/lib/python3.7/site-packages/airflow/example_dags/example_xcom.py
[2021-11-18 23:11:39,425] {processor.py:637} INFO - DAG(s) dict_keys(['example_xcom']) retrieved from /home/airflow/.local/lib/python3.7/site-packages/airflow/example_dags/example_xcom.py
[2021-11-18 23:11:39,728] {logging_mixin.py:109} INFO - [2021-11-18 23:11:39,728] {dag.py:2396} INFO - Sync 1 DAGs
[2021-11-18 23:11:39,751] {logging_mixin.py:109} INFO - [2021-11-18 23:11:39,750] {dag.py:2928} INFO - Setting next_dagrun for example_xcom to 2021-01-01T00:00:00+00:00
[2021-11-18 23:11:39,770] {processor.py:171} INFO - Processing /home/airflow/.local/lib/python3.7/site-packages/airflow/example_dags/example_xcom.py took 0.378 seconds
[2021-11-18 23:12:11,401] {processor.py:163} INFO - Started process (PID=226) to work on /home/airflow/.local/lib/python3.7/site-packages/airflow/example_dags/example_xcom.py
[2021-11-18 23:12:11,402] {processor.py:625} INFO - Processing file /home/airflow/.local/lib/python3.7/site-packages/airflow/example_dags/example_xcom.py for tasks to queue
[2021-11-18 23:12:11,403] {logging_mixin.py:109} INFO - [2021-11-18 23:12:11,403] {dagbag.py:500} INFO - Filling up the DagBag from /home/airflow/.local/lib/python3.7/site-packages/airflow/example_dags/example_xcom.py
[2021-11-18 23:12:11,430] {processor.py:637} INFO - DAG(s) dict_keys(['example_xcom']) retrieved from /home/airflow/.local/lib/python3.7/site-packages/airflow/example_dags/example_xcom.py
[2021-11-18 23:12:11,711] {logging_mixin.py:109} INFO - [2021-11-18 23:12:11,711] {dag.py:2396} INFO - Sync 1 DAGs
[2021-11-18 23:12:11,723] {logging_mixin.py:109} INFO - [2021-11-18 23:12:11,723] {dag.py:2928} INFO - Setting next_dagrun for example_xcom to 2021-01-01T00:00:00+00:00
[2021-11-18 23:12:11,734] {processor.py:171} INFO - Processing /home/airflow/.local/lib/python3.7/site-packages/airflow/example_dags/example_xcom.py took 0.336 seconds
[2021-11-18 23:12:43,819] {processor.py:163} INFO - Started process (PID=284) to work on /home/airflow/.local/lib/python3.7/site-packages/airflow/example_dags/example_xcom.py
[2021-11-18 23:12:43,820] {processor.py:625} INFO - Processing file /home/airflow/.local/lib/python3.7/site-packages/airflow/example_dags/example_xcom.py for tasks to queue
[2021-11-18 23:12:43,821] {logging_mixin.py:109} INFO - [2021-11-18 23:12:43,821] {dagbag.py:500} INFO - Filling up the DagBag from /home/airflow/.local/lib/python3.7/site-packages/airflow/example_dags/example_xcom.py
[2021-11-18 23:12:43,847] {processor.py:637} INFO - DAG(s) dict_keys(['example_xcom']) retrieved from /home/airflow/.local/lib/python3.7/site-packages/airflow/example_dags/example_xcom.py
[2021-11-18 23:12:44,160] {logging_mixin.py:109} INFO - [2021-11-18 23:12:44,160] {dag.py:2396} INFO - Sync 1 DAGs
[2021-11-18 23:12:44,180] {logging_mixin.py:109} INFO - [2021-11-18 23:12:44,180] {dag.py:2928} INFO - Setting next_dagrun for example_xcom to 2021-01-01T00:00:00+00:00
[2021-11-18 23:12:44,200] {processor.py:171} INFO - Processing /home/airflow/.local/lib/python3.7/site-packages/airflow/example_dags/example_xcom.py took 0.384 seconds
[2021-11-18 23:13:14,520] {processor.py:163} INFO - Started process (PID=334) to work on /home/airflow/.local/lib/python3.7/site-packages/airflow/example_dags/example_xcom.py
[2021-11-18 23:13:14,522] {processor.py:625} INFO - Processing file /home/airflow/.local/lib/python3.7/site-packages/airflow/example_dags/example_xcom.py for tasks to queue
[2021-11-18 23:13:14,523] {logging_mixin.py:109} INFO - [2021-11-18 23:13:14,523] {dagbag.py:500} INFO - Filling up the DagBag from /home/airflow/.local/lib/python3.7/site-packages/airflow/example_dags/example_xcom.py
[2021-11-18 23:13:14,561] {processor.py:637} INFO - DAG(s) dict_keys(['example_xcom']) retrieved from /home/airflow/.local/lib/python3.7/site-packages/airflow/example_dags/example_xcom.py
[2021-11-18 23:13:14,855] {logging_mixin.py:109} INFO - [2021-11-18 23:13:14,854] {dag.py:2396} INFO - Sync 1 DAGs
[2021-11-18 23:13:14,865] {logging_mixin.py:109} INFO - [2021-11-18 23:13:14,865] {dag.py:2928} INFO - Setting next_dagrun for example_xcom to 2021-01-01T00:00:00+00:00
[2021-11-18 23:13:14,878] {processor.py:171} INFO - Processing /home/airflow/.local/lib/python3.7/site-packages/airflow/example_dags/example_xcom.py took 0.363 seconds
[2021-11-18 23:13:46,112] {processor.py:163} INFO - Started process (PID=393) to work on /home/airflow/.local/lib/python3.7/site-packages/airflow/example_dags/example_xcom.py
[2021-11-18 23:13:46,118] {processor.py:625} INFO - Processing file /home/airflow/.local/lib/python3.7/site-packages/airflow/example_dags/example_xcom.py for tasks to queue
[2021-11-18 23:13:46,119] {logging_mixin.py:109} INFO - [2021-11-18 23:13:46,118] {dagbag.py:500} INFO - Filling up the DagBag from /home/airflow/.local/lib/python3.7/site-packages/airflow/example_dags/example_xcom.py
[2021-11-18 23:13:46,151] {processor.py:637} INFO - DAG(s) dict_keys(['example_xcom']) retrieved from /home/airflow/.local/lib/python3.7/site-packages/airflow/example_dags/example_xcom.py
[2021-11-18 23:13:46,441] {logging_mixin.py:109} INFO - [2021-11-18 23:13:46,441] {dag.py:2396} INFO - Sync 1 DAGs
[2021-11-18 23:13:46,453] {logging_mixin.py:109} INFO - [2021-11-18 23:13:46,453] {dag.py:2928} INFO - Setting next_dagrun for example_xcom to 2021-01-01T00:00:00+00:00
[2021-11-18 23:13:46,471] {processor.py:171} INFO - Processing /home/airflow/.local/lib/python3.7/site-packages/airflow/example_dags/example_xcom.py took 0.362 seconds
[2021-11-18 23:14:16,903] {processor.py:163} INFO - Started process (PID=444) to work on /home/airflow/.local/lib/python3.7/site-packages/airflow/example_dags/example_xcom.py
[2021-11-18 23:14:16,910] {processor.py:625} INFO - Processing file /home/airflow/.local/lib/python3.7/site-packages/airflow/example_dags/example_xcom.py for tasks to queue
[2021-11-18 23:14:16,910] {logging_mixin.py:109} INFO - [2021-11-18 23:14:16,910] {dagbag.py:500} INFO - Filling up the DagBag from /home/airflow/.local/lib/python3.7/site-packages/airflow/example_dags/example_xcom.py
[2021-11-18 23:14:16,944] {processor.py:637} INFO - DAG(s) dict_keys(['example_xcom']) retrieved from /home/airflow/.local/lib/python3.7/site-packages/airflow/example_dags/example_xcom.py
[2021-11-18 23:14:17,384] {logging_mixin.py:109} INFO - [2021-11-18 23:14:17,384] {dag.py:2396} INFO - Sync 1 DAGs
[2021-11-18 23:14:17,405] {logging_mixin.py:109} INFO - [2021-11-18 23:14:17,404] {dag.py:2928} INFO - Setting next_dagrun for example_xcom to 2021-01-01T00:00:00+00:00
[2021-11-18 23:14:17,425] {processor.py:171} INFO - Processing /home/airflow/.local/lib/python3.7/site-packages/airflow/example_dags/example_xcom.py took 0.526 seconds
[2021-11-18 23:14:48,188] {processor.py:163} INFO - Started process (PID=502) to work on /home/airflow/.local/lib/python3.7/site-packages/airflow/example_dags/example_xcom.py
[2021-11-18 23:14:48,189] {processor.py:625} INFO - Processing file /home/airflow/.local/lib/python3.7/site-packages/airflow/example_dags/example_xcom.py for tasks to queue
[2021-11-18 23:14:48,190] {logging_mixin.py:109} INFO - [2021-11-18 23:14:48,190] {dagbag.py:500} INFO - Filling up the DagBag from /home/airflow/.local/lib/python3.7/site-packages/airflow/example_dags/example_xcom.py
[2021-11-18 23:14:48,226] {processor.py:637} INFO - DAG(s) dict_keys(['example_xcom']) retrieved from /home/airflow/.local/lib/python3.7/site-packages/airflow/example_dags/example_xcom.py
[2021-11-18 23:14:48,660] {logging_mixin.py:109} INFO - [2021-11-18 23:14:48,660] {dag.py:2396} INFO - Sync 1 DAGs
[2021-11-18 23:14:48,677] {logging_mixin.py:109} INFO - [2021-11-18 23:14:48,677] {dag.py:2928} INFO - Setting next_dagrun for example_xcom to 2021-01-01T00:00:00+00:00
[2021-11-18 23:14:48,694] {processor.py:171} INFO - Processing /home/airflow/.local/lib/python3.7/site-packages/airflow/example_dags/example_xcom.py took 0.509 seconds
[2021-11-18 23:15:18,780] {processor.py:163} INFO - Started process (PID=556) to work on /home/airflow/.local/lib/python3.7/site-packages/airflow/example_dags/example_xcom.py
[2021-11-18 23:15:18,785] {processor.py:625} INFO - Processing file /home/airflow/.local/lib/python3.7/site-packages/airflow/example_dags/example_xcom.py for tasks to queue
[2021-11-18 23:15:18,787] {logging_mixin.py:109} INFO - [2021-11-18 23:15:18,787] {dagbag.py:500} INFO - Filling up the DagBag from /home/airflow/.local/lib/python3.7/site-packages/airflow/example_dags/example_xcom.py
[2021-11-18 23:15:18,827] {processor.py:637} INFO - DAG(s) dict_keys(['example_xcom']) retrieved from /home/airflow/.local/lib/python3.7/site-packages/airflow/example_dags/example_xcom.py
[2021-11-18 23:15:19,170] {logging_mixin.py:109} INFO - [2021-11-18 23:15:19,170] {dag.py:2396} INFO - Sync 1 DAGs
[2021-11-18 23:15:19,182] {logging_mixin.py:109} INFO - [2021-11-18 23:15:19,182] {dag.py:2928} INFO - Setting next_dagrun for example_xcom to 2021-01-01T00:00:00+00:00
[2021-11-18 23:15:19,198] {processor.py:171} INFO - Processing /home/airflow/.local/lib/python3.7/site-packages/airflow/example_dags/example_xcom.py took 0.421 seconds
[2021-11-18 23:15:49,343] {processor.py:163} INFO - Started process (PID=607) to work on /home/airflow/.local/lib/python3.7/site-packages/airflow/example_dags/example_xcom.py
[2021-11-18 23:15:49,345] {processor.py:625} INFO - Processing file /home/airflow/.local/lib/python3.7/site-packages/airflow/example_dags/example_xcom.py for tasks to queue
[2021-11-18 23:15:49,346] {logging_mixin.py:109} INFO - [2021-11-18 23:15:49,345] {dagbag.py:500} INFO - Filling up the DagBag from /home/airflow/.local/lib/python3.7/site-packages/airflow/example_dags/example_xcom.py
[2021-11-18 23:15:49,376] {processor.py:637} INFO - DAG(s) dict_keys(['example_xcom']) retrieved from /home/airflow/.local/lib/python3.7/site-packages/airflow/example_dags/example_xcom.py
[2021-11-18 23:15:49,634] {logging_mixin.py:109} INFO - [2021-11-18 23:15:49,634] {dag.py:2396} INFO - Sync 1 DAGs
[2021-11-18 23:15:49,646] {logging_mixin.py:109} INFO - [2021-11-18 23:15:49,646] {dag.py:2928} INFO - Setting next_dagrun for example_xcom to 2021-01-01T00:00:00+00:00
[2021-11-18 23:15:49,659] {processor.py:171} INFO - Processing /home/airflow/.local/lib/python3.7/site-packages/airflow/example_dags/example_xcom.py took 0.319 seconds
[2021-11-18 23:16:21,072] {processor.py:163} INFO - Started process (PID=662) to work on /home/airflow/.local/lib/python3.7/site-packages/airflow/example_dags/example_xcom.py
[2021-11-18 23:16:21,078] {processor.py:625} INFO - Processing file /home/airflow/.local/lib/python3.7/site-packages/airflow/example_dags/example_xcom.py for tasks to queue
[2021-11-18 23:16:21,078] {logging_mixin.py:109} INFO - [2021-11-18 23:16:21,078] {dagbag.py:500} INFO - Filling up the DagBag from /home/airflow/.local/lib/python3.7/site-packages/airflow/example_dags/example_xcom.py
[2021-11-18 23:16:21,109] {processor.py:637} INFO - DAG(s) dict_keys(['example_xcom']) retrieved from /home/airflow/.local/lib/python3.7/site-packages/airflow/example_dags/example_xcom.py
[2021-11-18 23:16:21,451] {logging_mixin.py:109} INFO - [2021-11-18 23:16:21,451] {dag.py:2396} INFO - Sync 1 DAGs
[2021-11-18 23:16:21,464] {logging_mixin.py:109} INFO - [2021-11-18 23:16:21,464] {dag.py:2928} INFO - Setting next_dagrun for example_xcom to 2021-01-01T00:00:00+00:00
[2021-11-18 23:16:21,479] {processor.py:171} INFO - Processing /home/airflow/.local/lib/python3.7/site-packages/airflow/example_dags/example_xcom.py took 0.409 seconds
[2021-11-18 23:16:51,900] {processor.py:163} INFO - Started process (PID=712) to work on /home/airflow/.local/lib/python3.7/site-packages/airflow/example_dags/example_xcom.py
[2021-11-18 23:16:51,906] {processor.py:625} INFO - Processing file /home/airflow/.local/lib/python3.7/site-packages/airflow/example_dags/example_xcom.py for tasks to queue
[2021-11-18 23:16:51,907] {logging_mixin.py:109} INFO - [2021-11-18 23:16:51,907] {dagbag.py:500} INFO - Filling up the DagBag from /home/airflow/.local/lib/python3.7/site-packages/airflow/example_dags/example_xcom.py
[2021-11-18 23:16:51,941] {processor.py:637} INFO - DAG(s) dict_keys(['example_xcom']) retrieved from /home/airflow/.local/lib/python3.7/site-packages/airflow/example_dags/example_xcom.py
[2021-11-18 23:16:52,230] {logging_mixin.py:109} INFO - [2021-11-18 23:16:52,230] {dag.py:2396} INFO - Sync 1 DAGs
[2021-11-18 23:16:52,243] {logging_mixin.py:109} INFO - [2021-11-18 23:16:52,243] {dag.py:2928} INFO - Setting next_dagrun for example_xcom to 2021-01-01T00:00:00+00:00
[2021-11-18 23:16:52,259] {processor.py:171} INFO - Processing /home/airflow/.local/lib/python3.7/site-packages/airflow/example_dags/example_xcom.py took 0.363 seconds
[2021-11-18 23:17:23,986] {processor.py:163} INFO - Started process (PID=762) to work on /home/airflow/.local/lib/python3.7/site-packages/airflow/example_dags/example_xcom.py
[2021-11-18 23:17:23,991] {processor.py:625} INFO - Processing file /home/airflow/.local/lib/python3.7/site-packages/airflow/example_dags/example_xcom.py for tasks to queue
[2021-11-18 23:17:23,992] {logging_mixin.py:109} INFO - [2021-11-18 23:17:23,992] {dagbag.py:500} INFO - Filling up the DagBag from /home/airflow/.local/lib/python3.7/site-packages/airflow/example_dags/example_xcom.py
[2021-11-18 23:17:24,028] {processor.py:637} INFO - DAG(s) dict_keys(['example_xcom']) retrieved from /home/airflow/.local/lib/python3.7/site-packages/airflow/example_dags/example_xcom.py
[2021-11-18 23:17:24,363] {logging_mixin.py:109} INFO - [2021-11-18 23:17:24,363] {dag.py:2396} INFO - Sync 1 DAGs
[2021-11-18 23:17:24,376] {logging_mixin.py:109} INFO - [2021-11-18 23:17:24,376] {dag.py:2928} INFO - Setting next_dagrun for example_xcom to 2021-01-01T00:00:00+00:00
[2021-11-18 23:17:24,391] {processor.py:171} INFO - Processing /home/airflow/.local/lib/python3.7/site-packages/airflow/example_dags/example_xcom.py took 0.409 seconds
