[2021-11-18 21:09:20,173] {processor.py:163} INFO - Started process (PID=233) to work on /home/airflow/.local/lib/python3.7/site-packages/airflow/example_dags/example_python_operator.py
[2021-11-18 21:09:20,174] {processor.py:625} INFO - Processing file /home/airflow/.local/lib/python3.7/site-packages/airflow/example_dags/example_python_operator.py for tasks to queue
[2021-11-18 21:09:20,174] {logging_mixin.py:109} INFO - [2021-11-18 21:09:20,174] {dagbag.py:500} INFO - Filling up the DagBag from /home/airflow/.local/lib/python3.7/site-packages/airflow/example_dags/example_python_operator.py
[2021-11-18 21:09:20,202] {processor.py:637} INFO - DAG(s) dict_keys(['example_python_operator']) retrieved from /home/airflow/.local/lib/python3.7/site-packages/airflow/example_dags/example_python_operator.py
[2021-11-18 21:09:21,861] {logging_mixin.py:109} INFO - [2021-11-18 21:09:21,861] {providers_manager.py:156} WARNING - Exception when importing 'airflow.providers.google.leveldb.hooks.leveldb.LevelDBHook' from 'apache-airflow-providers-google' package: No module named 'plyvel'
[2021-11-18 21:09:22,321] {logging_mixin.py:109} INFO - [2021-11-18 21:09:22,321] {providers_manager.py:156} WARNING - Exception when importing 'airflow.providers.google.leveldb.hooks.leveldb.LevelDBHook' from 'apache-airflow-providers-google' package: No module named 'plyvel'
[2021-11-18 21:09:22,351] {logging_mixin.py:109} INFO - [2021-11-18 21:09:22,351] {manager.py:496} INFO - Created Permission View: can edit on DAG:example_python_operator
[2021-11-18 21:09:22,362] {logging_mixin.py:109} INFO - [2021-11-18 21:09:22,361] {manager.py:496} INFO - Created Permission View: can read on DAG:example_python_operator
[2021-11-18 21:09:22,362] {logging_mixin.py:109} INFO - [2021-11-18 21:09:22,362] {dag.py:2396} INFO - Sync 1 DAGs
[2021-11-18 21:09:22,371] {logging_mixin.py:109} INFO - [2021-11-18 21:09:22,371] {dag.py:2415} INFO - Creating ORM DAG for example_python_operator
[2021-11-18 21:09:22,381] {logging_mixin.py:109} INFO - [2021-11-18 21:09:22,381] {dag.py:2928} INFO - Setting next_dagrun for example_python_operator to None
[2021-11-18 21:09:22,401] {processor.py:171} INFO - Processing /home/airflow/.local/lib/python3.7/site-packages/airflow/example_dags/example_python_operator.py took 2.231 seconds
[2021-11-18 21:09:52,617] {processor.py:163} INFO - Started process (PID=378) to work on /home/airflow/.local/lib/python3.7/site-packages/airflow/example_dags/example_python_operator.py
[2021-11-18 21:09:52,619] {processor.py:625} INFO - Processing file /home/airflow/.local/lib/python3.7/site-packages/airflow/example_dags/example_python_operator.py for tasks to queue
[2021-11-18 21:09:52,619] {logging_mixin.py:109} INFO - [2021-11-18 21:09:52,619] {dagbag.py:500} INFO - Filling up the DagBag from /home/airflow/.local/lib/python3.7/site-packages/airflow/example_dags/example_python_operator.py
[2021-11-18 21:09:52,643] {processor.py:637} INFO - DAG(s) dict_keys(['example_python_operator']) retrieved from /home/airflow/.local/lib/python3.7/site-packages/airflow/example_dags/example_python_operator.py
[2021-11-18 21:09:52,652] {logging_mixin.py:109} INFO - [2021-11-18 21:09:52,652] {dag.py:2396} INFO - Sync 1 DAGs
[2021-11-18 21:09:52,665] {logging_mixin.py:109} INFO - [2021-11-18 21:09:52,665] {dag.py:2928} INFO - Setting next_dagrun for example_python_operator to None
[2021-11-18 21:09:52,680] {processor.py:171} INFO - Processing /home/airflow/.local/lib/python3.7/site-packages/airflow/example_dags/example_python_operator.py took 0.065 seconds
[2021-11-18 23:10:34,823] {processor.py:163} INFO - Started process (PID=58) to work on /home/airflow/.local/lib/python3.7/site-packages/airflow/example_dags/example_python_operator.py
[2021-11-18 23:10:34,825] {processor.py:625} INFO - Processing file /home/airflow/.local/lib/python3.7/site-packages/airflow/example_dags/example_python_operator.py for tasks to queue
[2021-11-18 23:10:34,826] {logging_mixin.py:109} INFO - [2021-11-18 23:10:34,826] {dagbag.py:500} INFO - Filling up the DagBag from /home/airflow/.local/lib/python3.7/site-packages/airflow/example_dags/example_python_operator.py
[2021-11-18 23:10:34,861] {processor.py:637} INFO - DAG(s) dict_keys(['example_python_operator']) retrieved from /home/airflow/.local/lib/python3.7/site-packages/airflow/example_dags/example_python_operator.py
[2021-11-18 23:10:34,879] {logging_mixin.py:109} INFO - [2021-11-18 23:10:34,879] {dag.py:2396} INFO - Sync 1 DAGs
[2021-11-18 23:10:34,898] {logging_mixin.py:109} INFO - [2021-11-18 23:10:34,898] {dag.py:2928} INFO - Setting next_dagrun for example_python_operator to None
[2021-11-18 23:10:34,908] {processor.py:171} INFO - Processing /home/airflow/.local/lib/python3.7/site-packages/airflow/example_dags/example_python_operator.py took 0.089 seconds
[2021-11-18 23:11:06,769] {processor.py:163} INFO - Started process (PID=116) to work on /home/airflow/.local/lib/python3.7/site-packages/airflow/example_dags/example_python_operator.py
[2021-11-18 23:11:06,771] {processor.py:625} INFO - Processing file /home/airflow/.local/lib/python3.7/site-packages/airflow/example_dags/example_python_operator.py for tasks to queue
[2021-11-18 23:11:06,772] {logging_mixin.py:109} INFO - [2021-11-18 23:11:06,772] {dagbag.py:500} INFO - Filling up the DagBag from /home/airflow/.local/lib/python3.7/site-packages/airflow/example_dags/example_python_operator.py
[2021-11-18 23:11:06,857] {processor.py:637} INFO - DAG(s) dict_keys(['example_python_operator']) retrieved from /home/airflow/.local/lib/python3.7/site-packages/airflow/example_dags/example_python_operator.py
[2021-11-18 23:11:06,886] {logging_mixin.py:109} INFO - [2021-11-18 23:11:06,886] {dag.py:2396} INFO - Sync 1 DAGs
[2021-11-18 23:11:06,977] {logging_mixin.py:109} INFO - [2021-11-18 23:11:06,977] {dag.py:2928} INFO - Setting next_dagrun for example_python_operator to None
[2021-11-18 23:11:07,002] {processor.py:171} INFO - Processing /home/airflow/.local/lib/python3.7/site-packages/airflow/example_dags/example_python_operator.py took 0.238 seconds
[2021-11-18 23:11:37,244] {processor.py:163} INFO - Started process (PID=166) to work on /home/airflow/.local/lib/python3.7/site-packages/airflow/example_dags/example_python_operator.py
[2021-11-18 23:11:37,245] {processor.py:625} INFO - Processing file /home/airflow/.local/lib/python3.7/site-packages/airflow/example_dags/example_python_operator.py for tasks to queue
[2021-11-18 23:11:37,246] {logging_mixin.py:109} INFO - [2021-11-18 23:11:37,246] {dagbag.py:500} INFO - Filling up the DagBag from /home/airflow/.local/lib/python3.7/site-packages/airflow/example_dags/example_python_operator.py
[2021-11-18 23:11:37,270] {processor.py:637} INFO - DAG(s) dict_keys(['example_python_operator']) retrieved from /home/airflow/.local/lib/python3.7/site-packages/airflow/example_dags/example_python_operator.py
[2021-11-18 23:11:37,281] {logging_mixin.py:109} INFO - [2021-11-18 23:11:37,281] {dag.py:2396} INFO - Sync 1 DAGs
[2021-11-18 23:11:37,294] {logging_mixin.py:109} INFO - [2021-11-18 23:11:37,294] {dag.py:2928} INFO - Setting next_dagrun for example_python_operator to None
[2021-11-18 23:11:37,303] {processor.py:171} INFO - Processing /home/airflow/.local/lib/python3.7/site-packages/airflow/example_dags/example_python_operator.py took 0.062 seconds
[2021-11-18 23:12:08,206] {processor.py:163} INFO - Started process (PID=216) to work on /home/airflow/.local/lib/python3.7/site-packages/airflow/example_dags/example_python_operator.py
[2021-11-18 23:12:08,207] {processor.py:625} INFO - Processing file /home/airflow/.local/lib/python3.7/site-packages/airflow/example_dags/example_python_operator.py for tasks to queue
[2021-11-18 23:12:08,208] {logging_mixin.py:109} INFO - [2021-11-18 23:12:08,208] {dagbag.py:500} INFO - Filling up the DagBag from /home/airflow/.local/lib/python3.7/site-packages/airflow/example_dags/example_python_operator.py
[2021-11-18 23:12:08,230] {processor.py:637} INFO - DAG(s) dict_keys(['example_python_operator']) retrieved from /home/airflow/.local/lib/python3.7/site-packages/airflow/example_dags/example_python_operator.py
[2021-11-18 23:12:08,239] {logging_mixin.py:109} INFO - [2021-11-18 23:12:08,238] {dag.py:2396} INFO - Sync 1 DAGs
[2021-11-18 23:12:08,252] {logging_mixin.py:109} INFO - [2021-11-18 23:12:08,252] {dag.py:2928} INFO - Setting next_dagrun for example_python_operator to None
[2021-11-18 23:12:08,260] {processor.py:171} INFO - Processing /home/airflow/.local/lib/python3.7/site-packages/airflow/example_dags/example_python_operator.py took 0.057 seconds
[2021-11-18 23:12:39,161] {processor.py:163} INFO - Started process (PID=274) to work on /home/airflow/.local/lib/python3.7/site-packages/airflow/example_dags/example_python_operator.py
[2021-11-18 23:12:39,162] {processor.py:625} INFO - Processing file /home/airflow/.local/lib/python3.7/site-packages/airflow/example_dags/example_python_operator.py for tasks to queue
[2021-11-18 23:12:39,163] {logging_mixin.py:109} INFO - [2021-11-18 23:12:39,163] {dagbag.py:500} INFO - Filling up the DagBag from /home/airflow/.local/lib/python3.7/site-packages/airflow/example_dags/example_python_operator.py
[2021-11-18 23:12:39,191] {processor.py:637} INFO - DAG(s) dict_keys(['example_python_operator']) retrieved from /home/airflow/.local/lib/python3.7/site-packages/airflow/example_dags/example_python_operator.py
[2021-11-18 23:12:39,209] {logging_mixin.py:109} INFO - [2021-11-18 23:12:39,209] {dag.py:2396} INFO - Sync 1 DAGs
[2021-11-18 23:12:39,230] {logging_mixin.py:109} INFO - [2021-11-18 23:12:39,230] {dag.py:2928} INFO - Setting next_dagrun for example_python_operator to None
[2021-11-18 23:12:39,239] {processor.py:171} INFO - Processing /home/airflow/.local/lib/python3.7/site-packages/airflow/example_dags/example_python_operator.py took 0.085 seconds
[2021-11-18 23:13:09,654] {processor.py:163} INFO - Started process (PID=324) to work on /home/airflow/.local/lib/python3.7/site-packages/airflow/example_dags/example_python_operator.py
[2021-11-18 23:13:09,748] {processor.py:625} INFO - Processing file /home/airflow/.local/lib/python3.7/site-packages/airflow/example_dags/example_python_operator.py for tasks to queue
[2021-11-18 23:13:09,749] {logging_mixin.py:109} INFO - [2021-11-18 23:13:09,749] {dagbag.py:500} INFO - Filling up the DagBag from /home/airflow/.local/lib/python3.7/site-packages/airflow/example_dags/example_python_operator.py
[2021-11-18 23:13:09,786] {processor.py:637} INFO - DAG(s) dict_keys(['example_python_operator']) retrieved from /home/airflow/.local/lib/python3.7/site-packages/airflow/example_dags/example_python_operator.py
[2021-11-18 23:13:09,798] {logging_mixin.py:109} INFO - [2021-11-18 23:13:09,798] {dag.py:2396} INFO - Sync 1 DAGs
[2021-11-18 23:13:09,813] {logging_mixin.py:109} INFO - [2021-11-18 23:13:09,812] {dag.py:2928} INFO - Setting next_dagrun for example_python_operator to None
[2021-11-18 23:13:09,823] {processor.py:171} INFO - Processing /home/airflow/.local/lib/python3.7/site-packages/airflow/example_dags/example_python_operator.py took 0.171 seconds
[2021-11-18 23:13:40,485] {processor.py:163} INFO - Started process (PID=375) to work on /home/airflow/.local/lib/python3.7/site-packages/airflow/example_dags/example_python_operator.py
[2021-11-18 23:13:40,522] {processor.py:625} INFO - Processing file /home/airflow/.local/lib/python3.7/site-packages/airflow/example_dags/example_python_operator.py for tasks to queue
[2021-11-18 23:13:40,522] {logging_mixin.py:109} INFO - [2021-11-18 23:13:40,522] {dagbag.py:500} INFO - Filling up the DagBag from /home/airflow/.local/lib/python3.7/site-packages/airflow/example_dags/example_python_operator.py
[2021-11-18 23:13:40,550] {processor.py:637} INFO - DAG(s) dict_keys(['example_python_operator']) retrieved from /home/airflow/.local/lib/python3.7/site-packages/airflow/example_dags/example_python_operator.py
[2021-11-18 23:13:40,563] {logging_mixin.py:109} INFO - [2021-11-18 23:13:40,562] {dag.py:2396} INFO - Sync 1 DAGs
[2021-11-18 23:13:40,581] {logging_mixin.py:109} INFO - [2021-11-18 23:13:40,581] {dag.py:2928} INFO - Setting next_dagrun for example_python_operator to None
[2021-11-18 23:13:40,592] {processor.py:171} INFO - Processing /home/airflow/.local/lib/python3.7/site-packages/airflow/example_dags/example_python_operator.py took 0.110 seconds
[2021-11-18 23:14:11,319] {processor.py:163} INFO - Started process (PID=434) to work on /home/airflow/.local/lib/python3.7/site-packages/airflow/example_dags/example_python_operator.py
[2021-11-18 23:14:11,320] {processor.py:625} INFO - Processing file /home/airflow/.local/lib/python3.7/site-packages/airflow/example_dags/example_python_operator.py for tasks to queue
[2021-11-18 23:14:11,321] {logging_mixin.py:109} INFO - [2021-11-18 23:14:11,321] {dagbag.py:500} INFO - Filling up the DagBag from /home/airflow/.local/lib/python3.7/site-packages/airflow/example_dags/example_python_operator.py
[2021-11-18 23:14:11,359] {processor.py:637} INFO - DAG(s) dict_keys(['example_python_operator']) retrieved from /home/airflow/.local/lib/python3.7/site-packages/airflow/example_dags/example_python_operator.py
[2021-11-18 23:14:11,373] {logging_mixin.py:109} INFO - [2021-11-18 23:14:11,373] {dag.py:2396} INFO - Sync 1 DAGs
[2021-11-18 23:14:11,395] {logging_mixin.py:109} INFO - [2021-11-18 23:14:11,395] {dag.py:2928} INFO - Setting next_dagrun for example_python_operator to None
[2021-11-18 23:14:11,412] {processor.py:171} INFO - Processing /home/airflow/.local/lib/python3.7/site-packages/airflow/example_dags/example_python_operator.py took 0.097 seconds
[2021-11-18 23:14:43,000] {processor.py:163} INFO - Started process (PID=484) to work on /home/airflow/.local/lib/python3.7/site-packages/airflow/example_dags/example_python_operator.py
[2021-11-18 23:14:43,001] {processor.py:625} INFO - Processing file /home/airflow/.local/lib/python3.7/site-packages/airflow/example_dags/example_python_operator.py for tasks to queue
[2021-11-18 23:14:43,002] {logging_mixin.py:109} INFO - [2021-11-18 23:14:43,002] {dagbag.py:500} INFO - Filling up the DagBag from /home/airflow/.local/lib/python3.7/site-packages/airflow/example_dags/example_python_operator.py
[2021-11-18 23:14:43,029] {processor.py:637} INFO - DAG(s) dict_keys(['example_python_operator']) retrieved from /home/airflow/.local/lib/python3.7/site-packages/airflow/example_dags/example_python_operator.py
[2021-11-18 23:14:43,040] {logging_mixin.py:109} INFO - [2021-11-18 23:14:43,040] {dag.py:2396} INFO - Sync 1 DAGs
[2021-11-18 23:14:43,059] {logging_mixin.py:109} INFO - [2021-11-18 23:14:43,059] {dag.py:2928} INFO - Setting next_dagrun for example_python_operator to None
[2021-11-18 23:14:43,070] {processor.py:171} INFO - Processing /home/airflow/.local/lib/python3.7/site-packages/airflow/example_dags/example_python_operator.py took 0.073 seconds
[2021-11-18 23:15:13,436] {processor.py:163} INFO - Started process (PID=535) to work on /home/airflow/.local/lib/python3.7/site-packages/airflow/example_dags/example_python_operator.py
[2021-11-18 23:15:13,438] {processor.py:625} INFO - Processing file /home/airflow/.local/lib/python3.7/site-packages/airflow/example_dags/example_python_operator.py for tasks to queue
[2021-11-18 23:15:13,438] {logging_mixin.py:109} INFO - [2021-11-18 23:15:13,438] {dagbag.py:500} INFO - Filling up the DagBag from /home/airflow/.local/lib/python3.7/site-packages/airflow/example_dags/example_python_operator.py
[2021-11-18 23:15:13,463] {processor.py:637} INFO - DAG(s) dict_keys(['example_python_operator']) retrieved from /home/airflow/.local/lib/python3.7/site-packages/airflow/example_dags/example_python_operator.py
[2021-11-18 23:15:13,473] {logging_mixin.py:109} INFO - [2021-11-18 23:15:13,473] {dag.py:2396} INFO - Sync 1 DAGs
[2021-11-18 23:15:13,487] {logging_mixin.py:109} INFO - [2021-11-18 23:15:13,487] {dag.py:2928} INFO - Setting next_dagrun for example_python_operator to None
[2021-11-18 23:15:13,496] {processor.py:171} INFO - Processing /home/airflow/.local/lib/python3.7/site-packages/airflow/example_dags/example_python_operator.py took 0.063 seconds
[2021-11-18 23:15:44,342] {processor.py:163} INFO - Started process (PID=594) to work on /home/airflow/.local/lib/python3.7/site-packages/airflow/example_dags/example_python_operator.py
[2021-11-18 23:15:44,344] {processor.py:625} INFO - Processing file /home/airflow/.local/lib/python3.7/site-packages/airflow/example_dags/example_python_operator.py for tasks to queue
[2021-11-18 23:15:44,345] {logging_mixin.py:109} INFO - [2021-11-18 23:15:44,345] {dagbag.py:500} INFO - Filling up the DagBag from /home/airflow/.local/lib/python3.7/site-packages/airflow/example_dags/example_python_operator.py
[2021-11-18 23:15:44,367] {processor.py:637} INFO - DAG(s) dict_keys(['example_python_operator']) retrieved from /home/airflow/.local/lib/python3.7/site-packages/airflow/example_dags/example_python_operator.py
[2021-11-18 23:15:44,377] {logging_mixin.py:109} INFO - [2021-11-18 23:15:44,377] {dag.py:2396} INFO - Sync 1 DAGs
[2021-11-18 23:15:44,393] {logging_mixin.py:109} INFO - [2021-11-18 23:15:44,393] {dag.py:2928} INFO - Setting next_dagrun for example_python_operator to None
[2021-11-18 23:15:44,401] {processor.py:171} INFO - Processing /home/airflow/.local/lib/python3.7/site-packages/airflow/example_dags/example_python_operator.py took 0.062 seconds
[2021-11-18 23:16:16,024] {processor.py:163} INFO - Started process (PID=644) to work on /home/airflow/.local/lib/python3.7/site-packages/airflow/example_dags/example_python_operator.py
[2021-11-18 23:16:16,028] {processor.py:625} INFO - Processing file /home/airflow/.local/lib/python3.7/site-packages/airflow/example_dags/example_python_operator.py for tasks to queue
[2021-11-18 23:16:16,029] {logging_mixin.py:109} INFO - [2021-11-18 23:16:16,029] {dagbag.py:500} INFO - Filling up the DagBag from /home/airflow/.local/lib/python3.7/site-packages/airflow/example_dags/example_python_operator.py
[2021-11-18 23:16:16,058] {processor.py:637} INFO - DAG(s) dict_keys(['example_python_operator']) retrieved from /home/airflow/.local/lib/python3.7/site-packages/airflow/example_dags/example_python_operator.py
[2021-11-18 23:16:16,071] {logging_mixin.py:109} INFO - [2021-11-18 23:16:16,071] {dag.py:2396} INFO - Sync 1 DAGs
[2021-11-18 23:16:16,090] {logging_mixin.py:109} INFO - [2021-11-18 23:16:16,090] {dag.py:2928} INFO - Setting next_dagrun for example_python_operator to None
[2021-11-18 23:16:16,101] {processor.py:171} INFO - Processing /home/airflow/.local/lib/python3.7/site-packages/airflow/example_dags/example_python_operator.py took 0.080 seconds
[2021-11-18 23:16:46,509] {processor.py:163} INFO - Started process (PID=702) to work on /home/airflow/.local/lib/python3.7/site-packages/airflow/example_dags/example_python_operator.py
[2021-11-18 23:16:46,514] {processor.py:625} INFO - Processing file /home/airflow/.local/lib/python3.7/site-packages/airflow/example_dags/example_python_operator.py for tasks to queue
[2021-11-18 23:16:46,515] {logging_mixin.py:109} INFO - [2021-11-18 23:16:46,515] {dagbag.py:500} INFO - Filling up the DagBag from /home/airflow/.local/lib/python3.7/site-packages/airflow/example_dags/example_python_operator.py
[2021-11-18 23:16:46,544] {processor.py:637} INFO - DAG(s) dict_keys(['example_python_operator']) retrieved from /home/airflow/.local/lib/python3.7/site-packages/airflow/example_dags/example_python_operator.py
[2021-11-18 23:16:46,554] {logging_mixin.py:109} INFO - [2021-11-18 23:16:46,554] {dag.py:2396} INFO - Sync 1 DAGs
[2021-11-18 23:16:46,569] {logging_mixin.py:109} INFO - [2021-11-18 23:16:46,569] {dag.py:2928} INFO - Setting next_dagrun for example_python_operator to None
[2021-11-18 23:16:46,671] {processor.py:171} INFO - Processing /home/airflow/.local/lib/python3.7/site-packages/airflow/example_dags/example_python_operator.py took 0.165 seconds
[2021-11-18 23:17:17,684] {processor.py:163} INFO - Started process (PID=752) to work on /home/airflow/.local/lib/python3.7/site-packages/airflow/example_dags/example_python_operator.py
[2021-11-18 23:17:17,701] {processor.py:625} INFO - Processing file /home/airflow/.local/lib/python3.7/site-packages/airflow/example_dags/example_python_operator.py for tasks to queue
[2021-11-18 23:17:17,702] {logging_mixin.py:109} INFO - [2021-11-18 23:17:17,702] {dagbag.py:500} INFO - Filling up the DagBag from /home/airflow/.local/lib/python3.7/site-packages/airflow/example_dags/example_python_operator.py
[2021-11-18 23:17:17,744] {processor.py:637} INFO - DAG(s) dict_keys(['example_python_operator']) retrieved from /home/airflow/.local/lib/python3.7/site-packages/airflow/example_dags/example_python_operator.py
[2021-11-18 23:17:17,755] {logging_mixin.py:109} INFO - [2021-11-18 23:17:17,755] {dag.py:2396} INFO - Sync 1 DAGs
[2021-11-18 23:17:17,886] {logging_mixin.py:109} INFO - [2021-11-18 23:17:17,886] {dag.py:2928} INFO - Setting next_dagrun for example_python_operator to None
[2021-11-18 23:17:17,906] {processor.py:171} INFO - Processing /home/airflow/.local/lib/python3.7/site-packages/airflow/example_dags/example_python_operator.py took 0.224 seconds
