[2021-11-18 21:09:06,912] {processor.py:163} INFO - Started process (PID=136) to work on /home/airflow/.local/lib/python3.7/site-packages/airflow/example_dags/example_branch_datetime_operator.py
[2021-11-18 21:09:06,913] {processor.py:625} INFO - Processing file /home/airflow/.local/lib/python3.7/site-packages/airflow/example_dags/example_branch_datetime_operator.py for tasks to queue
[2021-11-18 21:09:06,914] {logging_mixin.py:109} INFO - [2021-11-18 21:09:06,913] {dagbag.py:500} INFO - Filling up the DagBag from /home/airflow/.local/lib/python3.7/site-packages/airflow/example_dags/example_branch_datetime_operator.py
[2021-11-18 21:09:06,946] {processor.py:637} INFO - DAG(s) dict_keys(['example_branch_datetime_operator_2']) retrieved from /home/airflow/.local/lib/python3.7/site-packages/airflow/example_dags/example_branch_datetime_operator.py
[2021-11-18 21:09:08,679] {logging_mixin.py:109} INFO - [2021-11-18 21:09:08,679] {providers_manager.py:156} WARNING - Exception when importing 'airflow.providers.google.leveldb.hooks.leveldb.LevelDBHook' from 'apache-airflow-providers-google' package: No module named 'plyvel'
[2021-11-18 21:09:09,059] {logging_mixin.py:109} INFO - [2021-11-18 21:09:09,059] {providers_manager.py:156} WARNING - Exception when importing 'airflow.providers.google.leveldb.hooks.leveldb.LevelDBHook' from 'apache-airflow-providers-google' package: No module named 'plyvel'
[2021-11-18 21:09:09,079] {logging_mixin.py:109} INFO - [2021-11-18 21:09:09,079] {manager.py:496} INFO - Created Permission View: can edit on DAG:example_branch_datetime_operator_2
[2021-11-18 21:09:09,090] {logging_mixin.py:109} INFO - [2021-11-18 21:09:09,090] {manager.py:496} INFO - Created Permission View: can read on DAG:example_branch_datetime_operator_2
[2021-11-18 21:09:09,090] {logging_mixin.py:109} INFO - [2021-11-18 21:09:09,090] {dag.py:2396} INFO - Sync 1 DAGs
[2021-11-18 21:09:09,097] {logging_mixin.py:109} INFO - [2021-11-18 21:09:09,097] {dag.py:2415} INFO - Creating ORM DAG for example_branch_datetime_operator_2
[2021-11-18 21:09:09,106] {logging_mixin.py:109} INFO - [2021-11-18 21:09:09,106] {dag.py:2928} INFO - Setting next_dagrun for example_branch_datetime_operator_2 to 2021-11-17 00:00:00+00:00
[2021-11-18 21:09:09,119] {processor.py:171} INFO - Processing /home/airflow/.local/lib/python3.7/site-packages/airflow/example_dags/example_branch_datetime_operator.py took 2.211 seconds
[2021-11-18 21:09:39,966] {processor.py:163} INFO - Started process (PID=361) to work on /home/airflow/.local/lib/python3.7/site-packages/airflow/example_dags/example_branch_datetime_operator.py
[2021-11-18 21:09:39,967] {processor.py:625} INFO - Processing file /home/airflow/.local/lib/python3.7/site-packages/airflow/example_dags/example_branch_datetime_operator.py for tasks to queue
[2021-11-18 21:09:39,968] {logging_mixin.py:109} INFO - [2021-11-18 21:09:39,968] {dagbag.py:500} INFO - Filling up the DagBag from /home/airflow/.local/lib/python3.7/site-packages/airflow/example_dags/example_branch_datetime_operator.py
[2021-11-18 21:09:39,993] {processor.py:637} INFO - DAG(s) dict_keys(['example_branch_datetime_operator_2']) retrieved from /home/airflow/.local/lib/python3.7/site-packages/airflow/example_dags/example_branch_datetime_operator.py
[2021-11-18 21:09:40,003] {logging_mixin.py:109} INFO - [2021-11-18 21:09:40,003] {dag.py:2396} INFO - Sync 1 DAGs
[2021-11-18 21:09:40,022] {logging_mixin.py:109} INFO - [2021-11-18 21:09:40,022] {dag.py:2928} INFO - Setting next_dagrun for example_branch_datetime_operator_2 to 2021-11-17 00:00:00+00:00
[2021-11-18 21:09:40,033] {processor.py:171} INFO - Processing /home/airflow/.local/lib/python3.7/site-packages/airflow/example_dags/example_branch_datetime_operator.py took 0.069 seconds
[2021-11-18 21:10:10,271] {processor.py:163} INFO - Started process (PID=410) to work on /home/airflow/.local/lib/python3.7/site-packages/airflow/example_dags/example_branch_datetime_operator.py
[2021-11-18 21:10:10,289] {processor.py:625} INFO - Processing file /home/airflow/.local/lib/python3.7/site-packages/airflow/example_dags/example_branch_datetime_operator.py for tasks to queue
[2021-11-18 21:10:10,290] {logging_mixin.py:109} INFO - [2021-11-18 21:10:10,290] {dagbag.py:500} INFO - Filling up the DagBag from /home/airflow/.local/lib/python3.7/site-packages/airflow/example_dags/example_branch_datetime_operator.py
[2021-11-18 21:10:10,353] {processor.py:637} INFO - DAG(s) dict_keys(['example_branch_datetime_operator_2']) retrieved from /home/airflow/.local/lib/python3.7/site-packages/airflow/example_dags/example_branch_datetime_operator.py
[2021-11-18 21:10:10,370] {logging_mixin.py:109} INFO - [2021-11-18 21:10:10,370] {dag.py:2396} INFO - Sync 1 DAGs
[2021-11-18 21:10:10,406] {logging_mixin.py:109} INFO - [2021-11-18 21:10:10,405] {dag.py:2928} INFO - Setting next_dagrun for example_branch_datetime_operator_2 to 2021-11-17 00:00:00+00:00
[2021-11-18 21:10:10,419] {processor.py:171} INFO - Processing /home/airflow/.local/lib/python3.7/site-packages/airflow/example_dags/example_branch_datetime_operator.py took 0.150 seconds
[2021-11-18 23:10:34,096] {processor.py:163} INFO - Started process (PID=49) to work on /home/airflow/.local/lib/python3.7/site-packages/airflow/example_dags/example_branch_datetime_operator.py
[2021-11-18 23:10:34,098] {processor.py:625} INFO - Processing file /home/airflow/.local/lib/python3.7/site-packages/airflow/example_dags/example_branch_datetime_operator.py for tasks to queue
[2021-11-18 23:10:34,099] {logging_mixin.py:109} INFO - [2021-11-18 23:10:34,099] {dagbag.py:500} INFO - Filling up the DagBag from /home/airflow/.local/lib/python3.7/site-packages/airflow/example_dags/example_branch_datetime_operator.py
[2021-11-18 23:10:34,145] {processor.py:637} INFO - DAG(s) dict_keys(['example_branch_datetime_operator_2']) retrieved from /home/airflow/.local/lib/python3.7/site-packages/airflow/example_dags/example_branch_datetime_operator.py
[2021-11-18 23:10:34,162] {logging_mixin.py:109} INFO - [2021-11-18 23:10:34,162] {dag.py:2396} INFO - Sync 1 DAGs
[2021-11-18 23:10:34,190] {logging_mixin.py:109} INFO - [2021-11-18 23:10:34,190] {dag.py:2928} INFO - Setting next_dagrun for example_branch_datetime_operator_2 to 2021-11-17 00:00:00+00:00
[2021-11-18 23:10:34,242] {processor.py:171} INFO - Processing /home/airflow/.local/lib/python3.7/site-packages/airflow/example_dags/example_branch_datetime_operator.py took 0.151 seconds
[2021-11-18 23:11:06,100] {processor.py:163} INFO - Started process (PID=105) to work on /home/airflow/.local/lib/python3.7/site-packages/airflow/example_dags/example_branch_datetime_operator.py
[2021-11-18 23:11:06,152] {processor.py:625} INFO - Processing file /home/airflow/.local/lib/python3.7/site-packages/airflow/example_dags/example_branch_datetime_operator.py for tasks to queue
[2021-11-18 23:11:06,152] {logging_mixin.py:109} INFO - [2021-11-18 23:11:06,152] {dagbag.py:500} INFO - Filling up the DagBag from /home/airflow/.local/lib/python3.7/site-packages/airflow/example_dags/example_branch_datetime_operator.py
[2021-11-18 23:11:06,182] {processor.py:637} INFO - DAG(s) dict_keys(['example_branch_datetime_operator_2']) retrieved from /home/airflow/.local/lib/python3.7/site-packages/airflow/example_dags/example_branch_datetime_operator.py
[2021-11-18 23:11:06,196] {logging_mixin.py:109} INFO - [2021-11-18 23:11:06,196] {dag.py:2396} INFO - Sync 1 DAGs
[2021-11-18 23:11:06,220] {logging_mixin.py:109} INFO - [2021-11-18 23:11:06,220] {dag.py:2928} INFO - Setting next_dagrun for example_branch_datetime_operator_2 to 2021-11-17 00:00:00+00:00
[2021-11-18 23:11:06,232] {processor.py:171} INFO - Processing /home/airflow/.local/lib/python3.7/site-packages/airflow/example_dags/example_branch_datetime_operator.py took 0.136 seconds
[2021-11-18 23:11:36,826] {processor.py:163} INFO - Started process (PID=158) to work on /home/airflow/.local/lib/python3.7/site-packages/airflow/example_dags/example_branch_datetime_operator.py
[2021-11-18 23:11:36,827] {processor.py:625} INFO - Processing file /home/airflow/.local/lib/python3.7/site-packages/airflow/example_dags/example_branch_datetime_operator.py for tasks to queue
[2021-11-18 23:11:36,828] {logging_mixin.py:109} INFO - [2021-11-18 23:11:36,827] {dagbag.py:500} INFO - Filling up the DagBag from /home/airflow/.local/lib/python3.7/site-packages/airflow/example_dags/example_branch_datetime_operator.py
[2021-11-18 23:11:36,858] {processor.py:637} INFO - DAG(s) dict_keys(['example_branch_datetime_operator_2']) retrieved from /home/airflow/.local/lib/python3.7/site-packages/airflow/example_dags/example_branch_datetime_operator.py
[2021-11-18 23:11:36,872] {logging_mixin.py:109} INFO - [2021-11-18 23:11:36,872] {dag.py:2396} INFO - Sync 1 DAGs
[2021-11-18 23:11:36,892] {logging_mixin.py:109} INFO - [2021-11-18 23:11:36,892] {dag.py:2928} INFO - Setting next_dagrun for example_branch_datetime_operator_2 to 2021-11-17 00:00:00+00:00
[2021-11-18 23:11:36,903] {processor.py:171} INFO - Processing /home/airflow/.local/lib/python3.7/site-packages/airflow/example_dags/example_branch_datetime_operator.py took 0.080 seconds
[2021-11-18 23:12:07,807] {processor.py:163} INFO - Started process (PID=208) to work on /home/airflow/.local/lib/python3.7/site-packages/airflow/example_dags/example_branch_datetime_operator.py
[2021-11-18 23:12:07,808] {processor.py:625} INFO - Processing file /home/airflow/.local/lib/python3.7/site-packages/airflow/example_dags/example_branch_datetime_operator.py for tasks to queue
[2021-11-18 23:12:07,809] {logging_mixin.py:109} INFO - [2021-11-18 23:12:07,809] {dagbag.py:500} INFO - Filling up the DagBag from /home/airflow/.local/lib/python3.7/site-packages/airflow/example_dags/example_branch_datetime_operator.py
[2021-11-18 23:12:07,838] {processor.py:637} INFO - DAG(s) dict_keys(['example_branch_datetime_operator_2']) retrieved from /home/airflow/.local/lib/python3.7/site-packages/airflow/example_dags/example_branch_datetime_operator.py
[2021-11-18 23:12:07,846] {logging_mixin.py:109} INFO - [2021-11-18 23:12:07,846] {dag.py:2396} INFO - Sync 1 DAGs
[2021-11-18 23:12:07,862] {logging_mixin.py:109} INFO - [2021-11-18 23:12:07,862] {dag.py:2928} INFO - Setting next_dagrun for example_branch_datetime_operator_2 to 2021-11-17 00:00:00+00:00
[2021-11-18 23:12:07,876] {processor.py:171} INFO - Processing /home/airflow/.local/lib/python3.7/site-packages/airflow/example_dags/example_branch_datetime_operator.py took 0.072 seconds
[2021-11-18 23:12:38,730] {processor.py:163} INFO - Started process (PID=266) to work on /home/airflow/.local/lib/python3.7/site-packages/airflow/example_dags/example_branch_datetime_operator.py
[2021-11-18 23:12:38,735] {processor.py:625} INFO - Processing file /home/airflow/.local/lib/python3.7/site-packages/airflow/example_dags/example_branch_datetime_operator.py for tasks to queue
[2021-11-18 23:12:38,736] {logging_mixin.py:109} INFO - [2021-11-18 23:12:38,736] {dagbag.py:500} INFO - Filling up the DagBag from /home/airflow/.local/lib/python3.7/site-packages/airflow/example_dags/example_branch_datetime_operator.py
[2021-11-18 23:12:38,767] {processor.py:637} INFO - DAG(s) dict_keys(['example_branch_datetime_operator_2']) retrieved from /home/airflow/.local/lib/python3.7/site-packages/airflow/example_dags/example_branch_datetime_operator.py
[2021-11-18 23:12:38,778] {logging_mixin.py:109} INFO - [2021-11-18 23:12:38,778] {dag.py:2396} INFO - Sync 1 DAGs
[2021-11-18 23:12:38,799] {logging_mixin.py:109} INFO - [2021-11-18 23:12:38,798] {dag.py:2928} INFO - Setting next_dagrun for example_branch_datetime_operator_2 to 2021-11-17 00:00:00+00:00
[2021-11-18 23:12:38,816] {processor.py:171} INFO - Processing /home/airflow/.local/lib/python3.7/site-packages/airflow/example_dags/example_branch_datetime_operator.py took 0.091 seconds
[2021-11-18 23:13:09,214] {processor.py:163} INFO - Started process (PID=316) to work on /home/airflow/.local/lib/python3.7/site-packages/airflow/example_dags/example_branch_datetime_operator.py
[2021-11-18 23:13:09,216] {processor.py:625} INFO - Processing file /home/airflow/.local/lib/python3.7/site-packages/airflow/example_dags/example_branch_datetime_operator.py for tasks to queue
[2021-11-18 23:13:09,217] {logging_mixin.py:109} INFO - [2021-11-18 23:13:09,217] {dagbag.py:500} INFO - Filling up the DagBag from /home/airflow/.local/lib/python3.7/site-packages/airflow/example_dags/example_branch_datetime_operator.py
[2021-11-18 23:13:09,257] {processor.py:637} INFO - DAG(s) dict_keys(['example_branch_datetime_operator_2']) retrieved from /home/airflow/.local/lib/python3.7/site-packages/airflow/example_dags/example_branch_datetime_operator.py
[2021-11-18 23:13:09,275] {logging_mixin.py:109} INFO - [2021-11-18 23:13:09,275] {dag.py:2396} INFO - Sync 1 DAGs
[2021-11-18 23:13:09,309] {logging_mixin.py:109} INFO - [2021-11-18 23:13:09,309] {dag.py:2928} INFO - Setting next_dagrun for example_branch_datetime_operator_2 to 2021-11-17 00:00:00+00:00
[2021-11-18 23:13:09,326] {processor.py:171} INFO - Processing /home/airflow/.local/lib/python3.7/site-packages/airflow/example_dags/example_branch_datetime_operator.py took 0.115 seconds
[2021-11-18 23:13:40,016] {processor.py:163} INFO - Started process (PID=367) to work on /home/airflow/.local/lib/python3.7/site-packages/airflow/example_dags/example_branch_datetime_operator.py
[2021-11-18 23:13:40,032] {processor.py:625} INFO - Processing file /home/airflow/.local/lib/python3.7/site-packages/airflow/example_dags/example_branch_datetime_operator.py for tasks to queue
[2021-11-18 23:13:40,033] {logging_mixin.py:109} INFO - [2021-11-18 23:13:40,033] {dagbag.py:500} INFO - Filling up the DagBag from /home/airflow/.local/lib/python3.7/site-packages/airflow/example_dags/example_branch_datetime_operator.py
[2021-11-18 23:13:40,060] {processor.py:637} INFO - DAG(s) dict_keys(['example_branch_datetime_operator_2']) retrieved from /home/airflow/.local/lib/python3.7/site-packages/airflow/example_dags/example_branch_datetime_operator.py
[2021-11-18 23:13:40,071] {logging_mixin.py:109} INFO - [2021-11-18 23:13:40,071] {dag.py:2396} INFO - Sync 1 DAGs
[2021-11-18 23:13:40,090] {logging_mixin.py:109} INFO - [2021-11-18 23:13:40,090] {dag.py:2928} INFO - Setting next_dagrun for example_branch_datetime_operator_2 to 2021-11-17 00:00:00+00:00
[2021-11-18 23:13:40,101] {processor.py:171} INFO - Processing /home/airflow/.local/lib/python3.7/site-packages/airflow/example_dags/example_branch_datetime_operator.py took 0.089 seconds
[2021-11-18 23:14:10,877] {processor.py:163} INFO - Started process (PID=426) to work on /home/airflow/.local/lib/python3.7/site-packages/airflow/example_dags/example_branch_datetime_operator.py
[2021-11-18 23:14:10,886] {processor.py:625} INFO - Processing file /home/airflow/.local/lib/python3.7/site-packages/airflow/example_dags/example_branch_datetime_operator.py for tasks to queue
[2021-11-18 23:14:10,887] {logging_mixin.py:109} INFO - [2021-11-18 23:14:10,887] {dagbag.py:500} INFO - Filling up the DagBag from /home/airflow/.local/lib/python3.7/site-packages/airflow/example_dags/example_branch_datetime_operator.py
[2021-11-18 23:14:10,942] {processor.py:637} INFO - DAG(s) dict_keys(['example_branch_datetime_operator_2']) retrieved from /home/airflow/.local/lib/python3.7/site-packages/airflow/example_dags/example_branch_datetime_operator.py
[2021-11-18 23:14:10,976] {logging_mixin.py:109} INFO - [2021-11-18 23:14:10,976] {dag.py:2396} INFO - Sync 1 DAGs
[2021-11-18 23:14:11,008] {logging_mixin.py:109} INFO - [2021-11-18 23:14:11,007] {dag.py:2928} INFO - Setting next_dagrun for example_branch_datetime_operator_2 to 2021-11-17 00:00:00+00:00
[2021-11-18 23:14:11,022] {processor.py:171} INFO - Processing /home/airflow/.local/lib/python3.7/site-packages/airflow/example_dags/example_branch_datetime_operator.py took 0.149 seconds
[2021-11-18 23:14:42,635] {processor.py:163} INFO - Started process (PID=476) to work on /home/airflow/.local/lib/python3.7/site-packages/airflow/example_dags/example_branch_datetime_operator.py
[2021-11-18 23:14:42,637] {processor.py:625} INFO - Processing file /home/airflow/.local/lib/python3.7/site-packages/airflow/example_dags/example_branch_datetime_operator.py for tasks to queue
[2021-11-18 23:14:42,638] {logging_mixin.py:109} INFO - [2021-11-18 23:14:42,638] {dagbag.py:500} INFO - Filling up the DagBag from /home/airflow/.local/lib/python3.7/site-packages/airflow/example_dags/example_branch_datetime_operator.py
[2021-11-18 23:14:42,688] {processor.py:637} INFO - DAG(s) dict_keys(['example_branch_datetime_operator_2']) retrieved from /home/airflow/.local/lib/python3.7/site-packages/airflow/example_dags/example_branch_datetime_operator.py
[2021-11-18 23:14:42,699] {logging_mixin.py:109} INFO - [2021-11-18 23:14:42,698] {dag.py:2396} INFO - Sync 1 DAGs
[2021-11-18 23:14:42,720] {logging_mixin.py:109} INFO - [2021-11-18 23:14:42,719] {dag.py:2928} INFO - Setting next_dagrun for example_branch_datetime_operator_2 to 2021-11-17 00:00:00+00:00
[2021-11-18 23:14:42,744] {processor.py:171} INFO - Processing /home/airflow/.local/lib/python3.7/site-packages/airflow/example_dags/example_branch_datetime_operator.py took 0.113 seconds
[2021-11-18 23:15:12,787] {processor.py:163} INFO - Started process (PID=527) to work on /home/airflow/.local/lib/python3.7/site-packages/airflow/example_dags/example_branch_datetime_operator.py
[2021-11-18 23:15:12,796] {processor.py:625} INFO - Processing file /home/airflow/.local/lib/python3.7/site-packages/airflow/example_dags/example_branch_datetime_operator.py for tasks to queue
[2021-11-18 23:15:12,798] {logging_mixin.py:109} INFO - [2021-11-18 23:15:12,797] {dagbag.py:500} INFO - Filling up the DagBag from /home/airflow/.local/lib/python3.7/site-packages/airflow/example_dags/example_branch_datetime_operator.py
[2021-11-18 23:15:12,829] {processor.py:637} INFO - DAG(s) dict_keys(['example_branch_datetime_operator_2']) retrieved from /home/airflow/.local/lib/python3.7/site-packages/airflow/example_dags/example_branch_datetime_operator.py
[2021-11-18 23:15:12,841] {logging_mixin.py:109} INFO - [2021-11-18 23:15:12,841] {dag.py:2396} INFO - Sync 1 DAGs
[2021-11-18 23:15:12,859] {logging_mixin.py:109} INFO - [2021-11-18 23:15:12,859] {dag.py:2928} INFO - Setting next_dagrun for example_branch_datetime_operator_2 to 2021-11-17 00:00:00+00:00
[2021-11-18 23:15:12,870] {processor.py:171} INFO - Processing /home/airflow/.local/lib/python3.7/site-packages/airflow/example_dags/example_branch_datetime_operator.py took 0.085 seconds
[2021-11-18 23:15:43,907] {processor.py:163} INFO - Started process (PID=586) to work on /home/airflow/.local/lib/python3.7/site-packages/airflow/example_dags/example_branch_datetime_operator.py
[2021-11-18 23:15:43,916] {processor.py:625} INFO - Processing file /home/airflow/.local/lib/python3.7/site-packages/airflow/example_dags/example_branch_datetime_operator.py for tasks to queue
[2021-11-18 23:15:43,916] {logging_mixin.py:109} INFO - [2021-11-18 23:15:43,916] {dagbag.py:500} INFO - Filling up the DagBag from /home/airflow/.local/lib/python3.7/site-packages/airflow/example_dags/example_branch_datetime_operator.py
[2021-11-18 23:15:43,951] {processor.py:637} INFO - DAG(s) dict_keys(['example_branch_datetime_operator_2']) retrieved from /home/airflow/.local/lib/python3.7/site-packages/airflow/example_dags/example_branch_datetime_operator.py
[2021-11-18 23:15:43,962] {logging_mixin.py:109} INFO - [2021-11-18 23:15:43,961] {dag.py:2396} INFO - Sync 1 DAGs
[2021-11-18 23:15:43,978] {logging_mixin.py:109} INFO - [2021-11-18 23:15:43,978] {dag.py:2928} INFO - Setting next_dagrun for example_branch_datetime_operator_2 to 2021-11-17 00:00:00+00:00
[2021-11-18 23:15:43,990] {processor.py:171} INFO - Processing /home/airflow/.local/lib/python3.7/site-packages/airflow/example_dags/example_branch_datetime_operator.py took 0.087 seconds
[2021-11-18 23:16:15,483] {processor.py:163} INFO - Started process (PID=636) to work on /home/airflow/.local/lib/python3.7/site-packages/airflow/example_dags/example_branch_datetime_operator.py
[2021-11-18 23:16:15,515] {processor.py:625} INFO - Processing file /home/airflow/.local/lib/python3.7/site-packages/airflow/example_dags/example_branch_datetime_operator.py for tasks to queue
[2021-11-18 23:16:15,516] {logging_mixin.py:109} INFO - [2021-11-18 23:16:15,516] {dagbag.py:500} INFO - Filling up the DagBag from /home/airflow/.local/lib/python3.7/site-packages/airflow/example_dags/example_branch_datetime_operator.py
[2021-11-18 23:16:15,565] {processor.py:637} INFO - DAG(s) dict_keys(['example_branch_datetime_operator_2']) retrieved from /home/airflow/.local/lib/python3.7/site-packages/airflow/example_dags/example_branch_datetime_operator.py
[2021-11-18 23:16:15,574] {logging_mixin.py:109} INFO - [2021-11-18 23:16:15,574] {dag.py:2396} INFO - Sync 1 DAGs
[2021-11-18 23:16:15,590] {logging_mixin.py:109} INFO - [2021-11-18 23:16:15,590] {dag.py:2928} INFO - Setting next_dagrun for example_branch_datetime_operator_2 to 2021-11-17 00:00:00+00:00
[2021-11-18 23:16:15,599] {processor.py:171} INFO - Processing /home/airflow/.local/lib/python3.7/site-packages/airflow/example_dags/example_branch_datetime_operator.py took 0.119 seconds
[2021-11-18 23:16:45,781] {processor.py:163} INFO - Started process (PID=686) to work on /home/airflow/.local/lib/python3.7/site-packages/airflow/example_dags/example_branch_datetime_operator.py
[2021-11-18 23:16:45,801] {processor.py:625} INFO - Processing file /home/airflow/.local/lib/python3.7/site-packages/airflow/example_dags/example_branch_datetime_operator.py for tasks to queue
[2021-11-18 23:16:45,802] {logging_mixin.py:109} INFO - [2021-11-18 23:16:45,802] {dagbag.py:500} INFO - Filling up the DagBag from /home/airflow/.local/lib/python3.7/site-packages/airflow/example_dags/example_branch_datetime_operator.py
[2021-11-18 23:16:45,835] {processor.py:637} INFO - DAG(s) dict_keys(['example_branch_datetime_operator_2']) retrieved from /home/airflow/.local/lib/python3.7/site-packages/airflow/example_dags/example_branch_datetime_operator.py
[2021-11-18 23:16:45,843] {logging_mixin.py:109} INFO - [2021-11-18 23:16:45,843] {dag.py:2396} INFO - Sync 1 DAGs
[2021-11-18 23:16:45,861] {logging_mixin.py:109} INFO - [2021-11-18 23:16:45,860] {dag.py:2928} INFO - Setting next_dagrun for example_branch_datetime_operator_2 to 2021-11-17 00:00:00+00:00
[2021-11-18 23:16:45,955] {processor.py:171} INFO - Processing /home/airflow/.local/lib/python3.7/site-packages/airflow/example_dags/example_branch_datetime_operator.py took 0.177 seconds
[2021-11-18 23:17:16,672] {processor.py:163} INFO - Started process (PID=744) to work on /home/airflow/.local/lib/python3.7/site-packages/airflow/example_dags/example_branch_datetime_operator.py
[2021-11-18 23:17:16,693] {processor.py:625} INFO - Processing file /home/airflow/.local/lib/python3.7/site-packages/airflow/example_dags/example_branch_datetime_operator.py for tasks to queue
[2021-11-18 23:17:16,693] {logging_mixin.py:109} INFO - [2021-11-18 23:17:16,693] {dagbag.py:500} INFO - Filling up the DagBag from /home/airflow/.local/lib/python3.7/site-packages/airflow/example_dags/example_branch_datetime_operator.py
[2021-11-18 23:17:16,721] {processor.py:637} INFO - DAG(s) dict_keys(['example_branch_datetime_operator_2']) retrieved from /home/airflow/.local/lib/python3.7/site-packages/airflow/example_dags/example_branch_datetime_operator.py
[2021-11-18 23:17:16,732] {logging_mixin.py:109} INFO - [2021-11-18 23:17:16,732] {dag.py:2396} INFO - Sync 1 DAGs
[2021-11-18 23:17:16,753] {logging_mixin.py:109} INFO - [2021-11-18 23:17:16,753] {dag.py:2928} INFO - Setting next_dagrun for example_branch_datetime_operator_2 to 2021-11-17 00:00:00+00:00
[2021-11-18 23:17:16,859] {processor.py:171} INFO - Processing /home/airflow/.local/lib/python3.7/site-packages/airflow/example_dags/example_branch_datetime_operator.py took 0.190 seconds
