[2021-11-18 21:09:11,738] {processor.py:163} INFO - Started process (PID=180) to work on /home/airflow/.local/lib/python3.7/site-packages/airflow/example_dags/example_bash_operator.py
[2021-11-18 21:09:11,739] {processor.py:625} INFO - Processing file /home/airflow/.local/lib/python3.7/site-packages/airflow/example_dags/example_bash_operator.py for tasks to queue
[2021-11-18 21:09:11,740] {logging_mixin.py:109} INFO - [2021-11-18 21:09:11,740] {dagbag.py:500} INFO - Filling up the DagBag from /home/airflow/.local/lib/python3.7/site-packages/airflow/example_dags/example_bash_operator.py
[2021-11-18 21:09:11,776] {processor.py:637} INFO - DAG(s) dict_keys(['example_bash_operator']) retrieved from /home/airflow/.local/lib/python3.7/site-packages/airflow/example_dags/example_bash_operator.py
[2021-11-18 21:09:13,752] {logging_mixin.py:109} INFO - [2021-11-18 21:09:13,751] {providers_manager.py:156} WARNING - Exception when importing 'airflow.providers.google.leveldb.hooks.leveldb.LevelDBHook' from 'apache-airflow-providers-google' package: No module named 'plyvel'
[2021-11-18 21:09:14,529] {logging_mixin.py:109} INFO - [2021-11-18 21:09:14,529] {providers_manager.py:156} WARNING - Exception when importing 'airflow.providers.google.leveldb.hooks.leveldb.LevelDBHook' from 'apache-airflow-providers-google' package: No module named 'plyvel'
[2021-11-18 21:09:14,590] {logging_mixin.py:109} INFO - [2021-11-18 21:09:14,590] {manager.py:496} INFO - Created Permission View: can edit on DAG:example_bash_operator
[2021-11-18 21:09:14,609] {logging_mixin.py:109} INFO - [2021-11-18 21:09:14,609] {manager.py:496} INFO - Created Permission View: can read on DAG:example_bash_operator
[2021-11-18 21:09:14,610] {logging_mixin.py:109} INFO - [2021-11-18 21:09:14,609] {dag.py:2396} INFO - Sync 1 DAGs
[2021-11-18 21:09:14,635] {logging_mixin.py:109} INFO - [2021-11-18 21:09:14,634] {dag.py:2415} INFO - Creating ORM DAG for example_bash_operator
[2021-11-18 21:09:14,657] {logging_mixin.py:109} INFO - [2021-11-18 21:09:14,657] {dag.py:2928} INFO - Setting next_dagrun for example_bash_operator to 2021-11-17 00:00:00+00:00
[2021-11-18 21:09:14,685] {processor.py:171} INFO - Processing /home/airflow/.local/lib/python3.7/site-packages/airflow/example_dags/example_bash_operator.py took 2.950 seconds
[2021-11-18 21:09:45,142] {processor.py:163} INFO - Started process (PID=365) to work on /home/airflow/.local/lib/python3.7/site-packages/airflow/example_dags/example_bash_operator.py
[2021-11-18 21:09:45,775] {processor.py:625} INFO - Processing file /home/airflow/.local/lib/python3.7/site-packages/airflow/example_dags/example_bash_operator.py for tasks to queue
[2021-11-18 21:09:45,776] {logging_mixin.py:109} INFO - [2021-11-18 21:09:45,776] {dagbag.py:500} INFO - Filling up the DagBag from /home/airflow/.local/lib/python3.7/site-packages/airflow/example_dags/example_bash_operator.py
[2021-11-18 21:09:45,810] {processor.py:637} INFO - DAG(s) dict_keys(['example_bash_operator']) retrieved from /home/airflow/.local/lib/python3.7/site-packages/airflow/example_dags/example_bash_operator.py
[2021-11-18 21:09:45,822] {logging_mixin.py:109} INFO - [2021-11-18 21:09:45,822] {dag.py:2396} INFO - Sync 1 DAGs
[2021-11-18 21:09:45,840] {logging_mixin.py:109} INFO - [2021-11-18 21:09:45,839] {dag.py:2928} INFO - Setting next_dagrun for example_bash_operator to 2021-11-17 00:00:00+00:00
[2021-11-18 21:09:45,851] {processor.py:171} INFO - Processing /home/airflow/.local/lib/python3.7/site-packages/airflow/example_dags/example_bash_operator.py took 0.712 seconds
[2021-11-18 23:10:34,465] {processor.py:163} INFO - Started process (PID=53) to work on /home/airflow/.local/lib/python3.7/site-packages/airflow/example_dags/example_bash_operator.py
[2021-11-18 23:10:34,467] {processor.py:625} INFO - Processing file /home/airflow/.local/lib/python3.7/site-packages/airflow/example_dags/example_bash_operator.py for tasks to queue
[2021-11-18 23:10:34,468] {logging_mixin.py:109} INFO - [2021-11-18 23:10:34,468] {dagbag.py:500} INFO - Filling up the DagBag from /home/airflow/.local/lib/python3.7/site-packages/airflow/example_dags/example_bash_operator.py
[2021-11-18 23:10:34,504] {processor.py:637} INFO - DAG(s) dict_keys(['example_bash_operator']) retrieved from /home/airflow/.local/lib/python3.7/site-packages/airflow/example_dags/example_bash_operator.py
[2021-11-18 23:10:34,519] {logging_mixin.py:109} INFO - [2021-11-18 23:10:34,518] {dag.py:2396} INFO - Sync 1 DAGs
[2021-11-18 23:10:34,551] {logging_mixin.py:109} INFO - [2021-11-18 23:10:34,550] {dag.py:2928} INFO - Setting next_dagrun for example_bash_operator to 2021-11-17 00:00:00+00:00
[2021-11-18 23:10:34,570] {processor.py:171} INFO - Processing /home/airflow/.local/lib/python3.7/site-packages/airflow/example_dags/example_bash_operator.py took 0.109 seconds
[2021-11-18 23:11:06,370] {processor.py:163} INFO - Started process (PID=111) to work on /home/airflow/.local/lib/python3.7/site-packages/airflow/example_dags/example_bash_operator.py
[2021-11-18 23:11:06,372] {processor.py:625} INFO - Processing file /home/airflow/.local/lib/python3.7/site-packages/airflow/example_dags/example_bash_operator.py for tasks to queue
[2021-11-18 23:11:06,372] {logging_mixin.py:109} INFO - [2021-11-18 23:11:06,372] {dagbag.py:500} INFO - Filling up the DagBag from /home/airflow/.local/lib/python3.7/site-packages/airflow/example_dags/example_bash_operator.py
[2021-11-18 23:11:06,405] {processor.py:637} INFO - DAG(s) dict_keys(['example_bash_operator']) retrieved from /home/airflow/.local/lib/python3.7/site-packages/airflow/example_dags/example_bash_operator.py
[2021-11-18 23:11:06,420] {logging_mixin.py:109} INFO - [2021-11-18 23:11:06,420] {dag.py:2396} INFO - Sync 1 DAGs
[2021-11-18 23:11:06,451] {logging_mixin.py:109} INFO - [2021-11-18 23:11:06,451] {dag.py:2928} INFO - Setting next_dagrun for example_bash_operator to 2021-11-17 00:00:00+00:00
[2021-11-18 23:11:06,465] {processor.py:171} INFO - Processing /home/airflow/.local/lib/python3.7/site-packages/airflow/example_dags/example_bash_operator.py took 0.098 seconds
[2021-11-18 23:11:37,074] {processor.py:163} INFO - Started process (PID=162) to work on /home/airflow/.local/lib/python3.7/site-packages/airflow/example_dags/example_bash_operator.py
[2021-11-18 23:11:37,076] {processor.py:625} INFO - Processing file /home/airflow/.local/lib/python3.7/site-packages/airflow/example_dags/example_bash_operator.py for tasks to queue
[2021-11-18 23:11:37,076] {logging_mixin.py:109} INFO - [2021-11-18 23:11:37,076] {dagbag.py:500} INFO - Filling up the DagBag from /home/airflow/.local/lib/python3.7/site-packages/airflow/example_dags/example_bash_operator.py
[2021-11-18 23:11:37,103] {processor.py:637} INFO - DAG(s) dict_keys(['example_bash_operator']) retrieved from /home/airflow/.local/lib/python3.7/site-packages/airflow/example_dags/example_bash_operator.py
[2021-11-18 23:11:37,114] {logging_mixin.py:109} INFO - [2021-11-18 23:11:37,114] {dag.py:2396} INFO - Sync 1 DAGs
[2021-11-18 23:11:37,129] {logging_mixin.py:109} INFO - [2021-11-18 23:11:37,129] {dag.py:2928} INFO - Setting next_dagrun for example_bash_operator to 2021-11-17 00:00:00+00:00
[2021-11-18 23:11:37,140] {processor.py:171} INFO - Processing /home/airflow/.local/lib/python3.7/site-packages/airflow/example_dags/example_bash_operator.py took 0.069 seconds
[2021-11-18 23:12:08,048] {processor.py:163} INFO - Started process (PID=212) to work on /home/airflow/.local/lib/python3.7/site-packages/airflow/example_dags/example_bash_operator.py
[2021-11-18 23:12:08,049] {processor.py:625} INFO - Processing file /home/airflow/.local/lib/python3.7/site-packages/airflow/example_dags/example_bash_operator.py for tasks to queue
[2021-11-18 23:12:08,049] {logging_mixin.py:109} INFO - [2021-11-18 23:12:08,049] {dagbag.py:500} INFO - Filling up the DagBag from /home/airflow/.local/lib/python3.7/site-packages/airflow/example_dags/example_bash_operator.py
[2021-11-18 23:12:08,076] {processor.py:637} INFO - DAG(s) dict_keys(['example_bash_operator']) retrieved from /home/airflow/.local/lib/python3.7/site-packages/airflow/example_dags/example_bash_operator.py
[2021-11-18 23:12:08,086] {logging_mixin.py:109} INFO - [2021-11-18 23:12:08,086] {dag.py:2396} INFO - Sync 1 DAGs
[2021-11-18 23:12:08,102] {logging_mixin.py:109} INFO - [2021-11-18 23:12:08,102] {dag.py:2928} INFO - Setting next_dagrun for example_bash_operator to 2021-11-17 00:00:00+00:00
[2021-11-18 23:12:08,112] {processor.py:171} INFO - Processing /home/airflow/.local/lib/python3.7/site-packages/airflow/example_dags/example_bash_operator.py took 0.067 seconds
[2021-11-18 23:12:38,957] {processor.py:163} INFO - Started process (PID=270) to work on /home/airflow/.local/lib/python3.7/site-packages/airflow/example_dags/example_bash_operator.py
[2021-11-18 23:12:38,959] {processor.py:625} INFO - Processing file /home/airflow/.local/lib/python3.7/site-packages/airflow/example_dags/example_bash_operator.py for tasks to queue
[2021-11-18 23:12:38,960] {logging_mixin.py:109} INFO - [2021-11-18 23:12:38,960] {dagbag.py:500} INFO - Filling up the DagBag from /home/airflow/.local/lib/python3.7/site-packages/airflow/example_dags/example_bash_operator.py
[2021-11-18 23:12:39,004] {processor.py:637} INFO - DAG(s) dict_keys(['example_bash_operator']) retrieved from /home/airflow/.local/lib/python3.7/site-packages/airflow/example_dags/example_bash_operator.py
[2021-11-18 23:12:39,021] {logging_mixin.py:109} INFO - [2021-11-18 23:12:39,021] {dag.py:2396} INFO - Sync 1 DAGs
[2021-11-18 23:12:39,040] {logging_mixin.py:109} INFO - [2021-11-18 23:12:39,040] {dag.py:2928} INFO - Setting next_dagrun for example_bash_operator to 2021-11-17 00:00:00+00:00
[2021-11-18 23:12:39,051] {processor.py:171} INFO - Processing /home/airflow/.local/lib/python3.7/site-packages/airflow/example_dags/example_bash_operator.py took 0.098 seconds
[2021-11-18 23:13:09,476] {processor.py:163} INFO - Started process (PID=320) to work on /home/airflow/.local/lib/python3.7/site-packages/airflow/example_dags/example_bash_operator.py
[2021-11-18 23:13:09,478] {processor.py:625} INFO - Processing file /home/airflow/.local/lib/python3.7/site-packages/airflow/example_dags/example_bash_operator.py for tasks to queue
[2021-11-18 23:13:09,478] {logging_mixin.py:109} INFO - [2021-11-18 23:13:09,478] {dagbag.py:500} INFO - Filling up the DagBag from /home/airflow/.local/lib/python3.7/site-packages/airflow/example_dags/example_bash_operator.py
[2021-11-18 23:13:09,514] {processor.py:637} INFO - DAG(s) dict_keys(['example_bash_operator']) retrieved from /home/airflow/.local/lib/python3.7/site-packages/airflow/example_dags/example_bash_operator.py
[2021-11-18 23:13:09,530] {logging_mixin.py:109} INFO - [2021-11-18 23:13:09,530] {dag.py:2396} INFO - Sync 1 DAGs
[2021-11-18 23:13:09,554] {logging_mixin.py:109} INFO - [2021-11-18 23:13:09,554] {dag.py:2928} INFO - Setting next_dagrun for example_bash_operator to 2021-11-17 00:00:00+00:00
[2021-11-18 23:13:09,566] {processor.py:171} INFO - Processing /home/airflow/.local/lib/python3.7/site-packages/airflow/example_dags/example_bash_operator.py took 0.095 seconds
[2021-11-18 23:13:40,242] {processor.py:163} INFO - Started process (PID=371) to work on /home/airflow/.local/lib/python3.7/site-packages/airflow/example_dags/example_bash_operator.py
[2021-11-18 23:13:40,291] {processor.py:625} INFO - Processing file /home/airflow/.local/lib/python3.7/site-packages/airflow/example_dags/example_bash_operator.py for tasks to queue
[2021-11-18 23:13:40,291] {logging_mixin.py:109} INFO - [2021-11-18 23:13:40,291] {dagbag.py:500} INFO - Filling up the DagBag from /home/airflow/.local/lib/python3.7/site-packages/airflow/example_dags/example_bash_operator.py
[2021-11-18 23:13:40,317] {processor.py:637} INFO - DAG(s) dict_keys(['example_bash_operator']) retrieved from /home/airflow/.local/lib/python3.7/site-packages/airflow/example_dags/example_bash_operator.py
[2021-11-18 23:13:40,329] {logging_mixin.py:109} INFO - [2021-11-18 23:13:40,329] {dag.py:2396} INFO - Sync 1 DAGs
[2021-11-18 23:13:40,346] {logging_mixin.py:109} INFO - [2021-11-18 23:13:40,346] {dag.py:2928} INFO - Setting next_dagrun for example_bash_operator to 2021-11-17 00:00:00+00:00
[2021-11-18 23:13:40,357] {processor.py:171} INFO - Processing /home/airflow/.local/lib/python3.7/site-packages/airflow/example_dags/example_bash_operator.py took 0.118 seconds
[2021-11-18 23:14:11,125] {processor.py:163} INFO - Started process (PID=430) to work on /home/airflow/.local/lib/python3.7/site-packages/airflow/example_dags/example_bash_operator.py
[2021-11-18 23:14:11,126] {processor.py:625} INFO - Processing file /home/airflow/.local/lib/python3.7/site-packages/airflow/example_dags/example_bash_operator.py for tasks to queue
[2021-11-18 23:14:11,127] {logging_mixin.py:109} INFO - [2021-11-18 23:14:11,127] {dagbag.py:500} INFO - Filling up the DagBag from /home/airflow/.local/lib/python3.7/site-packages/airflow/example_dags/example_bash_operator.py
[2021-11-18 23:14:11,161] {processor.py:637} INFO - DAG(s) dict_keys(['example_bash_operator']) retrieved from /home/airflow/.local/lib/python3.7/site-packages/airflow/example_dags/example_bash_operator.py
[2021-11-18 23:14:11,172] {logging_mixin.py:109} INFO - [2021-11-18 23:14:11,172] {dag.py:2396} INFO - Sync 1 DAGs
[2021-11-18 23:14:11,192] {logging_mixin.py:109} INFO - [2021-11-18 23:14:11,192] {dag.py:2928} INFO - Setting next_dagrun for example_bash_operator to 2021-11-17 00:00:00+00:00
[2021-11-18 23:14:11,204] {processor.py:171} INFO - Processing /home/airflow/.local/lib/python3.7/site-packages/airflow/example_dags/example_bash_operator.py took 0.082 seconds
[2021-11-18 23:14:42,842] {processor.py:163} INFO - Started process (PID=480) to work on /home/airflow/.local/lib/python3.7/site-packages/airflow/example_dags/example_bash_operator.py
[2021-11-18 23:14:42,844] {processor.py:625} INFO - Processing file /home/airflow/.local/lib/python3.7/site-packages/airflow/example_dags/example_bash_operator.py for tasks to queue
[2021-11-18 23:14:42,844] {logging_mixin.py:109} INFO - [2021-11-18 23:14:42,844] {dagbag.py:500} INFO - Filling up the DagBag from /home/airflow/.local/lib/python3.7/site-packages/airflow/example_dags/example_bash_operator.py
[2021-11-18 23:14:42,873] {processor.py:637} INFO - DAG(s) dict_keys(['example_bash_operator']) retrieved from /home/airflow/.local/lib/python3.7/site-packages/airflow/example_dags/example_bash_operator.py
[2021-11-18 23:14:42,884] {logging_mixin.py:109} INFO - [2021-11-18 23:14:42,884] {dag.py:2396} INFO - Sync 1 DAGs
[2021-11-18 23:14:42,900] {logging_mixin.py:109} INFO - [2021-11-18 23:14:42,900] {dag.py:2928} INFO - Setting next_dagrun for example_bash_operator to 2021-11-17 00:00:00+00:00
[2021-11-18 23:14:42,909] {processor.py:171} INFO - Processing /home/airflow/.local/lib/python3.7/site-packages/airflow/example_dags/example_bash_operator.py took 0.070 seconds
[2021-11-18 23:15:13,164] {processor.py:163} INFO - Started process (PID=531) to work on /home/airflow/.local/lib/python3.7/site-packages/airflow/example_dags/example_bash_operator.py
[2021-11-18 23:15:13,168] {processor.py:625} INFO - Processing file /home/airflow/.local/lib/python3.7/site-packages/airflow/example_dags/example_bash_operator.py for tasks to queue
[2021-11-18 23:15:13,170] {logging_mixin.py:109} INFO - [2021-11-18 23:15:13,170] {dagbag.py:500} INFO - Filling up the DagBag from /home/airflow/.local/lib/python3.7/site-packages/airflow/example_dags/example_bash_operator.py
[2021-11-18 23:15:13,226] {processor.py:637} INFO - DAG(s) dict_keys(['example_bash_operator']) retrieved from /home/airflow/.local/lib/python3.7/site-packages/airflow/example_dags/example_bash_operator.py
[2021-11-18 23:15:13,248] {logging_mixin.py:109} INFO - [2021-11-18 23:15:13,248] {dag.py:2396} INFO - Sync 1 DAGs
[2021-11-18 23:15:13,283] {logging_mixin.py:109} INFO - [2021-11-18 23:15:13,282] {dag.py:2928} INFO - Setting next_dagrun for example_bash_operator to 2021-11-17 00:00:00+00:00
[2021-11-18 23:15:13,309] {processor.py:171} INFO - Processing /home/airflow/.local/lib/python3.7/site-packages/airflow/example_dags/example_bash_operator.py took 0.149 seconds
[2021-11-18 23:15:44,112] {processor.py:163} INFO - Started process (PID=590) to work on /home/airflow/.local/lib/python3.7/site-packages/airflow/example_dags/example_bash_operator.py
[2021-11-18 23:15:44,125] {processor.py:625} INFO - Processing file /home/airflow/.local/lib/python3.7/site-packages/airflow/example_dags/example_bash_operator.py for tasks to queue
[2021-11-18 23:15:44,125] {logging_mixin.py:109} INFO - [2021-11-18 23:15:44,125] {dagbag.py:500} INFO - Filling up the DagBag from /home/airflow/.local/lib/python3.7/site-packages/airflow/example_dags/example_bash_operator.py
[2021-11-18 23:15:44,161] {processor.py:637} INFO - DAG(s) dict_keys(['example_bash_operator']) retrieved from /home/airflow/.local/lib/python3.7/site-packages/airflow/example_dags/example_bash_operator.py
[2021-11-18 23:15:44,175] {logging_mixin.py:109} INFO - [2021-11-18 23:15:44,175] {dag.py:2396} INFO - Sync 1 DAGs
[2021-11-18 23:15:44,197] {logging_mixin.py:109} INFO - [2021-11-18 23:15:44,196] {dag.py:2928} INFO - Setting next_dagrun for example_bash_operator to 2021-11-17 00:00:00+00:00
[2021-11-18 23:15:44,206] {processor.py:171} INFO - Processing /home/airflow/.local/lib/python3.7/site-packages/airflow/example_dags/example_bash_operator.py took 0.098 seconds
[2021-11-18 23:16:15,697] {processor.py:163} INFO - Started process (PID=640) to work on /home/airflow/.local/lib/python3.7/site-packages/airflow/example_dags/example_bash_operator.py
[2021-11-18 23:16:15,709] {processor.py:625} INFO - Processing file /home/airflow/.local/lib/python3.7/site-packages/airflow/example_dags/example_bash_operator.py for tasks to queue
[2021-11-18 23:16:15,709] {logging_mixin.py:109} INFO - [2021-11-18 23:16:15,709] {dagbag.py:500} INFO - Filling up the DagBag from /home/airflow/.local/lib/python3.7/site-packages/airflow/example_dags/example_bash_operator.py
[2021-11-18 23:16:15,740] {processor.py:637} INFO - DAG(s) dict_keys(['example_bash_operator']) retrieved from /home/airflow/.local/lib/python3.7/site-packages/airflow/example_dags/example_bash_operator.py
[2021-11-18 23:16:15,759] {logging_mixin.py:109} INFO - [2021-11-18 23:16:15,759] {dag.py:2396} INFO - Sync 1 DAGs
[2021-11-18 23:16:15,781] {logging_mixin.py:109} INFO - [2021-11-18 23:16:15,781] {dag.py:2928} INFO - Setting next_dagrun for example_bash_operator to 2021-11-17 00:00:00+00:00
[2021-11-18 23:16:15,880] {processor.py:171} INFO - Processing /home/airflow/.local/lib/python3.7/site-packages/airflow/example_dags/example_bash_operator.py took 0.186 seconds
[2021-11-18 23:16:46,212] {processor.py:163} INFO - Started process (PID=698) to work on /home/airflow/.local/lib/python3.7/site-packages/airflow/example_dags/example_bash_operator.py
[2021-11-18 23:16:46,217] {processor.py:625} INFO - Processing file /home/airflow/.local/lib/python3.7/site-packages/airflow/example_dags/example_bash_operator.py for tasks to queue
[2021-11-18 23:16:46,218] {logging_mixin.py:109} INFO - [2021-11-18 23:16:46,218] {dagbag.py:500} INFO - Filling up the DagBag from /home/airflow/.local/lib/python3.7/site-packages/airflow/example_dags/example_bash_operator.py
[2021-11-18 23:16:46,252] {processor.py:637} INFO - DAG(s) dict_keys(['example_bash_operator']) retrieved from /home/airflow/.local/lib/python3.7/site-packages/airflow/example_dags/example_bash_operator.py
[2021-11-18 23:16:46,264] {logging_mixin.py:109} INFO - [2021-11-18 23:16:46,264] {dag.py:2396} INFO - Sync 1 DAGs
[2021-11-18 23:16:46,373] {logging_mixin.py:109} INFO - [2021-11-18 23:16:46,373] {dag.py:2928} INFO - Setting next_dagrun for example_bash_operator to 2021-11-17 00:00:00+00:00
[2021-11-18 23:16:46,384] {processor.py:171} INFO - Processing /home/airflow/.local/lib/python3.7/site-packages/airflow/example_dags/example_bash_operator.py took 0.176 seconds
[2021-11-18 23:17:17,240] {processor.py:163} INFO - Started process (PID=748) to work on /home/airflow/.local/lib/python3.7/site-packages/airflow/example_dags/example_bash_operator.py
[2021-11-18 23:17:17,260] {processor.py:625} INFO - Processing file /home/airflow/.local/lib/python3.7/site-packages/airflow/example_dags/example_bash_operator.py for tasks to queue
[2021-11-18 23:17:17,261] {logging_mixin.py:109} INFO - [2021-11-18 23:17:17,261] {dagbag.py:500} INFO - Filling up the DagBag from /home/airflow/.local/lib/python3.7/site-packages/airflow/example_dags/example_bash_operator.py
[2021-11-18 23:17:17,294] {processor.py:637} INFO - DAG(s) dict_keys(['example_bash_operator']) retrieved from /home/airflow/.local/lib/python3.7/site-packages/airflow/example_dags/example_bash_operator.py
[2021-11-18 23:17:17,310] {logging_mixin.py:109} INFO - [2021-11-18 23:17:17,310] {dag.py:2396} INFO - Sync 1 DAGs
[2021-11-18 23:17:17,413] {logging_mixin.py:109} INFO - [2021-11-18 23:17:17,413] {dag.py:2928} INFO - Setting next_dagrun for example_bash_operator to 2021-11-17 00:00:00+00:00
[2021-11-18 23:17:17,423] {processor.py:171} INFO - Processing /home/airflow/.local/lib/python3.7/site-packages/airflow/example_dags/example_bash_operator.py took 0.186 seconds
