[2021-11-18 21:08:52,465] {processor.py:163} INFO - Started process (PID=56) to work on /home/airflow/.local/lib/python3.7/site-packages/airflow/example_dags/tutorial_taskflow_api_etl.py
[2021-11-18 21:08:52,466] {processor.py:625} INFO - Processing file /home/airflow/.local/lib/python3.7/site-packages/airflow/example_dags/tutorial_taskflow_api_etl.py for tasks to queue
[2021-11-18 21:08:52,467] {logging_mixin.py:109} INFO - [2021-11-18 21:08:52,467] {dagbag.py:500} INFO - Filling up the DagBag from /home/airflow/.local/lib/python3.7/site-packages/airflow/example_dags/tutorial_taskflow_api_etl.py
[2021-11-18 21:08:52,495] {processor.py:637} INFO - DAG(s) dict_keys(['tutorial_taskflow_api_etl']) retrieved from /home/airflow/.local/lib/python3.7/site-packages/airflow/example_dags/tutorial_taskflow_api_etl.py
[2021-11-18 21:08:54,419] {logging_mixin.py:109} INFO - [2021-11-18 21:08:54,419] {providers_manager.py:156} WARNING - Exception when importing 'airflow.providers.google.leveldb.hooks.leveldb.LevelDBHook' from 'apache-airflow-providers-google' package: No module named 'plyvel'
[2021-11-18 21:08:55,071] {logging_mixin.py:109} INFO - [2021-11-18 21:08:55,071] {providers_manager.py:156} WARNING - Exception when importing 'airflow.providers.google.leveldb.hooks.leveldb.LevelDBHook' from 'apache-airflow-providers-google' package: No module named 'plyvel'
[2021-11-18 21:08:55,110] {logging_mixin.py:109} INFO - [2021-11-18 21:08:55,109] {manager.py:496} INFO - Created Permission View: can edit on DAG:tutorial_taskflow_api_etl
[2021-11-18 21:08:55,122] {logging_mixin.py:109} INFO - [2021-11-18 21:08:55,122] {manager.py:496} INFO - Created Permission View: can read on DAG:tutorial_taskflow_api_etl
[2021-11-18 21:08:55,123] {logging_mixin.py:109} INFO - [2021-11-18 21:08:55,122] {dag.py:2396} INFO - Sync 1 DAGs
[2021-11-18 21:08:55,137] {logging_mixin.py:109} INFO - [2021-11-18 21:08:55,136] {dag.py:2415} INFO - Creating ORM DAG for tutorial_taskflow_api_etl
[2021-11-18 21:08:55,150] {logging_mixin.py:109} INFO - [2021-11-18 21:08:55,150] {dag.py:2928} INFO - Setting next_dagrun for tutorial_taskflow_api_etl to None
[2021-11-18 21:08:55,171] {processor.py:171} INFO - Processing /home/airflow/.local/lib/python3.7/site-packages/airflow/example_dags/tutorial_taskflow_api_etl.py took 2.709 seconds
[2021-11-18 21:09:34,618] {processor.py:163} INFO - Started process (PID=345) to work on /home/airflow/.local/lib/python3.7/site-packages/airflow/example_dags/tutorial_taskflow_api_etl.py
[2021-11-18 21:09:34,628] {processor.py:625} INFO - Processing file /home/airflow/.local/lib/python3.7/site-packages/airflow/example_dags/tutorial_taskflow_api_etl.py for tasks to queue
[2021-11-18 21:09:34,629] {logging_mixin.py:109} INFO - [2021-11-18 21:09:34,629] {dagbag.py:500} INFO - Filling up the DagBag from /home/airflow/.local/lib/python3.7/site-packages/airflow/example_dags/tutorial_taskflow_api_etl.py
[2021-11-18 21:09:34,655] {processor.py:637} INFO - DAG(s) dict_keys(['tutorial_taskflow_api_etl']) retrieved from /home/airflow/.local/lib/python3.7/site-packages/airflow/example_dags/tutorial_taskflow_api_etl.py
[2021-11-18 21:09:34,990] {logging_mixin.py:109} INFO - [2021-11-18 21:09:34,990] {dag.py:2396} INFO - Sync 1 DAGs
[2021-11-18 21:09:35,286] {logging_mixin.py:109} INFO - [2021-11-18 21:09:35,286] {dag.py:2928} INFO - Setting next_dagrun for tutorial_taskflow_api_etl to None
[2021-11-18 21:09:35,305] {processor.py:171} INFO - Processing /home/airflow/.local/lib/python3.7/site-packages/airflow/example_dags/tutorial_taskflow_api_etl.py took 0.689 seconds
[2021-11-18 21:10:06,153] {processor.py:163} INFO - Started process (PID=402) to work on /home/airflow/.local/lib/python3.7/site-packages/airflow/example_dags/tutorial_taskflow_api_etl.py
[2021-11-18 21:10:06,238] {processor.py:625} INFO - Processing file /home/airflow/.local/lib/python3.7/site-packages/airflow/example_dags/tutorial_taskflow_api_etl.py for tasks to queue
[2021-11-18 21:10:06,238] {logging_mixin.py:109} INFO - [2021-11-18 21:10:06,238] {dagbag.py:500} INFO - Filling up the DagBag from /home/airflow/.local/lib/python3.7/site-packages/airflow/example_dags/tutorial_taskflow_api_etl.py
[2021-11-18 21:10:06,273] {processor.py:637} INFO - DAG(s) dict_keys(['tutorial_taskflow_api_etl']) retrieved from /home/airflow/.local/lib/python3.7/site-packages/airflow/example_dags/tutorial_taskflow_api_etl.py
[2021-11-18 21:10:06,751] {logging_mixin.py:109} INFO - [2021-11-18 21:10:06,751] {dag.py:2396} INFO - Sync 1 DAGs
[2021-11-18 21:10:07,081] {logging_mixin.py:109} INFO - [2021-11-18 21:10:07,080] {dag.py:2928} INFO - Setting next_dagrun for tutorial_taskflow_api_etl to None
[2021-11-18 21:10:07,106] {processor.py:171} INFO - Processing /home/airflow/.local/lib/python3.7/site-packages/airflow/example_dags/tutorial_taskflow_api_etl.py took 0.957 seconds
