[2021-11-18 21:09:32,546] {processor.py:163} INFO - Started process (PID=331) to work on /home/airflow/.local/lib/python3.7/site-packages/airflow/example_dags/tutorial.py
[2021-11-18 21:09:32,547] {processor.py:625} INFO - Processing file /home/airflow/.local/lib/python3.7/site-packages/airflow/example_dags/tutorial.py for tasks to queue
[2021-11-18 21:09:32,548] {logging_mixin.py:109} INFO - [2021-11-18 21:09:32,548] {dagbag.py:500} INFO - Filling up the DagBag from /home/airflow/.local/lib/python3.7/site-packages/airflow/example_dags/tutorial.py
[2021-11-18 21:09:32,619] {processor.py:637} INFO - DAG(s) dict_keys(['tutorial']) retrieved from /home/airflow/.local/lib/python3.7/site-packages/airflow/example_dags/tutorial.py
[2021-11-18 21:09:34,242] {logging_mixin.py:109} INFO - [2021-11-18 21:09:34,242] {providers_manager.py:156} WARNING - Exception when importing 'airflow.providers.google.leveldb.hooks.leveldb.LevelDBHook' from 'apache-airflow-providers-google' package: No module named 'plyvel'
[2021-11-18 21:09:34,842] {logging_mixin.py:109} INFO - [2021-11-18 21:09:34,842] {providers_manager.py:156} WARNING - Exception when importing 'airflow.providers.google.leveldb.hooks.leveldb.LevelDBHook' from 'apache-airflow-providers-google' package: No module named 'plyvel'
[2021-11-18 21:09:34,868] {logging_mixin.py:109} INFO - [2021-11-18 21:09:34,868] {manager.py:496} INFO - Created Permission View: can edit on DAG:tutorial
[2021-11-18 21:09:34,885] {logging_mixin.py:109} INFO - [2021-11-18 21:09:34,885] {manager.py:496} INFO - Created Permission View: can read on DAG:tutorial
[2021-11-18 21:09:34,886] {logging_mixin.py:109} INFO - [2021-11-18 21:09:34,885] {dag.py:2396} INFO - Sync 1 DAGs
[2021-11-18 21:09:34,898] {logging_mixin.py:109} INFO - [2021-11-18 21:09:34,898] {dag.py:2415} INFO - Creating ORM DAG for tutorial
[2021-11-18 21:09:34,914] {logging_mixin.py:109} INFO - [2021-11-18 21:09:34,914] {dag.py:2928} INFO - Setting next_dagrun for tutorial to 2021-11-17T21:09:34.913842+00:00
[2021-11-18 21:09:34,938] {processor.py:171} INFO - Processing /home/airflow/.local/lib/python3.7/site-packages/airflow/example_dags/tutorial.py took 2.400 seconds
[2021-11-18 21:10:05,032] {processor.py:163} INFO - Started process (PID=401) to work on /home/airflow/.local/lib/python3.7/site-packages/airflow/example_dags/tutorial.py
[2021-11-18 21:10:05,034] {processor.py:625} INFO - Processing file /home/airflow/.local/lib/python3.7/site-packages/airflow/example_dags/tutorial.py for tasks to queue
[2021-11-18 21:10:05,035] {logging_mixin.py:109} INFO - [2021-11-18 21:10:05,035] {dagbag.py:500} INFO - Filling up the DagBag from /home/airflow/.local/lib/python3.7/site-packages/airflow/example_dags/tutorial.py
[2021-11-18 21:10:05,068] {processor.py:637} INFO - DAG(s) dict_keys(['tutorial']) retrieved from /home/airflow/.local/lib/python3.7/site-packages/airflow/example_dags/tutorial.py
[2021-11-18 21:10:05,081] {logging_mixin.py:109} INFO - [2021-11-18 21:10:05,081] {dag.py:2396} INFO - Sync 1 DAGs
[2021-11-18 21:10:05,108] {logging_mixin.py:109} INFO - [2021-11-18 21:10:05,108] {dag.py:2928} INFO - Setting next_dagrun for tutorial to 2021-11-17T21:10:05.107692+00:00
[2021-11-18 21:10:05,124] {processor.py:171} INFO - Processing /home/airflow/.local/lib/python3.7/site-packages/airflow/example_dags/tutorial.py took 0.094 seconds
[2021-11-18 23:10:35,984] {processor.py:163} INFO - Started process (PID=68) to work on /home/airflow/.local/lib/python3.7/site-packages/airflow/example_dags/tutorial.py
[2021-11-18 23:10:35,986] {processor.py:625} INFO - Processing file /home/airflow/.local/lib/python3.7/site-packages/airflow/example_dags/tutorial.py for tasks to queue
[2021-11-18 23:10:35,987] {logging_mixin.py:109} INFO - [2021-11-18 23:10:35,987] {dagbag.py:500} INFO - Filling up the DagBag from /home/airflow/.local/lib/python3.7/site-packages/airflow/example_dags/tutorial.py
[2021-11-18 23:10:36,035] {processor.py:637} INFO - DAG(s) dict_keys(['tutorial']) retrieved from /home/airflow/.local/lib/python3.7/site-packages/airflow/example_dags/tutorial.py
[2021-11-18 23:10:36,041] {logging_mixin.py:109} INFO - [2021-11-18 23:10:36,041] {dag.py:2396} INFO - Sync 1 DAGs
[2021-11-18 23:10:36,068] {logging_mixin.py:109} INFO - [2021-11-18 23:10:36,068] {dag.py:2928} INFO - Setting next_dagrun for tutorial to 2021-11-17T23:10:36.067588+00:00
[2021-11-18 23:10:36,082] {processor.py:171} INFO - Processing /home/airflow/.local/lib/python3.7/site-packages/airflow/example_dags/tutorial.py took 0.102 seconds
[2021-11-18 23:11:08,415] {processor.py:163} INFO - Started process (PID=125) to work on /home/airflow/.local/lib/python3.7/site-packages/airflow/example_dags/tutorial.py
[2021-11-18 23:11:08,416] {processor.py:625} INFO - Processing file /home/airflow/.local/lib/python3.7/site-packages/airflow/example_dags/tutorial.py for tasks to queue
[2021-11-18 23:11:08,417] {logging_mixin.py:109} INFO - [2021-11-18 23:11:08,417] {dagbag.py:500} INFO - Filling up the DagBag from /home/airflow/.local/lib/python3.7/site-packages/airflow/example_dags/tutorial.py
[2021-11-18 23:11:08,461] {processor.py:637} INFO - DAG(s) dict_keys(['tutorial']) retrieved from /home/airflow/.local/lib/python3.7/site-packages/airflow/example_dags/tutorial.py
[2021-11-18 23:11:08,850] {logging_mixin.py:109} INFO - [2021-11-18 23:11:08,850] {dag.py:2396} INFO - Sync 1 DAGs
[2021-11-18 23:11:08,875] {logging_mixin.py:109} INFO - [2021-11-18 23:11:08,875] {dag.py:2928} INFO - Setting next_dagrun for tutorial to 2021-11-17T23:11:08.875403+00:00
[2021-11-18 23:11:08,898] {processor.py:171} INFO - Processing /home/airflow/.local/lib/python3.7/site-packages/airflow/example_dags/tutorial.py took 0.487 seconds
[2021-11-18 23:11:39,578] {processor.py:163} INFO - Started process (PID=177) to work on /home/airflow/.local/lib/python3.7/site-packages/airflow/example_dags/tutorial.py
[2021-11-18 23:11:39,580] {processor.py:625} INFO - Processing file /home/airflow/.local/lib/python3.7/site-packages/airflow/example_dags/tutorial.py for tasks to queue
[2021-11-18 23:11:39,580] {logging_mixin.py:109} INFO - [2021-11-18 23:11:39,580] {dagbag.py:500} INFO - Filling up the DagBag from /home/airflow/.local/lib/python3.7/site-packages/airflow/example_dags/tutorial.py
[2021-11-18 23:11:39,604] {processor.py:637} INFO - DAG(s) dict_keys(['tutorial']) retrieved from /home/airflow/.local/lib/python3.7/site-packages/airflow/example_dags/tutorial.py
[2021-11-18 23:11:39,612] {logging_mixin.py:109} INFO - [2021-11-18 23:11:39,612] {dag.py:2396} INFO - Sync 1 DAGs
[2021-11-18 23:11:39,629] {logging_mixin.py:109} INFO - [2021-11-18 23:11:39,629] {dag.py:2928} INFO - Setting next_dagrun for tutorial to 2021-11-17T23:11:39.629400+00:00
[2021-11-18 23:11:39,641] {processor.py:171} INFO - Processing /home/airflow/.local/lib/python3.7/site-packages/airflow/example_dags/tutorial.py took 0.065 seconds
[2021-11-18 23:12:11,584] {processor.py:163} INFO - Started process (PID=227) to work on /home/airflow/.local/lib/python3.7/site-packages/airflow/example_dags/tutorial.py
[2021-11-18 23:12:11,585] {processor.py:625} INFO - Processing file /home/airflow/.local/lib/python3.7/site-packages/airflow/example_dags/tutorial.py for tasks to queue
[2021-11-18 23:12:11,586] {logging_mixin.py:109} INFO - [2021-11-18 23:12:11,586] {dagbag.py:500} INFO - Filling up the DagBag from /home/airflow/.local/lib/python3.7/site-packages/airflow/example_dags/tutorial.py
[2021-11-18 23:12:11,611] {processor.py:637} INFO - DAG(s) dict_keys(['tutorial']) retrieved from /home/airflow/.local/lib/python3.7/site-packages/airflow/example_dags/tutorial.py
[2021-11-18 23:12:11,615] {logging_mixin.py:109} INFO - [2021-11-18 23:12:11,615] {dag.py:2396} INFO - Sync 1 DAGs
[2021-11-18 23:12:11,635] {logging_mixin.py:109} INFO - [2021-11-18 23:12:11,634] {dag.py:2928} INFO - Setting next_dagrun for tutorial to 2021-11-17T23:12:11.634676+00:00
[2021-11-18 23:12:11,645] {processor.py:171} INFO - Processing /home/airflow/.local/lib/python3.7/site-packages/airflow/example_dags/tutorial.py took 0.064 seconds
[2021-11-18 23:12:43,875] {processor.py:163} INFO - Started process (PID=285) to work on /home/airflow/.local/lib/python3.7/site-packages/airflow/example_dags/tutorial.py
[2021-11-18 23:12:43,877] {processor.py:625} INFO - Processing file /home/airflow/.local/lib/python3.7/site-packages/airflow/example_dags/tutorial.py for tasks to queue
[2021-11-18 23:12:43,877] {logging_mixin.py:109} INFO - [2021-11-18 23:12:43,877] {dagbag.py:500} INFO - Filling up the DagBag from /home/airflow/.local/lib/python3.7/site-packages/airflow/example_dags/tutorial.py
[2021-11-18 23:12:43,900] {processor.py:637} INFO - DAG(s) dict_keys(['tutorial']) retrieved from /home/airflow/.local/lib/python3.7/site-packages/airflow/example_dags/tutorial.py
[2021-11-18 23:12:44,244] {logging_mixin.py:109} INFO - [2021-11-18 23:12:44,244] {dag.py:2396} INFO - Sync 1 DAGs
[2021-11-18 23:12:44,268] {logging_mixin.py:109} INFO - [2021-11-18 23:12:44,268] {dag.py:2928} INFO - Setting next_dagrun for tutorial to 2021-11-17T23:12:44.267746+00:00
[2021-11-18 23:12:44,297] {processor.py:171} INFO - Processing /home/airflow/.local/lib/python3.7/site-packages/airflow/example_dags/tutorial.py took 0.424 seconds
[2021-11-18 23:13:14,601] {processor.py:163} INFO - Started process (PID=335) to work on /home/airflow/.local/lib/python3.7/site-packages/airflow/example_dags/tutorial.py
[2021-11-18 23:13:14,614] {processor.py:625} INFO - Processing file /home/airflow/.local/lib/python3.7/site-packages/airflow/example_dags/tutorial.py for tasks to queue
[2021-11-18 23:13:14,615] {logging_mixin.py:109} INFO - [2021-11-18 23:13:14,615] {dagbag.py:500} INFO - Filling up the DagBag from /home/airflow/.local/lib/python3.7/site-packages/airflow/example_dags/tutorial.py
[2021-11-18 23:13:14,639] {processor.py:637} INFO - DAG(s) dict_keys(['tutorial']) retrieved from /home/airflow/.local/lib/python3.7/site-packages/airflow/example_dags/tutorial.py
[2021-11-18 23:13:14,649] {logging_mixin.py:109} INFO - [2021-11-18 23:13:14,648] {dag.py:2396} INFO - Sync 1 DAGs
[2021-11-18 23:13:14,664] {logging_mixin.py:109} INFO - [2021-11-18 23:13:14,664] {dag.py:2928} INFO - Setting next_dagrun for tutorial to 2021-11-17T23:13:14.663915+00:00
[2021-11-18 23:13:14,675] {processor.py:171} INFO - Processing /home/airflow/.local/lib/python3.7/site-packages/airflow/example_dags/tutorial.py took 0.077 seconds
[2021-11-18 23:13:46,185] {processor.py:163} INFO - Started process (PID=394) to work on /home/airflow/.local/lib/python3.7/site-packages/airflow/example_dags/tutorial.py
[2021-11-18 23:13:46,196] {processor.py:625} INFO - Processing file /home/airflow/.local/lib/python3.7/site-packages/airflow/example_dags/tutorial.py for tasks to queue
[2021-11-18 23:13:46,197] {logging_mixin.py:109} INFO - [2021-11-18 23:13:46,197] {dagbag.py:500} INFO - Filling up the DagBag from /home/airflow/.local/lib/python3.7/site-packages/airflow/example_dags/tutorial.py
[2021-11-18 23:13:46,224] {processor.py:637} INFO - DAG(s) dict_keys(['tutorial']) retrieved from /home/airflow/.local/lib/python3.7/site-packages/airflow/example_dags/tutorial.py
[2021-11-18 23:13:46,227] {logging_mixin.py:109} INFO - [2021-11-18 23:13:46,227] {dag.py:2396} INFO - Sync 1 DAGs
[2021-11-18 23:13:46,244] {logging_mixin.py:109} INFO - [2021-11-18 23:13:46,244] {dag.py:2928} INFO - Setting next_dagrun for tutorial to 2021-11-17T23:13:46.243817+00:00
[2021-11-18 23:13:46,256] {processor.py:171} INFO - Processing /home/airflow/.local/lib/python3.7/site-packages/airflow/example_dags/tutorial.py took 0.074 seconds
[2021-11-18 23:14:17,026] {processor.py:163} INFO - Started process (PID=445) to work on /home/airflow/.local/lib/python3.7/site-packages/airflow/example_dags/tutorial.py
[2021-11-18 23:14:17,029] {processor.py:625} INFO - Processing file /home/airflow/.local/lib/python3.7/site-packages/airflow/example_dags/tutorial.py for tasks to queue
[2021-11-18 23:14:17,030] {logging_mixin.py:109} INFO - [2021-11-18 23:14:17,030] {dagbag.py:500} INFO - Filling up the DagBag from /home/airflow/.local/lib/python3.7/site-packages/airflow/example_dags/tutorial.py
[2021-11-18 23:14:17,086] {processor.py:637} INFO - DAG(s) dict_keys(['tutorial']) retrieved from /home/airflow/.local/lib/python3.7/site-packages/airflow/example_dags/tutorial.py
[2021-11-18 23:14:17,493] {logging_mixin.py:109} INFO - [2021-11-18 23:14:17,493] {dag.py:2396} INFO - Sync 1 DAGs
[2021-11-18 23:14:17,512] {logging_mixin.py:109} INFO - [2021-11-18 23:14:17,512] {dag.py:2928} INFO - Setting next_dagrun for tutorial to 2021-11-17T23:14:17.512562+00:00
[2021-11-18 23:14:17,528] {processor.py:171} INFO - Processing /home/airflow/.local/lib/python3.7/site-packages/airflow/example_dags/tutorial.py took 0.508 seconds
[2021-11-18 23:14:48,196] {processor.py:163} INFO - Started process (PID=503) to work on /home/airflow/.local/lib/python3.7/site-packages/airflow/example_dags/tutorial.py
[2021-11-18 23:14:48,198] {processor.py:625} INFO - Processing file /home/airflow/.local/lib/python3.7/site-packages/airflow/example_dags/tutorial.py for tasks to queue
[2021-11-18 23:14:48,199] {logging_mixin.py:109} INFO - [2021-11-18 23:14:48,199] {dagbag.py:500} INFO - Filling up the DagBag from /home/airflow/.local/lib/python3.7/site-packages/airflow/example_dags/tutorial.py
[2021-11-18 23:14:48,234] {processor.py:637} INFO - DAG(s) dict_keys(['tutorial']) retrieved from /home/airflow/.local/lib/python3.7/site-packages/airflow/example_dags/tutorial.py
[2021-11-18 23:14:48,245] {logging_mixin.py:109} INFO - [2021-11-18 23:14:48,245] {dag.py:2396} INFO - Sync 1 DAGs
[2021-11-18 23:14:48,267] {logging_mixin.py:109} INFO - [2021-11-18 23:14:48,267] {dag.py:2928} INFO - Setting next_dagrun for tutorial to 2021-11-17T23:14:48.267191+00:00
[2021-11-18 23:14:48,280] {processor.py:171} INFO - Processing /home/airflow/.local/lib/python3.7/site-packages/airflow/example_dags/tutorial.py took 0.088 seconds
[2021-11-18 23:15:18,688] {processor.py:163} INFO - Started process (PID=553) to work on /home/airflow/.local/lib/python3.7/site-packages/airflow/example_dags/tutorial.py
[2021-11-18 23:15:18,696] {processor.py:625} INFO - Processing file /home/airflow/.local/lib/python3.7/site-packages/airflow/example_dags/tutorial.py for tasks to queue
[2021-11-18 23:15:18,697] {logging_mixin.py:109} INFO - [2021-11-18 23:15:18,697] {dagbag.py:500} INFO - Filling up the DagBag from /home/airflow/.local/lib/python3.7/site-packages/airflow/example_dags/tutorial.py
[2021-11-18 23:15:18,722] {processor.py:637} INFO - DAG(s) dict_keys(['tutorial']) retrieved from /home/airflow/.local/lib/python3.7/site-packages/airflow/example_dags/tutorial.py
[2021-11-18 23:15:18,730] {logging_mixin.py:109} INFO - [2021-11-18 23:15:18,730] {dag.py:2396} INFO - Sync 1 DAGs
[2021-11-18 23:15:18,749] {logging_mixin.py:109} INFO - [2021-11-18 23:15:18,749] {dag.py:2928} INFO - Setting next_dagrun for tutorial to 2021-11-17T23:15:18.748683+00:00
[2021-11-18 23:15:18,767] {processor.py:171} INFO - Processing /home/airflow/.local/lib/python3.7/site-packages/airflow/example_dags/tutorial.py took 0.081 seconds
[2021-11-18 23:15:49,227] {processor.py:163} INFO - Started process (PID=604) to work on /home/airflow/.local/lib/python3.7/site-packages/airflow/example_dags/tutorial.py
[2021-11-18 23:15:49,229] {processor.py:625} INFO - Processing file /home/airflow/.local/lib/python3.7/site-packages/airflow/example_dags/tutorial.py for tasks to queue
[2021-11-18 23:15:49,229] {logging_mixin.py:109} INFO - [2021-11-18 23:15:49,229] {dagbag.py:500} INFO - Filling up the DagBag from /home/airflow/.local/lib/python3.7/site-packages/airflow/example_dags/tutorial.py
[2021-11-18 23:15:49,253] {processor.py:637} INFO - DAG(s) dict_keys(['tutorial']) retrieved from /home/airflow/.local/lib/python3.7/site-packages/airflow/example_dags/tutorial.py
[2021-11-18 23:15:49,535] {logging_mixin.py:109} INFO - [2021-11-18 23:15:49,535] {dag.py:2396} INFO - Sync 1 DAGs
[2021-11-18 23:15:49,547] {logging_mixin.py:109} INFO - [2021-11-18 23:15:49,547] {dag.py:2928} INFO - Setting next_dagrun for tutorial to 2021-11-17T23:15:49.547214+00:00
[2021-11-18 23:15:49,557] {processor.py:171} INFO - Processing /home/airflow/.local/lib/python3.7/site-packages/airflow/example_dags/tutorial.py took 0.332 seconds
[2021-11-18 23:16:21,244] {processor.py:163} INFO - Started process (PID=663) to work on /home/airflow/.local/lib/python3.7/site-packages/airflow/example_dags/tutorial.py
[2021-11-18 23:16:21,254] {processor.py:625} INFO - Processing file /home/airflow/.local/lib/python3.7/site-packages/airflow/example_dags/tutorial.py for tasks to queue
[2021-11-18 23:16:21,255] {logging_mixin.py:109} INFO - [2021-11-18 23:16:21,255] {dagbag.py:500} INFO - Filling up the DagBag from /home/airflow/.local/lib/python3.7/site-packages/airflow/example_dags/tutorial.py
[2021-11-18 23:16:21,285] {processor.py:637} INFO - DAG(s) dict_keys(['tutorial']) retrieved from /home/airflow/.local/lib/python3.7/site-packages/airflow/example_dags/tutorial.py
[2021-11-18 23:16:21,298] {logging_mixin.py:109} INFO - [2021-11-18 23:16:21,298] {dag.py:2396} INFO - Sync 1 DAGs
[2021-11-18 23:16:21,322] {logging_mixin.py:109} INFO - [2021-11-18 23:16:21,322] {dag.py:2928} INFO - Setting next_dagrun for tutorial to 2021-11-17T23:16:21.322055+00:00
[2021-11-18 23:16:21,335] {processor.py:171} INFO - Processing /home/airflow/.local/lib/python3.7/site-packages/airflow/example_dags/tutorial.py took 0.095 seconds
[2021-11-18 23:16:51,918] {processor.py:163} INFO - Started process (PID=713) to work on /home/airflow/.local/lib/python3.7/site-packages/airflow/example_dags/tutorial.py
[2021-11-18 23:16:51,928] {processor.py:625} INFO - Processing file /home/airflow/.local/lib/python3.7/site-packages/airflow/example_dags/tutorial.py for tasks to queue
[2021-11-18 23:16:51,929] {logging_mixin.py:109} INFO - [2021-11-18 23:16:51,929] {dagbag.py:500} INFO - Filling up the DagBag from /home/airflow/.local/lib/python3.7/site-packages/airflow/example_dags/tutorial.py
[2021-11-18 23:16:51,963] {processor.py:637} INFO - DAG(s) dict_keys(['tutorial']) retrieved from /home/airflow/.local/lib/python3.7/site-packages/airflow/example_dags/tutorial.py
[2021-11-18 23:16:51,967] {logging_mixin.py:109} INFO - [2021-11-18 23:16:51,967] {dag.py:2396} INFO - Sync 1 DAGs
[2021-11-18 23:16:51,988] {logging_mixin.py:109} INFO - [2021-11-18 23:16:51,988] {dag.py:2928} INFO - Setting next_dagrun for tutorial to 2021-11-17T23:16:51.988359+00:00
[2021-11-18 23:16:52,001] {processor.py:171} INFO - Processing /home/airflow/.local/lib/python3.7/site-packages/airflow/example_dags/tutorial.py took 0.086 seconds
[2021-11-18 23:17:24,066] {processor.py:163} INFO - Started process (PID=763) to work on /home/airflow/.local/lib/python3.7/site-packages/airflow/example_dags/tutorial.py
[2021-11-18 23:17:24,078] {processor.py:625} INFO - Processing file /home/airflow/.local/lib/python3.7/site-packages/airflow/example_dags/tutorial.py for tasks to queue
[2021-11-18 23:17:24,079] {logging_mixin.py:109} INFO - [2021-11-18 23:17:24,079] {dagbag.py:500} INFO - Filling up the DagBag from /home/airflow/.local/lib/python3.7/site-packages/airflow/example_dags/tutorial.py
[2021-11-18 23:17:24,116] {processor.py:637} INFO - DAG(s) dict_keys(['tutorial']) retrieved from /home/airflow/.local/lib/python3.7/site-packages/airflow/example_dags/tutorial.py
[2021-11-18 23:17:24,413] {logging_mixin.py:109} INFO - [2021-11-18 23:17:24,413] {dag.py:2396} INFO - Sync 1 DAGs
[2021-11-18 23:17:24,426] {logging_mixin.py:109} INFO - [2021-11-18 23:17:24,426] {dag.py:2928} INFO - Setting next_dagrun for tutorial to 2021-11-17T23:17:24.425916+00:00
[2021-11-18 23:17:24,436] {processor.py:171} INFO - Processing /home/airflow/.local/lib/python3.7/site-packages/airflow/example_dags/tutorial.py took 0.374 seconds
