[2021-11-18 21:09:06,808] {processor.py:163} INFO - Started process (PID=135) to work on /home/airflow/.local/lib/python3.7/site-packages/airflow/example_dags/tutorial_etl_dag.py
[2021-11-18 21:09:06,811] {processor.py:625} INFO - Processing file /home/airflow/.local/lib/python3.7/site-packages/airflow/example_dags/tutorial_etl_dag.py for tasks to queue
[2021-11-18 21:09:06,813] {logging_mixin.py:109} INFO - [2021-11-18 21:09:06,813] {dagbag.py:500} INFO - Filling up the DagBag from /home/airflow/.local/lib/python3.7/site-packages/airflow/example_dags/tutorial_etl_dag.py
[2021-11-18 21:09:06,878] {processor.py:637} INFO - DAG(s) dict_keys(['tutorial_etl_dag']) retrieved from /home/airflow/.local/lib/python3.7/site-packages/airflow/example_dags/tutorial_etl_dag.py
[2021-11-18 21:09:08,651] {logging_mixin.py:109} INFO - [2021-11-18 21:09:08,651] {providers_manager.py:156} WARNING - Exception when importing 'airflow.providers.google.leveldb.hooks.leveldb.LevelDBHook' from 'apache-airflow-providers-google' package: No module named 'plyvel'
[2021-11-18 21:09:09,018] {logging_mixin.py:109} INFO - [2021-11-18 21:09:09,018] {providers_manager.py:156} WARNING - Exception when importing 'airflow.providers.google.leveldb.hooks.leveldb.LevelDBHook' from 'apache-airflow-providers-google' package: No module named 'plyvel'
[2021-11-18 21:09:09,037] {logging_mixin.py:109} INFO - [2021-11-18 21:09:09,037] {manager.py:496} INFO - Created Permission View: can edit on DAG:tutorial_etl_dag
[2021-11-18 21:09:09,045] {logging_mixin.py:109} INFO - [2021-11-18 21:09:09,045] {manager.py:496} INFO - Created Permission View: can read on DAG:tutorial_etl_dag
[2021-11-18 21:09:09,045] {logging_mixin.py:109} INFO - [2021-11-18 21:09:09,045] {dag.py:2396} INFO - Sync 1 DAGs
[2021-11-18 21:09:09,052] {logging_mixin.py:109} INFO - [2021-11-18 21:09:09,051] {dag.py:2415} INFO - Creating ORM DAG for tutorial_etl_dag
[2021-11-18 21:09:09,059] {logging_mixin.py:109} INFO - [2021-11-18 21:09:09,059] {dag.py:2928} INFO - Setting next_dagrun for tutorial_etl_dag to None
[2021-11-18 21:09:09,073] {processor.py:171} INFO - Processing /home/airflow/.local/lib/python3.7/site-packages/airflow/example_dags/tutorial_etl_dag.py took 2.273 seconds
[2021-11-18 21:09:39,962] {processor.py:163} INFO - Started process (PID=360) to work on /home/airflow/.local/lib/python3.7/site-packages/airflow/example_dags/tutorial_etl_dag.py
[2021-11-18 21:09:39,964] {processor.py:625} INFO - Processing file /home/airflow/.local/lib/python3.7/site-packages/airflow/example_dags/tutorial_etl_dag.py for tasks to queue
[2021-11-18 21:09:39,964] {logging_mixin.py:109} INFO - [2021-11-18 21:09:39,964] {dagbag.py:500} INFO - Filling up the DagBag from /home/airflow/.local/lib/python3.7/site-packages/airflow/example_dags/tutorial_etl_dag.py
[2021-11-18 21:09:39,987] {processor.py:637} INFO - DAG(s) dict_keys(['tutorial_etl_dag']) retrieved from /home/airflow/.local/lib/python3.7/site-packages/airflow/example_dags/tutorial_etl_dag.py
[2021-11-18 21:09:39,996] {logging_mixin.py:109} INFO - [2021-11-18 21:09:39,996] {dag.py:2396} INFO - Sync 1 DAGs
[2021-11-18 21:09:40,012] {logging_mixin.py:109} INFO - [2021-11-18 21:09:40,012] {dag.py:2928} INFO - Setting next_dagrun for tutorial_etl_dag to None
[2021-11-18 21:09:40,026] {processor.py:171} INFO - Processing /home/airflow/.local/lib/python3.7/site-packages/airflow/example_dags/tutorial_etl_dag.py took 0.066 seconds
[2021-11-18 21:10:10,268] {processor.py:163} INFO - Started process (PID=409) to work on /home/airflow/.local/lib/python3.7/site-packages/airflow/example_dags/tutorial_etl_dag.py
[2021-11-18 21:10:10,286] {processor.py:625} INFO - Processing file /home/airflow/.local/lib/python3.7/site-packages/airflow/example_dags/tutorial_etl_dag.py for tasks to queue
[2021-11-18 21:10:10,287] {logging_mixin.py:109} INFO - [2021-11-18 21:10:10,286] {dagbag.py:500} INFO - Filling up the DagBag from /home/airflow/.local/lib/python3.7/site-packages/airflow/example_dags/tutorial_etl_dag.py
[2021-11-18 21:10:10,353] {processor.py:637} INFO - DAG(s) dict_keys(['tutorial_etl_dag']) retrieved from /home/airflow/.local/lib/python3.7/site-packages/airflow/example_dags/tutorial_etl_dag.py
[2021-11-18 21:10:10,366] {logging_mixin.py:109} INFO - [2021-11-18 21:10:10,366] {dag.py:2396} INFO - Sync 1 DAGs
[2021-11-18 21:10:10,391] {logging_mixin.py:109} INFO - [2021-11-18 21:10:10,391] {dag.py:2928} INFO - Setting next_dagrun for tutorial_etl_dag to None
[2021-11-18 21:10:10,412] {processor.py:171} INFO - Processing /home/airflow/.local/lib/python3.7/site-packages/airflow/example_dags/tutorial_etl_dag.py took 0.147 seconds
[2021-11-18 23:10:34,017] {processor.py:163} INFO - Started process (PID=48) to work on /home/airflow/.local/lib/python3.7/site-packages/airflow/example_dags/tutorial_etl_dag.py
[2021-11-18 23:10:34,064] {processor.py:625} INFO - Processing file /home/airflow/.local/lib/python3.7/site-packages/airflow/example_dags/tutorial_etl_dag.py for tasks to queue
[2021-11-18 23:10:34,065] {logging_mixin.py:109} INFO - [2021-11-18 23:10:34,065] {dagbag.py:500} INFO - Filling up the DagBag from /home/airflow/.local/lib/python3.7/site-packages/airflow/example_dags/tutorial_etl_dag.py
[2021-11-18 23:10:34,109] {processor.py:637} INFO - DAG(s) dict_keys(['tutorial_etl_dag']) retrieved from /home/airflow/.local/lib/python3.7/site-packages/airflow/example_dags/tutorial_etl_dag.py
[2021-11-18 23:10:34,124] {logging_mixin.py:109} INFO - [2021-11-18 23:10:34,124] {dag.py:2396} INFO - Sync 1 DAGs
[2021-11-18 23:10:34,150] {logging_mixin.py:109} INFO - [2021-11-18 23:10:34,150] {dag.py:2928} INFO - Setting next_dagrun for tutorial_etl_dag to None
[2021-11-18 23:10:34,166] {processor.py:171} INFO - Processing /home/airflow/.local/lib/python3.7/site-packages/airflow/example_dags/tutorial_etl_dag.py took 0.153 seconds
[2021-11-18 23:11:06,094] {processor.py:163} INFO - Started process (PID=104) to work on /home/airflow/.local/lib/python3.7/site-packages/airflow/example_dags/tutorial_etl_dag.py
[2021-11-18 23:11:06,099] {processor.py:625} INFO - Processing file /home/airflow/.local/lib/python3.7/site-packages/airflow/example_dags/tutorial_etl_dag.py for tasks to queue
[2021-11-18 23:11:06,100] {logging_mixin.py:109} INFO - [2021-11-18 23:11:06,100] {dagbag.py:500} INFO - Filling up the DagBag from /home/airflow/.local/lib/python3.7/site-packages/airflow/example_dags/tutorial_etl_dag.py
[2021-11-18 23:11:06,126] {processor.py:637} INFO - DAG(s) dict_keys(['tutorial_etl_dag']) retrieved from /home/airflow/.local/lib/python3.7/site-packages/airflow/example_dags/tutorial_etl_dag.py
[2021-11-18 23:11:06,135] {logging_mixin.py:109} INFO - [2021-11-18 23:11:06,135] {dag.py:2396} INFO - Sync 1 DAGs
[2021-11-18 23:11:06,157] {logging_mixin.py:109} INFO - [2021-11-18 23:11:06,157] {dag.py:2928} INFO - Setting next_dagrun for tutorial_etl_dag to None
[2021-11-18 23:11:06,169] {processor.py:171} INFO - Processing /home/airflow/.local/lib/python3.7/site-packages/airflow/example_dags/tutorial_etl_dag.py took 0.078 seconds
[2021-11-18 23:11:36,823] {processor.py:163} INFO - Started process (PID=157) to work on /home/airflow/.local/lib/python3.7/site-packages/airflow/example_dags/tutorial_etl_dag.py
[2021-11-18 23:11:36,824] {processor.py:625} INFO - Processing file /home/airflow/.local/lib/python3.7/site-packages/airflow/example_dags/tutorial_etl_dag.py for tasks to queue
[2021-11-18 23:11:36,825] {logging_mixin.py:109} INFO - [2021-11-18 23:11:36,824] {dagbag.py:500} INFO - Filling up the DagBag from /home/airflow/.local/lib/python3.7/site-packages/airflow/example_dags/tutorial_etl_dag.py
[2021-11-18 23:11:36,853] {processor.py:637} INFO - DAG(s) dict_keys(['tutorial_etl_dag']) retrieved from /home/airflow/.local/lib/python3.7/site-packages/airflow/example_dags/tutorial_etl_dag.py
[2021-11-18 23:11:36,868] {logging_mixin.py:109} INFO - [2021-11-18 23:11:36,868] {dag.py:2396} INFO - Sync 1 DAGs
[2021-11-18 23:11:36,888] {logging_mixin.py:109} INFO - [2021-11-18 23:11:36,888] {dag.py:2928} INFO - Setting next_dagrun for tutorial_etl_dag to None
[2021-11-18 23:11:36,899] {processor.py:171} INFO - Processing /home/airflow/.local/lib/python3.7/site-packages/airflow/example_dags/tutorial_etl_dag.py took 0.079 seconds
[2021-11-18 23:12:07,802] {processor.py:163} INFO - Started process (PID=207) to work on /home/airflow/.local/lib/python3.7/site-packages/airflow/example_dags/tutorial_etl_dag.py
[2021-11-18 23:12:07,808] {processor.py:625} INFO - Processing file /home/airflow/.local/lib/python3.7/site-packages/airflow/example_dags/tutorial_etl_dag.py for tasks to queue
[2021-11-18 23:12:07,809] {logging_mixin.py:109} INFO - [2021-11-18 23:12:07,809] {dagbag.py:500} INFO - Filling up the DagBag from /home/airflow/.local/lib/python3.7/site-packages/airflow/example_dags/tutorial_etl_dag.py
[2021-11-18 23:12:07,837] {processor.py:637} INFO - DAG(s) dict_keys(['tutorial_etl_dag']) retrieved from /home/airflow/.local/lib/python3.7/site-packages/airflow/example_dags/tutorial_etl_dag.py
[2021-11-18 23:12:07,846] {logging_mixin.py:109} INFO - [2021-11-18 23:12:07,846] {dag.py:2396} INFO - Sync 1 DAGs
[2021-11-18 23:12:07,860] {logging_mixin.py:109} INFO - [2021-11-18 23:12:07,860] {dag.py:2928} INFO - Setting next_dagrun for tutorial_etl_dag to None
[2021-11-18 23:12:07,875] {processor.py:171} INFO - Processing /home/airflow/.local/lib/python3.7/site-packages/airflow/example_dags/tutorial_etl_dag.py took 0.076 seconds
[2021-11-18 23:12:38,651] {processor.py:163} INFO - Started process (PID=265) to work on /home/airflow/.local/lib/python3.7/site-packages/airflow/example_dags/tutorial_etl_dag.py
[2021-11-18 23:12:38,653] {processor.py:625} INFO - Processing file /home/airflow/.local/lib/python3.7/site-packages/airflow/example_dags/tutorial_etl_dag.py for tasks to queue
[2021-11-18 23:12:38,653] {logging_mixin.py:109} INFO - [2021-11-18 23:12:38,653] {dagbag.py:500} INFO - Filling up the DagBag from /home/airflow/.local/lib/python3.7/site-packages/airflow/example_dags/tutorial_etl_dag.py
[2021-11-18 23:12:38,680] {processor.py:637} INFO - DAG(s) dict_keys(['tutorial_etl_dag']) retrieved from /home/airflow/.local/lib/python3.7/site-packages/airflow/example_dags/tutorial_etl_dag.py
[2021-11-18 23:12:38,693] {logging_mixin.py:109} INFO - [2021-11-18 23:12:38,692] {dag.py:2396} INFO - Sync 1 DAGs
[2021-11-18 23:12:38,713] {logging_mixin.py:109} INFO - [2021-11-18 23:12:38,712] {dag.py:2928} INFO - Setting next_dagrun for tutorial_etl_dag to None
[2021-11-18 23:12:38,724] {processor.py:171} INFO - Processing /home/airflow/.local/lib/python3.7/site-packages/airflow/example_dags/tutorial_etl_dag.py took 0.075 seconds
[2021-11-18 23:13:09,116] {processor.py:163} INFO - Started process (PID=315) to work on /home/airflow/.local/lib/python3.7/site-packages/airflow/example_dags/tutorial_etl_dag.py
[2021-11-18 23:13:09,117] {processor.py:625} INFO - Processing file /home/airflow/.local/lib/python3.7/site-packages/airflow/example_dags/tutorial_etl_dag.py for tasks to queue
[2021-11-18 23:13:09,118] {logging_mixin.py:109} INFO - [2021-11-18 23:13:09,118] {dagbag.py:500} INFO - Filling up the DagBag from /home/airflow/.local/lib/python3.7/site-packages/airflow/example_dags/tutorial_etl_dag.py
[2021-11-18 23:13:09,143] {processor.py:637} INFO - DAG(s) dict_keys(['tutorial_etl_dag']) retrieved from /home/airflow/.local/lib/python3.7/site-packages/airflow/example_dags/tutorial_etl_dag.py
[2021-11-18 23:13:09,154] {logging_mixin.py:109} INFO - [2021-11-18 23:13:09,154] {dag.py:2396} INFO - Sync 1 DAGs
[2021-11-18 23:13:09,179] {logging_mixin.py:109} INFO - [2021-11-18 23:13:09,179] {dag.py:2928} INFO - Setting next_dagrun for tutorial_etl_dag to None
[2021-11-18 23:13:09,195] {processor.py:171} INFO - Processing /home/airflow/.local/lib/python3.7/site-packages/airflow/example_dags/tutorial_etl_dag.py took 0.081 seconds
[2021-11-18 23:13:39,858] {processor.py:163} INFO - Started process (PID=366) to work on /home/airflow/.local/lib/python3.7/site-packages/airflow/example_dags/tutorial_etl_dag.py
[2021-11-18 23:13:39,938] {processor.py:625} INFO - Processing file /home/airflow/.local/lib/python3.7/site-packages/airflow/example_dags/tutorial_etl_dag.py for tasks to queue
[2021-11-18 23:13:39,939] {logging_mixin.py:109} INFO - [2021-11-18 23:13:39,939] {dagbag.py:500} INFO - Filling up the DagBag from /home/airflow/.local/lib/python3.7/site-packages/airflow/example_dags/tutorial_etl_dag.py
[2021-11-18 23:13:39,965] {processor.py:637} INFO - DAG(s) dict_keys(['tutorial_etl_dag']) retrieved from /home/airflow/.local/lib/python3.7/site-packages/airflow/example_dags/tutorial_etl_dag.py
[2021-11-18 23:13:39,974] {logging_mixin.py:109} INFO - [2021-11-18 23:13:39,974] {dag.py:2396} INFO - Sync 1 DAGs
[2021-11-18 23:13:39,991] {logging_mixin.py:109} INFO - [2021-11-18 23:13:39,991] {dag.py:2928} INFO - Setting next_dagrun for tutorial_etl_dag to None
[2021-11-18 23:13:40,001] {processor.py:171} INFO - Processing /home/airflow/.local/lib/python3.7/site-packages/airflow/example_dags/tutorial_etl_dag.py took 0.146 seconds
[2021-11-18 23:14:10,686] {processor.py:163} INFO - Started process (PID=425) to work on /home/airflow/.local/lib/python3.7/site-packages/airflow/example_dags/tutorial_etl_dag.py
[2021-11-18 23:14:10,694] {processor.py:625} INFO - Processing file /home/airflow/.local/lib/python3.7/site-packages/airflow/example_dags/tutorial_etl_dag.py for tasks to queue
[2021-11-18 23:14:10,695] {logging_mixin.py:109} INFO - [2021-11-18 23:14:10,695] {dagbag.py:500} INFO - Filling up the DagBag from /home/airflow/.local/lib/python3.7/site-packages/airflow/example_dags/tutorial_etl_dag.py
[2021-11-18 23:14:10,770] {processor.py:637} INFO - DAG(s) dict_keys(['tutorial_etl_dag']) retrieved from /home/airflow/.local/lib/python3.7/site-packages/airflow/example_dags/tutorial_etl_dag.py
[2021-11-18 23:14:10,788] {logging_mixin.py:109} INFO - [2021-11-18 23:14:10,788] {dag.py:2396} INFO - Sync 1 DAGs
[2021-11-18 23:14:10,825] {logging_mixin.py:109} INFO - [2021-11-18 23:14:10,824] {dag.py:2928} INFO - Setting next_dagrun for tutorial_etl_dag to None
[2021-11-18 23:14:10,842] {processor.py:171} INFO - Processing /home/airflow/.local/lib/python3.7/site-packages/airflow/example_dags/tutorial_etl_dag.py took 0.160 seconds
[2021-11-18 23:14:41,703] {processor.py:163} INFO - Started process (PID=475) to work on /home/airflow/.local/lib/python3.7/site-packages/airflow/example_dags/tutorial_etl_dag.py
[2021-11-18 23:14:42,489] {processor.py:625} INFO - Processing file /home/airflow/.local/lib/python3.7/site-packages/airflow/example_dags/tutorial_etl_dag.py for tasks to queue
[2021-11-18 23:14:42,491] {logging_mixin.py:109} INFO - [2021-11-18 23:14:42,491] {dagbag.py:500} INFO - Filling up the DagBag from /home/airflow/.local/lib/python3.7/site-packages/airflow/example_dags/tutorial_etl_dag.py
[2021-11-18 23:14:42,567] {processor.py:637} INFO - DAG(s) dict_keys(['tutorial_etl_dag']) retrieved from /home/airflow/.local/lib/python3.7/site-packages/airflow/example_dags/tutorial_etl_dag.py
[2021-11-18 23:14:42,581] {logging_mixin.py:109} INFO - [2021-11-18 23:14:42,581] {dag.py:2396} INFO - Sync 1 DAGs
[2021-11-18 23:14:42,601] {logging_mixin.py:109} INFO - [2021-11-18 23:14:42,601] {dag.py:2928} INFO - Setting next_dagrun for tutorial_etl_dag to None
[2021-11-18 23:14:42,616] {processor.py:171} INFO - Processing /home/airflow/.local/lib/python3.7/site-packages/airflow/example_dags/tutorial_etl_dag.py took 0.916 seconds
[2021-11-18 23:15:12,714] {processor.py:163} INFO - Started process (PID=526) to work on /home/airflow/.local/lib/python3.7/site-packages/airflow/example_dags/tutorial_etl_dag.py
[2021-11-18 23:15:12,715] {processor.py:625} INFO - Processing file /home/airflow/.local/lib/python3.7/site-packages/airflow/example_dags/tutorial_etl_dag.py for tasks to queue
[2021-11-18 23:15:12,716] {logging_mixin.py:109} INFO - [2021-11-18 23:15:12,716] {dagbag.py:500} INFO - Filling up the DagBag from /home/airflow/.local/lib/python3.7/site-packages/airflow/example_dags/tutorial_etl_dag.py
[2021-11-18 23:15:12,740] {processor.py:637} INFO - DAG(s) dict_keys(['tutorial_etl_dag']) retrieved from /home/airflow/.local/lib/python3.7/site-packages/airflow/example_dags/tutorial_etl_dag.py
[2021-11-18 23:15:12,749] {logging_mixin.py:109} INFO - [2021-11-18 23:15:12,749] {dag.py:2396} INFO - Sync 1 DAGs
[2021-11-18 23:15:12,763] {logging_mixin.py:109} INFO - [2021-11-18 23:15:12,763] {dag.py:2928} INFO - Setting next_dagrun for tutorial_etl_dag to None
[2021-11-18 23:15:12,774] {processor.py:171} INFO - Processing /home/airflow/.local/lib/python3.7/site-packages/airflow/example_dags/tutorial_etl_dag.py took 0.063 seconds
[2021-11-18 23:15:43,879] {processor.py:163} INFO - Started process (PID=585) to work on /home/airflow/.local/lib/python3.7/site-packages/airflow/example_dags/tutorial_etl_dag.py
[2021-11-18 23:15:43,881] {processor.py:625} INFO - Processing file /home/airflow/.local/lib/python3.7/site-packages/airflow/example_dags/tutorial_etl_dag.py for tasks to queue
[2021-11-18 23:15:43,881] {logging_mixin.py:109} INFO - [2021-11-18 23:15:43,881] {dagbag.py:500} INFO - Filling up the DagBag from /home/airflow/.local/lib/python3.7/site-packages/airflow/example_dags/tutorial_etl_dag.py
[2021-11-18 23:15:43,910] {processor.py:637} INFO - DAG(s) dict_keys(['tutorial_etl_dag']) retrieved from /home/airflow/.local/lib/python3.7/site-packages/airflow/example_dags/tutorial_etl_dag.py
[2021-11-18 23:15:43,920] {logging_mixin.py:109} INFO - [2021-11-18 23:15:43,920] {dag.py:2396} INFO - Sync 1 DAGs
[2021-11-18 23:15:43,944] {logging_mixin.py:109} INFO - [2021-11-18 23:15:43,944] {dag.py:2928} INFO - Setting next_dagrun for tutorial_etl_dag to None
[2021-11-18 23:15:43,956] {processor.py:171} INFO - Processing /home/airflow/.local/lib/python3.7/site-packages/airflow/example_dags/tutorial_etl_dag.py took 0.080 seconds
[2021-11-18 23:16:15,285] {processor.py:163} INFO - Started process (PID=635) to work on /home/airflow/.local/lib/python3.7/site-packages/airflow/example_dags/tutorial_etl_dag.py
[2021-11-18 23:16:15,379] {processor.py:625} INFO - Processing file /home/airflow/.local/lib/python3.7/site-packages/airflow/example_dags/tutorial_etl_dag.py for tasks to queue
[2021-11-18 23:16:15,381] {logging_mixin.py:109} INFO - [2021-11-18 23:16:15,381] {dagbag.py:500} INFO - Filling up the DagBag from /home/airflow/.local/lib/python3.7/site-packages/airflow/example_dags/tutorial_etl_dag.py
[2021-11-18 23:16:15,429] {processor.py:637} INFO - DAG(s) dict_keys(['tutorial_etl_dag']) retrieved from /home/airflow/.local/lib/python3.7/site-packages/airflow/example_dags/tutorial_etl_dag.py
[2021-11-18 23:16:15,438] {logging_mixin.py:109} INFO - [2021-11-18 23:16:15,438] {dag.py:2396} INFO - Sync 1 DAGs
[2021-11-18 23:16:15,455] {logging_mixin.py:109} INFO - [2021-11-18 23:16:15,455] {dag.py:2928} INFO - Setting next_dagrun for tutorial_etl_dag to None
[2021-11-18 23:16:15,470] {processor.py:171} INFO - Processing /home/airflow/.local/lib/python3.7/site-packages/airflow/example_dags/tutorial_etl_dag.py took 0.192 seconds
[2021-11-18 23:16:45,646] {processor.py:163} INFO - Started process (PID=685) to work on /home/airflow/.local/lib/python3.7/site-packages/airflow/example_dags/tutorial_etl_dag.py
[2021-11-18 23:16:45,790] {processor.py:625} INFO - Processing file /home/airflow/.local/lib/python3.7/site-packages/airflow/example_dags/tutorial_etl_dag.py for tasks to queue
[2021-11-18 23:16:45,792] {logging_mixin.py:109} INFO - [2021-11-18 23:16:45,791] {dagbag.py:500} INFO - Filling up the DagBag from /home/airflow/.local/lib/python3.7/site-packages/airflow/example_dags/tutorial_etl_dag.py
[2021-11-18 23:16:45,830] {processor.py:637} INFO - DAG(s) dict_keys(['tutorial_etl_dag']) retrieved from /home/airflow/.local/lib/python3.7/site-packages/airflow/example_dags/tutorial_etl_dag.py
[2021-11-18 23:16:45,840] {logging_mixin.py:109} INFO - [2021-11-18 23:16:45,840] {dag.py:2396} INFO - Sync 1 DAGs
[2021-11-18 23:16:45,857] {logging_mixin.py:109} INFO - [2021-11-18 23:16:45,857] {dag.py:2928} INFO - Setting next_dagrun for tutorial_etl_dag to None
[2021-11-18 23:16:45,867] {processor.py:171} INFO - Processing /home/airflow/.local/lib/python3.7/site-packages/airflow/example_dags/tutorial_etl_dag.py took 0.224 seconds
[2021-11-18 23:17:16,585] {processor.py:163} INFO - Started process (PID=743) to work on /home/airflow/.local/lib/python3.7/site-packages/airflow/example_dags/tutorial_etl_dag.py
[2021-11-18 23:17:16,605] {processor.py:625} INFO - Processing file /home/airflow/.local/lib/python3.7/site-packages/airflow/example_dags/tutorial_etl_dag.py for tasks to queue
[2021-11-18 23:17:16,606] {logging_mixin.py:109} INFO - [2021-11-18 23:17:16,606] {dagbag.py:500} INFO - Filling up the DagBag from /home/airflow/.local/lib/python3.7/site-packages/airflow/example_dags/tutorial_etl_dag.py
[2021-11-18 23:17:16,640] {processor.py:637} INFO - DAG(s) dict_keys(['tutorial_etl_dag']) retrieved from /home/airflow/.local/lib/python3.7/site-packages/airflow/example_dags/tutorial_etl_dag.py
[2021-11-18 23:17:16,651] {logging_mixin.py:109} INFO - [2021-11-18 23:17:16,651] {dag.py:2396} INFO - Sync 1 DAGs
[2021-11-18 23:17:16,674] {logging_mixin.py:109} INFO - [2021-11-18 23:17:16,673] {dag.py:2928} INFO - Setting next_dagrun for tutorial_etl_dag to None
[2021-11-18 23:17:16,766] {processor.py:171} INFO - Processing /home/airflow/.local/lib/python3.7/site-packages/airflow/example_dags/tutorial_etl_dag.py took 0.186 seconds
