[2021-11-18 21:08:45,876] {processor.py:163} INFO - Started process (PID=38) to work on /home/airflow/.local/lib/python3.7/site-packages/airflow/example_dags/tutorial_taskflow_api_etl_virtualenv.py
[2021-11-18 21:08:45,877] {processor.py:625} INFO - Processing file /home/airflow/.local/lib/python3.7/site-packages/airflow/example_dags/tutorial_taskflow_api_etl_virtualenv.py for tasks to queue
[2021-11-18 21:08:45,878] {logging_mixin.py:109} INFO - [2021-11-18 21:08:45,878] {dagbag.py:500} INFO - Filling up the DagBag from /home/airflow/.local/lib/python3.7/site-packages/airflow/example_dags/tutorial_taskflow_api_etl_virtualenv.py
[2021-11-18 21:08:45,928] {processor.py:637} INFO - DAG(s) dict_keys(['tutorial_taskflow_api_etl_virtualenv']) retrieved from /home/airflow/.local/lib/python3.7/site-packages/airflow/example_dags/tutorial_taskflow_api_etl_virtualenv.py
[2021-11-18 21:08:51,031] {logging_mixin.py:109} INFO - [2021-11-18 21:08:51,031] {providers_manager.py:156} WARNING - Exception when importing 'airflow.providers.google.leveldb.hooks.leveldb.LevelDBHook' from 'apache-airflow-providers-google' package: No module named 'plyvel'
[2021-11-18 21:08:52,372] {logging_mixin.py:109} INFO - [2021-11-18 21:08:52,372] {providers_manager.py:156} WARNING - Exception when importing 'airflow.providers.google.leveldb.hooks.leveldb.LevelDBHook' from 'apache-airflow-providers-google' package: No module named 'plyvel'
[2021-11-18 21:08:52,396] {logging_mixin.py:109} INFO - [2021-11-18 21:08:52,396] {manager.py:496} INFO - Created Permission View: can edit on DAG:tutorial_taskflow_api_etl_virtualenv
[2021-11-18 21:08:52,404] {logging_mixin.py:109} INFO - [2021-11-18 21:08:52,404] {manager.py:496} INFO - Created Permission View: can read on DAG:tutorial_taskflow_api_etl_virtualenv
[2021-11-18 21:08:52,405] {logging_mixin.py:109} INFO - [2021-11-18 21:08:52,404] {dag.py:2396} INFO - Sync 1 DAGs
[2021-11-18 21:08:52,412] {logging_mixin.py:109} INFO - [2021-11-18 21:08:52,411] {dag.py:2415} INFO - Creating ORM DAG for tutorial_taskflow_api_etl_virtualenv
[2021-11-18 21:08:52,420] {logging_mixin.py:109} INFO - [2021-11-18 21:08:52,420] {dag.py:2928} INFO - Setting next_dagrun for tutorial_taskflow_api_etl_virtualenv to None
[2021-11-18 21:08:52,433] {processor.py:171} INFO - Processing /home/airflow/.local/lib/python3.7/site-packages/airflow/example_dags/tutorial_taskflow_api_etl_virtualenv.py took 6.561 seconds
[2021-11-18 21:09:33,917] {processor.py:163} INFO - Started process (PID=343) to work on /home/airflow/.local/lib/python3.7/site-packages/airflow/example_dags/tutorial_taskflow_api_etl_virtualenv.py
[2021-11-18 21:09:33,953] {processor.py:625} INFO - Processing file /home/airflow/.local/lib/python3.7/site-packages/airflow/example_dags/tutorial_taskflow_api_etl_virtualenv.py for tasks to queue
[2021-11-18 21:09:33,954] {logging_mixin.py:109} INFO - [2021-11-18 21:09:33,954] {dagbag.py:500} INFO - Filling up the DagBag from /home/airflow/.local/lib/python3.7/site-packages/airflow/example_dags/tutorial_taskflow_api_etl_virtualenv.py
[2021-11-18 21:09:33,982] {processor.py:637} INFO - DAG(s) dict_keys(['tutorial_taskflow_api_etl_virtualenv']) retrieved from /home/airflow/.local/lib/python3.7/site-packages/airflow/example_dags/tutorial_taskflow_api_etl_virtualenv.py
[2021-11-18 21:09:34,317] {logging_mixin.py:109} INFO - [2021-11-18 21:09:34,317] {dag.py:2396} INFO - Sync 1 DAGs
[2021-11-18 21:09:34,509] {logging_mixin.py:109} INFO - [2021-11-18 21:09:34,509] {dag.py:2928} INFO - Setting next_dagrun for tutorial_taskflow_api_etl_virtualenv to None
[2021-11-18 21:09:34,526] {processor.py:171} INFO - Processing /home/airflow/.local/lib/python3.7/site-packages/airflow/example_dags/tutorial_taskflow_api_etl_virtualenv.py took 0.612 seconds
[2021-11-18 21:10:04,557] {processor.py:163} INFO - Started process (PID=397) to work on /home/airflow/.local/lib/python3.7/site-packages/airflow/example_dags/tutorial_taskflow_api_etl_virtualenv.py
[2021-11-18 21:10:04,565] {processor.py:625} INFO - Processing file /home/airflow/.local/lib/python3.7/site-packages/airflow/example_dags/tutorial_taskflow_api_etl_virtualenv.py for tasks to queue
[2021-11-18 21:10:04,565] {logging_mixin.py:109} INFO - [2021-11-18 21:10:04,565] {dagbag.py:500} INFO - Filling up the DagBag from /home/airflow/.local/lib/python3.7/site-packages/airflow/example_dags/tutorial_taskflow_api_etl_virtualenv.py
[2021-11-18 21:10:04,608] {processor.py:637} INFO - DAG(s) dict_keys(['tutorial_taskflow_api_etl_virtualenv']) retrieved from /home/airflow/.local/lib/python3.7/site-packages/airflow/example_dags/tutorial_taskflow_api_etl_virtualenv.py
[2021-11-18 21:10:04,969] {logging_mixin.py:109} INFO - [2021-11-18 21:10:04,969] {dag.py:2396} INFO - Sync 1 DAGs
[2021-11-18 21:10:04,987] {logging_mixin.py:109} INFO - [2021-11-18 21:10:04,987] {dag.py:2928} INFO - Setting next_dagrun for tutorial_taskflow_api_etl_virtualenv to None
[2021-11-18 21:10:05,006] {processor.py:171} INFO - Processing /home/airflow/.local/lib/python3.7/site-packages/airflow/example_dags/tutorial_taskflow_api_etl_virtualenv.py took 0.452 seconds
