[2021-11-18 23:10:32,112] {processor.py:163} INFO - Started process (PID=37) to work on /opt/airflow/dags/tutorial.py
[2021-11-18 23:10:32,113] {processor.py:625} INFO - Processing file /opt/airflow/dags/tutorial.py for tasks to queue
[2021-11-18 23:10:32,114] {logging_mixin.py:109} INFO - [2021-11-18 23:10:32,114] {dagbag.py:500} INFO - Filling up the DagBag from /opt/airflow/dags/tutorial.py
[2021-11-18 23:10:32,188] {processor.py:637} INFO - DAG(s) dict_keys(['tutorial']) retrieved from /opt/airflow/dags/tutorial.py
[2021-11-18 23:10:33,254] {logging_mixin.py:109} INFO - [2021-11-18 23:10:33,254] {dag.py:2396} INFO - Sync 1 DAGs
[2021-11-18 23:10:33,279] {logging_mixin.py:109} INFO - [2021-11-18 23:10:33,279] {dag.py:2928} INFO - Setting next_dagrun for tutorial to 2021-11-17T23:10:33.279453+00:00
[2021-11-18 23:10:33,307] {processor.py:171} INFO - Processing /opt/airflow/dags/tutorial.py took 1.199 seconds
[2021-11-18 23:11:03,426] {processor.py:163} INFO - Started process (PID=88) to work on /opt/airflow/dags/tutorial.py
[2021-11-18 23:11:03,509] {processor.py:625} INFO - Processing file /opt/airflow/dags/tutorial.py for tasks to queue
[2021-11-18 23:11:03,513] {logging_mixin.py:109} INFO - [2021-11-18 23:11:03,513] {dagbag.py:500} INFO - Filling up the DagBag from /opt/airflow/dags/tutorial.py
[2021-11-18 23:11:04,318] {processor.py:637} INFO - DAG(s) dict_keys(['tutorial']) retrieved from /opt/airflow/dags/tutorial.py
[2021-11-18 23:11:04,332] {logging_mixin.py:109} INFO - [2021-11-18 23:11:04,332] {dag.py:2396} INFO - Sync 1 DAGs
[2021-11-18 23:11:04,352] {logging_mixin.py:109} INFO - [2021-11-18 23:11:04,351] {dag.py:2928} INFO - Setting next_dagrun for tutorial to 2021-11-17T23:11:04.351229+00:00
[2021-11-18 23:11:04,366] {processor.py:171} INFO - Processing /opt/airflow/dags/tutorial.py took 0.950 seconds
[2021-11-18 23:11:34,757] {processor.py:163} INFO - Started process (PID=148) to work on /opt/airflow/dags/tutorial.py
[2021-11-18 23:11:34,939] {processor.py:625} INFO - Processing file /opt/airflow/dags/tutorial.py for tasks to queue
[2021-11-18 23:11:34,940] {logging_mixin.py:109} INFO - [2021-11-18 23:11:34,940] {dagbag.py:500} INFO - Filling up the DagBag from /opt/airflow/dags/tutorial.py
[2021-11-18 23:11:34,974] {processor.py:637} INFO - DAG(s) dict_keys(['tutorial']) retrieved from /opt/airflow/dags/tutorial.py
[2021-11-18 23:11:34,982] {logging_mixin.py:109} INFO - [2021-11-18 23:11:34,982] {dag.py:2396} INFO - Sync 1 DAGs
[2021-11-18 23:11:35,016] {logging_mixin.py:109} INFO - [2021-11-18 23:11:35,016] {dag.py:2928} INFO - Setting next_dagrun for tutorial to 2021-11-17T23:11:35.016136+00:00
[2021-11-18 23:11:35,033] {processor.py:171} INFO - Processing /opt/airflow/dags/tutorial.py took 0.281 seconds
[2021-11-18 23:12:05,664] {processor.py:163} INFO - Started process (PID=198) to work on /opt/airflow/dags/tutorial.py
[2021-11-18 23:12:05,686] {processor.py:625} INFO - Processing file /opt/airflow/dags/tutorial.py for tasks to queue
[2021-11-18 23:12:05,686] {logging_mixin.py:109} INFO - [2021-11-18 23:12:05,686] {dagbag.py:500} INFO - Filling up the DagBag from /opt/airflow/dags/tutorial.py
[2021-11-18 23:12:05,724] {processor.py:637} INFO - DAG(s) dict_keys(['tutorial']) retrieved from /opt/airflow/dags/tutorial.py
[2021-11-18 23:12:06,103] {logging_mixin.py:109} INFO - [2021-11-18 23:12:06,103] {dag.py:2396} INFO - Sync 1 DAGs
[2021-11-18 23:12:06,117] {logging_mixin.py:109} INFO - [2021-11-18 23:12:06,117] {dag.py:2928} INFO - Setting next_dagrun for tutorial to 2021-11-17T23:12:06.117481+00:00
[2021-11-18 23:12:06,128] {processor.py:171} INFO - Processing /opt/airflow/dags/tutorial.py took 0.469 seconds
[2021-11-18 23:12:36,384] {processor.py:163} INFO - Started process (PID=249) to work on /opt/airflow/dags/tutorial.py
[2021-11-18 23:12:36,398] {processor.py:625} INFO - Processing file /opt/airflow/dags/tutorial.py for tasks to queue
[2021-11-18 23:12:36,400] {logging_mixin.py:109} INFO - [2021-11-18 23:12:36,399] {dagbag.py:500} INFO - Filling up the DagBag from /opt/airflow/dags/tutorial.py
[2021-11-18 23:12:36,439] {processor.py:637} INFO - DAG(s) dict_keys(['tutorial']) retrieved from /opt/airflow/dags/tutorial.py
[2021-11-18 23:12:36,448] {logging_mixin.py:109} INFO - [2021-11-18 23:12:36,447] {dag.py:2396} INFO - Sync 1 DAGs
[2021-11-18 23:12:36,462] {logging_mixin.py:109} INFO - [2021-11-18 23:12:36,462] {dag.py:2928} INFO - Setting next_dagrun for tutorial to 2021-11-17T23:12:36.461824+00:00
[2021-11-18 23:12:36,471] {processor.py:171} INFO - Processing /opt/airflow/dags/tutorial.py took 0.090 seconds
[2021-11-18 23:13:06,563] {processor.py:163} INFO - Started process (PID=307) to work on /opt/airflow/dags/tutorial.py
[2021-11-18 23:13:06,565] {processor.py:625} INFO - Processing file /opt/airflow/dags/tutorial.py for tasks to queue
[2021-11-18 23:13:06,566] {logging_mixin.py:109} INFO - [2021-11-18 23:13:06,566] {dagbag.py:500} INFO - Filling up the DagBag from /opt/airflow/dags/tutorial.py
[2021-11-18 23:13:06,599] {processor.py:637} INFO - DAG(s) dict_keys(['tutorial']) retrieved from /opt/airflow/dags/tutorial.py
[2021-11-18 23:13:06,604] {logging_mixin.py:109} INFO - [2021-11-18 23:13:06,603] {dag.py:2396} INFO - Sync 1 DAGs
[2021-11-18 23:13:06,624] {logging_mixin.py:109} INFO - [2021-11-18 23:13:06,624] {dag.py:2928} INFO - Setting next_dagrun for tutorial to 2021-11-17T23:13:06.623769+00:00
[2021-11-18 23:13:06,636] {processor.py:171} INFO - Processing /opt/airflow/dags/tutorial.py took 0.077 seconds
[2021-11-18 23:13:36,878] {processor.py:163} INFO - Started process (PID=355) to work on /opt/airflow/dags/tutorial.py
[2021-11-18 23:13:36,930] {processor.py:625} INFO - Processing file /opt/airflow/dags/tutorial.py for tasks to queue
[2021-11-18 23:13:36,933] {logging_mixin.py:109} INFO - [2021-11-18 23:13:36,932] {dagbag.py:500} INFO - Filling up the DagBag from /opt/airflow/dags/tutorial.py
[2021-11-18 23:13:36,984] {processor.py:637} INFO - DAG(s) dict_keys(['tutorial']) retrieved from /opt/airflow/dags/tutorial.py
[2021-11-18 23:13:37,338] {logging_mixin.py:109} INFO - [2021-11-18 23:13:37,338] {dag.py:2396} INFO - Sync 1 DAGs
[2021-11-18 23:13:37,354] {logging_mixin.py:109} INFO - [2021-11-18 23:13:37,354] {dag.py:2928} INFO - Setting next_dagrun for tutorial to 2021-11-17T23:13:37.353959+00:00
[2021-11-18 23:13:37,372] {processor.py:171} INFO - Processing /opt/airflow/dags/tutorial.py took 0.499 seconds
[2021-11-18 23:14:07,501] {processor.py:163} INFO - Started process (PID=405) to work on /opt/airflow/dags/tutorial.py
[2021-11-18 23:14:07,525] {processor.py:625} INFO - Processing file /opt/airflow/dags/tutorial.py for tasks to queue
[2021-11-18 23:14:07,536] {logging_mixin.py:109} INFO - [2021-11-18 23:14:07,536] {dagbag.py:500} INFO - Filling up the DagBag from /opt/airflow/dags/tutorial.py
[2021-11-18 23:14:07,568] {processor.py:637} INFO - DAG(s) dict_keys(['tutorial']) retrieved from /opt/airflow/dags/tutorial.py
[2021-11-18 23:14:07,581] {logging_mixin.py:109} INFO - [2021-11-18 23:14:07,581] {dag.py:2396} INFO - Sync 1 DAGs
[2021-11-18 23:14:07,603] {logging_mixin.py:109} INFO - [2021-11-18 23:14:07,603] {dag.py:2928} INFO - Setting next_dagrun for tutorial to 2021-11-17T23:14:07.603129+00:00
[2021-11-18 23:14:07,623] {processor.py:171} INFO - Processing /opt/airflow/dags/tutorial.py took 0.124 seconds
[2021-11-18 23:14:37,656] {processor.py:163} INFO - Started process (PID=464) to work on /opt/airflow/dags/tutorial.py
[2021-11-18 23:14:37,659] {processor.py:625} INFO - Processing file /opt/airflow/dags/tutorial.py for tasks to queue
[2021-11-18 23:14:37,660] {logging_mixin.py:109} INFO - [2021-11-18 23:14:37,660] {dagbag.py:500} INFO - Filling up the DagBag from /opt/airflow/dags/tutorial.py
[2021-11-18 23:14:37,688] {processor.py:637} INFO - DAG(s) dict_keys(['tutorial']) retrieved from /opt/airflow/dags/tutorial.py
[2021-11-18 23:14:37,691] {logging_mixin.py:109} INFO - [2021-11-18 23:14:37,691] {dag.py:2396} INFO - Sync 1 DAGs
[2021-11-18 23:14:37,707] {logging_mixin.py:109} INFO - [2021-11-18 23:14:37,707] {dag.py:2928} INFO - Setting next_dagrun for tutorial to 2021-11-17T23:14:37.707088+00:00
[2021-11-18 23:14:37,730] {processor.py:171} INFO - Processing /opt/airflow/dags/tutorial.py took 0.078 seconds
[2021-11-18 23:15:07,808] {processor.py:163} INFO - Started process (PID=515) to work on /opt/airflow/dags/tutorial.py
[2021-11-18 23:15:07,809] {processor.py:625} INFO - Processing file /opt/airflow/dags/tutorial.py for tasks to queue
[2021-11-18 23:15:07,809] {logging_mixin.py:109} INFO - [2021-11-18 23:15:07,809] {dagbag.py:500} INFO - Filling up the DagBag from /opt/airflow/dags/tutorial.py
[2021-11-18 23:15:07,834] {processor.py:637} INFO - DAG(s) dict_keys(['tutorial']) retrieved from /opt/airflow/dags/tutorial.py
[2021-11-18 23:15:08,211] {logging_mixin.py:109} INFO - [2021-11-18 23:15:08,211] {dag.py:2396} INFO - Sync 1 DAGs
[2021-11-18 23:15:08,224] {logging_mixin.py:109} INFO - [2021-11-18 23:15:08,224] {dag.py:2928} INFO - Setting next_dagrun for tutorial to 2021-11-17T23:15:08.224280+00:00
[2021-11-18 23:15:08,239] {processor.py:171} INFO - Processing /opt/airflow/dags/tutorial.py took 0.434 seconds
[2021-11-18 23:15:38,361] {processor.py:163} INFO - Started process (PID=566) to work on /opt/airflow/dags/tutorial.py
[2021-11-18 23:15:38,404] {processor.py:625} INFO - Processing file /opt/airflow/dags/tutorial.py for tasks to queue
[2021-11-18 23:15:38,405] {logging_mixin.py:109} INFO - [2021-11-18 23:15:38,405] {dagbag.py:500} INFO - Filling up the DagBag from /opt/airflow/dags/tutorial.py
[2021-11-18 23:15:38,456] {processor.py:637} INFO - DAG(s) dict_keys(['tutorial']) retrieved from /opt/airflow/dags/tutorial.py
[2021-11-18 23:15:38,474] {logging_mixin.py:109} INFO - [2021-11-18 23:15:38,474] {dag.py:2396} INFO - Sync 1 DAGs
[2021-11-18 23:15:38,510] {logging_mixin.py:109} INFO - [2021-11-18 23:15:38,510] {dag.py:2928} INFO - Setting next_dagrun for tutorial to 2021-11-17T23:15:38.509200+00:00
[2021-11-18 23:15:38,532] {processor.py:171} INFO - Processing /opt/airflow/dags/tutorial.py took 0.180 seconds
[2021-11-18 23:16:08,685] {processor.py:163} INFO - Started process (PID=624) to work on /opt/airflow/dags/tutorial.py
[2021-11-18 23:16:08,700] {processor.py:625} INFO - Processing file /opt/airflow/dags/tutorial.py for tasks to queue
[2021-11-18 23:16:08,700] {logging_mixin.py:109} INFO - [2021-11-18 23:16:08,700] {dagbag.py:500} INFO - Filling up the DagBag from /opt/airflow/dags/tutorial.py
[2021-11-18 23:16:08,731] {processor.py:637} INFO - DAG(s) dict_keys(['tutorial']) retrieved from /opt/airflow/dags/tutorial.py
[2021-11-18 23:16:08,739] {logging_mixin.py:109} INFO - [2021-11-18 23:16:08,739] {dag.py:2396} INFO - Sync 1 DAGs
[2021-11-18 23:16:08,767] {logging_mixin.py:109} INFO - [2021-11-18 23:16:08,767] {dag.py:2928} INFO - Setting next_dagrun for tutorial to 2021-11-17T23:16:08.766897+00:00
[2021-11-18 23:16:08,790] {processor.py:171} INFO - Processing /opt/airflow/dags/tutorial.py took 0.109 seconds
[2021-11-18 23:16:39,524] {processor.py:163} INFO - Started process (PID=674) to work on /opt/airflow/dags/tutorial.py
[2021-11-18 23:16:40,471] {processor.py:625} INFO - Processing file /opt/airflow/dags/tutorial.py for tasks to queue
[2021-11-18 23:16:40,472] {logging_mixin.py:109} INFO - [2021-11-18 23:16:40,472] {dagbag.py:500} INFO - Filling up the DagBag from /opt/airflow/dags/tutorial.py
[2021-11-18 23:16:40,493] {processor.py:637} INFO - DAG(s) dict_keys(['tutorial']) retrieved from /opt/airflow/dags/tutorial.py
[2021-11-18 23:16:40,783] {logging_mixin.py:109} INFO - [2021-11-18 23:16:40,783] {dag.py:2396} INFO - Sync 1 DAGs
[2021-11-18 23:16:40,795] {logging_mixin.py:109} INFO - [2021-11-18 23:16:40,795] {dag.py:2928} INFO - Setting next_dagrun for tutorial to 2021-11-17T23:16:40.795499+00:00
[2021-11-18 23:16:40,806] {processor.py:171} INFO - Processing /opt/airflow/dags/tutorial.py took 1.284 seconds
[2021-11-18 23:17:11,243] {processor.py:163} INFO - Started process (PID=724) to work on /opt/airflow/dags/tutorial.py
[2021-11-18 23:17:11,249] {processor.py:625} INFO - Processing file /opt/airflow/dags/tutorial.py for tasks to queue
[2021-11-18 23:17:11,250] {logging_mixin.py:109} INFO - [2021-11-18 23:17:11,250] {dagbag.py:500} INFO - Filling up the DagBag from /opt/airflow/dags/tutorial.py
[2021-11-18 23:17:11,286] {processor.py:637} INFO - DAG(s) dict_keys(['tutorial']) retrieved from /opt/airflow/dags/tutorial.py
[2021-11-18 23:17:11,407] {logging_mixin.py:109} INFO - [2021-11-18 23:17:11,407] {dag.py:2396} INFO - Sync 1 DAGs
[2021-11-18 23:17:11,430] {logging_mixin.py:109} INFO - [2021-11-18 23:17:11,430] {dag.py:2928} INFO - Setting next_dagrun for tutorial to 2021-11-17T23:17:11.430152+00:00
[2021-11-18 23:17:11,561] {processor.py:171} INFO - Processing /opt/airflow/dags/tutorial.py took 0.325 seconds
