[2021-11-18 21:08:45,782] {manager.py:504} INFO - Processing files using up to 2 processes at a time 
[2021-11-18 21:08:45,782] {manager.py:505} INFO - Process each file at most once every 30 seconds
[2021-11-18 21:08:45,782] {manager.py:507} INFO - Checking for new files in /opt/airflow/dags every 300 seconds
[2021-11-18 21:08:45,782] {manager.py:653} INFO - Searching for files in /opt/airflow/dags
[2021-11-18 21:08:45,800] {manager.py:656} INFO - There are 33 files in /opt/airflow/dags
[2021-11-18 21:08:45,868] {manager.py:1051} INFO - Finding 'running' jobs without a recent heartbeat
[2021-11-18 21:08:45,868] {manager.py:1055} INFO - Failing jobs without heartbeat after 2021-11-18 21:03:45.868855+00:00
[2021-11-18 21:08:45,908] {manager.py:774} INFO - 
================================================================================
DAG File Processing Stats

File Path                                                                                                           PID  Runtime      # DAGs    # Errors  Last Runtime    Last Run
----------------------------------------------------------------------------------------------------------------  -----  ---------  --------  ----------  --------------  ----------
/home/airflow/.local/lib/python3.7/site-packages/airflow/example_dags/example_nested_branch_dag.py                   37  0.04s             0           0
/home/airflow/.local/lib/python3.7/site-packages/airflow/example_dags/tutorial_taskflow_api_etl_virtualenv.py        38  0.04s             0           0
/home/airflow/.local/lib/python3.7/site-packages/airflow/example_dags/example_time_delta_sensor_async.py                                   0           0
/home/airflow/.local/lib/python3.7/site-packages/airflow/example_dags/tutorial_taskflow_api_etl.py                                         0           0
/home/airflow/.local/lib/python3.7/site-packages/airflow/example_dags/example_skip_dag.py                                                  0           0
/home/airflow/.local/lib/python3.7/site-packages/airflow/example_dags/example_branch_operator.py                                           0           0
/home/airflow/.local/lib/python3.7/site-packages/airflow/example_dags/example_external_task_marker_dag.py                                  0           0
/home/airflow/.local/lib/python3.7/site-packages/airflow/example_dags/example_branch_day_of_week_operator.py                               0           0
/home/airflow/.local/lib/python3.7/site-packages/airflow/example_dags/example_trigger_target_dag.py                                        0           0
/home/airflow/.local/lib/python3.7/site-packages/airflow/example_dags/example_trigger_controller_dag.py                                    0           0
/home/airflow/.local/lib/python3.7/site-packages/airflow/example_dags/tutorial_etl_dag.py                                                  0           0
/home/airflow/.local/lib/python3.7/site-packages/airflow/example_dags/example_branch_datetime_operator.py                                  0           0
/home/airflow/.local/lib/python3.7/site-packages/airflow/example_dags/example_kubernetes_executor_config.py                                0           0
/home/airflow/.local/lib/python3.7/site-packages/airflow/example_dags/example_branch_python_dop_operator_3.py                              0           0
/home/airflow/.local/lib/python3.7/site-packages/airflow/example_dags/example_passing_params_via_test_command.py                           0           0
/home/airflow/.local/lib/python3.7/site-packages/airflow/example_dags/example_bash_operator.py                                             0           0
/home/airflow/.local/lib/python3.7/site-packages/airflow/example_dags/test_utils.py                                                        0           0
/home/airflow/.local/lib/python3.7/site-packages/airflow/example_dags/example_kubernetes_executor.py                                       0           0
/home/airflow/.local/lib/python3.7/site-packages/airflow/example_dags/example_xcomargs.py                                                  0           0
/home/airflow/.local/lib/python3.7/site-packages/airflow/example_dags/example_latest_only_with_trigger.py                                  0           0
/home/airflow/.local/lib/python3.7/site-packages/airflow/example_dags/example_python_operator.py                                           0           0
/home/airflow/.local/lib/python3.7/site-packages/airflow/example_dags/example_task_group_decorator.py                                      0           0
/home/airflow/.local/lib/python3.7/site-packages/airflow/example_dags/example_complex.py                                                   0           0
/home/airflow/.local/lib/python3.7/site-packages/airflow/example_dags/example_dag_decorator.py                                             0           0
/home/airflow/.local/lib/python3.7/site-packages/airflow/example_dags/example_short_circuit_operator.py                                    0           0
/home/airflow/.local/lib/python3.7/site-packages/airflow/example_dags/example_subdag_operator.py                                           0           0
/home/airflow/.local/lib/python3.7/site-packages/airflow/example_dags/example_latest_only.py                                               0           0
/home/airflow/.local/lib/python3.7/site-packages/airflow/example_dags/example_task_group.py                                                0           0
/home/airflow/.local/lib/python3.7/site-packages/airflow/example_dags/example_branch_labels.py                                             0           0
/home/airflow/.local/lib/python3.7/site-packages/airflow/example_dags/example_xcom.py                                                      0           0
/home/airflow/.local/lib/python3.7/site-packages/airflow/example_dags/tutorial.py                                                          0           0
/home/airflow/.local/lib/python3.7/site-packages/airflow/example_dags/plugins/workday.py                                                   0           0
/home/airflow/.local/lib/python3.7/site-packages/airflow/example_dags/subdags/subdag.py                                                    0           0
================================================================================
[2021-11-18 21:08:56,214] {manager.py:1051} INFO - Finding 'running' jobs without a recent heartbeat
[2021-11-18 21:08:56,215] {manager.py:1055} INFO - Failing jobs without heartbeat after 2021-11-18 21:03:56.215307+00:00
[2021-11-18 21:09:06,564] {manager.py:1051} INFO - Finding 'running' jobs without a recent heartbeat
[2021-11-18 21:09:06,596] {manager.py:1055} INFO - Failing jobs without heartbeat after 2021-11-18 21:04:06.596498+00:00
[2021-11-18 21:09:16,671] {manager.py:774} INFO - 
================================================================================
DAG File Processing Stats

File Path                                                                                                           PID  Runtime      # DAGs    # Errors  Last Runtime    Last Run
----------------------------------------------------------------------------------------------------------------  -----  ---------  --------  ----------  --------------  -------------------
/home/airflow/.local/lib/python3.7/site-packages/airflow/example_dags/test_utils.py                                 197  1.95s             0           0
/home/airflow/.local/lib/python3.7/site-packages/airflow/example_dags/example_kubernetes_executor.py                205  1.01s             0           0
/home/airflow/.local/lib/python3.7/site-packages/airflow/example_dags/example_xcomargs.py                                                  0           0
/home/airflow/.local/lib/python3.7/site-packages/airflow/example_dags/example_latest_only_with_trigger.py                                  0           0
/home/airflow/.local/lib/python3.7/site-packages/airflow/example_dags/example_python_operator.py                                           0           0
/home/airflow/.local/lib/python3.7/site-packages/airflow/example_dags/example_task_group_decorator.py                                      0           0
/home/airflow/.local/lib/python3.7/site-packages/airflow/example_dags/example_complex.py                                                   0           0
/home/airflow/.local/lib/python3.7/site-packages/airflow/example_dags/example_dag_decorator.py                                             0           0
/home/airflow/.local/lib/python3.7/site-packages/airflow/example_dags/example_short_circuit_operator.py                                    0           0
/home/airflow/.local/lib/python3.7/site-packages/airflow/example_dags/example_subdag_operator.py                                           0           0
/home/airflow/.local/lib/python3.7/site-packages/airflow/example_dags/example_latest_only.py                                               0           0
/home/airflow/.local/lib/python3.7/site-packages/airflow/example_dags/example_task_group.py                                                0           0
/home/airflow/.local/lib/python3.7/site-packages/airflow/example_dags/example_branch_labels.py                                             0           0
/home/airflow/.local/lib/python3.7/site-packages/airflow/example_dags/example_xcom.py                                                      0           0
/home/airflow/.local/lib/python3.7/site-packages/airflow/example_dags/tutorial.py                                                          0           0
/home/airflow/.local/lib/python3.7/site-packages/airflow/example_dags/plugins/workday.py                                                   0           0
/home/airflow/.local/lib/python3.7/site-packages/airflow/example_dags/subdags/subdag.py                                                    0           0
/home/airflow/.local/lib/python3.7/site-packages/airflow/example_dags/example_nested_branch_dag.py                                         1           0  6.60s           2021-11-18T21:08:52
/home/airflow/.local/lib/python3.7/site-packages/airflow/example_dags/tutorial_taskflow_api_etl_virtualenv.py                              1           0  6.59s           2021-11-18T21:08:52
/home/airflow/.local/lib/python3.7/site-packages/airflow/example_dags/example_time_delta_sensor_async.py                                   1           0  2.76s           2021-11-18T21:08:55
/home/airflow/.local/lib/python3.7/site-packages/airflow/example_dags/tutorial_taskflow_api_etl.py                                         1           0  2.75s           2021-11-18T21:08:55
/home/airflow/.local/lib/python3.7/site-packages/airflow/example_dags/example_skip_dag.py                                                  1           0  4.08s           2021-11-18T21:08:59
/home/airflow/.local/lib/python3.7/site-packages/airflow/example_dags/example_branch_operator.py                                           1           0  4.15s           2021-11-18T21:08:59
/home/airflow/.local/lib/python3.7/site-packages/airflow/example_dags/example_branch_day_of_week_operator.py                               1           0  4.48s           2021-11-18T21:09:03
/home/airflow/.local/lib/python3.7/site-packages/airflow/example_dags/example_trigger_target_dag.py                                        1           0  2.71s           2021-11-18T21:09:06
/home/airflow/.local/lib/python3.7/site-packages/airflow/example_dags/example_trigger_controller_dag.py                                    1           0  3.00s           2021-11-18T21:09:06
/home/airflow/.local/lib/python3.7/site-packages/airflow/example_dags/tutorial_etl_dag.py                                                  1           0  2.30s           2021-11-18T21:09:09
/home/airflow/.local/lib/python3.7/site-packages/airflow/example_dags/example_branch_datetime_operator.py                                  1           0  2.49s           2021-11-18T21:09:09
/home/airflow/.local/lib/python3.7/site-packages/airflow/example_dags/example_kubernetes_executor_config.py                                1           0  2.54s           2021-11-18T21:09:11
/home/airflow/.local/lib/python3.7/site-packages/airflow/example_dags/example_branch_python_dop_operator_3.py                              1           0  2.32s           2021-11-18T21:09:11
/home/airflow/.local/lib/python3.7/site-packages/airflow/example_dags/example_passing_params_via_test_command.py                           1           0  3.08s           2021-11-18T21:09:14
/home/airflow/.local/lib/python3.7/site-packages/airflow/example_dags/example_bash_operator.py                                             1           0  2.99s           2021-11-18T21:09:14
/home/airflow/.local/lib/python3.7/site-packages/airflow/example_dags/example_external_task_marker_dag.py                                  2           0  4.62s           2021-11-18T21:09:03
================================================================================
[2021-11-18 21:09:17,660] {manager.py:1051} INFO - Finding 'running' jobs without a recent heartbeat
[2021-11-18 21:09:17,660] {manager.py:1055} INFO - Failing jobs without heartbeat after 2021-11-18 21:04:17.660735+00:00
[2021-11-18 21:09:27,989] {manager.py:1051} INFO - Finding 'running' jobs without a recent heartbeat
[2021-11-18 21:09:27,991] {manager.py:1055} INFO - Failing jobs without heartbeat after 2021-11-18 21:04:27.991889+00:00
[2021-11-18 21:09:38,022] {manager.py:1051} INFO - Finding 'running' jobs without a recent heartbeat
[2021-11-18 21:09:38,023] {manager.py:1055} INFO - Failing jobs without heartbeat after 2021-11-18 21:04:38.023007+00:00
[2021-11-18 21:09:46,877] {manager.py:774} INFO - 
================================================================================
DAG File Processing Stats

File Path                                                                                                         PID    Runtime      # DAGs    # Errors  Last Runtime    Last Run
----------------------------------------------------------------------------------------------------------------  -----  ---------  --------  ----------  --------------  -------------------
/home/airflow/.local/lib/python3.7/site-packages/airflow/example_dags/plugins/workday.py                                                   0           0  0.04s           2021-11-18T21:09:33
/home/airflow/.local/lib/python3.7/site-packages/airflow/example_dags/subdags/subdag.py                                                    0           0  0.03s           2021-11-18T21:09:33
/home/airflow/.local/lib/python3.7/site-packages/airflow/example_dags/example_nested_branch_dag.py                                         1           0  0.10s           2021-11-18T21:09:33
/home/airflow/.local/lib/python3.7/site-packages/airflow/example_dags/tutorial_taskflow_api_etl_virtualenv.py                              1           0  0.62s           2021-11-18T21:09:34
/home/airflow/.local/lib/python3.7/site-packages/airflow/example_dags/example_time_delta_sensor_async.py                                   1           0  0.08s           2021-11-18T21:09:34
/home/airflow/.local/lib/python3.7/site-packages/airflow/example_dags/tutorial_taskflow_api_etl.py                                         1           0  0.70s           2021-11-18T21:09:35
/home/airflow/.local/lib/python3.7/site-packages/airflow/example_dags/example_skip_dag.py                                                  1           0  0.42s           2021-11-18T21:09:35
/home/airflow/.local/lib/python3.7/site-packages/airflow/example_dags/example_branch_operator.py                                           1           0  0.16s           2021-11-18T21:09:35
/home/airflow/.local/lib/python3.7/site-packages/airflow/example_dags/example_branch_day_of_week_operator.py                               1           0  0.46s           2021-11-18T21:09:35
/home/airflow/.local/lib/python3.7/site-packages/airflow/example_dags/example_trigger_target_dag.py                                        1           0  0.12s           2021-11-18T21:09:36
/home/airflow/.local/lib/python3.7/site-packages/airflow/example_dags/example_trigger_controller_dag.py                                    1           0  0.08s           2021-11-18T21:09:37
/home/airflow/.local/lib/python3.7/site-packages/airflow/example_dags/tutorial_etl_dag.py                                                  1           0  0.08s           2021-11-18T21:09:40
/home/airflow/.local/lib/python3.7/site-packages/airflow/example_dags/example_branch_datetime_operator.py                                  1           0  0.08s           2021-11-18T21:09:40
/home/airflow/.local/lib/python3.7/site-packages/airflow/example_dags/example_kubernetes_executor_config.py                                1           0  0.08s           2021-11-18T21:09:42
/home/airflow/.local/lib/python3.7/site-packages/airflow/example_dags/example_branch_python_dop_operator_3.py                              1           0  0.09s           2021-11-18T21:09:42
/home/airflow/.local/lib/python3.7/site-packages/airflow/example_dags/example_passing_params_via_test_command.py                           1           0  0.72s           2021-11-18T21:09:45
/home/airflow/.local/lib/python3.7/site-packages/airflow/example_dags/example_bash_operator.py                                             1           0  0.72s           2021-11-18T21:09:45
/home/airflow/.local/lib/python3.7/site-packages/airflow/example_dags/test_utils.py                                                        1           0  2.95s           2021-11-18T21:09:17
/home/airflow/.local/lib/python3.7/site-packages/airflow/example_dags/example_kubernetes_executor.py                                       1           0  3.04s           2021-11-18T21:09:18
/home/airflow/.local/lib/python3.7/site-packages/airflow/example_dags/example_latest_only_with_trigger.py                                  1           0  1.98s           2021-11-18T21:09:20
/home/airflow/.local/lib/python3.7/site-packages/airflow/example_dags/example_python_operator.py                                           1           0  2.25s           2021-11-18T21:09:22
/home/airflow/.local/lib/python3.7/site-packages/airflow/example_dags/example_task_group_decorator.py                                      1           0  2.38s           2021-11-18T21:09:23
/home/airflow/.local/lib/python3.7/site-packages/airflow/example_dags/example_complex.py                                                   1           0  2.15s           2021-11-18T21:09:24
/home/airflow/.local/lib/python3.7/site-packages/airflow/example_dags/example_dag_decorator.py                                             1           0  2.14s           2021-11-18T21:09:25
/home/airflow/.local/lib/python3.7/site-packages/airflow/example_dags/example_short_circuit_operator.py                                    1           0  2.82s           2021-11-18T21:09:27
/home/airflow/.local/lib/python3.7/site-packages/airflow/example_dags/example_latest_only.py                                               1           0  2.47s           2021-11-18T21:09:29
/home/airflow/.local/lib/python3.7/site-packages/airflow/example_dags/example_task_group.py                                                1           0  2.73s           2021-11-18T21:09:30
/home/airflow/.local/lib/python3.7/site-packages/airflow/example_dags/example_branch_labels.py                                             1           0  2.66s           2021-11-18T21:09:32
/home/airflow/.local/lib/python3.7/site-packages/airflow/example_dags/example_xcom.py                                                      1           0  2.99s           2021-11-18T21:09:33
/home/airflow/.local/lib/python3.7/site-packages/airflow/example_dags/tutorial.py                                                          1           0  2.44s           2021-11-18T21:09:34
/home/airflow/.local/lib/python3.7/site-packages/airflow/example_dags/example_external_task_marker_dag.py                                  2           0  0.42s           2021-11-18T21:09:35
/home/airflow/.local/lib/python3.7/site-packages/airflow/example_dags/example_xcomargs.py                                                  2           0  2.49s           2021-11-18T21:09:20
/home/airflow/.local/lib/python3.7/site-packages/airflow/example_dags/example_subdag_operator.py                                           3           0  2.80s           2021-11-18T21:09:27
================================================================================
[2021-11-18 21:09:48,902] {manager.py:1051} INFO - Finding 'running' jobs without a recent heartbeat
[2021-11-18 21:09:48,902] {manager.py:1055} INFO - Failing jobs without heartbeat after 2021-11-18 21:04:48.902802+00:00
[2021-11-18 21:09:59,160] {manager.py:1051} INFO - Finding 'running' jobs without a recent heartbeat
[2021-11-18 21:09:59,160] {manager.py:1055} INFO - Failing jobs without heartbeat after 2021-11-18 21:04:59.160703+00:00
[2021-11-18 21:10:09,223] {manager.py:1051} INFO - Finding 'running' jobs without a recent heartbeat
[2021-11-18 21:10:09,224] {manager.py:1055} INFO - Failing jobs without heartbeat after 2021-11-18 21:05:09.224211+00:00
[2021-11-18 21:10:16,082] {manager.py:485} INFO - Exiting gracefully upon receiving signal 15
